[2025-01-16T16:57:44.063+0000] {taskinstance.py:1159} INFO - Dependencies all met for dep_context=non-requeueable deps ti=<TaskInstance: finflow_source_data_pipeline.load_to_gcs_bq.transform_date_timestamps manual__2025-01-16T16:56:03.769592+00:00 [queued]>
[2025-01-16T16:57:44.405+0000] {taskinstance.py:1159} INFO - Dependencies all met for dep_context=requeueable deps ti=<TaskInstance: finflow_source_data_pipeline.load_to_gcs_bq.transform_date_timestamps manual__2025-01-16T16:56:03.769592+00:00 [queued]>
[2025-01-16T16:57:44.405+0000] {taskinstance.py:1361} INFO - Starting attempt 1 of 1
[2025-01-16T16:57:44.662+0000] {taskinstance.py:1382} INFO - Executing <Task(BigQueryExecuteQueryOperator): load_to_gcs_bq.transform_date_timestamps> on 2025-01-16 16:56:03.769592+00:00
[2025-01-16T16:57:44.808+0000] {standard_task_runner.py:57} INFO - Started process 1846 to run task
[2025-01-16T16:57:44.847+0000] {standard_task_runner.py:84} INFO - Running: ['***', 'tasks', 'run', 'finflow_source_data_pipeline', 'load_to_gcs_bq.transform_date_timestamps', 'manual__2025-01-16T16:56:03.769592+00:00', '--job-id', '2055', '--raw', '--subdir', 'DAGS_FOLDER/finflow.py', '--cfg-path', '/tmp/tmpquf72dlx']
[2025-01-16T16:57:44.937+0000] {standard_task_runner.py:85} INFO - Job 2055: Subtask load_to_gcs_bq.transform_date_timestamps
[2025-01-16T16:57:45.551+0000] {task_command.py:416} INFO - Running <TaskInstance: finflow_source_data_pipeline.load_to_gcs_bq.transform_date_timestamps manual__2025-01-16T16:56:03.769592+00:00 [running]> on host e65a9a79c958
[2025-01-16T16:57:46.868+0000] {taskinstance.py:1662} INFO - Exporting env vars: AIRFLOW_CTX_DAG_OWNER='***' AIRFLOW_CTX_DAG_ID='finflow_source_data_pipeline' AIRFLOW_CTX_TASK_ID='load_to_gcs_bq.transform_date_timestamps' AIRFLOW_CTX_EXECUTION_DATE='2025-01-16T16:56:03.769592+00:00' AIRFLOW_CTX_TRY_NUMBER='1' AIRFLOW_CTX_DAG_RUN_ID='manual__2025-01-16T16:56:03.769592+00:00'
[2025-01-16T16:57:46.893+0000] {bigquery.py:1241} INFO - Executing: 
                CREATE OR REPLACE TABLE `finflow-analytics-production.finflow_data.src_dates_temp` AS
                SELECT 
                    CASE WHEN 'date_key' IN ('created_at', 'updated_at', 'ingestion_timestamp') THEN TIMESTAMP_SECONDS(CAST(date_key AS INT64)) ELSE date_key END AS date_key, CASE WHEN 'full_date' IN ('created_at', 'updated_at', 'ingestion_timestamp') THEN TIMESTAMP_SECONDS(CAST(full_date AS INT64)) ELSE full_date END AS full_date, CASE WHEN 'year' IN ('created_at', 'updated_at', 'ingestion_timestamp') THEN TIMESTAMP_SECONDS(CAST(year AS INT64)) ELSE year END AS year, CASE WHEN 'quarter' IN ('created_at', 'updated_at', 'ingestion_timestamp') THEN TIMESTAMP_SECONDS(CAST(quarter AS INT64)) ELSE quarter END AS quarter, CASE WHEN 'month' IN ('created_at', 'updated_at', 'ingestion_timestamp') THEN TIMESTAMP_SECONDS(CAST(month AS INT64)) ELSE month END AS month, CASE WHEN 'day' IN ('created_at', 'updated_at', 'ingestion_timestamp') THEN TIMESTAMP_SECONDS(CAST(day AS INT64)) ELSE day END AS day, CASE WHEN 'day_of_week' IN ('created_at', 'updated_at', 'ingestion_timestamp') THEN TIMESTAMP_SECONDS(CAST(day_of_week AS INT64)) ELSE day_of_week END AS day_of_week, CASE WHEN 'is_weekend' IN ('created_at', 'updated_at', 'ingestion_timestamp') THEN TIMESTAMP_SECONDS(CAST(is_weekend AS INT64)) ELSE is_weekend END AS is_weekend, CASE WHEN 'is_holiday' IN ('created_at', 'updated_at', 'ingestion_timestamp') THEN TIMESTAMP_SECONDS(CAST(is_holiday AS INT64)) ELSE is_holiday END AS is_holiday, CASE WHEN 'fiscal_year' IN ('created_at', 'updated_at', 'ingestion_timestamp') THEN TIMESTAMP_SECONDS(CAST(fiscal_year AS INT64)) ELSE fiscal_year END AS fiscal_year, CASE WHEN 'created_at' IN ('created_at', 'updated_at', 'ingestion_timestamp') THEN TIMESTAMP_SECONDS(CAST(created_at AS INT64)) ELSE created_at END AS created_at, CASE WHEN 'updated_at' IN ('created_at', 'updated_at', 'ingestion_timestamp') THEN TIMESTAMP_SECONDS(CAST(updated_at AS INT64)) ELSE updated_at END AS updated_at, CASE WHEN 'ingestion_timestamp' IN ('created_at', 'updated_at', 'ingestion_timestamp') THEN TIMESTAMP_SECONDS(CAST(ingestion_timestamp AS INT64)) ELSE ingestion_timestamp END AS ingestion_timestamp
                FROM `finflow-analytics-production.finflow_data.src_dates_temp`
                
[2025-01-16T16:57:46.910+0000] {crypto.py:82} WARNING - empty cryptography key - values will not be stored encrypted.
[2025-01-16T16:57:46.918+0000] {connection.py:232} WARNING - Connection schemes (type: google_cloud_platform) shall not contain '_' according to RFC3986.
[2025-01-16T16:57:46.926+0000] {base.py:73} INFO - Using connection ID 'google_cloud_default' for task execution.
[2025-01-16T16:57:46.962+0000] {warnings.py:109} WARNING - /home/***/.local/lib/python3.8/site-packages/***/providers/google/cloud/hooks/bigquery.py:2108: AirflowProviderDeprecationWarning: This method is deprecated. Please use `BigQueryHook.insert_job` method.
  warnings.warn(

[2025-01-16T16:57:48.055+0000] {bigquery.py:1595} INFO - Inserting job ***_1737046668048343_a63e1328c9f24ff74c1b6c364d21d3f5
[2025-01-16T16:57:48.840+0000] {taskinstance.py:1937} ERROR - Task failed with exception
Traceback (most recent call last):
  File "/home/airflow/.local/lib/python3.8/site-packages/airflow/providers/google/cloud/operators/bigquery.py", line 1249, in execute
    self.job_id = self.hook.run_query(
  File "/home/airflow/.local/lib/python3.8/site-packages/airflow/providers/google/cloud/hooks/bigquery.py", line 2241, in run_query
    job = self.insert_job(configuration=configuration, project_id=self.project_id, location=location)
  File "/home/airflow/.local/lib/python3.8/site-packages/airflow/providers/google/common/hooks/base_google.py", line 475, in inner_wrapper
    return func(self, *args, **kwargs)
  File "/home/airflow/.local/lib/python3.8/site-packages/airflow/providers/google/cloud/hooks/bigquery.py", line 1601, in insert_job
    job_api_repr.result(timeout=timeout, retry=retry)
  File "/home/airflow/.local/lib/python3.8/site-packages/google/cloud/bigquery/job/query.py", line 1580, in result
    do_get_result()
  File "/home/airflow/.local/lib/python3.8/site-packages/google/cloud/bigquery/job/query.py", line 1570, in do_get_result
    super(QueryJob, self).result(retry=retry, timeout=timeout)
  File "/home/airflow/.local/lib/python3.8/site-packages/google/cloud/bigquery/job/base.py", line 922, in result
    return super(_AsyncJob, self).result(timeout=timeout, **kwargs)
  File "/home/airflow/.local/lib/python3.8/site-packages/google/api_core/future/polling.py", line 261, in result
    raise self._exception
google.api_core.exceptions.BadRequest: 400 No matching signature for operator CASE; all THEN/ELSE arguments must be coercible to a common type but found: INT64, TIMESTAMP; actual argument types (WHEN THEN) ELSE: (BOOL TIMESTAMP) INT64 at [4:21]

Location: us-central1
Job ID: airflow_1737046668048343_a63e1328c9f24ff74c1b6c364d21d3f5

[2025-01-16T16:57:48.966+0000] {taskinstance.py:1400} INFO - Marking task as FAILED. dag_id=finflow_source_data_pipeline, task_id=load_to_gcs_bq.transform_date_timestamps, execution_date=20250116T165603, start_date=20250116T165744, end_date=20250116T165748
[2025-01-16T16:57:49.065+0000] {standard_task_runner.py:104} ERROR - Failed to execute job 2055 for task load_to_gcs_bq.transform_date_timestamps (400 No matching signature for operator CASE; all THEN/ELSE arguments must be coercible to a common type but found: INT64, TIMESTAMP; actual argument types (WHEN THEN) ELSE: (BOOL TIMESTAMP) INT64 at [4:21]

Location: us-central1
Job ID: airflow_1737046668048343_a63e1328c9f24ff74c1b6c364d21d3f5
; 1846)
[2025-01-16T16:57:49.212+0000] {local_task_job_runner.py:228} INFO - Task exited with return code 1
[2025-01-16T16:57:49.838+0000] {taskinstance.py:2778} INFO - 0 downstream tasks scheduled from follow-on schedule check
