[2025-01-16T02:31:48.697+0000] {taskinstance.py:1159} INFO - Dependencies all met for dep_context=non-requeueable deps ti=<TaskInstance: finflow_source_data_pipeline.load_to_gcs_bq.merge_product_to_main manual__2025-01-16T02:30:04.920741+00:00 [queued]>
[2025-01-16T02:31:48.819+0000] {taskinstance.py:1159} INFO - Dependencies all met for dep_context=requeueable deps ti=<TaskInstance: finflow_source_data_pipeline.load_to_gcs_bq.merge_product_to_main manual__2025-01-16T02:30:04.920741+00:00 [queued]>
[2025-01-16T02:31:48.820+0000] {taskinstance.py:1361} INFO - Starting attempt 1 of 1
[2025-01-16T02:31:48.906+0000] {taskinstance.py:1382} INFO - Executing <Task(BigQueryExecuteQueryOperator): load_to_gcs_bq.merge_product_to_main> on 2025-01-16 02:30:04.920741+00:00
[2025-01-16T02:31:48.942+0000] {standard_task_runner.py:57} INFO - Started process 2757 to run task
[2025-01-16T02:31:49.006+0000] {standard_task_runner.py:84} INFO - Running: ['***', 'tasks', 'run', 'finflow_source_data_pipeline', 'load_to_gcs_bq.merge_product_to_main', 'manual__2025-01-16T02:30:04.920741+00:00', '--job-id', '1659', '--raw', '--subdir', 'DAGS_FOLDER/finflow.py', '--cfg-path', '/tmp/tmp8clrje0e']
[2025-01-16T02:31:49.072+0000] {standard_task_runner.py:85} INFO - Job 1659: Subtask load_to_gcs_bq.merge_product_to_main
[2025-01-16T02:31:49.332+0000] {task_command.py:416} INFO - Running <TaskInstance: finflow_source_data_pipeline.load_to_gcs_bq.merge_product_to_main manual__2025-01-16T02:30:04.920741+00:00 [running]> on host a445abefd56a
[2025-01-16T02:31:49.752+0000] {taskinstance.py:1662} INFO - Exporting env vars: AIRFLOW_CTX_DAG_OWNER='***' AIRFLOW_CTX_DAG_ID='finflow_source_data_pipeline' AIRFLOW_CTX_TASK_ID='load_to_gcs_bq.merge_product_to_main' AIRFLOW_CTX_EXECUTION_DATE='2025-01-16T02:30:04.920741+00:00' AIRFLOW_CTX_TRY_NUMBER='1' AIRFLOW_CTX_DAG_RUN_ID='manual__2025-01-16T02:30:04.920741+00:00'
[2025-01-16T02:31:49.755+0000] {bigquery.py:1241} INFO - Executing: 
-- Create the target table if it doesn't exist
CREATE TABLE IF NOT EXISTS `finflow-analytics-production.finflow_data.src_products` (
    product_key INTEGER NOT NULL,
    product_id STRING NOT NULL,
    product_name STRING NOT NULL,
    product_category STRING NOT NULL,
    product_subcategory STRING NOT NULL,
    interest_rate FLOAT64 NOT NULL,
    monthly_fee FLOAT64 NOT NULL,
    is_active BOOLEAN NOT NULL,
    created_at TIMESTAMP NOT NULL,
    updated_at TIMESTAMP NOT NULL,
    ingestion_timestamp TIMESTAMP NOT NULL
);

-- Perform the merge operation
MERGE `finflow-analytics-production.finflow_data.src_products` T
USING (
    SELECT 
        *,
        CAST(created_at AS TIMESTAMP) as created_at,
        CAST(updated_at AS TIMESTAMP) as updated_at,
        CAST(ingestion_timestamp AS TIMESTAMP) as ingestion_timestamp
    FROM `finflow-analytics-production.finflow_data.src_products_temp`
) S
ON T.product_key = S.product_key
WHEN MATCHED THEN
    UPDATE SET
        T.product_id = S.product_id,
        T.product_name = S.product_name,
        T.product_category = S.product_category,
        T.product_subcategory = S.product_subcategory,
        T.interest_rate = S.interest_rate,
        T.monthly_fee = S.monthly_fee,
        T.is_active = S.is_active,
        T.created_at = S.created_at,
        T.updated_at = S.updated_at,
        T.ingestion_timestamp = S.ingestion_timestamp
WHEN NOT MATCHED THEN
    INSERT (product_key, product_id, product_name, product_category, product_subcategory, interest_rate, monthly_fee, is_active, created_at, updated_at, ingestion_timestamp)
    VALUES (S.product_key, S.product_id, S.product_name, S.product_category, S.product_subcategory, S.interest_rate, S.monthly_fee, S.is_active, S.created_at, S.updated_at, S.ingestion_timestamp)
[2025-01-16T02:31:49.761+0000] {crypto.py:82} WARNING - empty cryptography key - values will not be stored encrypted.
[2025-01-16T02:31:49.762+0000] {connection.py:232} WARNING - Connection schemes (type: google_cloud_platform) shall not contain '_' according to RFC3986.
[2025-01-16T02:31:49.763+0000] {base.py:73} INFO - Using connection ID 'google_cloud_default' for task execution.
[2025-01-16T02:31:49.765+0000] {warnings.py:109} WARNING - /home/***/.local/lib/python3.8/site-packages/***/providers/google/cloud/hooks/bigquery.py:2108: AirflowProviderDeprecationWarning: This method is deprecated. Please use `BigQueryHook.insert_job` method.
  warnings.warn(

[2025-01-16T02:31:50.157+0000] {bigquery.py:1595} INFO - Inserting job ***_1736994710156608_5751945123bbe3729a6d6446da2889c7
[2025-01-16T02:31:51.749+0000] {taskinstance.py:1937} ERROR - Task failed with exception
Traceback (most recent call last):
  File "/home/airflow/.local/lib/python3.8/site-packages/airflow/providers/google/cloud/operators/bigquery.py", line 1249, in execute
    self.job_id = self.hook.run_query(
  File "/home/airflow/.local/lib/python3.8/site-packages/airflow/providers/google/cloud/hooks/bigquery.py", line 2241, in run_query
    job = self.insert_job(configuration=configuration, project_id=self.project_id, location=location)
  File "/home/airflow/.local/lib/python3.8/site-packages/airflow/providers/google/common/hooks/base_google.py", line 475, in inner_wrapper
    return func(self, *args, **kwargs)
  File "/home/airflow/.local/lib/python3.8/site-packages/airflow/providers/google/cloud/hooks/bigquery.py", line 1601, in insert_job
    job_api_repr.result(timeout=timeout, retry=retry)
  File "/home/airflow/.local/lib/python3.8/site-packages/google/cloud/bigquery/job/query.py", line 1580, in result
    do_get_result()
  File "/home/airflow/.local/lib/python3.8/site-packages/google/cloud/bigquery/job/query.py", line 1570, in do_get_result
    super(QueryJob, self).result(retry=retry, timeout=timeout)
  File "/home/airflow/.local/lib/python3.8/site-packages/google/cloud/bigquery/job/base.py", line 922, in result
    return super(_AsyncJob, self).result(timeout=timeout, **kwargs)
  File "/home/airflow/.local/lib/python3.8/site-packages/google/api_core/future/polling.py", line 261, in result
    raise self._exception
google.api_core.exceptions.BadRequest: 400 Query error: Invalid cast from INT64 to TIMESTAMP at [22:14]

Location: us-central1
Job ID: airflow_1736994710156608_5751945123bbe3729a6d6446da2889c7

[2025-01-16T02:31:51.788+0000] {taskinstance.py:1400} INFO - Marking task as FAILED. dag_id=finflow_source_data_pipeline, task_id=load_to_gcs_bq.merge_product_to_main, execution_date=20250116T023004, start_date=20250116T023148, end_date=20250116T023151
[2025-01-16T02:31:51.856+0000] {standard_task_runner.py:104} ERROR - Failed to execute job 1659 for task load_to_gcs_bq.merge_product_to_main (400 Query error: Invalid cast from INT64 to TIMESTAMP at [22:14]

Location: us-central1
Job ID: airflow_1736994710156608_5751945123bbe3729a6d6446da2889c7
; 2757)
[2025-01-16T02:31:51.901+0000] {local_task_job_runner.py:228} INFO - Task exited with return code 1
[2025-01-16T02:31:51.995+0000] {taskinstance.py:2778} INFO - 0 downstream tasks scheduled from follow-on schedule check
