[2025-01-13T21:51:07.930+0000] {taskinstance.py:1159} INFO - Dependencies all met for dep_context=non-requeueable deps ti=<TaskInstance: finflow_source_data_pipeline.data_quality_checks.verify_merge_results_transaction manual__2025-01-13T21:48:52.382271+00:00 [queued]>
[2025-01-13T21:51:08.021+0000] {taskinstance.py:1159} INFO - Dependencies all met for dep_context=requeueable deps ti=<TaskInstance: finflow_source_data_pipeline.data_quality_checks.verify_merge_results_transaction manual__2025-01-13T21:48:52.382271+00:00 [queued]>
[2025-01-13T21:51:08.038+0000] {taskinstance.py:1361} INFO - Starting attempt 1 of 1
[2025-01-13T21:51:08.184+0000] {taskinstance.py:1382} INFO - Executing <Task(BigQueryExecuteQueryOperator): data_quality_checks.verify_merge_results_transaction> on 2025-01-13 21:48:52.382271+00:00
[2025-01-13T21:51:08.238+0000] {standard_task_runner.py:57} INFO - Started process 20629 to run task
[2025-01-13T21:51:08.312+0000] {standard_task_runner.py:84} INFO - Running: ['***', 'tasks', 'run', 'finflow_source_data_pipeline', 'data_quality_checks.verify_merge_results_transaction', 'manual__2025-01-13T21:48:52.382271+00:00', '--job-id', '1196', '--raw', '--subdir', 'DAGS_FOLDER/finflow.py', '--cfg-path', '/tmp/tmp28vbhrye']
[2025-01-13T21:51:08.364+0000] {standard_task_runner.py:85} INFO - Job 1196: Subtask data_quality_checks.verify_merge_results_transaction
[2025-01-13T21:51:08.743+0000] {task_command.py:416} INFO - Running <TaskInstance: finflow_source_data_pipeline.data_quality_checks.verify_merge_results_transaction manual__2025-01-13T21:48:52.382271+00:00 [running]> on host ab4e86dc450e
[2025-01-13T21:51:09.280+0000] {taskinstance.py:1662} INFO - Exporting env vars: AIRFLOW_CTX_DAG_OWNER='***' AIRFLOW_CTX_DAG_ID='finflow_source_data_pipeline' AIRFLOW_CTX_TASK_ID='data_quality_checks.verify_merge_results_transaction' AIRFLOW_CTX_EXECUTION_DATE='2025-01-13T21:48:52.382271+00:00' AIRFLOW_CTX_TRY_NUMBER='1' AIRFLOW_CTX_DAG_RUN_ID='manual__2025-01-13T21:48:52.382271+00:00'
[2025-01-13T21:51:09.283+0000] {bigquery.py:1241} INFO - Executing: 
WITH pre_counts AS (
    SELECT 
        'transactions' as table_name,
        COUNT(*) as pre_merge_count
    FROM `finflow-analytics-production.finflow_data.src_transactions`
    WHERE DATE(ingestion_timestamp) < DATE('2025-01-13')
),
post_counts AS (
    SELECT 
        'transactions' as table_name,
        COUNT(*) as post_merge_count
    FROM `finflow-analytics-production.finflow_data.src_transactions`
    WHERE DATE(ingestion_timestamp) <= DATE('2025-01-13')
),
new_records AS (
    SELECT 
        'transactions' as table_name,
        COUNT(*) as new_record_count
    FROM `finflow-analytics-production.finflow_data.src_transactions`
    WHERE DATE(ingestion_timestamp) = DATE('2025-01-13')
)
SELECT
    CASE 
        WHEN post_counts.post_merge_count < pre_counts.pre_merge_count 
        THEN ERROR('Data loss detected in transactions table')
        WHEN post_counts.post_merge_count - pre_counts.pre_merge_count != new_records.new_record_count
        THEN ERROR('Unexpected record count after merge in transactions table')
        ELSE 'Merge validation successful for transactions table'
    END as validation_result
FROM pre_counts
JOIN post_counts ON pre_counts.table_name = post_counts.table_name
JOIN new_records ON pre_counts.table_name = new_records.table_name
[2025-01-13T21:51:09.295+0000] {crypto.py:82} WARNING - empty cryptography key - values will not be stored encrypted.
[2025-01-13T21:51:09.306+0000] {connection.py:232} WARNING - Connection schemes (type: google_cloud_platform) shall not contain '_' according to RFC3986.
[2025-01-13T21:51:09.314+0000] {base.py:73} INFO - Using connection ID 'google_cloud_default' for task execution.
[2025-01-13T21:51:09.329+0000] {warnings.py:109} WARNING - /home/***/.local/lib/python3.8/site-packages/***/providers/google/cloud/hooks/bigquery.py:2108: AirflowProviderDeprecationWarning: This method is deprecated. Please use `BigQueryHook.insert_job` method.
  warnings.warn(

[2025-01-13T21:51:09.918+0000] {bigquery.py:1595} INFO - Inserting job ***_1736805069917000_dddeb02555590f5909ca1ce8b57e5d27
[2025-01-13T21:51:11.191+0000] {taskinstance.py:1400} INFO - Marking task as SUCCESS. dag_id=finflow_source_data_pipeline, task_id=data_quality_checks.verify_merge_results_transaction, execution_date=20250113T214852, start_date=20250113T215107, end_date=20250113T215111
[2025-01-13T21:51:11.414+0000] {local_task_job_runner.py:228} INFO - Task exited with return code 0
[2025-01-13T21:51:11.490+0000] {taskinstance.py:2778} INFO - 0 downstream tasks scheduled from follow-on schedule check
