[2025-01-13T21:11:04.833+0000] {taskinstance.py:1159} INFO - Dependencies all met for dep_context=non-requeueable deps ti=<TaskInstance: finflow_source_data_pipeline.load_to_gcs_bq.merge_customer_to_main manual__2025-01-13T21:09:41.062505+00:00 [queued]>
[2025-01-13T21:11:04.911+0000] {taskinstance.py:1159} INFO - Dependencies all met for dep_context=requeueable deps ti=<TaskInstance: finflow_source_data_pipeline.load_to_gcs_bq.merge_customer_to_main manual__2025-01-13T21:09:41.062505+00:00 [queued]>
[2025-01-13T21:11:04.912+0000] {taskinstance.py:1361} INFO - Starting attempt 1 of 1
[2025-01-13T21:11:05.035+0000] {taskinstance.py:1382} INFO - Executing <Task(BigQueryExecuteQueryOperator): load_to_gcs_bq.merge_customer_to_main> on 2025-01-13 21:09:41.062505+00:00
[2025-01-13T21:11:05.075+0000] {standard_task_runner.py:57} INFO - Started process 18993 to run task
[2025-01-13T21:11:05.115+0000] {standard_task_runner.py:84} INFO - Running: ['***', 'tasks', 'run', 'finflow_source_data_pipeline', 'load_to_gcs_bq.merge_customer_to_main', 'manual__2025-01-13T21:09:41.062505+00:00', '--job-id', '1110', '--raw', '--subdir', 'DAGS_FOLDER/finflow.py', '--cfg-path', '/tmp/tmpn82buift']
[2025-01-13T21:11:05.156+0000] {standard_task_runner.py:85} INFO - Job 1110: Subtask load_to_gcs_bq.merge_customer_to_main
[2025-01-13T21:11:05.446+0000] {task_command.py:416} INFO - Running <TaskInstance: finflow_source_data_pipeline.load_to_gcs_bq.merge_customer_to_main manual__2025-01-13T21:09:41.062505+00:00 [running]> on host ab4e86dc450e
[2025-01-13T21:11:05.674+0000] {taskinstance.py:1662} INFO - Exporting env vars: AIRFLOW_CTX_DAG_OWNER='***' AIRFLOW_CTX_DAG_ID='finflow_source_data_pipeline' AIRFLOW_CTX_TASK_ID='load_to_gcs_bq.merge_customer_to_main' AIRFLOW_CTX_EXECUTION_DATE='2025-01-13T21:09:41.062505+00:00' AIRFLOW_CTX_TRY_NUMBER='1' AIRFLOW_CTX_DAG_RUN_ID='manual__2025-01-13T21:09:41.062505+00:00'
[2025-01-13T21:11:05.684+0000] {bigquery.py:1241} INFO - Executing: 
-- Create the target table if it doesn't exist
CREATE TABLE IF NOT EXISTS `finflow-analytics-production.finflow_data.src_customers` (
    customer_key INTEGER NOT NULL,
    customer_id INTEGER NOT NULL,
    first_name STRING NOT NULL,
    last_name STRING NOT NULL,
    email STRING NOT NULL,
    phone_number STRING NOT NULL,
    address STRING NOT NULL,
    city STRING NOT NULL,
    state STRING NOT NULL,
    country STRING NOT NULL,
    postal_code STRING NOT NULL,
    customer_segment STRING NOT NULL,
    customer_since_date DATE NOT NULL,
    total_accounts INTEGER NOT NULL,
    active_accounts INTEGER NOT NULL,
    total_transaction_volume FLOAT64 NOT NULL,
    last_transaction_date TIMESTAMP NOT NULL,
    is_active BOOLEAN NOT NULL,
    created_at TIMESTAMP NOT NULL,
    updated_at TIMESTAMP NOT NULL,
    ingestion_timestamp TIMESTAMP NOT NULL
);

-- Perform the merge operation
MERGE `finflow-analytics-production.finflow_data.src_customers` T
USING (
    SELECT 
        customer_key, customer_id, first_name, last_name, email, phone_number, address, city, state, country, postal_code, customer_segment, total_accounts, active_accounts, total_transaction_volume, last_transaction_date, is_active, created_at, updated_at, ingestion_timestamp
        ,
        PARSE_DATE('%Y-%m-%d', CAST(customer_since_date AS STRING)) AS customer_since_date
    FROM `finflow-analytics-production.finflow_data.src_customers_temp`
) S
ON T.customer_key = S.customer_key
WHEN MATCHED THEN
    UPDATE SET
        T.customer_id = S.customer_id,
        T.first_name = S.first_name,
        T.last_name = S.last_name,
        T.email = S.email,
        T.phone_number = S.phone_number,
        T.address = S.address,
        T.city = S.city,
        T.state = S.state,
        T.country = S.country,
        T.postal_code = S.postal_code,
        T.customer_segment = S.customer_segment,
        T.customer_since_date = S.customer_since_date,
        T.total_accounts = S.total_accounts,
        T.active_accounts = S.active_accounts,
        T.total_transaction_volume = S.total_transaction_volume,
        T.last_transaction_date = S.last_transaction_date,
        T.is_active = S.is_active,
        T.created_at = S.created_at,
        T.updated_at = S.updated_at,
        T.ingestion_timestamp = S.ingestion_timestamp
WHEN NOT MATCHED THEN
    INSERT (customer_key, customer_id, first_name, last_name, email, phone_number, address, city, state, country, postal_code, customer_segment, customer_since_date, total_accounts, active_accounts, total_transaction_volume, last_transaction_date, is_active, created_at, updated_at, ingestion_timestamp)
    VALUES (S.customer_key, S.customer_id, S.first_name, S.last_name, S.email, S.phone_number, S.address, S.city, S.state, S.country, S.postal_code, S.customer_segment, S.customer_since_date, S.total_accounts, S.active_accounts, S.total_transaction_volume, S.last_transaction_date, S.is_active, S.created_at, S.updated_at, S.ingestion_timestamp)
[2025-01-13T21:11:05.699+0000] {crypto.py:82} WARNING - empty cryptography key - values will not be stored encrypted.
[2025-01-13T21:11:05.700+0000] {connection.py:232} WARNING - Connection schemes (type: google_cloud_platform) shall not contain '_' according to RFC3986.
[2025-01-13T21:11:05.712+0000] {base.py:73} INFO - Using connection ID 'google_cloud_default' for task execution.
[2025-01-13T21:11:05.721+0000] {warnings.py:109} WARNING - /home/***/.local/lib/python3.8/site-packages/***/providers/google/cloud/hooks/bigquery.py:2108: AirflowProviderDeprecationWarning: This method is deprecated. Please use `BigQueryHook.insert_job` method.
  warnings.warn(

[2025-01-13T21:11:06.150+0000] {bigquery.py:1595} INFO - Inserting job ***_1736802666144869_526522d8f0f01d53727a754f9e5d0754
[2025-01-13T21:11:09.806+0000] {taskinstance.py:1400} INFO - Marking task as SUCCESS. dag_id=finflow_source_data_pipeline, task_id=load_to_gcs_bq.merge_customer_to_main, execution_date=20250113T210941, start_date=20250113T211104, end_date=20250113T211109
[2025-01-13T21:11:09.938+0000] {local_task_job_runner.py:228} INFO - Task exited with return code 0
[2025-01-13T21:11:10.044+0000] {taskinstance.py:2778} INFO - 1 downstream tasks scheduled from follow-on schedule check
