[2025-01-16T19:48:16.560+0000] {taskinstance.py:1159} INFO - Dependencies all met for dep_context=non-requeueable deps ti=<TaskInstance: finflow_source_data_pipeline.load_to_gcs_bq.merge_location_to_main manual__2025-01-16T19:46:37.201344+00:00 [queued]>
[2025-01-16T19:48:16.691+0000] {taskinstance.py:1159} INFO - Dependencies all met for dep_context=requeueable deps ti=<TaskInstance: finflow_source_data_pipeline.load_to_gcs_bq.merge_location_to_main manual__2025-01-16T19:46:37.201344+00:00 [queued]>
[2025-01-16T19:48:16.692+0000] {taskinstance.py:1361} INFO - Starting attempt 1 of 1
[2025-01-16T19:48:16.760+0000] {taskinstance.py:1382} INFO - Executing <Task(BigQueryExecuteQueryOperator): load_to_gcs_bq.merge_location_to_main> on 2025-01-16 19:46:37.201344+00:00
[2025-01-16T19:48:16.808+0000] {standard_task_runner.py:57} INFO - Started process 1909 to run task
[2025-01-16T19:48:16.829+0000] {standard_task_runner.py:84} INFO - Running: ['***', 'tasks', 'run', 'finflow_source_data_pipeline', 'load_to_gcs_bq.merge_location_to_main', 'manual__2025-01-16T19:46:37.201344+00:00', '--job-id', '2828', '--raw', '--subdir', 'DAGS_FOLDER/finflow.py', '--cfg-path', '/tmp/tmps3ifew1x']
[2025-01-16T19:48:16.848+0000] {standard_task_runner.py:85} INFO - Job 2828: Subtask load_to_gcs_bq.merge_location_to_main
[2025-01-16T19:48:17.021+0000] {task_command.py:416} INFO - Running <TaskInstance: finflow_source_data_pipeline.load_to_gcs_bq.merge_location_to_main manual__2025-01-16T19:46:37.201344+00:00 [running]> on host c35fc3f5a87d
[2025-01-16T19:48:17.490+0000] {taskinstance.py:1662} INFO - Exporting env vars: AIRFLOW_CTX_DAG_OWNER='***' AIRFLOW_CTX_DAG_ID='finflow_source_data_pipeline' AIRFLOW_CTX_TASK_ID='load_to_gcs_bq.merge_location_to_main' AIRFLOW_CTX_EXECUTION_DATE='2025-01-16T19:46:37.201344+00:00' AIRFLOW_CTX_TRY_NUMBER='1' AIRFLOW_CTX_DAG_RUN_ID='manual__2025-01-16T19:46:37.201344+00:00'
[2025-01-16T19:48:17.497+0000] {bigquery.py:1241} INFO - Executing: 
-- Create the target table if it doesn't exist
CREATE TABLE IF NOT EXISTS `finflow-analytics-production.finflow_data.src_locations` (
    location_key INTEGER NOT NULL,
    location_id STRING NOT NULL,
    location_name STRING NOT NULL,
    address STRING NOT NULL,
    city STRING NOT NULL,
    state STRING NOT NULL,
    region STRING NOT NULL,
    country STRING NOT NULL,
    country_name STRING NOT NULL,
    country_code STRING NOT NULL,
    currency_code STRING NOT NULL,
    postal_code STRING NOT NULL,
    timezone STRING NOT NULL,
    latitude FLOAT64 NOT NULL,
    longitude FLOAT64 NOT NULL,
    created_at TIMESTAMP NOT NULL,
    updated_at TIMESTAMP NOT NULL,
    ingestion_timestamp TIMESTAMP NOT NULL
);

-- Perform the merge operation
MERGE `finflow-analytics-production.finflow_data.src_locations` T
USING (
    SELECT *
    FROM `finflow-analytics-production.finflow_data.src_locations_temp`
) S
ON T.location_key = S.location_key
WHEN MATCHED THEN
    UPDATE SET
        location_key = S.location_key, location_id = S.location_id, location_name = S.location_name, address = S.address, city = S.city, state = S.state, region = S.region, country = S.country, country_name = S.country_name, country_code = S.country_code, currency_code = S.currency_code, postal_code = S.postal_code, timezone = S.timezone, latitude = S.latitude, longitude = S.longitude, updated_at = S.updated_at, ingestion_timestamp = S.ingestion_timestamp
WHEN NOT MATCHED THEN
    INSERT (location_key, location_id, location_name, address, city, state, region, country, country_name, country_code, currency_code, postal_code, timezone, latitude, longitude, created_at, updated_at, ingestion_timestamp)
    VALUES (S.location_key, S.location_id, S.location_name, S.address, S.city, S.state, S.region, S.country, S.country_name, S.country_code, S.currency_code, S.postal_code, S.timezone, S.latitude, S.longitude, S.created_at, S.updated_at, S.ingestion_timestamp)
[2025-01-16T19:48:17.499+0000] {crypto.py:82} WARNING - empty cryptography key - values will not be stored encrypted.
[2025-01-16T19:48:17.500+0000] {connection.py:232} WARNING - Connection schemes (type: google_cloud_platform) shall not contain '_' according to RFC3986.
[2025-01-16T19:48:17.501+0000] {base.py:73} INFO - Using connection ID 'google_cloud_default' for task execution.
[2025-01-16T19:48:17.515+0000] {warnings.py:109} WARNING - /home/***/.local/lib/python3.8/site-packages/***/providers/google/cloud/hooks/bigquery.py:2108: AirflowProviderDeprecationWarning: This method is deprecated. Please use `BigQueryHook.insert_job` method.
  warnings.warn(

[2025-01-16T19:48:18.013+0000] {bigquery.py:1595} INFO - Inserting job ***_1737056898012600_96d1921abf66bf9cd947a0cc5ac669e4
[2025-01-16T19:48:21.719+0000] {taskinstance.py:1400} INFO - Marking task as SUCCESS. dag_id=finflow_source_data_pipeline, task_id=load_to_gcs_bq.merge_location_to_main, execution_date=20250116T194637, start_date=20250116T194816, end_date=20250116T194821
[2025-01-16T19:48:21.830+0000] {local_task_job_runner.py:228} INFO - Task exited with return code 0
[2025-01-16T19:48:22.104+0000] {taskinstance.py:2778} INFO - 1 downstream tasks scheduled from follow-on schedule check
