[2025-01-16T18:25:12.683+0000] {taskinstance.py:1159} INFO - Dependencies all met for dep_context=non-requeueable deps ti=<TaskInstance: finflow_source_data_pipeline.dbt_transformations.dbt_run manual__2025-01-16T18:22:11.855859+00:00 [queued]>
[2025-01-16T18:25:12.716+0000] {taskinstance.py:1159} INFO - Dependencies all met for dep_context=requeueable deps ti=<TaskInstance: finflow_source_data_pipeline.dbt_transformations.dbt_run manual__2025-01-16T18:22:11.855859+00:00 [queued]>
[2025-01-16T18:25:12.717+0000] {taskinstance.py:1361} INFO - Starting attempt 1 of 1
[2025-01-16T18:25:12.746+0000] {taskinstance.py:1382} INFO - Executing <Task(DbtBaseOperator): dbt_transformations.dbt_run> on 2025-01-16 18:22:11.855859+00:00
[2025-01-16T18:25:12.759+0000] {standard_task_runner.py:57} INFO - Started process 6134 to run task
[2025-01-16T18:25:12.772+0000] {standard_task_runner.py:84} INFO - Running: ['***', 'tasks', 'run', 'finflow_source_data_pipeline', 'dbt_transformations.dbt_run', 'manual__2025-01-16T18:22:11.855859+00:00', '--job-id', '2571', '--raw', '--subdir', 'DAGS_FOLDER/finflow.py', '--cfg-path', '/tmp/tmp_23_vw2x']
[2025-01-16T18:25:12.779+0000] {standard_task_runner.py:85} INFO - Job 2571: Subtask dbt_transformations.dbt_run
[2025-01-16T18:25:12.957+0000] {task_command.py:416} INFO - Running <TaskInstance: finflow_source_data_pipeline.dbt_transformations.dbt_run manual__2025-01-16T18:22:11.855859+00:00 [running]> on host e65a9a79c958
[2025-01-16T18:25:13.159+0000] {taskinstance.py:1662} INFO - Exporting env vars: AIRFLOW_CTX_DAG_OWNER='***' AIRFLOW_CTX_DAG_ID='finflow_source_data_pipeline' AIRFLOW_CTX_TASK_ID='dbt_transformations.dbt_run' AIRFLOW_CTX_EXECUTION_DATE='2025-01-16T18:22:11.855859+00:00' AIRFLOW_CTX_TRY_NUMBER='1' AIRFLOW_CTX_DAG_RUN_ID='manual__2025-01-16T18:22:11.855859+00:00'
[2025-01-16T18:25:24.636+0000] {finflow.py:652} INFO - [0m18:25:22  Running with dbt=1.8.7
[0m18:25:22  Encountered an error:
Runtime Error
  Could not find profile named 'finflow_analytics'

[2025-01-16T18:25:24.640+0000] {taskinstance.py:1937} ERROR - Task failed with exception
Traceback (most recent call last):
  File "/opt/airflow/dags/finflow.py", line 655, in execute
    raise Exception(f"dbt command failed: {result.stderr}")
Exception: dbt command failed: 
[2025-01-16T18:25:24.680+0000] {taskinstance.py:1400} INFO - Marking task as FAILED. dag_id=finflow_source_data_pipeline, task_id=dbt_transformations.dbt_run, execution_date=20250116T182211, start_date=20250116T182512, end_date=20250116T182524
[2025-01-16T18:25:24.760+0000] {standard_task_runner.py:104} ERROR - Failed to execute job 2571 for task dbt_transformations.dbt_run (dbt command failed: ; 6134)
[2025-01-16T18:25:24.840+0000] {local_task_job_runner.py:228} INFO - Task exited with return code 1
[2025-01-16T18:25:24.970+0000] {taskinstance.py:2778} INFO - 0 downstream tasks scheduled from follow-on schedule check
