[2025-01-16T20:35:31.288+0000] {taskinstance.py:1159} INFO - Dependencies all met for dep_context=non-requeueable deps ti=<TaskInstance: finflow_source_data_pipeline.load_to_gcs_bq.transform_account_timestamps manual__2025-01-16T20:34:11.951415+00:00 [queued]>
[2025-01-16T20:35:31.362+0000] {taskinstance.py:1159} INFO - Dependencies all met for dep_context=requeueable deps ti=<TaskInstance: finflow_source_data_pipeline.load_to_gcs_bq.transform_account_timestamps manual__2025-01-16T20:34:11.951415+00:00 [queued]>
[2025-01-16T20:35:31.363+0000] {taskinstance.py:1361} INFO - Starting attempt 1 of 1
[2025-01-16T20:35:31.534+0000] {taskinstance.py:1382} INFO - Executing <Task(BigQueryExecuteQueryOperator): load_to_gcs_bq.transform_account_timestamps> on 2025-01-16 20:34:11.951415+00:00
[2025-01-16T20:35:31.572+0000] {standard_task_runner.py:57} INFO - Started process 4057 to run task
[2025-01-16T20:35:31.591+0000] {standard_task_runner.py:84} INFO - Running: ['***', 'tasks', 'run', 'finflow_source_data_pipeline', 'load_to_gcs_bq.transform_account_timestamps', 'manual__2025-01-16T20:34:11.951415+00:00', '--job-id', '3023', '--raw', '--subdir', 'DAGS_FOLDER/finflow.py', '--cfg-path', '/tmp/tmp7ru1omw1']
[2025-01-16T20:35:31.623+0000] {standard_task_runner.py:85} INFO - Job 3023: Subtask load_to_gcs_bq.transform_account_timestamps
[2025-01-16T20:35:31.982+0000] {task_command.py:416} INFO - Running <TaskInstance: finflow_source_data_pipeline.load_to_gcs_bq.transform_account_timestamps manual__2025-01-16T20:34:11.951415+00:00 [running]> on host c35fc3f5a87d
[2025-01-16T20:35:32.372+0000] {taskinstance.py:1662} INFO - Exporting env vars: AIRFLOW_CTX_DAG_OWNER='***' AIRFLOW_CTX_DAG_ID='finflow_source_data_pipeline' AIRFLOW_CTX_TASK_ID='load_to_gcs_bq.transform_account_timestamps' AIRFLOW_CTX_EXECUTION_DATE='2025-01-16T20:34:11.951415+00:00' AIRFLOW_CTX_TRY_NUMBER='1' AIRFLOW_CTX_DAG_RUN_ID='manual__2025-01-16T20:34:11.951415+00:00'
[2025-01-16T20:35:32.374+0000] {bigquery.py:1241} INFO - Executing: 
                    CREATE OR REPLACE TABLE `finflow-analytics-production.finflow_data.src_accounts_temp` AS
                    SELECT 
                        account_key,
                        account_id,
                        customer_key,
                        product_key,
                        account_type,
                        account_status,
                        initial_deposit,
                        minimum_balance,
                        balance,
                        credit_limit,
                        opened_date,
                        closed_date,
                        created_at,
                        updated_at,
                        ingestion_timestamp
                    FROM `finflow-analytics-production.finflow_data.src_accounts_temp`
                    
[2025-01-16T20:35:32.377+0000] {crypto.py:82} WARNING - empty cryptography key - values will not be stored encrypted.
[2025-01-16T20:35:32.377+0000] {connection.py:232} WARNING - Connection schemes (type: google_cloud_platform) shall not contain '_' according to RFC3986.
[2025-01-16T20:35:32.379+0000] {base.py:73} INFO - Using connection ID 'google_cloud_default' for task execution.
[2025-01-16T20:35:32.381+0000] {warnings.py:109} WARNING - /home/***/.local/lib/python3.8/site-packages/***/providers/google/cloud/hooks/bigquery.py:2108: AirflowProviderDeprecationWarning: This method is deprecated. Please use `BigQueryHook.insert_job` method.
  warnings.warn(

[2025-01-16T20:35:32.626+0000] {bigquery.py:1595} INFO - Inserting job ***_1737059732625465_bf2ce79e5abd0ec06b7773d13dc3ba9c
[2025-01-16T20:35:35.417+0000] {taskinstance.py:1400} INFO - Marking task as SUCCESS. dag_id=finflow_source_data_pipeline, task_id=load_to_gcs_bq.transform_account_timestamps, execution_date=20250116T203411, start_date=20250116T203531, end_date=20250116T203535
[2025-01-16T20:35:35.889+0000] {local_task_job_runner.py:228} INFO - Task exited with return code 0
[2025-01-16T20:35:36.638+0000] {taskinstance.py:2778} INFO - 1 downstream tasks scheduled from follow-on schedule check
