[2025-01-16T18:59:47.024+0000] {taskinstance.py:1159} INFO - Dependencies all met for dep_context=non-requeueable deps ti=<TaskInstance: finflow_source_data_pipeline.dbt_transformations.dbt_deps manual__2025-01-16T18:56:06.587155+00:00 [queued]>
[2025-01-16T18:59:47.108+0000] {taskinstance.py:1159} INFO - Dependencies all met for dep_context=requeueable deps ti=<TaskInstance: finflow_source_data_pipeline.dbt_transformations.dbt_deps manual__2025-01-16T18:56:06.587155+00:00 [queued]>
[2025-01-16T18:59:47.109+0000] {taskinstance.py:1361} INFO - Starting attempt 1 of 1
[2025-01-16T18:59:47.183+0000] {taskinstance.py:1382} INFO - Executing <Task(DbtBaseOperator): dbt_transformations.dbt_deps> on 2025-01-16 18:56:06.587155+00:00
[2025-01-16T18:59:47.220+0000] {standard_task_runner.py:57} INFO - Started process 1147 to run task
[2025-01-16T18:59:47.252+0000] {standard_task_runner.py:84} INFO - Running: ['***', 'tasks', 'run', 'finflow_source_data_pipeline', 'dbt_transformations.dbt_deps', 'manual__2025-01-16T18:56:06.587155+00:00', '--job-id', '2667', '--raw', '--subdir', 'DAGS_FOLDER/finflow.py', '--cfg-path', '/tmp/tmpac9l16cb']
[2025-01-16T18:59:47.279+0000] {standard_task_runner.py:85} INFO - Job 2667: Subtask dbt_transformations.dbt_deps
[2025-01-16T18:59:47.473+0000] {task_command.py:416} INFO - Running <TaskInstance: finflow_source_data_pipeline.dbt_transformations.dbt_deps manual__2025-01-16T18:56:06.587155+00:00 [running]> on host 1fa24e54c558
[2025-01-16T18:59:47.788+0000] {taskinstance.py:1662} INFO - Exporting env vars: AIRFLOW_CTX_DAG_OWNER='***' AIRFLOW_CTX_DAG_ID='finflow_source_data_pipeline' AIRFLOW_CTX_TASK_ID='dbt_transformations.dbt_deps' AIRFLOW_CTX_EXECUTION_DATE='2025-01-16T18:56:06.587155+00:00' AIRFLOW_CTX_TRY_NUMBER='1' AIRFLOW_CTX_DAG_RUN_ID='manual__2025-01-16T18:56:06.587155+00:00'
[2025-01-16T18:59:55.370+0000] {finflow.py:652} INFO - [0m18:59:53  Running with dbt=1.8.7
[0m18:59:53  [[33mWARNING[0m]: Deprecated functionality
The `tests` config has been renamed to `data_tests`. Please see
https://docs.getdbt.com/docs/build/data-tests#new-data_tests-syntax for more
information.
[0m18:59:54  Installing dbt-labs/dbt_utils
[0m18:59:54  Installed from version 1.3.0
[0m18:59:54  Up to date!
[0m18:59:54  Installing calogica/dbt_expectations
[0m18:59:54  Installed from version 0.10.4
[0m18:59:54  Up to date!
[0m18:59:54  Installing calogica/dbt_date
[0m18:59:54  Installed from version 0.10.1
[0m18:59:54  Up to date!

[2025-01-16T18:59:55.410+0000] {taskinstance.py:1400} INFO - Marking task as SUCCESS. dag_id=finflow_source_data_pipeline, task_id=dbt_transformations.dbt_deps, execution_date=20250116T185606, start_date=20250116T185947, end_date=20250116T185955
[2025-01-16T18:59:55.477+0000] {local_task_job_runner.py:228} INFO - Task exited with return code 0
[2025-01-16T18:59:55.511+0000] {taskinstance.py:2778} INFO - 1 downstream tasks scheduled from follow-on schedule check
