[2025-01-16T18:58:12.851+0000] {taskinstance.py:1159} INFO - Dependencies all met for dep_context=non-requeueable deps ti=<TaskInstance: finflow_source_data_pipeline.load_to_gcs_bq.transform_location_timestamps manual__2025-01-16T18:56:06.587155+00:00 [queued]>
[2025-01-16T18:58:13.044+0000] {taskinstance.py:1159} INFO - Dependencies all met for dep_context=requeueable deps ti=<TaskInstance: finflow_source_data_pipeline.load_to_gcs_bq.transform_location_timestamps manual__2025-01-16T18:56:06.587155+00:00 [queued]>
[2025-01-16T18:58:13.045+0000] {taskinstance.py:1361} INFO - Starting attempt 1 of 1
[2025-01-16T18:58:13.311+0000] {taskinstance.py:1382} INFO - Executing <Task(BigQueryExecuteQueryOperator): load_to_gcs_bq.transform_location_timestamps> on 2025-01-16 18:56:06.587155+00:00
[2025-01-16T18:58:13.385+0000] {standard_task_runner.py:57} INFO - Started process 1040 to run task
[2025-01-16T18:58:13.453+0000] {standard_task_runner.py:84} INFO - Running: ['***', 'tasks', 'run', 'finflow_source_data_pipeline', 'load_to_gcs_bq.transform_location_timestamps', 'manual__2025-01-16T18:56:06.587155+00:00', '--job-id', '2643', '--raw', '--subdir', 'DAGS_FOLDER/finflow.py', '--cfg-path', '/tmp/tmpkdgavegv']
[2025-01-16T18:58:13.501+0000] {standard_task_runner.py:85} INFO - Job 2643: Subtask load_to_gcs_bq.transform_location_timestamps
[2025-01-16T18:58:14.063+0000] {task_command.py:416} INFO - Running <TaskInstance: finflow_source_data_pipeline.load_to_gcs_bq.transform_location_timestamps manual__2025-01-16T18:56:06.587155+00:00 [running]> on host 1fa24e54c558
[2025-01-16T18:58:15.366+0000] {taskinstance.py:1662} INFO - Exporting env vars: AIRFLOW_CTX_DAG_OWNER='***' AIRFLOW_CTX_DAG_ID='finflow_source_data_pipeline' AIRFLOW_CTX_TASK_ID='load_to_gcs_bq.transform_location_timestamps' AIRFLOW_CTX_EXECUTION_DATE='2025-01-16T18:56:06.587155+00:00' AIRFLOW_CTX_TRY_NUMBER='1' AIRFLOW_CTX_DAG_RUN_ID='manual__2025-01-16T18:56:06.587155+00:00'
[2025-01-16T18:58:15.380+0000] {bigquery.py:1241} INFO - Executing: 
                    CREATE OR REPLACE TABLE `finflow-analytics-production.finflow_data.src_locations_temp` AS
                    SELECT 
                        location_key,
                        location_id,
                        location_name,
                        address,
                        city,
                        state,
                        region,
                        country,
                        country_name,
                        country_code,
                        currency_code,
                        postal_code,
                        timezone,
                        latitude,
                        longitude,
                        TIMESTAMP(created_at) as created_at,
                        TIMESTAMP(updated_at) as updated_at,
                        TIMESTAMP(ingestion_timestamp) as ingestion_timestamp
                    FROM `finflow-analytics-production.finflow_data.src_locations_temp`
                    
[2025-01-16T18:58:15.409+0000] {crypto.py:82} WARNING - empty cryptography key - values will not be stored encrypted.
[2025-01-16T18:58:15.428+0000] {connection.py:232} WARNING - Connection schemes (type: google_cloud_platform) shall not contain '_' according to RFC3986.
[2025-01-16T18:58:15.449+0000] {base.py:73} INFO - Using connection ID 'google_cloud_default' for task execution.
[2025-01-16T18:58:15.484+0000] {warnings.py:109} WARNING - /home/***/.local/lib/python3.8/site-packages/***/providers/google/cloud/hooks/bigquery.py:2108: AirflowProviderDeprecationWarning: This method is deprecated. Please use `BigQueryHook.insert_job` method.
  warnings.warn(

[2025-01-16T18:58:16.692+0000] {bigquery.py:1595} INFO - Inserting job ***_1737053896670849_eb642e87fe046f54cb695cebe9eb4c6a
[2025-01-16T18:58:19.854+0000] {taskinstance.py:1400} INFO - Marking task as SUCCESS. dag_id=finflow_source_data_pipeline, task_id=load_to_gcs_bq.transform_location_timestamps, execution_date=20250116T185606, start_date=20250116T185812, end_date=20250116T185819
[2025-01-16T18:58:20.124+0000] {local_task_job_runner.py:228} INFO - Task exited with return code 0
[2025-01-16T18:58:20.464+0000] {taskinstance.py:2778} INFO - 1 downstream tasks scheduled from follow-on schedule check
