[2025-01-13T19:13:42.642+0000] {taskinstance.py:1159} INFO - Dependencies all met for dep_context=non-requeueable deps ti=<TaskInstance: finflow_source_data_pipeline.load_to_gcs_bq.merge_transaction_to_main manual__2025-01-13T19:12:20.547225+00:00 [queued]>
[2025-01-13T19:13:42.775+0000] {taskinstance.py:1159} INFO - Dependencies all met for dep_context=requeueable deps ti=<TaskInstance: finflow_source_data_pipeline.load_to_gcs_bq.merge_transaction_to_main manual__2025-01-13T19:12:20.547225+00:00 [queued]>
[2025-01-13T19:13:42.781+0000] {taskinstance.py:1361} INFO - Starting attempt 1 of 1
[2025-01-13T19:13:42.970+0000] {taskinstance.py:1382} INFO - Executing <Task(BigQueryExecuteQueryOperator): load_to_gcs_bq.merge_transaction_to_main> on 2025-01-13 19:12:20.547225+00:00
[2025-01-13T19:13:43.040+0000] {standard_task_runner.py:57} INFO - Started process 14007 to run task
[2025-01-13T19:13:43.075+0000] {standard_task_runner.py:84} INFO - Running: ['***', 'tasks', 'run', 'finflow_source_data_pipeline', 'load_to_gcs_bq.merge_transaction_to_main', 'manual__2025-01-13T19:12:20.547225+00:00', '--job-id', '771', '--raw', '--subdir', 'DAGS_FOLDER/finflow.py', '--cfg-path', '/tmp/tmp_8avto7y']
[2025-01-13T19:13:43.150+0000] {standard_task_runner.py:85} INFO - Job 771: Subtask load_to_gcs_bq.merge_transaction_to_main
[2025-01-13T19:13:43.609+0000] {task_command.py:416} INFO - Running <TaskInstance: finflow_source_data_pipeline.load_to_gcs_bq.merge_transaction_to_main manual__2025-01-13T19:12:20.547225+00:00 [running]> on host ab4e86dc450e
[2025-01-13T19:13:44.406+0000] {taskinstance.py:1662} INFO - Exporting env vars: AIRFLOW_CTX_DAG_OWNER='***' AIRFLOW_CTX_DAG_ID='finflow_source_data_pipeline' AIRFLOW_CTX_TASK_ID='load_to_gcs_bq.merge_transaction_to_main' AIRFLOW_CTX_EXECUTION_DATE='2025-01-13T19:12:20.547225+00:00' AIRFLOW_CTX_TRY_NUMBER='1' AIRFLOW_CTX_DAG_RUN_ID='manual__2025-01-13T19:12:20.547225+00:00'
[2025-01-13T19:13:44.416+0000] {bigquery.py:1241} INFO - Executing: 
-- Create the target table if it doesn't exist
CREATE TABLE IF NOT EXISTS `finflow-analytics-production.finflow_raw.src_transactions` (
    transaction_id INTEGER NOT NULL,
    account_key INTEGER NOT NULL,
    customer_key INTEGER NOT NULL,
    product_key INTEGER NOT NULL,
    location_key INTEGER NOT NULL,
    date_key INTEGER NOT NULL,
    transaction_type STRING NOT NULL,
    transaction_amount FLOAT64 NOT NULL,
    fee_amount FLOAT64 NOT NULL,
    transaction_status STRING NOT NULL,
    created_at TIMESTAMP NOT NULL,
    updated_at TIMESTAMP NOT NULL,
    ingestion_timestamp TIMESTAMP NOT NULL
);

-- Perform the merge operation
MERGE `finflow-analytics-production.finflow_raw.src_transactions` T
USING `finflow-analytics-production.finflow_raw.src_transactions_temp` S
ON T.transaction_id = S.transaction_id
WHEN NOT MATCHED THEN
  INSERT (transaction_id, account_key, customer_key, product_key, location_key, date_key, transaction_type, transaction_amount, fee_amount, transaction_status, created_at, updated_at, ingestion_timestamp)
  VALUES (S.transaction_id, S.account_key, S.customer_key, S.product_key, S.location_key, S.date_key, S.transaction_type, S.transaction_amount, S.fee_amount, S.transaction_status, S.created_at, S.updated_at, S.ingestion_timestamp)
[2025-01-13T19:13:44.419+0000] {crypto.py:82} WARNING - empty cryptography key - values will not be stored encrypted.
[2025-01-13T19:13:44.421+0000] {connection.py:232} WARNING - Connection schemes (type: google_cloud_platform) shall not contain '_' according to RFC3986.
[2025-01-13T19:13:44.426+0000] {base.py:73} INFO - Using connection ID 'google_cloud_default' for task execution.
[2025-01-13T19:13:44.439+0000] {warnings.py:109} WARNING - /home/***/.local/lib/python3.8/site-packages/***/providers/google/cloud/hooks/bigquery.py:2108: AirflowProviderDeprecationWarning: This method is deprecated. Please use `BigQueryHook.insert_job` method.
  warnings.warn(

[2025-01-13T19:13:45.117+0000] {bigquery.py:1595} INFO - Inserting job ***_1736795625116288_dd22bb6589bcaaeaac7b4f887ec44058
[2025-01-13T19:13:48.879+0000] {taskinstance.py:1400} INFO - Marking task as SUCCESS. dag_id=finflow_source_data_pipeline, task_id=load_to_gcs_bq.merge_transaction_to_main, execution_date=20250113T191220, start_date=20250113T191342, end_date=20250113T191348
[2025-01-13T19:13:48.999+0000] {local_task_job_runner.py:228} INFO - Task exited with return code 0
[2025-01-13T19:13:49.161+0000] {taskinstance.py:2778} INFO - 1 downstream tasks scheduled from follow-on schedule check
