[2025-01-13T13:52:03.532+0000] {taskinstance.py:1159} INFO - Dependencies all met for dep_context=non-requeueable deps ti=<TaskInstance: finflow_source_data_pipeline.load_to_gcs_bq.load_location_to_bq manual__2025-01-13T13:51:19.785392+00:00 [queued]>
[2025-01-13T13:52:03.711+0000] {taskinstance.py:1159} INFO - Dependencies all met for dep_context=requeueable deps ti=<TaskInstance: finflow_source_data_pipeline.load_to_gcs_bq.load_location_to_bq manual__2025-01-13T13:51:19.785392+00:00 [queued]>
[2025-01-13T13:52:03.724+0000] {taskinstance.py:1361} INFO - Starting attempt 1 of 2
[2025-01-13T13:52:04.150+0000] {taskinstance.py:1382} INFO - Executing <Task(GCSToBigQueryOperator): load_to_gcs_bq.load_location_to_bq> on 2025-01-13 13:51:19.785392+00:00
[2025-01-13T13:52:04.307+0000] {standard_task_runner.py:57} INFO - Started process 1016 to run task
[2025-01-13T13:52:04.373+0000] {standard_task_runner.py:84} INFO - Running: ['***', 'tasks', 'run', 'finflow_source_data_pipeline', 'load_to_gcs_bq.load_location_to_bq', 'manual__2025-01-13T13:51:19.785392+00:00', '--job-id', '133', '--raw', '--subdir', 'DAGS_FOLDER/finflow.py', '--cfg-path', '/tmp/tmpvkn3i5ba']
[2025-01-13T13:52:04.485+0000] {standard_task_runner.py:85} INFO - Job 133: Subtask load_to_gcs_bq.load_location_to_bq
[2025-01-13T13:52:05.177+0000] {task_command.py:416} INFO - Running <TaskInstance: finflow_source_data_pipeline.load_to_gcs_bq.load_location_to_bq manual__2025-01-13T13:51:19.785392+00:00 [running]> on host ab4e86dc450e
[2025-01-13T13:52:05.882+0000] {taskinstance.py:1662} INFO - Exporting env vars: AIRFLOW_CTX_DAG_OWNER='***' AIRFLOW_CTX_DAG_ID='finflow_source_data_pipeline' AIRFLOW_CTX_TASK_ID='load_to_gcs_bq.load_location_to_bq' AIRFLOW_CTX_EXECUTION_DATE='2025-01-13T13:51:19.785392+00:00' AIRFLOW_CTX_TRY_NUMBER='1' AIRFLOW_CTX_DAG_RUN_ID='manual__2025-01-13T13:51:19.785392+00:00'
[2025-01-13T13:52:05.908+0000] {crypto.py:82} WARNING - empty cryptography key - values will not be stored encrypted.
[2025-01-13T13:52:05.933+0000] {connection.py:232} WARNING - Connection schemes (type: google_cloud_platform) shall not contain '_' according to RFC3986.
[2025-01-13T13:52:05.935+0000] {base.py:73} INFO - Using connection ID 'google_cloud_default' for task execution.
[2025-01-13T13:52:05.982+0000] {gcs_to_bigquery.py:376} INFO - Using existing BigQuery table for storing data...
[2025-01-13T13:52:06.751+0000] {gcs_to_bigquery.py:380} INFO - Executing: {'load': {'autodetect': True, 'createDisposition': 'CREATE_IF_NEEDED', 'destinationTable': {'projectId': 'finflow-analytics-production', 'datasetId': 'finflow_raw', 'tableId': 'src_locations'}, 'sourceFormat': 'PARQUET', 'sourceUris': ['gs://finflow-analytics-data/raw/locations/2025-01-13/locations.parquet'], 'writeDisposition': 'WRITE_APPEND', 'ignoreUnknownValues': False, 'schema': {'fields': [{'name': 'location_key', 'type': 'INTEGER', 'mode': 'REQUIRED'}, {'name': 'location_id', 'type': 'STRING', 'mode': 'REQUIRED'}, {'name': 'country_code', 'type': 'STRING', 'mode': 'REQUIRED'}, {'name': 'country_name', 'type': 'STRING', 'mode': 'REQUIRED'}, {'name': 'region', 'type': 'STRING', 'mode': 'REQUIRED'}, {'name': 'state', 'type': 'STRING', 'mode': 'REQUIRED'}, {'name': 'city', 'type': 'STRING', 'mode': 'REQUIRED'}, {'name': 'timezone', 'type': 'STRING', 'mode': 'REQUIRED'}, {'name': 'currency_code', 'type': 'STRING', 'mode': 'REQUIRED'}, {'name': 'created_at', 'type': 'TIMESTAMP', 'mode': 'REQUIRED'}, {'name': 'updated_at', 'type': 'TIMESTAMP', 'mode': 'REQUIRED'}, {'name': 'ingestion_timestamp', 'type': 'TIMESTAMP', 'mode': 'REQUIRED'}]}}}
[2025-01-13T13:52:06.771+0000] {bigquery.py:1595} INFO - Inserting job ***_finflow_source_data_pipeline_load_to_gcs_bq_load_location_to_bq_2025_01_13T13_51_19_785392_00_00_d32cdc999c42311c3e213f9760237d05
[2025-01-13T13:52:07.355+0000] {taskinstance.py:1937} ERROR - Task failed with exception
Traceback (most recent call last):
  File "/home/airflow/.local/lib/python3.8/site-packages/airflow/providers/google/cloud/transfers/gcs_to_bigquery.py", line 381, in execute
    job: BigQueryJob | UnknownJob = self._submit_job(self.hook, job_id)
  File "/home/airflow/.local/lib/python3.8/site-packages/airflow/providers/google/cloud/transfers/gcs_to_bigquery.py", line 303, in _submit_job
    return hook.insert_job(
  File "/home/airflow/.local/lib/python3.8/site-packages/airflow/providers/google/common/hooks/base_google.py", line 475, in inner_wrapper
    return func(self, *args, **kwargs)
  File "/home/airflow/.local/lib/python3.8/site-packages/airflow/providers/google/cloud/hooks/bigquery.py", line 1598, in insert_job
    job_api_repr._begin()
  File "/home/airflow/.local/lib/python3.8/site-packages/google/cloud/bigquery/job/base.py", line 693, in _begin
    api_response = client._call_api(
  File "/home/airflow/.local/lib/python3.8/site-packages/google/cloud/bigquery/client.py", line 808, in _call_api
    return call()
  File "/home/airflow/.local/lib/python3.8/site-packages/google/api_core/retry.py", line 366, in retry_wrapped_func
    return retry_target(
  File "/home/airflow/.local/lib/python3.8/site-packages/google/api_core/retry.py", line 204, in retry_target
    return target()
  File "/home/airflow/.local/lib/python3.8/site-packages/google/cloud/_http/__init__.py", line 494, in api_request
    raise exceptions.from_http_response(response)
google.api_core.exceptions.NotFound: 404 POST https://bigquery.googleapis.com/bigquery/v2/projects/finflow-analytics-production/jobs?prettyPrint=false: Not found: Dataset finflow-analytics-production:finflow_raw
[2025-01-13T13:52:07.429+0000] {taskinstance.py:1400} INFO - Marking task as UP_FOR_RETRY. dag_id=finflow_source_data_pipeline, task_id=load_to_gcs_bq.load_location_to_bq, execution_date=20250113T135119, start_date=20250113T135203, end_date=20250113T135207
[2025-01-13T13:52:07.582+0000] {standard_task_runner.py:104} ERROR - Failed to execute job 133 for task load_to_gcs_bq.load_location_to_bq (404 POST https://bigquery.googleapis.com/bigquery/v2/projects/finflow-analytics-production/jobs?prettyPrint=false: Not found: Dataset finflow-analytics-production:finflow_raw; 1016)
[2025-01-13T13:52:07.771+0000] {local_task_job_runner.py:228} INFO - Task exited with return code 1
[2025-01-13T13:52:08.030+0000] {taskinstance.py:2778} INFO - 0 downstream tasks scheduled from follow-on schedule check
