[2025-01-16T17:32:41.271+0000] {taskinstance.py:1159} INFO - Dependencies all met for dep_context=non-requeueable deps ti=<TaskInstance: finflow_source_data_pipeline.load_to_gcs_bq.merge_customer_to_main manual__2025-01-16T17:30:57.408098+00:00 [queued]>
[2025-01-16T17:32:41.356+0000] {taskinstance.py:1159} INFO - Dependencies all met for dep_context=requeueable deps ti=<TaskInstance: finflow_source_data_pipeline.load_to_gcs_bq.merge_customer_to_main manual__2025-01-16T17:30:57.408098+00:00 [queued]>
[2025-01-16T17:32:41.357+0000] {taskinstance.py:1361} INFO - Starting attempt 1 of 1
[2025-01-16T17:32:41.399+0000] {taskinstance.py:1382} INFO - Executing <Task(BigQueryExecuteQueryOperator): load_to_gcs_bq.merge_customer_to_main> on 2025-01-16 17:30:57.408098+00:00
[2025-01-16T17:32:41.418+0000] {standard_task_runner.py:57} INFO - Started process 3533 to run task
[2025-01-16T17:32:41.441+0000] {standard_task_runner.py:84} INFO - Running: ['***', 'tasks', 'run', 'finflow_source_data_pipeline', 'load_to_gcs_bq.merge_customer_to_main', 'manual__2025-01-16T17:30:57.408098+00:00', '--job-id', '2251', '--raw', '--subdir', 'DAGS_FOLDER/finflow.py', '--cfg-path', '/tmp/tmp_5_gab29']
[2025-01-16T17:32:41.471+0000] {standard_task_runner.py:85} INFO - Job 2251: Subtask load_to_gcs_bq.merge_customer_to_main
[2025-01-16T17:32:41.594+0000] {task_command.py:416} INFO - Running <TaskInstance: finflow_source_data_pipeline.load_to_gcs_bq.merge_customer_to_main manual__2025-01-16T17:30:57.408098+00:00 [running]> on host e65a9a79c958
[2025-01-16T17:32:41.945+0000] {taskinstance.py:1662} INFO - Exporting env vars: AIRFLOW_CTX_DAG_OWNER='***' AIRFLOW_CTX_DAG_ID='finflow_source_data_pipeline' AIRFLOW_CTX_TASK_ID='load_to_gcs_bq.merge_customer_to_main' AIRFLOW_CTX_EXECUTION_DATE='2025-01-16T17:30:57.408098+00:00' AIRFLOW_CTX_TRY_NUMBER='1' AIRFLOW_CTX_DAG_RUN_ID='manual__2025-01-16T17:30:57.408098+00:00'
[2025-01-16T17:32:41.950+0000] {bigquery.py:1241} INFO - Executing: 
-- Create the target table if it doesn't exist
CREATE TABLE IF NOT EXISTS `finflow-analytics-production.finflow_data.src_customers` (
    customer_key INTEGER NOT NULL,
    customer_id INTEGER NOT NULL,
    first_name STRING NOT NULL,
    last_name STRING NOT NULL,
    email STRING NOT NULL,
    phone_number STRING NOT NULL,
    address STRING NOT NULL,
    city STRING NOT NULL,
    state STRING NOT NULL,
    country STRING NOT NULL,
    postal_code STRING NOT NULL,
    customer_segment STRING NOT NULL,
    customer_since_date DATE NOT NULL,
    total_accounts INTEGER NOT NULL,
    active_accounts INTEGER NOT NULL,
    total_transaction_volume FLOAT NOT NULL,
    last_transaction_date TIMESTAMP NOT NULL,
    is_active BOOLEAN NOT NULL,
    created_at TIMESTAMP NOT NULL,
    updated_at TIMESTAMP NOT NULL,
    ingestion_timestamp TIMESTAMP NOT NULL
);

-- Perform the merge operation
MERGE `finflow-analytics-production.finflow_data.src_customers` T
USING (
    SELECT *
    FROM `finflow-analytics-production.finflow_data.src_customers_temp`
) S
ON T.customer_key = S.customer_key
WHEN MATCHED THEN
    UPDATE SET
        customer_key = S.customer_key, customer_id = S.customer_id, first_name = S.first_name, last_name = S.last_name, email = S.email, phone_number = S.phone_number, address = S.address, city = S.city, state = S.state, country = S.country, postal_code = S.postal_code, customer_segment = S.customer_segment, customer_since_date = S.customer_since_date, total_accounts = S.total_accounts, active_accounts = S.active_accounts, total_transaction_volume = S.total_transaction_volume, last_transaction_date = S.last_transaction_date, is_active = S.is_active, updated_at = S.updated_at, ingestion_timestamp = S.ingestion_timestamp
WHEN NOT MATCHED THEN
    INSERT (customer_key, customer_id, first_name, last_name, email, phone_number, address, city, state, country, postal_code, customer_segment, customer_since_date, total_accounts, active_accounts, total_transaction_volume, last_transaction_date, is_active, created_at, updated_at, ingestion_timestamp)
    VALUES (S.customer_key, S.customer_id, S.first_name, S.last_name, S.email, S.phone_number, S.address, S.city, S.state, S.country, S.postal_code, S.customer_segment, S.customer_since_date, S.total_accounts, S.active_accounts, S.total_transaction_volume, S.last_transaction_date, S.is_active, S.created_at, S.updated_at, S.ingestion_timestamp)
[2025-01-16T17:32:41.953+0000] {crypto.py:82} WARNING - empty cryptography key - values will not be stored encrypted.
[2025-01-16T17:32:41.969+0000] {connection.py:232} WARNING - Connection schemes (type: google_cloud_platform) shall not contain '_' according to RFC3986.
[2025-01-16T17:32:41.974+0000] {base.py:73} INFO - Using connection ID 'google_cloud_default' for task execution.
[2025-01-16T17:32:41.978+0000] {warnings.py:109} WARNING - /home/***/.local/lib/python3.8/site-packages/***/providers/google/cloud/hooks/bigquery.py:2108: AirflowProviderDeprecationWarning: This method is deprecated. Please use `BigQueryHook.insert_job` method.
  warnings.warn(

[2025-01-16T17:32:42.122+0000] {bigquery.py:1595} INFO - Inserting job ***_1737048762121207_bd15a74a6c5b3e538bee143e5b9db69b
[2025-01-16T17:32:42.771+0000] {taskinstance.py:1937} ERROR - Task failed with exception
Traceback (most recent call last):
  File "/home/airflow/.local/lib/python3.8/site-packages/airflow/providers/google/cloud/operators/bigquery.py", line 1249, in execute
    self.job_id = self.hook.run_query(
  File "/home/airflow/.local/lib/python3.8/site-packages/airflow/providers/google/cloud/hooks/bigquery.py", line 2241, in run_query
    job = self.insert_job(configuration=configuration, project_id=self.project_id, location=location)
  File "/home/airflow/.local/lib/python3.8/site-packages/airflow/providers/google/common/hooks/base_google.py", line 475, in inner_wrapper
    return func(self, *args, **kwargs)
  File "/home/airflow/.local/lib/python3.8/site-packages/airflow/providers/google/cloud/hooks/bigquery.py", line 1601, in insert_job
    job_api_repr.result(timeout=timeout, retry=retry)
  File "/home/airflow/.local/lib/python3.8/site-packages/google/cloud/bigquery/job/query.py", line 1580, in result
    do_get_result()
  File "/home/airflow/.local/lib/python3.8/site-packages/google/cloud/bigquery/job/query.py", line 1570, in do_get_result
    super(QueryJob, self).result(retry=retry, timeout=timeout)
  File "/home/airflow/.local/lib/python3.8/site-packages/google/cloud/bigquery/job/base.py", line 922, in result
    return super(_AsyncJob, self).result(timeout=timeout, **kwargs)
  File "/home/airflow/.local/lib/python3.8/site-packages/google/api_core/future/polling.py", line 261, in result
    raise self._exception
google.api_core.exceptions.BadRequest: 400 Query error: Type not found: FLOAT at [19:30]

Location: us-central1
Job ID: airflow_1737048762121207_bd15a74a6c5b3e538bee143e5b9db69b

[2025-01-16T17:32:42.792+0000] {taskinstance.py:1400} INFO - Marking task as FAILED. dag_id=finflow_source_data_pipeline, task_id=load_to_gcs_bq.merge_customer_to_main, execution_date=20250116T173057, start_date=20250116T173241, end_date=20250116T173242
[2025-01-16T17:32:42.844+0000] {standard_task_runner.py:104} ERROR - Failed to execute job 2251 for task load_to_gcs_bq.merge_customer_to_main (400 Query error: Type not found: FLOAT at [19:30]

Location: us-central1
Job ID: airflow_1737048762121207_bd15a74a6c5b3e538bee143e5b9db69b
; 3533)
[2025-01-16T17:32:42.905+0000] {local_task_job_runner.py:228} INFO - Task exited with return code 1
[2025-01-16T17:32:42.971+0000] {taskinstance.py:2778} INFO - 0 downstream tasks scheduled from follow-on schedule check
