[2025-01-11T22:13:45.017+0000] {taskinstance.py:1159} INFO - Dependencies all met for dep_context=non-requeueable deps ti=<TaskInstance: finflow_analytics_pipeline.verify_referential_integrity manual__2025-01-11T22:12:04.691272+00:00 [queued]>
[2025-01-11T22:13:45.039+0000] {taskinstance.py:1159} INFO - Dependencies all met for dep_context=requeueable deps ti=<TaskInstance: finflow_analytics_pipeline.verify_referential_integrity manual__2025-01-11T22:12:04.691272+00:00 [queued]>
[2025-01-11T22:13:45.039+0000] {taskinstance.py:1361} INFO - Starting attempt 1 of 2
[2025-01-11T22:13:45.067+0000] {taskinstance.py:1382} INFO - Executing <Task(BigQueryExecuteQueryOperator): verify_referential_integrity> on 2025-01-11 22:12:04.691272+00:00
[2025-01-11T22:13:45.079+0000] {standard_task_runner.py:57} INFO - Started process 1171 to run task
[2025-01-11T22:13:45.093+0000] {standard_task_runner.py:84} INFO - Running: ['***', 'tasks', 'run', 'finflow_analytics_pipeline', 'verify_referential_integrity', 'manual__2025-01-11T22:12:04.691272+00:00', '--job-id', '81', '--raw', '--subdir', 'DAGS_FOLDER/finflow.py', '--cfg-path', '/tmp/tmp85ibna4d']
[2025-01-11T22:13:45.100+0000] {standard_task_runner.py:85} INFO - Job 81: Subtask verify_referential_integrity
[2025-01-11T22:13:45.201+0000] {task_command.py:416} INFO - Running <TaskInstance: finflow_analytics_pipeline.verify_referential_integrity manual__2025-01-11T22:12:04.691272+00:00 [running]> on host 4e62577a6f21
[2025-01-11T22:13:45.368+0000] {taskinstance.py:1662} INFO - Exporting env vars: AIRFLOW_CTX_DAG_OWNER='***' AIRFLOW_CTX_DAG_ID='finflow_analytics_pipeline' AIRFLOW_CTX_TASK_ID='verify_referential_integrity' AIRFLOW_CTX_EXECUTION_DATE='2025-01-11T22:12:04.691272+00:00' AIRFLOW_CTX_TRY_NUMBER='1' AIRFLOW_CTX_DAG_RUN_ID='manual__2025-01-11T22:12:04.691272+00:00'
[2025-01-11T22:13:45.370+0000] {bigquery.py:1241} INFO - Executing: 
        WITH integrity_check AS (
            SELECT 
                COUNT(*) as invalid_refs
            FROM `finflow-analytics-production.finflow_analytics.raw_transactions` t
            LEFT JOIN `finflow-analytics-production.finflow_analytics.raw_accounts` a 
                ON t.account_id = a.account_id
            LEFT JOIN `finflow-analytics-production.finflow_analytics.raw_customers` c 
                ON t.customer_id = c.customer_id
            WHERE DATE(t._ingestion_timestamp) = DATE('2025-01-11')
            AND (a.account_id IS NULL OR c.customer_id IS NULL)
        )
        SELECT 
            CASE 
                WHEN invalid_refs > 0 THEN ERROR('Referential integrity violation')
                ELSE 'Referential integrity verified'
            END as validation_result
        FROM integrity_check
        
[2025-01-11T22:13:45.372+0000] {crypto.py:82} WARNING - empty cryptography key - values will not be stored encrypted.
[2025-01-11T22:13:45.378+0000] {connection.py:232} WARNING - Connection schemes (type: google_cloud_platform) shall not contain '_' according to RFC3986.
[2025-01-11T22:13:45.379+0000] {base.py:73} INFO - Using connection ID 'google_cloud_default' for task execution.
[2025-01-11T22:13:45.382+0000] {warnings.py:109} WARNING - /home/***/.local/lib/python3.8/site-packages/***/providers/google/cloud/hooks/bigquery.py:2108: AirflowProviderDeprecationWarning: This method is deprecated. Please use `BigQueryHook.insert_job` method.
  warnings.warn(

[2025-01-11T22:13:45.483+0000] {bigquery.py:1595} INFO - Inserting job ***_1736633625482056_754af3d7dde6a91df15105e2018b58ec
[2025-01-11T22:13:45.974+0000] {taskinstance.py:1400} INFO - Marking task as SUCCESS. dag_id=finflow_analytics_pipeline, task_id=verify_referential_integrity, execution_date=20250111T221204, start_date=20250111T221345, end_date=20250111T221345
[2025-01-11T22:13:46.031+0000] {local_task_job_runner.py:228} INFO - Task exited with return code 0
[2025-01-11T22:13:46.064+0000] {taskinstance.py:2778} INFO - 0 downstream tasks scheduled from follow-on schedule check
