[2025-01-16T21:05:36.048+0000] {taskinstance.py:1159} INFO - Dependencies all met for dep_context=non-requeueable deps ti=<TaskInstance: finflow_source_data_pipeline.dbt_transformations.dbt_run manual__2025-01-16T21:01:51.688991+00:00 [queued]>
[2025-01-16T21:05:36.067+0000] {taskinstance.py:1159} INFO - Dependencies all met for dep_context=requeueable deps ti=<TaskInstance: finflow_source_data_pipeline.dbt_transformations.dbt_run manual__2025-01-16T21:01:51.688991+00:00 [queued]>
[2025-01-16T21:05:36.067+0000] {taskinstance.py:1361} INFO - Starting attempt 1 of 1
[2025-01-16T21:05:36.084+0000] {taskinstance.py:1382} INFO - Executing <Task(DbtBaseOperator): dbt_transformations.dbt_run> on 2025-01-16 21:01:51.688991+00:00
[2025-01-16T21:05:36.094+0000] {standard_task_runner.py:57} INFO - Started process 5418 to run task
[2025-01-16T21:05:36.101+0000] {standard_task_runner.py:84} INFO - Running: ['***', 'tasks', 'run', 'finflow_source_data_pipeline', 'dbt_transformations.dbt_run', 'manual__2025-01-16T21:01:51.688991+00:00', '--job-id', '3165', '--raw', '--subdir', 'DAGS_FOLDER/finflow.py', '--cfg-path', '/tmp/tmp1h48wxfk']
[2025-01-16T21:05:36.106+0000] {standard_task_runner.py:85} INFO - Job 3165: Subtask dbt_transformations.dbt_run
[2025-01-16T21:05:36.173+0000] {task_command.py:416} INFO - Running <TaskInstance: finflow_source_data_pipeline.dbt_transformations.dbt_run manual__2025-01-16T21:01:51.688991+00:00 [running]> on host c35fc3f5a87d
[2025-01-16T21:05:36.284+0000] {taskinstance.py:1662} INFO - Exporting env vars: AIRFLOW_CTX_DAG_OWNER='***' AIRFLOW_CTX_DAG_ID='finflow_source_data_pipeline' AIRFLOW_CTX_TASK_ID='dbt_transformations.dbt_run' AIRFLOW_CTX_EXECUTION_DATE='2025-01-16T21:01:51.688991+00:00' AIRFLOW_CTX_TRY_NUMBER='1' AIRFLOW_CTX_DAG_RUN_ID='manual__2025-01-16T21:01:51.688991+00:00'
[2025-01-16T21:06:16.517+0000] {finflow.py:618} INFO - [0m21:05:40  Running with dbt=1.8.7
[0m21:05:43  [[33mWARNING[0m]: Deprecated functionality
The `tests` config has been renamed to `data_tests`. Please see
https://docs.getdbt.com/docs/build/data-tests#new-data_tests-syntax for more
information.
[0m21:05:43  Registered adapter: bigquery=1.8.3
[0m21:05:44  Unable to do partial parsing because saved manifest not found. Starting full parse.
[0m21:05:57  [[33mWARNING[0m]: Configuration paths exist in your dbt_project.yml file which do not apply to any resources.
There are 6 unused configuration paths:
- data_tests.finflow_analytics.singular.test_customer_metric_consistency
- data_tests.finflow_analytics.singular.test_balance_reconciliation_full
- data_tests.finflow_analytics.generic.transaction_limits
- data_tests.finflow_analytics.generic.consistent_balances
- data_tests.finflow_analytics.generic.metric_variance
- data_tests.finflow_analytics.singular.test_referential_integrity_full
[0m21:05:57  Found 19 models, 1 snapshot, 3 analyses, 103 data tests, 6 sources, 868 macros
[0m21:05:57  
[0m21:05:58  Concurrency: 4 threads (target='prod')
[0m21:05:58  
[0m21:05:58  1 of 19 START sql incremental model finflow_data_bronze.src_accounts ........... [RUN]
[0m21:05:58  2 of 19 START sql incremental model finflow_data_bronze.src_customers .......... [RUN]
[0m21:05:58  3 of 19 START sql incremental model finflow_data_bronze.src_dates .............. [RUN]
[0m21:05:58  4 of 19 START sql incremental model finflow_data_bronze.src_locations .......... [RUN]
[0m21:06:02  3 of 19 OK created sql incremental model finflow_data_bronze.src_dates ......... [[32mCREATE TABLE (365.0 rows, 32.5 KiB processed)[0m in 3.42s]
[0m21:06:02  1 of 19 OK created sql incremental model finflow_data_bronze.src_accounts ...... [[32mCREATE TABLE (211.0 rows, 23.6 KiB processed)[0m in 3.49s]
[0m21:06:02  5 of 19 START sql incremental model finflow_data_bronze.src_products ........... [RUN]
[0m21:06:02  6 of 19 START sql incremental model finflow_data_bronze.src_transactions ....... [RUN]
[0m21:06:02  4 of 19 OK created sql incremental model finflow_data_bronze.src_locations ..... [[32mCREATE TABLE (50.0 rows, 9.6 KiB processed)[0m in 4.10s]
[0m21:06:02  7 of 19 START sql table model finflow_data_gold.dim_date ....................... [RUN]
[0m21:06:03  2 of 19 OK created sql incremental model finflow_data_bronze.src_customers ..... [[32mCREATE TABLE (100.0 rows, 21.5 KiB processed)[0m in 4.29s]
[0m21:06:03  8 of 19 START sql table model finflow_data_gold.dim_location ................... [RUN]
[0m21:06:05  6 of 19 OK created sql incremental model finflow_data_bronze.src_transactions .. [[32mCREATE TABLE (623.0 rows, 65.7 KiB processed)[0m in 3.29s]
[0m21:06:05  9 of 19 START sql view model finflow_data_silver.int_account_metrics ........... [RUN]
[0m21:06:06  5 of 19 OK created sql incremental model finflow_data_bronze.src_products ...... [[32mCREATE TABLE (19.0 rows, 1.8 KiB processed)[0m in 4.08s]
[0m21:06:06  10 of 19 START sql view model finflow_data_silver.int_account_risk_metrics ..... [RUN]
[0m21:06:06  8 of 19 OK created sql table model finflow_data_gold.dim_location .............. [[32mCREATE TABLE (50.0 rows, 9.6 KiB processed)[0m in 3.37s]
[0m21:06:06  11 of 19 START sql view model finflow_data_silver.int_customer_metrics ......... [RUN]
[0m21:06:06  7 of 19 OK created sql table model finflow_data_gold.dim_date .................. [[32mCREATE TABLE (365.0 rows, 32.5 KiB processed)[0m in 3.69s]
[0m21:06:06  12 of 19 START sql view model finflow_data_silver.int_transaction_metrics ...... [RUN]
[0m21:06:07  9 of 19 OK created sql view model finflow_data_silver.int_account_metrics ...... [[32mCREATE VIEW (0 processed)[0m in 1.45s]
[0m21:06:07  13 of 19 START sql table model finflow_data_gold.dim_account ................... [RUN]
[0m21:06:07  10 of 19 OK created sql view model finflow_data_silver.int_account_risk_metrics  [[32mCREATE VIEW (0 processed)[0m in 1.35s]
[0m21:06:07  14 of 19 START sql table model finflow_data_gold.dim_product ................... [RUN]
[0m21:06:08  11 of 19 OK created sql view model finflow_data_silver.int_customer_metrics .... [[32mCREATE VIEW (0 processed)[0m in 1.46s]
[0m21:06:08  12 of 19 OK created sql view model finflow_data_silver.int_transaction_metrics . [[32mCREATE VIEW (0 processed)[0m in 1.22s]
[0m21:06:08  15 of 19 START sql view model finflow_data_silver.int_customer_product_metrics . [RUN]
[0m21:06:08  16 of 19 START sql table model finflow_data_gold.fact_account_balances ......... [RUN]
[0m21:06:09  15 of 19 OK created sql view model finflow_data_silver.int_customer_product_metrics  [[32mCREATE VIEW (0 processed)[0m in 1.16s]
[0m21:06:09  17 of 19 START sql incremental model finflow_data_gold.dim_customer ............ [RUN]
[0m21:06:10  14 of 19 OK created sql table model finflow_data_gold.dim_product .............. [[32mCREATE TABLE (19.0 rows, 1.8 KiB processed)[0m in 2.70s]
[0m21:06:10  18 of 19 START sql table model finflow_data_gold.fact_customer_metrics ......... [RUN]
[0m21:06:10  13 of 19 OK created sql table model finflow_data_gold.dim_account .............. [[32mCREATE TABLE (211.0 rows, 23.0 KiB processed)[0m in 3.04s]
[0m21:06:11  16 of 19 OK created sql table model finflow_data_gold.fact_account_balances .... [[32mCREATE TABLE (3.4k rows, 53.1 KiB processed)[0m in 3.82s]
[0m21:06:12  17 of 19 OK created sql incremental model finflow_data_gold.dim_customer ....... [[32mCREATE TABLE (100.0 rows, 28.7 KiB processed)[0m in 3.15s]
[0m21:06:12  19 of 19 START sql incremental model finflow_data_gold.fact_transactions ....... [RUN]
[0m21:06:14  18 of 19 OK created sql table model finflow_data_gold.fact_customer_metrics .... [[32mCREATE TABLE (484.0 rows, 50.1 KiB processed)[0m in 3.69s]
[0m21:06:14  19 of 19 OK created sql incremental model finflow_data_gold.fact_transactions .. [[32mCREATE TABLE (623.0 rows, 80.2 KiB processed)[0m in 2.56s]
[0m21:06:14  
[0m21:06:14  Finished running 8 incremental models, 6 table models, 5 view models in 0 hours 0 minutes and 17.16 seconds (17.16s).
[0m21:06:15  
[0m21:06:15  [32mCompleted successfully[0m
[0m21:06:15  
[0m21:06:15  Done. PASS=19 WARN=0 ERROR=0 SKIP=0 TOTAL=19

[2025-01-16T21:06:16.612+0000] {taskinstance.py:1400} INFO - Marking task as SUCCESS. dag_id=finflow_source_data_pipeline, task_id=dbt_transformations.dbt_run, execution_date=20250116T210151, start_date=20250116T210536, end_date=20250116T210616
[2025-01-16T21:06:16.683+0000] {local_task_job_runner.py:228} INFO - Task exited with return code 0
[2025-01-16T21:06:16.723+0000] {taskinstance.py:2778} INFO - 1 downstream tasks scheduled from follow-on schedule check
