[2025-01-16T20:43:11.077+0000] {taskinstance.py:1159} INFO - Dependencies all met for dep_context=non-requeueable deps ti=<TaskInstance: finflow_source_data_pipeline.data_quality_checks.verify_merge_results_customer manual__2025-01-16T20:40:28.440935+00:00 [queued]>
[2025-01-16T20:43:11.434+0000] {taskinstance.py:1159} INFO - Dependencies all met for dep_context=requeueable deps ti=<TaskInstance: finflow_source_data_pipeline.data_quality_checks.verify_merge_results_customer manual__2025-01-16T20:40:28.440935+00:00 [queued]>
[2025-01-16T20:43:11.434+0000] {taskinstance.py:1361} INFO - Starting attempt 1 of 1
[2025-01-16T20:43:11.687+0000] {taskinstance.py:1382} INFO - Executing <Task(BigQueryExecuteQueryOperator): data_quality_checks.verify_merge_results_customer> on 2025-01-16 20:40:28.440935+00:00
[2025-01-16T20:43:11.799+0000] {standard_task_runner.py:57} INFO - Started process 4444 to run task
[2025-01-16T20:43:11.885+0000] {standard_task_runner.py:84} INFO - Running: ['***', 'tasks', 'run', 'finflow_source_data_pipeline', 'data_quality_checks.verify_merge_results_customer', 'manual__2025-01-16T20:40:28.440935+00:00', '--job-id', '3075', '--raw', '--subdir', 'DAGS_FOLDER/finflow.py', '--cfg-path', '/tmp/tmpnv55na1r']
[2025-01-16T20:43:11.993+0000] {standard_task_runner.py:85} INFO - Job 3075: Subtask data_quality_checks.verify_merge_results_customer
[2025-01-16T20:43:12.674+0000] {task_command.py:416} INFO - Running <TaskInstance: finflow_source_data_pipeline.data_quality_checks.verify_merge_results_customer manual__2025-01-16T20:40:28.440935+00:00 [running]> on host c35fc3f5a87d
[2025-01-16T20:43:13.970+0000] {taskinstance.py:1662} INFO - Exporting env vars: AIRFLOW_CTX_DAG_OWNER='***' AIRFLOW_CTX_DAG_ID='finflow_source_data_pipeline' AIRFLOW_CTX_TASK_ID='data_quality_checks.verify_merge_results_customer' AIRFLOW_CTX_EXECUTION_DATE='2025-01-16T20:40:28.440935+00:00' AIRFLOW_CTX_TRY_NUMBER='1' AIRFLOW_CTX_DAG_RUN_ID='manual__2025-01-16T20:40:28.440935+00:00'
[2025-01-16T20:43:13.992+0000] {bigquery.py:1241} INFO - Executing: 
WITH pre_counts AS (
    SELECT 
        'customers' as table_name,
        COUNT(*) as pre_merge_count
    FROM `finflow-analytics-production.finflow_data.src_customers`
    WHERE DATE(ingestion_timestamp) < DATE('2025-01-16')
),
post_counts AS (
    SELECT 
        'customers' as table_name,
        COUNT(*) as post_merge_count
    FROM `finflow-analytics-production.finflow_data.src_customers`
    WHERE DATE(ingestion_timestamp) <= DATE('2025-01-16')
),
new_records AS (
    SELECT 
        'customers' as table_name,
        COUNT(*) as new_record_count
    FROM `finflow-analytics-production.finflow_data.src_customers`
    WHERE DATE(ingestion_timestamp) = DATE('2025-01-16')
)
SELECT
    CASE 
        WHEN post_counts.post_merge_count < pre_counts.pre_merge_count 
        THEN ERROR('Data loss detected in customers table')
        WHEN post_counts.post_merge_count - pre_counts.pre_merge_count != new_records.new_record_count
        THEN ERROR('Unexpected record count after merge in customers table')
        ELSE 'Merge validation successful for customers table'
    END as validation_result
FROM pre_counts
JOIN post_counts ON pre_counts.table_name = post_counts.table_name
JOIN new_records ON pre_counts.table_name = new_records.table_name
[2025-01-16T20:43:14.005+0000] {crypto.py:82} WARNING - empty cryptography key - values will not be stored encrypted.
[2025-01-16T20:43:14.016+0000] {connection.py:232} WARNING - Connection schemes (type: google_cloud_platform) shall not contain '_' according to RFC3986.
[2025-01-16T20:43:14.026+0000] {base.py:73} INFO - Using connection ID 'google_cloud_default' for task execution.
[2025-01-16T20:43:14.037+0000] {warnings.py:109} WARNING - /home/***/.local/lib/python3.8/site-packages/***/providers/google/cloud/hooks/bigquery.py:2108: AirflowProviderDeprecationWarning: This method is deprecated. Please use `BigQueryHook.insert_job` method.
  warnings.warn(

[2025-01-16T20:43:14.664+0000] {bigquery.py:1595} INFO - Inserting job ***_1737060194659519_1fa501d9452f652968a5aca01ea65e70
[2025-01-16T20:43:15.736+0000] {taskinstance.py:1400} INFO - Marking task as SUCCESS. dag_id=finflow_source_data_pipeline, task_id=data_quality_checks.verify_merge_results_customer, execution_date=20250116T204028, start_date=20250116T204311, end_date=20250116T204315
[2025-01-16T20:43:15.972+0000] {local_task_job_runner.py:228} INFO - Task exited with return code 0
[2025-01-16T20:43:16.327+0000] {taskinstance.py:2778} INFO - 0 downstream tasks scheduled from follow-on schedule check
