[2025-01-16T18:24:59.386+0000] {taskinstance.py:1159} INFO - Dependencies all met for dep_context=non-requeueable deps ti=<TaskInstance: finflow_source_data_pipeline.dbt_transformations.dbt_deps manual__2025-01-16T18:22:11.855859+00:00 [queued]>
[2025-01-16T18:24:59.436+0000] {taskinstance.py:1159} INFO - Dependencies all met for dep_context=requeueable deps ti=<TaskInstance: finflow_source_data_pipeline.dbt_transformations.dbt_deps manual__2025-01-16T18:22:11.855859+00:00 [queued]>
[2025-01-16T18:24:59.437+0000] {taskinstance.py:1361} INFO - Starting attempt 1 of 1
[2025-01-16T18:24:59.478+0000] {taskinstance.py:1382} INFO - Executing <Task(DbtBaseOperator): dbt_transformations.dbt_deps> on 2025-01-16 18:22:11.855859+00:00
[2025-01-16T18:24:59.501+0000] {standard_task_runner.py:57} INFO - Started process 6120 to run task
[2025-01-16T18:24:59.519+0000] {standard_task_runner.py:84} INFO - Running: ['***', 'tasks', 'run', 'finflow_source_data_pipeline', 'dbt_transformations.dbt_deps', 'manual__2025-01-16T18:22:11.855859+00:00', '--job-id', '2570', '--raw', '--subdir', 'DAGS_FOLDER/finflow.py', '--cfg-path', '/tmp/tmpj_9ms27b']
[2025-01-16T18:24:59.537+0000] {standard_task_runner.py:85} INFO - Job 2570: Subtask dbt_transformations.dbt_deps
[2025-01-16T18:24:59.679+0000] {task_command.py:416} INFO - Running <TaskInstance: finflow_source_data_pipeline.dbt_transformations.dbt_deps manual__2025-01-16T18:22:11.855859+00:00 [running]> on host e65a9a79c958
[2025-01-16T18:24:59.939+0000] {taskinstance.py:1662} INFO - Exporting env vars: AIRFLOW_CTX_DAG_OWNER='***' AIRFLOW_CTX_DAG_ID='finflow_source_data_pipeline' AIRFLOW_CTX_TASK_ID='dbt_transformations.dbt_deps' AIRFLOW_CTX_EXECUTION_DATE='2025-01-16T18:22:11.855859+00:00' AIRFLOW_CTX_TRY_NUMBER='1' AIRFLOW_CTX_DAG_RUN_ID='manual__2025-01-16T18:22:11.855859+00:00'
[2025-01-16T18:25:09.865+0000] {finflow.py:652} INFO - [0m18:25:08  Running with dbt=1.8.7
[0m18:25:08  [[33mWARNING[0m]: Deprecated functionality
The `tests` config has been renamed to `data_tests`. Please see
https://docs.getdbt.com/docs/build/data-tests#new-data_tests-syntax for more
information.
[0m18:25:08  Installing dbt-labs/dbt_utils
[0m18:25:08  Installed from version 1.3.0
[0m18:25:08  Up to date!
[0m18:25:08  Installing calogica/dbt_expectations
[0m18:25:09  Installed from version 0.10.4
[0m18:25:09  Up to date!
[0m18:25:09  Installing calogica/dbt_date
[0m18:25:09  Installed from version 0.10.1
[0m18:25:09  Up to date!

[2025-01-16T18:25:09.906+0000] {taskinstance.py:1400} INFO - Marking task as SUCCESS. dag_id=finflow_source_data_pipeline, task_id=dbt_transformations.dbt_deps, execution_date=20250116T182211, start_date=20250116T182459, end_date=20250116T182509
[2025-01-16T18:25:09.966+0000] {local_task_job_runner.py:228} INFO - Task exited with return code 0
[2025-01-16T18:25:10.018+0000] {taskinstance.py:2778} INFO - 0 downstream tasks scheduled from follow-on schedule check
