[2025-01-16T17:32:29.735+0000] {taskinstance.py:1159} INFO - Dependencies all met for dep_context=non-requeueable deps ti=<TaskInstance: finflow_source_data_pipeline.load_to_gcs_bq.transform_product_timestamps manual__2025-01-16T17:30:57.408098+00:00 [queued]>
[2025-01-16T17:32:29.892+0000] {taskinstance.py:1159} INFO - Dependencies all met for dep_context=requeueable deps ti=<TaskInstance: finflow_source_data_pipeline.load_to_gcs_bq.transform_product_timestamps manual__2025-01-16T17:30:57.408098+00:00 [queued]>
[2025-01-16T17:32:29.904+0000] {taskinstance.py:1361} INFO - Starting attempt 1 of 1
[2025-01-16T17:32:30.037+0000] {taskinstance.py:1382} INFO - Executing <Task(BigQueryExecuteQueryOperator): load_to_gcs_bq.transform_product_timestamps> on 2025-01-16 17:30:57.408098+00:00
[2025-01-16T17:32:30.102+0000] {standard_task_runner.py:57} INFO - Started process 3525 to run task
[2025-01-16T17:32:30.143+0000] {standard_task_runner.py:84} INFO - Running: ['***', 'tasks', 'run', 'finflow_source_data_pipeline', 'load_to_gcs_bq.transform_product_timestamps', 'manual__2025-01-16T17:30:57.408098+00:00', '--job-id', '2247', '--raw', '--subdir', 'DAGS_FOLDER/finflow.py', '--cfg-path', '/tmp/tmp4h03iae7']
[2025-01-16T17:32:30.168+0000] {standard_task_runner.py:85} INFO - Job 2247: Subtask load_to_gcs_bq.transform_product_timestamps
[2025-01-16T17:32:30.436+0000] {task_command.py:416} INFO - Running <TaskInstance: finflow_source_data_pipeline.load_to_gcs_bq.transform_product_timestamps manual__2025-01-16T17:30:57.408098+00:00 [running]> on host e65a9a79c958
[2025-01-16T17:32:31.031+0000] {taskinstance.py:1662} INFO - Exporting env vars: AIRFLOW_CTX_DAG_OWNER='***' AIRFLOW_CTX_DAG_ID='finflow_source_data_pipeline' AIRFLOW_CTX_TASK_ID='load_to_gcs_bq.transform_product_timestamps' AIRFLOW_CTX_EXECUTION_DATE='2025-01-16T17:30:57.408098+00:00' AIRFLOW_CTX_TRY_NUMBER='1' AIRFLOW_CTX_DAG_RUN_ID='manual__2025-01-16T17:30:57.408098+00:00'
[2025-01-16T17:32:31.034+0000] {bigquery.py:1241} INFO - Executing: 
                    CREATE OR REPLACE TABLE `finflow-analytics-production.finflow_data.src_products_temp` AS
                    SELECT 
                        product_key,
                        product_id,
                        product_name,
                        product_type,
                        product_category,
                        description,
                        price,
                        currency,
                        is_active,
                        TIMESTAMP(created_at) as created_at,
                        TIMESTAMP(updated_at) as updated_at,
                        TIMESTAMP(ingestion_timestamp) as ingestion_timestamp
                    FROM `finflow-analytics-production.finflow_data.src_products_temp`
                    
[2025-01-16T17:32:31.044+0000] {crypto.py:82} WARNING - empty cryptography key - values will not be stored encrypted.
[2025-01-16T17:32:31.055+0000] {connection.py:232} WARNING - Connection schemes (type: google_cloud_platform) shall not contain '_' according to RFC3986.
[2025-01-16T17:32:31.058+0000] {base.py:73} INFO - Using connection ID 'google_cloud_default' for task execution.
[2025-01-16T17:32:31.079+0000] {warnings.py:109} WARNING - /home/***/.local/lib/python3.8/site-packages/***/providers/google/cloud/hooks/bigquery.py:2108: AirflowProviderDeprecationWarning: This method is deprecated. Please use `BigQueryHook.insert_job` method.
  warnings.warn(

[2025-01-16T17:32:31.484+0000] {bigquery.py:1595} INFO - Inserting job ***_1737048751481898_c8669020d3b4da6f69698fb94acceb75
[2025-01-16T17:32:32.129+0000] {taskinstance.py:1937} ERROR - Task failed with exception
Traceback (most recent call last):
  File "/home/airflow/.local/lib/python3.8/site-packages/airflow/providers/google/cloud/operators/bigquery.py", line 1249, in execute
    self.job_id = self.hook.run_query(
  File "/home/airflow/.local/lib/python3.8/site-packages/airflow/providers/google/cloud/hooks/bigquery.py", line 2241, in run_query
    job = self.insert_job(configuration=configuration, project_id=self.project_id, location=location)
  File "/home/airflow/.local/lib/python3.8/site-packages/airflow/providers/google/common/hooks/base_google.py", line 475, in inner_wrapper
    return func(self, *args, **kwargs)
  File "/home/airflow/.local/lib/python3.8/site-packages/airflow/providers/google/cloud/hooks/bigquery.py", line 1601, in insert_job
    job_api_repr.result(timeout=timeout, retry=retry)
  File "/home/airflow/.local/lib/python3.8/site-packages/google/cloud/bigquery/job/query.py", line 1580, in result
    do_get_result()
  File "/home/airflow/.local/lib/python3.8/site-packages/google/cloud/bigquery/job/query.py", line 1570, in do_get_result
    super(QueryJob, self).result(retry=retry, timeout=timeout)
  File "/home/airflow/.local/lib/python3.8/site-packages/google/cloud/bigquery/job/base.py", line 922, in result
    return super(_AsyncJob, self).result(timeout=timeout, **kwargs)
  File "/home/airflow/.local/lib/python3.8/site-packages/google/api_core/future/polling.py", line 261, in result
    raise self._exception
google.api_core.exceptions.BadRequest: 400 Unrecognized name: product_type; Did you mean product_name? at [7:25]

Location: us-central1
Job ID: airflow_1737048751481898_c8669020d3b4da6f69698fb94acceb75

[2025-01-16T17:32:32.206+0000] {taskinstance.py:1400} INFO - Marking task as FAILED. dag_id=finflow_source_data_pipeline, task_id=load_to_gcs_bq.transform_product_timestamps, execution_date=20250116T173057, start_date=20250116T173229, end_date=20250116T173232
[2025-01-16T17:32:32.297+0000] {standard_task_runner.py:104} ERROR - Failed to execute job 2247 for task load_to_gcs_bq.transform_product_timestamps (400 Unrecognized name: product_type; Did you mean product_name? at [7:25]

Location: us-central1
Job ID: airflow_1737048751481898_c8669020d3b4da6f69698fb94acceb75
; 3525)
[2025-01-16T17:32:32.399+0000] {local_task_job_runner.py:228} INFO - Task exited with return code 1
[2025-01-16T17:32:32.776+0000] {taskinstance.py:2778} INFO - 0 downstream tasks scheduled from follow-on schedule check
