[2025-01-16T02:31:31.660+0000] {taskinstance.py:1159} INFO - Dependencies all met for dep_context=non-requeueable deps ti=<TaskInstance: finflow_source_data_pipeline.load_to_gcs_bq.debug_product_merge manual__2025-01-16T02:30:04.920741+00:00 [queued]>
[2025-01-16T02:31:31.727+0000] {taskinstance.py:1159} INFO - Dependencies all met for dep_context=requeueable deps ti=<TaskInstance: finflow_source_data_pipeline.load_to_gcs_bq.debug_product_merge manual__2025-01-16T02:30:04.920741+00:00 [queued]>
[2025-01-16T02:31:31.728+0000] {taskinstance.py:1361} INFO - Starting attempt 1 of 1
[2025-01-16T02:31:31.787+0000] {taskinstance.py:1382} INFO - Executing <Task(BigQueryExecuteQueryOperator): load_to_gcs_bq.debug_product_merge> on 2025-01-16 02:30:04.920741+00:00
[2025-01-16T02:31:31.834+0000] {standard_task_runner.py:57} INFO - Started process 2736 to run task
[2025-01-16T02:31:31.864+0000] {standard_task_runner.py:84} INFO - Running: ['***', 'tasks', 'run', 'finflow_source_data_pipeline', 'load_to_gcs_bq.debug_product_merge', 'manual__2025-01-16T02:30:04.920741+00:00', '--job-id', '1654', '--raw', '--subdir', 'DAGS_FOLDER/finflow.py', '--cfg-path', '/tmp/tmp_2m8lh3v']
[2025-01-16T02:31:31.894+0000] {standard_task_runner.py:85} INFO - Job 1654: Subtask load_to_gcs_bq.debug_product_merge
[2025-01-16T02:31:32.157+0000] {task_command.py:416} INFO - Running <TaskInstance: finflow_source_data_pipeline.load_to_gcs_bq.debug_product_merge manual__2025-01-16T02:30:04.920741+00:00 [running]> on host a445abefd56a
[2025-01-16T02:31:32.991+0000] {taskinstance.py:1662} INFO - Exporting env vars: AIRFLOW_CTX_DAG_OWNER='***' AIRFLOW_CTX_DAG_ID='finflow_source_data_pipeline' AIRFLOW_CTX_TASK_ID='load_to_gcs_bq.debug_product_merge' AIRFLOW_CTX_EXECUTION_DATE='2025-01-16T02:30:04.920741+00:00' AIRFLOW_CTX_TRY_NUMBER='1' AIRFLOW_CTX_DAG_RUN_ID='manual__2025-01-16T02:30:04.920741+00:00'
[2025-01-16T02:31:32.996+0000] {bigquery.py:1241} INFO - Executing: 
            SELECT
                'Source table stats' as description,
                'products' as table_name,
                COUNT(*) as record_count,
                COUNT(DISTINCT product_key) as distinct_keys
            FROM `finflow-analytics-production.finflow_data.src_products_temp`
            UNION ALL
            SELECT
                'Target table stats' as description,
                'products' as table_name,
                COUNT(*) as record_count,
                COUNT(DISTINCT product_key) as distinct_keys
            FROM `finflow-analytics-production.finflow_data.src_products`
            
[2025-01-16T02:31:33.001+0000] {crypto.py:82} WARNING - empty cryptography key - values will not be stored encrypted.
[2025-01-16T02:31:33.023+0000] {connection.py:232} WARNING - Connection schemes (type: google_cloud_platform) shall not contain '_' according to RFC3986.
[2025-01-16T02:31:33.026+0000] {base.py:73} INFO - Using connection ID 'google_cloud_default' for task execution.
[2025-01-16T02:31:33.052+0000] {warnings.py:109} WARNING - /home/***/.local/lib/python3.8/site-packages/***/providers/google/cloud/hooks/bigquery.py:2108: AirflowProviderDeprecationWarning: This method is deprecated. Please use `BigQueryHook.insert_job` method.
  warnings.warn(

[2025-01-16T02:31:33.796+0000] {bigquery.py:1595} INFO - Inserting job ***_1736994693786764_ab544f93fab770a96b680e2bc578c9ea
[2025-01-16T02:31:35.396+0000] {taskinstance.py:1400} INFO - Marking task as SUCCESS. dag_id=finflow_source_data_pipeline, task_id=load_to_gcs_bq.debug_product_merge, execution_date=20250116T023004, start_date=20250116T023131, end_date=20250116T023135
[2025-01-16T02:31:35.562+0000] {local_task_job_runner.py:228} INFO - Task exited with return code 0
[2025-01-16T02:31:36.164+0000] {taskinstance.py:2778} INFO - 1 downstream tasks scheduled from follow-on schedule check
