[2025-01-16T18:58:17.746+0000] {taskinstance.py:1159} INFO - Dependencies all met for dep_context=non-requeueable deps ti=<TaskInstance: finflow_source_data_pipeline.load_to_gcs_bq.transform_product_timestamps manual__2025-01-16T18:56:06.587155+00:00 [queued]>
[2025-01-16T18:58:17.851+0000] {taskinstance.py:1159} INFO - Dependencies all met for dep_context=requeueable deps ti=<TaskInstance: finflow_source_data_pipeline.load_to_gcs_bq.transform_product_timestamps manual__2025-01-16T18:56:06.587155+00:00 [queued]>
[2025-01-16T18:58:17.858+0000] {taskinstance.py:1361} INFO - Starting attempt 1 of 1
[2025-01-16T18:58:18.003+0000] {taskinstance.py:1382} INFO - Executing <Task(BigQueryExecuteQueryOperator): load_to_gcs_bq.transform_product_timestamps> on 2025-01-16 18:56:06.587155+00:00
[2025-01-16T18:58:18.065+0000] {standard_task_runner.py:57} INFO - Started process 1043 to run task
[2025-01-16T18:58:18.101+0000] {standard_task_runner.py:84} INFO - Running: ['***', 'tasks', 'run', 'finflow_source_data_pipeline', 'load_to_gcs_bq.transform_product_timestamps', 'manual__2025-01-16T18:56:06.587155+00:00', '--job-id', '2645', '--raw', '--subdir', 'DAGS_FOLDER/finflow.py', '--cfg-path', '/tmp/tmpjnk4vn3l']
[2025-01-16T18:58:18.147+0000] {standard_task_runner.py:85} INFO - Job 2645: Subtask load_to_gcs_bq.transform_product_timestamps
[2025-01-16T18:58:18.586+0000] {task_command.py:416} INFO - Running <TaskInstance: finflow_source_data_pipeline.load_to_gcs_bq.transform_product_timestamps manual__2025-01-16T18:56:06.587155+00:00 [running]> on host 1fa24e54c558
[2025-01-16T18:58:19.429+0000] {taskinstance.py:1662} INFO - Exporting env vars: AIRFLOW_CTX_DAG_OWNER='***' AIRFLOW_CTX_DAG_ID='finflow_source_data_pipeline' AIRFLOW_CTX_TASK_ID='load_to_gcs_bq.transform_product_timestamps' AIRFLOW_CTX_EXECUTION_DATE='2025-01-16T18:56:06.587155+00:00' AIRFLOW_CTX_TRY_NUMBER='1' AIRFLOW_CTX_DAG_RUN_ID='manual__2025-01-16T18:56:06.587155+00:00'
[2025-01-16T18:58:19.431+0000] {bigquery.py:1241} INFO - Executing: 
                    CREATE OR REPLACE TABLE `finflow-analytics-production.finflow_data.src_products_temp` AS
                    SELECT 
                        product_key,
                        product_id,
                        product_name,
                        product_category,
                        product_subcategory,
                        interest_rate,
                        monthly_fee,
                        is_active,
                        TIMESTAMP(created_at) as created_at,
                        TIMESTAMP(updated_at) as updated_at,
                        TIMESTAMP(ingestion_timestamp) as ingestion_timestamp
                    FROM `finflow-analytics-production.finflow_data.src_products_temp`
                    
[2025-01-16T18:58:19.463+0000] {crypto.py:82} WARNING - empty cryptography key - values will not be stored encrypted.
[2025-01-16T18:58:19.482+0000] {connection.py:232} WARNING - Connection schemes (type: google_cloud_platform) shall not contain '_' according to RFC3986.
[2025-01-16T18:58:19.484+0000] {base.py:73} INFO - Using connection ID 'google_cloud_default' for task execution.
[2025-01-16T18:58:19.486+0000] {warnings.py:109} WARNING - /home/***/.local/lib/python3.8/site-packages/***/providers/google/cloud/hooks/bigquery.py:2108: AirflowProviderDeprecationWarning: This method is deprecated. Please use `BigQueryHook.insert_job` method.
  warnings.warn(

[2025-01-16T18:58:20.472+0000] {bigquery.py:1595} INFO - Inserting job ***_1737053900468052_8c51f70cd5d813ec53ee8d7db3032123
[2025-01-16T18:58:22.929+0000] {taskinstance.py:1400} INFO - Marking task as SUCCESS. dag_id=finflow_source_data_pipeline, task_id=load_to_gcs_bq.transform_product_timestamps, execution_date=20250116T185606, start_date=20250116T185817, end_date=20250116T185822
[2025-01-16T18:58:23.007+0000] {local_task_job_runner.py:228} INFO - Task exited with return code 0
[2025-01-16T18:58:23.144+0000] {taskinstance.py:2778} INFO - 2 downstream tasks scheduled from follow-on schedule check
