[2025-01-16T19:23:58.743+0000] {taskinstance.py:1159} INFO - Dependencies all met for dep_context=non-requeueable deps ti=<TaskInstance: finflow_source_data_pipeline.dbt_transformations.dbt_clean manual__2025-01-16T19:20:43.724287+00:00 [queued]>
[2025-01-16T19:23:58.861+0000] {taskinstance.py:1159} INFO - Dependencies all met for dep_context=requeueable deps ti=<TaskInstance: finflow_source_data_pipeline.dbt_transformations.dbt_clean manual__2025-01-16T19:20:43.724287+00:00 [queued]>
[2025-01-16T19:23:58.862+0000] {taskinstance.py:1361} INFO - Starting attempt 1 of 1
[2025-01-16T19:23:58.976+0000] {taskinstance.py:1382} INFO - Executing <Task(DbtBaseOperator): dbt_transformations.dbt_clean> on 2025-01-16 19:20:43.724287+00:00
[2025-01-16T19:23:59.036+0000] {standard_task_runner.py:57} INFO - Started process 912 to run task
[2025-01-16T19:23:59.049+0000] {standard_task_runner.py:84} INFO - Running: ['***', 'tasks', 'run', 'finflow_source_data_pipeline', 'dbt_transformations.dbt_clean', 'manual__2025-01-16T19:20:43.724287+00:00', '--job-id', '2765', '--raw', '--subdir', 'DAGS_FOLDER/finflow.py', '--cfg-path', '/tmp/tmpy4bwe8k3']
[2025-01-16T19:23:59.085+0000] {standard_task_runner.py:85} INFO - Job 2765: Subtask dbt_transformations.dbt_clean
[2025-01-16T19:23:59.352+0000] {task_command.py:416} INFO - Running <TaskInstance: finflow_source_data_pipeline.dbt_transformations.dbt_clean manual__2025-01-16T19:20:43.724287+00:00 [running]> on host c35fc3f5a87d
[2025-01-16T19:23:59.901+0000] {taskinstance.py:1662} INFO - Exporting env vars: AIRFLOW_CTX_DAG_OWNER='***' AIRFLOW_CTX_DAG_ID='finflow_source_data_pipeline' AIRFLOW_CTX_TASK_ID='dbt_transformations.dbt_clean' AIRFLOW_CTX_EXECUTION_DATE='2025-01-16T19:20:43.724287+00:00' AIRFLOW_CTX_TRY_NUMBER='1' AIRFLOW_CTX_DAG_RUN_ID='manual__2025-01-16T19:20:43.724287+00:00'
[2025-01-16T19:24:08.750+0000] {finflow.py:652} INFO - [0m19:24:06  Running with dbt=1.8.7
[0m19:24:07  [[33mWARNING[0m]: Deprecated functionality
The `tests` config has been renamed to `data_tests`. Please see
https://docs.getdbt.com/docs/build/data-tests#new-data_tests-syntax for more
information.
[0m19:24:07  Checking /opt/dbt/target/*
[0m19:24:07  Cleaned /opt/dbt/target/*
[0m19:24:07  Checking /opt/dbt/dbt_packages/*
[0m19:24:07  Cleaned /opt/dbt/dbt_packages/*
[0m19:24:07  Checking /opt/dbt/logs/*
[0m19:24:07  Cleaned /opt/dbt/logs/*
[0m19:24:07  Finished cleaning all paths.

[2025-01-16T19:24:08.853+0000] {taskinstance.py:1400} INFO - Marking task as SUCCESS. dag_id=finflow_source_data_pipeline, task_id=dbt_transformations.dbt_clean, execution_date=20250116T192043, start_date=20250116T192358, end_date=20250116T192408
[2025-01-16T19:24:08.944+0000] {local_task_job_runner.py:228} INFO - Task exited with return code 0
[2025-01-16T19:24:09.068+0000] {taskinstance.py:2778} INFO - 1 downstream tasks scheduled from follow-on schedule check
