[2025-01-16T18:23:40.513+0000] {taskinstance.py:1159} INFO - Dependencies all met for dep_context=non-requeueable deps ti=<TaskInstance: finflow_source_data_pipeline.load_to_gcs_bq.transform_account_timestamps manual__2025-01-16T18:22:11.855859+00:00 [queued]>
[2025-01-16T18:23:40.541+0000] {taskinstance.py:1159} INFO - Dependencies all met for dep_context=requeueable deps ti=<TaskInstance: finflow_source_data_pipeline.load_to_gcs_bq.transform_account_timestamps manual__2025-01-16T18:22:11.855859+00:00 [queued]>
[2025-01-16T18:23:40.542+0000] {taskinstance.py:1361} INFO - Starting attempt 1 of 1
[2025-01-16T18:23:40.579+0000] {taskinstance.py:1382} INFO - Executing <Task(BigQueryExecuteQueryOperator): load_to_gcs_bq.transform_account_timestamps> on 2025-01-16 18:22:11.855859+00:00
[2025-01-16T18:23:40.598+0000] {standard_task_runner.py:57} INFO - Started process 6028 to run task
[2025-01-16T18:23:40.632+0000] {standard_task_runner.py:84} INFO - Running: ['***', 'tasks', 'run', 'finflow_source_data_pipeline', 'load_to_gcs_bq.transform_account_timestamps', 'manual__2025-01-16T18:22:11.855859+00:00', '--job-id', '2546', '--raw', '--subdir', 'DAGS_FOLDER/finflow.py', '--cfg-path', '/tmp/tmp4gtrj6fg']
[2025-01-16T18:23:40.680+0000] {standard_task_runner.py:85} INFO - Job 2546: Subtask load_to_gcs_bq.transform_account_timestamps
[2025-01-16T18:23:40.976+0000] {task_command.py:416} INFO - Running <TaskInstance: finflow_source_data_pipeline.load_to_gcs_bq.transform_account_timestamps manual__2025-01-16T18:22:11.855859+00:00 [running]> on host e65a9a79c958
[2025-01-16T18:23:41.546+0000] {taskinstance.py:1662} INFO - Exporting env vars: AIRFLOW_CTX_DAG_OWNER='***' AIRFLOW_CTX_DAG_ID='finflow_source_data_pipeline' AIRFLOW_CTX_TASK_ID='load_to_gcs_bq.transform_account_timestamps' AIRFLOW_CTX_EXECUTION_DATE='2025-01-16T18:22:11.855859+00:00' AIRFLOW_CTX_TRY_NUMBER='1' AIRFLOW_CTX_DAG_RUN_ID='manual__2025-01-16T18:22:11.855859+00:00'
[2025-01-16T18:23:41.557+0000] {bigquery.py:1241} INFO - Executing: 
                    CREATE OR REPLACE TABLE `finflow-analytics-production.finflow_data.src_accounts_temp` AS
                    SELECT 
                        account_key,
                        account_id,
                        customer_key,
                        product_key,
                        account_type,
                        account_status,
                        initial_deposit,
                        minimum_balance,
                        balance,
                        credit_limit,
                        opened_date,
                        closed_date,
                        TIMESTAMP(created_at) as created_at,
                        TIMESTAMP(updated_at) as updated_at,
                        TIMESTAMP(ingestion_timestamp) as ingestion_timestamp
                    FROM `finflow-analytics-production.finflow_data.src_accounts_temp`
                    
[2025-01-16T18:23:41.565+0000] {crypto.py:82} WARNING - empty cryptography key - values will not be stored encrypted.
[2025-01-16T18:23:41.569+0000] {connection.py:232} WARNING - Connection schemes (type: google_cloud_platform) shall not contain '_' according to RFC3986.
[2025-01-16T18:23:41.577+0000] {base.py:73} INFO - Using connection ID 'google_cloud_default' for task execution.
[2025-01-16T18:23:41.581+0000] {warnings.py:109} WARNING - /home/***/.local/lib/python3.8/site-packages/***/providers/google/cloud/hooks/bigquery.py:2108: AirflowProviderDeprecationWarning: This method is deprecated. Please use `BigQueryHook.insert_job` method.
  warnings.warn(

[2025-01-16T18:23:41.959+0000] {bigquery.py:1595} INFO - Inserting job ***_1737051821958037_dec0581d954e6d670181e6252acef4f1
[2025-01-16T18:23:44.570+0000] {taskinstance.py:1400} INFO - Marking task as SUCCESS. dag_id=finflow_source_data_pipeline, task_id=load_to_gcs_bq.transform_account_timestamps, execution_date=20250116T182211, start_date=20250116T182340, end_date=20250116T182344
[2025-01-16T18:23:44.661+0000] {local_task_job_runner.py:228} INFO - Task exited with return code 0
[2025-01-16T18:23:44.847+0000] {taskinstance.py:2778} INFO - 1 downstream tasks scheduled from follow-on schedule check
