[2025-01-16T16:30:02.389+0000] {taskinstance.py:1159} INFO - Dependencies all met for dep_context=non-requeueable deps ti=<TaskInstance: finflow_source_data_pipeline.load_to_gcs_bq.load_location_to_temp manual__2025-01-16T16:28:54.683213+00:00 [queued]>
[2025-01-16T16:30:02.409+0000] {taskinstance.py:1159} INFO - Dependencies all met for dep_context=requeueable deps ti=<TaskInstance: finflow_source_data_pipeline.load_to_gcs_bq.load_location_to_temp manual__2025-01-16T16:28:54.683213+00:00 [queued]>
[2025-01-16T16:30:02.409+0000] {taskinstance.py:1361} INFO - Starting attempt 1 of 1
[2025-01-16T16:30:02.440+0000] {taskinstance.py:1382} INFO - Executing <Task(GCSToBigQueryOperator): load_to_gcs_bq.load_location_to_temp> on 2025-01-16 16:28:54.683213+00:00
[2025-01-16T16:30:02.468+0000] {standard_task_runner.py:57} INFO - Started process 605 to run task
[2025-01-16T16:30:02.481+0000] {standard_task_runner.py:84} INFO - Running: ['***', 'tasks', 'run', 'finflow_source_data_pipeline', 'load_to_gcs_bq.load_location_to_temp', 'manual__2025-01-16T16:28:54.683213+00:00', '--job-id', '1946', '--raw', '--subdir', 'DAGS_FOLDER/finflow.py', '--cfg-path', '/tmp/tmpyl2dxidp']
[2025-01-16T16:30:02.499+0000] {standard_task_runner.py:85} INFO - Job 1946: Subtask load_to_gcs_bq.load_location_to_temp
[2025-01-16T16:30:02.776+0000] {task_command.py:416} INFO - Running <TaskInstance: finflow_source_data_pipeline.load_to_gcs_bq.load_location_to_temp manual__2025-01-16T16:28:54.683213+00:00 [running]> on host e65a9a79c958
[2025-01-16T16:30:03.492+0000] {taskinstance.py:1662} INFO - Exporting env vars: AIRFLOW_CTX_DAG_OWNER='***' AIRFLOW_CTX_DAG_ID='finflow_source_data_pipeline' AIRFLOW_CTX_TASK_ID='load_to_gcs_bq.load_location_to_temp' AIRFLOW_CTX_EXECUTION_DATE='2025-01-16T16:28:54.683213+00:00' AIRFLOW_CTX_TRY_NUMBER='1' AIRFLOW_CTX_DAG_RUN_ID='manual__2025-01-16T16:28:54.683213+00:00'
[2025-01-16T16:30:03.496+0000] {crypto.py:82} WARNING - empty cryptography key - values will not be stored encrypted.
[2025-01-16T16:30:03.505+0000] {connection.py:232} WARNING - Connection schemes (type: google_cloud_platform) shall not contain '_' according to RFC3986.
[2025-01-16T16:30:03.509+0000] {base.py:73} INFO - Using connection ID 'google_cloud_default' for task execution.
[2025-01-16T16:30:03.520+0000] {gcs_to_bigquery.py:376} INFO - Using existing BigQuery table for storing data...
[2025-01-16T16:30:04.006+0000] {gcs_to_bigquery.py:380} INFO - Executing: {'load': {'autodetect': True, 'createDisposition': 'CREATE_IF_NEEDED', 'destinationTable': {'projectId': 'finflow-analytics-production', 'datasetId': 'finflow_data', 'tableId': 'src_locations_temp'}, 'sourceFormat': 'PARQUET', 'sourceUris': ['gs://finflow-analytics-data/raw/locations/2025-01-16/locations.parquet'], 'writeDisposition': 'WRITE_TRUNCATE', 'ignoreUnknownValues': False, 'schema': {'fields': [{'name': 'location_key', 'type': 'INTEGER', 'mode': 'REQUIRED'}, {'name': 'location_id', 'type': 'STRING', 'mode': 'REQUIRED'}, {'name': 'location_name', 'type': 'STRING', 'mode': 'REQUIRED'}, {'name': 'address', 'type': 'STRING', 'mode': 'REQUIRED'}, {'name': 'city', 'type': 'STRING', 'mode': 'REQUIRED'}, {'name': 'state', 'type': 'STRING', 'mode': 'REQUIRED'}, {'name': 'region', 'type': 'STRING', 'mode': 'REQUIRED'}, {'name': 'country', 'type': 'STRING', 'mode': 'REQUIRED'}, {'name': 'country_name', 'type': 'STRING', 'mode': 'REQUIRED'}, {'name': 'country_code', 'type': 'STRING', 'mode': 'REQUIRED'}, {'name': 'currency_code', 'type': 'STRING', 'mode': 'REQUIRED'}, {'name': 'postal_code', 'type': 'STRING', 'mode': 'REQUIRED'}, {'name': 'timezone', 'type': 'STRING', 'mode': 'REQUIRED'}, {'name': 'latitude', 'type': 'FLOAT', 'mode': 'REQUIRED'}, {'name': 'longitude', 'type': 'FLOAT', 'mode': 'REQUIRED'}, {'name': 'created_at', 'type': 'TIMESTAMP', 'mode': 'REQUIRED'}, {'name': 'updated_at', 'type': 'TIMESTAMP', 'mode': 'REQUIRED'}, {'name': 'ingestion_timestamp', 'type': 'TIMESTAMP', 'mode': 'REQUIRED'}]}}}
[2025-01-16T16:30:04.024+0000] {bigquery.py:1595} INFO - Inserting job ***_finflow_source_data_pipeline_load_to_gcs_bq_load_location_to_temp_2025_01_16T16_28_54_683213_00_00_3d5b4ab5cf13273a1e5d2122540b1a76
[2025-01-16T16:30:06.238+0000] {taskinstance.py:1937} ERROR - Task failed with exception
Traceback (most recent call last):
  File "/home/airflow/.local/lib/python3.8/site-packages/airflow/providers/google/cloud/transfers/gcs_to_bigquery.py", line 439, in execute
    job.result(timeout=self.result_timeout, retry=self.result_retry)
  File "/home/airflow/.local/lib/python3.8/site-packages/google/cloud/bigquery/job/base.py", line 922, in result
    return super(_AsyncJob, self).result(timeout=timeout, **kwargs)
  File "/home/airflow/.local/lib/python3.8/site-packages/google/api_core/future/polling.py", line 261, in result
    raise self._exception
google.api_core.exceptions.BadRequest: 400 Error while reading data, error message: Invalid timestamp microseconds value 1737044957656076000 of logical type NONE; in column 'created_at' File: gs://finflow-analytics-data/raw/locations/2025-01-16/locations.parquet
[2025-01-16T16:30:06.270+0000] {taskinstance.py:1400} INFO - Marking task as FAILED. dag_id=finflow_source_data_pipeline, task_id=load_to_gcs_bq.load_location_to_temp, execution_date=20250116T162854, start_date=20250116T163002, end_date=20250116T163006
[2025-01-16T16:30:06.323+0000] {standard_task_runner.py:104} ERROR - Failed to execute job 1946 for task load_to_gcs_bq.load_location_to_temp (400 Error while reading data, error message: Invalid timestamp microseconds value 1737044957656076000 of logical type NONE; in column 'created_at' File: gs://finflow-analytics-data/raw/locations/2025-01-16/locations.parquet; 605)
[2025-01-16T16:30:06.376+0000] {local_task_job_runner.py:228} INFO - Task exited with return code 1
[2025-01-16T16:30:06.491+0000] {taskinstance.py:2778} INFO - 0 downstream tasks scheduled from follow-on schedule check
