[2025-01-16T16:43:29.276+0000] {taskinstance.py:1159} INFO - Dependencies all met for dep_context=non-requeueable deps ti=<TaskInstance: finflow_source_data_pipeline.load_to_gcs_bq.load_account_to_temp manual__2025-01-16T16:42:21.674621+00:00 [queued]>
[2025-01-16T16:43:29.359+0000] {taskinstance.py:1159} INFO - Dependencies all met for dep_context=requeueable deps ti=<TaskInstance: finflow_source_data_pipeline.load_to_gcs_bq.load_account_to_temp manual__2025-01-16T16:42:21.674621+00:00 [queued]>
[2025-01-16T16:43:29.359+0000] {taskinstance.py:1361} INFO - Starting attempt 1 of 1
[2025-01-16T16:43:29.502+0000] {taskinstance.py:1382} INFO - Executing <Task(GCSToBigQueryOperator): load_to_gcs_bq.load_account_to_temp> on 2025-01-16 16:42:21.674621+00:00
[2025-01-16T16:43:29.567+0000] {standard_task_runner.py:57} INFO - Started process 1176 to run task
[2025-01-16T16:43:29.595+0000] {standard_task_runner.py:84} INFO - Running: ['***', 'tasks', 'run', 'finflow_source_data_pipeline', 'load_to_gcs_bq.load_account_to_temp', 'manual__2025-01-16T16:42:21.674621+00:00', '--job-id', '1989', '--raw', '--subdir', 'DAGS_FOLDER/finflow.py', '--cfg-path', '/tmp/tmp422pfg5t']
[2025-01-16T16:43:29.643+0000] {standard_task_runner.py:85} INFO - Job 1989: Subtask load_to_gcs_bq.load_account_to_temp
[2025-01-16T16:43:30.200+0000] {task_command.py:416} INFO - Running <TaskInstance: finflow_source_data_pipeline.load_to_gcs_bq.load_account_to_temp manual__2025-01-16T16:42:21.674621+00:00 [running]> on host e65a9a79c958
[2025-01-16T16:43:30.820+0000] {taskinstance.py:1662} INFO - Exporting env vars: AIRFLOW_CTX_DAG_OWNER='***' AIRFLOW_CTX_DAG_ID='finflow_source_data_pipeline' AIRFLOW_CTX_TASK_ID='load_to_gcs_bq.load_account_to_temp' AIRFLOW_CTX_EXECUTION_DATE='2025-01-16T16:42:21.674621+00:00' AIRFLOW_CTX_TRY_NUMBER='1' AIRFLOW_CTX_DAG_RUN_ID='manual__2025-01-16T16:42:21.674621+00:00'
[2025-01-16T16:43:30.830+0000] {crypto.py:82} WARNING - empty cryptography key - values will not be stored encrypted.
[2025-01-16T16:43:30.832+0000] {connection.py:232} WARNING - Connection schemes (type: google_cloud_platform) shall not contain '_' according to RFC3986.
[2025-01-16T16:43:30.837+0000] {base.py:73} INFO - Using connection ID 'google_cloud_default' for task execution.
[2025-01-16T16:43:30.845+0000] {gcs_to_bigquery.py:376} INFO - Using existing BigQuery table for storing data...
[2025-01-16T16:43:31.216+0000] {gcs_to_bigquery.py:380} INFO - Executing: {'load': {'autodetect': False, 'createDisposition': 'CREATE_IF_NEEDED', 'destinationTable': {'projectId': 'finflow-analytics-production', 'datasetId': 'finflow_data', 'tableId': 'src_accounts_temp'}, 'sourceFormat': 'PARQUET', 'sourceUris': ['gs://finflow-analytics-data/raw/accounts/2025-01-16/accounts.parquet'], 'writeDisposition': 'WRITE_TRUNCATE', 'ignoreUnknownValues': True, 'schema': {'fields': [{'name': 'account_key', 'type': 'INTEGER', 'mode': 'REQUIRED'}, {'name': 'account_id', 'type': 'INTEGER', 'mode': 'REQUIRED'}, {'name': 'customer_key', 'type': 'INTEGER', 'mode': 'REQUIRED'}, {'name': 'product_key', 'type': 'INTEGER', 'mode': 'REQUIRED'}, {'name': 'account_type', 'type': 'STRING', 'mode': 'REQUIRED'}, {'name': 'account_status', 'type': 'STRING', 'mode': 'REQUIRED'}, {'name': 'initial_deposit', 'type': 'FLOAT', 'mode': 'REQUIRED'}, {'name': 'minimum_balance', 'type': 'FLOAT', 'mode': 'REQUIRED'}, {'name': 'balance', 'type': 'FLOAT', 'mode': 'REQUIRED'}, {'name': 'credit_limit', 'type': 'FLOAT', 'mode': 'REQUIRED'}, {'name': 'opened_date', 'type': 'DATE', 'mode': 'REQUIRED'}, {'name': 'closed_date', 'type': 'DATE', 'mode': 'NULLABLE'}, {'name': 'created_at', 'type': 'TIMESTAMP', 'mode': 'REQUIRED'}, {'name': 'updated_at', 'type': 'TIMESTAMP', 'mode': 'REQUIRED'}, {'name': 'ingestion_timestamp', 'type': 'TIMESTAMP', 'mode': 'REQUIRED'}]}}}
[2025-01-16T16:43:31.226+0000] {bigquery.py:1595} INFO - Inserting job ***_finflow_source_data_pipeline_load_to_gcs_bq_load_account_to_temp_2025_01_16T16_42_21_674621_00_00_61eee22d627ce975721126758316d191
[2025-01-16T16:43:32.783+0000] {taskinstance.py:1937} ERROR - Task failed with exception
Traceback (most recent call last):
  File "/home/airflow/.local/lib/python3.8/site-packages/airflow/providers/google/cloud/transfers/gcs_to_bigquery.py", line 439, in execute
    job.result(timeout=self.result_timeout, retry=self.result_retry)
  File "/home/airflow/.local/lib/python3.8/site-packages/google/cloud/bigquery/job/base.py", line 922, in result
    return super(_AsyncJob, self).result(timeout=timeout, **kwargs)
  File "/home/airflow/.local/lib/python3.8/site-packages/google/api_core/future/polling.py", line 261, in result
    raise self._exception
google.api_core.exceptions.BadRequest: 400 Error while reading data, error message: Invalid timestamp microseconds value 1737045771779493000 of logical type NONE; in column 'created_at' File: gs://finflow-analytics-data/raw/accounts/2025-01-16/accounts.parquet
[2025-01-16T16:43:32.799+0000] {taskinstance.py:1400} INFO - Marking task as FAILED. dag_id=finflow_source_data_pipeline, task_id=load_to_gcs_bq.load_account_to_temp, execution_date=20250116T164221, start_date=20250116T164329, end_date=20250116T164332
[2025-01-16T16:43:32.827+0000] {standard_task_runner.py:104} ERROR - Failed to execute job 1989 for task load_to_gcs_bq.load_account_to_temp (400 Error while reading data, error message: Invalid timestamp microseconds value 1737045771779493000 of logical type NONE; in column 'created_at' File: gs://finflow-analytics-data/raw/accounts/2025-01-16/accounts.parquet; 1176)
[2025-01-16T16:43:32.868+0000] {local_task_job_runner.py:228} INFO - Task exited with return code 1
[2025-01-16T16:43:32.946+0000] {taskinstance.py:2778} INFO - 0 downstream tasks scheduled from follow-on schedule check
