[2025-01-16T02:48:32.400+0000] {taskinstance.py:1159} INFO - Dependencies all met for dep_context=non-requeueable deps ti=<TaskInstance: finflow_source_data_pipeline.load_to_gcs_bq.debug_date_merge manual__2025-01-16T02:46:20.012580+00:00 [queued]>
[2025-01-16T02:48:32.503+0000] {taskinstance.py:1159} INFO - Dependencies all met for dep_context=requeueable deps ti=<TaskInstance: finflow_source_data_pipeline.load_to_gcs_bq.debug_date_merge manual__2025-01-16T02:46:20.012580+00:00 [queued]>
[2025-01-16T02:48:32.511+0000] {taskinstance.py:1361} INFO - Starting attempt 1 of 1
[2025-01-16T02:48:32.646+0000] {taskinstance.py:1382} INFO - Executing <Task(BigQueryExecuteQueryOperator): load_to_gcs_bq.debug_date_merge> on 2025-01-16 02:46:20.012580+00:00
[2025-01-16T02:48:32.738+0000] {standard_task_runner.py:57} INFO - Started process 3568 to run task
[2025-01-16T02:48:32.774+0000] {standard_task_runner.py:84} INFO - Running: ['***', 'tasks', 'run', 'finflow_source_data_pipeline', 'load_to_gcs_bq.debug_date_merge', 'manual__2025-01-16T02:46:20.012580+00:00', '--job-id', '1745', '--raw', '--subdir', 'DAGS_FOLDER/finflow.py', '--cfg-path', '/tmp/tmpz9jlscw8']
[2025-01-16T02:48:32.829+0000] {standard_task_runner.py:85} INFO - Job 1745: Subtask load_to_gcs_bq.debug_date_merge
[2025-01-16T02:48:33.204+0000] {task_command.py:416} INFO - Running <TaskInstance: finflow_source_data_pipeline.load_to_gcs_bq.debug_date_merge manual__2025-01-16T02:46:20.012580+00:00 [running]> on host a445abefd56a
[2025-01-16T02:48:33.590+0000] {taskinstance.py:1662} INFO - Exporting env vars: AIRFLOW_CTX_DAG_OWNER='***' AIRFLOW_CTX_DAG_ID='finflow_source_data_pipeline' AIRFLOW_CTX_TASK_ID='load_to_gcs_bq.debug_date_merge' AIRFLOW_CTX_EXECUTION_DATE='2025-01-16T02:46:20.012580+00:00' AIRFLOW_CTX_TRY_NUMBER='1' AIRFLOW_CTX_DAG_RUN_ID='manual__2025-01-16T02:46:20.012580+00:00'
[2025-01-16T02:48:33.592+0000] {bigquery.py:1241} INFO - Executing: 
            SELECT
                'Source table stats' as description,
                'dates' as table_name,
                COUNT(*) as record_count,
                COUNT(DISTINCT date_key) as distinct_keys
            FROM `finflow-analytics-production.finflow_data.src_dates_temp`
            UNION ALL
            SELECT
                'Target table stats' as description,
                'dates' as table_name,
                COUNT(*) as record_count,
                COUNT(DISTINCT date_key) as distinct_keys
            FROM `finflow-analytics-production.finflow_data.src_dates`
            
[2025-01-16T02:48:33.637+0000] {crypto.py:82} WARNING - empty cryptography key - values will not be stored encrypted.
[2025-01-16T02:48:33.644+0000] {connection.py:232} WARNING - Connection schemes (type: google_cloud_platform) shall not contain '_' according to RFC3986.
[2025-01-16T02:48:33.646+0000] {base.py:73} INFO - Using connection ID 'google_cloud_default' for task execution.
[2025-01-16T02:48:33.664+0000] {warnings.py:109} WARNING - /home/***/.local/lib/python3.8/site-packages/***/providers/google/cloud/hooks/bigquery.py:2108: AirflowProviderDeprecationWarning: This method is deprecated. Please use `BigQueryHook.insert_job` method.
  warnings.warn(

[2025-01-16T02:48:34.178+0000] {bigquery.py:1595} INFO - Inserting job ***_1736995714176819_1bc9911a6f9425d8ea21baea6ad656d6
[2025-01-16T02:48:35.410+0000] {taskinstance.py:1400} INFO - Marking task as SUCCESS. dag_id=finflow_source_data_pipeline, task_id=load_to_gcs_bq.debug_date_merge, execution_date=20250116T024620, start_date=20250116T024832, end_date=20250116T024835
[2025-01-16T02:48:35.899+0000] {local_task_job_runner.py:228} INFO - Task exited with return code 0
[2025-01-16T02:48:36.519+0000] {taskinstance.py:2778} INFO - 1 downstream tasks scheduled from follow-on schedule check
