[2025-01-16T19:24:22.826+0000] {taskinstance.py:1159} INFO - Dependencies all met for dep_context=non-requeueable deps ti=<TaskInstance: finflow_source_data_pipeline.dbt_transformations.dbt_run manual__2025-01-16T19:20:43.724287+00:00 [queued]>
[2025-01-16T19:24:22.845+0000] {taskinstance.py:1159} INFO - Dependencies all met for dep_context=requeueable deps ti=<TaskInstance: finflow_source_data_pipeline.dbt_transformations.dbt_run manual__2025-01-16T19:20:43.724287+00:00 [queued]>
[2025-01-16T19:24:22.845+0000] {taskinstance.py:1361} INFO - Starting attempt 1 of 1
[2025-01-16T19:24:22.863+0000] {taskinstance.py:1382} INFO - Executing <Task(DbtBaseOperator): dbt_transformations.dbt_run> on 2025-01-16 19:20:43.724287+00:00
[2025-01-16T19:24:22.873+0000] {standard_task_runner.py:57} INFO - Started process 932 to run task
[2025-01-16T19:24:22.880+0000] {standard_task_runner.py:84} INFO - Running: ['***', 'tasks', 'run', 'finflow_source_data_pipeline', 'dbt_transformations.dbt_run', 'manual__2025-01-16T19:20:43.724287+00:00', '--job-id', '2767', '--raw', '--subdir', 'DAGS_FOLDER/finflow.py', '--cfg-path', '/tmp/tmpxczv7j1d']
[2025-01-16T19:24:22.885+0000] {standard_task_runner.py:85} INFO - Job 2767: Subtask dbt_transformations.dbt_run
[2025-01-16T19:24:22.952+0000] {task_command.py:416} INFO - Running <TaskInstance: finflow_source_data_pipeline.dbt_transformations.dbt_run manual__2025-01-16T19:20:43.724287+00:00 [running]> on host c35fc3f5a87d
[2025-01-16T19:24:23.059+0000] {taskinstance.py:1662} INFO - Exporting env vars: AIRFLOW_CTX_DAG_OWNER='***' AIRFLOW_CTX_DAG_ID='finflow_source_data_pipeline' AIRFLOW_CTX_TASK_ID='dbt_transformations.dbt_run' AIRFLOW_CTX_EXECUTION_DATE='2025-01-16T19:20:43.724287+00:00' AIRFLOW_CTX_TRY_NUMBER='1' AIRFLOW_CTX_DAG_RUN_ID='manual__2025-01-16T19:20:43.724287+00:00'
[2025-01-16T19:25:09.634+0000] {finflow.py:652} INFO - [0m19:24:31  Running with dbt=1.8.7
[0m19:24:34  [[33mWARNING[0m]: Deprecated functionality
The `tests` config has been renamed to `data_tests`. Please see
https://docs.getdbt.com/docs/build/data-tests#new-data_tests-syntax for more
information.
[0m19:24:34  Registered adapter: bigquery=1.8.3
[0m19:24:35  Unable to do partial parsing because saved manifest not found. Starting full parse.
[0m19:24:45  [[33mWARNING[0m]: Configuration paths exist in your dbt_project.yml file which do not apply to any resources.
There are 6 unused configuration paths:
- data_tests.finflow_analytics.generic.consistent_balances
- data_tests.finflow_analytics.singular.test_customer_metric_consistency
- data_tests.finflow_analytics.generic.transaction_limits
- data_tests.finflow_analytics.singular.test_referential_integrity_full
- data_tests.finflow_analytics.singular.test_balance_reconciliation_full
- data_tests.finflow_analytics.generic.metric_variance
[0m19:24:46  Found 19 models, 1 snapshot, 3 analyses, 103 data tests, 6 sources, 868 macros
[0m19:24:46  
[0m19:24:48  Concurrency: 4 threads (target='prod')
[0m19:24:48  
[0m19:24:48  1 of 19 START sql incremental model finflow_data_bronze.src_accounts ........... [RUN]
[0m19:24:48  2 of 19 START sql incremental model finflow_data_bronze.src_customers .......... [RUN]
[0m19:24:48  3 of 19 START sql incremental model finflow_data_bronze.src_dates .............. [RUN]
[0m19:24:48  4 of 19 START sql incremental model finflow_data_bronze.src_locations .......... [RUN]
[0m19:24:54  3 of 19 OK created sql incremental model finflow_data_bronze.src_dates ......... [[32mCREATE TABLE (2.2k rows, 195.1 KiB processed)[0m in 5.17s]
[0m19:24:54  2 of 19 OK created sql incremental model finflow_data_bronze.src_customers ..... [[32mCREATE TABLE (100.0 rows, 21.5 KiB processed)[0m in 5.18s]
[0m19:24:54  5 of 19 START sql incremental model finflow_data_bronze.src_products ........... [RUN]
[0m19:24:54  6 of 19 START sql incremental model finflow_data_bronze.src_transactions ....... [RUN]
[0m19:24:54  1 of 19 OK created sql incremental model finflow_data_bronze.src_accounts ...... [[32mCREATE TABLE (221.0 rows, 24.7 KiB processed)[0m in 5.44s]
[0m19:24:54  7 of 19 START sql table model finflow_data_gold.dim_date ....................... [RUN]
[0m19:24:54  4 of 19 OK created sql incremental model finflow_data_bronze.src_locations ..... [[32mCREATE TABLE (50.0 rows, 9.7 KiB processed)[0m in 5.45s]
[0m19:24:54  8 of 19 START sql table model finflow_data_gold.dim_location ................... [RUN]
[0m19:24:56  5 of 19 OK created sql incremental model finflow_data_bronze.src_products ...... [[32mCREATE TABLE (19.0 rows, 1.8 KiB processed)[0m in 2.68s]
[0m19:24:56  9 of 19 START sql table model finflow_data_gold.dim_account .................... [RUN]
[0m19:24:56  7 of 19 OK created sql table model finflow_data_gold.dim_date .................. [[32mCREATE TABLE (2.2k rows, 195.1 KiB processed)[0m in 2.50s]
[0m19:24:56  8 of 19 OK created sql table model finflow_data_gold.dim_location .............. [[32mCREATE TABLE (50.0 rows, 9.7 KiB processed)[0m in 2.47s]
[0m19:24:56  11 of 19 START sql view model finflow_data_silver.int_customer_product_metrics . [RUN]
[0m19:24:56  10 of 19 START sql table model finflow_data_gold.dim_product ................... [RUN]
[0m19:24:57  6 of 19 OK created sql incremental model finflow_data_bronze.src_transactions .. [[32mCREATE TABLE (3.7k rows, 389.9 KiB processed)[0m in 2.99s]
[0m19:24:57  12 of 19 START sql view model finflow_data_silver.int_account_metrics .......... [RUN]
[0m19:24:58  11 of 19 OK created sql view model finflow_data_silver.int_customer_product_metrics  [[32mCREATE VIEW (0 processed)[0m in 1.37s]
[0m19:24:58  13 of 19 START sql view model finflow_data_silver.int_account_risk_metrics ..... [RUN]
[0m19:24:58  12 of 19 OK created sql view model finflow_data_silver.int_account_metrics ..... [[32mCREATE VIEW (0 processed)[0m in 1.14s]
[0m19:24:58  14 of 19 START sql view model finflow_data_silver.int_customer_metrics ......... [RUN]
[0m19:24:59  13 of 19 OK created sql view model finflow_data_silver.int_account_risk_metrics  [[32mCREATE VIEW (0 processed)[0m in 1.15s]
[0m19:24:59  14 of 19 OK created sql view model finflow_data_silver.int_customer_metrics .... [[32mCREATE VIEW (0 processed)[0m in 1.14s]
[0m19:24:59  15 of 19 START sql view model finflow_data_silver.int_transaction_metrics ...... [RUN]
[0m19:24:59  16 of 19 START sql incremental model finflow_data_gold.dim_customer ............ [RUN]
[0m19:24:59  10 of 19 OK created sql table model finflow_data_gold.dim_product .............. [[32mCREATE TABLE (19.0 rows, 1.8 KiB processed)[0m in 2.81s]
[0m19:24:59  17 of 19 START sql table model finflow_data_gold.fact_account_balances ......... [RUN]
[0m19:24:59  9 of 19 OK created sql table model finflow_data_gold.dim_account ............... [[32mCREATE TABLE (221.0 rows, 24.1 KiB processed)[0m in 3.08s]
[0m19:25:00  15 of 19 OK created sql view model finflow_data_silver.int_transaction_metrics . [[32mCREATE VIEW (0 processed)[0m in 1.00s]
[0m19:25:00  18 of 19 START sql table model finflow_data_gold.fact_customer_metrics ......... [RUN]
[0m19:25:04  18 of 19 OK created sql table model finflow_data_gold.fact_customer_metrics .... [[32mCREATE TABLE (2.9k rows, 253.0 KiB processed)[0m in 3.54s]
[0m19:25:04  16 of 19 OK created sql incremental model finflow_data_gold.dim_customer ....... [[32mCREATE TABLE (100.0 rows, 29.1 KiB processed)[0m in 4.75s]
[0m19:25:04  17 of 19 OK created sql table model finflow_data_gold.fact_account_balances .... [[32mCREATE TABLE (205.8k rows, 256.3 KiB processed)[0m in 4.43s]
[0m19:25:04  19 of 19 START sql incremental model finflow_data_gold.fact_transactions ....... [RUN]
[0m19:25:07  19 of 19 OK created sql incremental model finflow_data_gold.fact_transactions .. [[32mCREATE TABLE (3.7k rows, 417.5 KiB processed)[0m in 2.91s]
[0m19:25:07  
[0m19:25:07  Finished running 8 incremental models, 6 table models, 5 view models in 0 hours 0 minutes and 20.41 seconds (20.41s).
[0m19:25:07  
[0m19:25:07  [32mCompleted successfully[0m
[0m19:25:07  
[0m19:25:07  Done. PASS=19 WARN=0 ERROR=0 SKIP=0 TOTAL=19

[2025-01-16T19:25:09.713+0000] {taskinstance.py:1400} INFO - Marking task as SUCCESS. dag_id=finflow_source_data_pipeline, task_id=dbt_transformations.dbt_run, execution_date=20250116T192043, start_date=20250116T192422, end_date=20250116T192509
[2025-01-16T19:25:09.813+0000] {local_task_job_runner.py:228} INFO - Task exited with return code 0
[2025-01-16T19:25:09.842+0000] {taskinstance.py:2778} INFO - 1 downstream tasks scheduled from follow-on schedule check
