[2025-01-16T21:13:25.268+0000] {taskinstance.py:1159} INFO - Dependencies all met for dep_context=non-requeueable deps ti=<TaskInstance: finflow_source_data_pipeline.load_to_gcs_bq.transform_location_timestamps manual__2025-01-16T21:11:55.152932+00:00 [queued]>
[2025-01-16T21:13:25.364+0000] {taskinstance.py:1159} INFO - Dependencies all met for dep_context=requeueable deps ti=<TaskInstance: finflow_source_data_pipeline.load_to_gcs_bq.transform_location_timestamps manual__2025-01-16T21:11:55.152932+00:00 [queued]>
[2025-01-16T21:13:25.366+0000] {taskinstance.py:1361} INFO - Starting attempt 1 of 1
[2025-01-16T21:13:25.505+0000] {taskinstance.py:1382} INFO - Executing <Task(BigQueryExecuteQueryOperator): load_to_gcs_bq.transform_location_timestamps> on 2025-01-16 21:11:55.152932+00:00
[2025-01-16T21:13:25.571+0000] {standard_task_runner.py:57} INFO - Started process 5770 to run task
[2025-01-16T21:13:25.607+0000] {standard_task_runner.py:84} INFO - Running: ['***', 'tasks', 'run', 'finflow_source_data_pipeline', 'load_to_gcs_bq.transform_location_timestamps', 'manual__2025-01-16T21:11:55.152932+00:00', '--job-id', '3188', '--raw', '--subdir', 'DAGS_FOLDER/finflow.py', '--cfg-path', '/tmp/tmptkh1x48q']
[2025-01-16T21:13:25.666+0000] {standard_task_runner.py:85} INFO - Job 3188: Subtask load_to_gcs_bq.transform_location_timestamps
[2025-01-16T21:13:25.991+0000] {task_command.py:416} INFO - Running <TaskInstance: finflow_source_data_pipeline.load_to_gcs_bq.transform_location_timestamps manual__2025-01-16T21:11:55.152932+00:00 [running]> on host c35fc3f5a87d
[2025-01-16T21:13:26.567+0000] {taskinstance.py:1662} INFO - Exporting env vars: AIRFLOW_CTX_DAG_OWNER='***' AIRFLOW_CTX_DAG_ID='finflow_source_data_pipeline' AIRFLOW_CTX_TASK_ID='load_to_gcs_bq.transform_location_timestamps' AIRFLOW_CTX_EXECUTION_DATE='2025-01-16T21:11:55.152932+00:00' AIRFLOW_CTX_TRY_NUMBER='1' AIRFLOW_CTX_DAG_RUN_ID='manual__2025-01-16T21:11:55.152932+00:00'
[2025-01-16T21:13:26.576+0000] {bigquery.py:1241} INFO - Executing: 
                    CREATE OR REPLACE TABLE `finflow-analytics-production.finflow_data.src_locations_temp` AS
                    SELECT 
                        location_key,
                        location_id,
                        location_name,
                        address,
                        city,
                        state,
                        region,
                        country, 
                        country_name,
                        country_code,
                        currency_code,
                        postal_code,
                        timezone,
                        latitude,
                        longitude,
                        created_at,
                        updated_at,
                        ingestion_timestamp
                    FROM `finflow-analytics-production.finflow_data.src_locations_temp`
                    
[2025-01-16T21:13:26.584+0000] {crypto.py:82} WARNING - empty cryptography key - values will not be stored encrypted.
[2025-01-16T21:13:26.589+0000] {connection.py:232} WARNING - Connection schemes (type: google_cloud_platform) shall not contain '_' according to RFC3986.
[2025-01-16T21:13:26.595+0000] {base.py:73} INFO - Using connection ID 'google_cloud_default' for task execution.
[2025-01-16T21:13:26.606+0000] {warnings.py:109} WARNING - /home/***/.local/lib/python3.8/site-packages/***/providers/google/cloud/hooks/bigquery.py:2108: AirflowProviderDeprecationWarning: This method is deprecated. Please use `BigQueryHook.insert_job` method.
  warnings.warn(

[2025-01-16T21:13:27.000+0000] {bigquery.py:1595} INFO - Inserting job ***_1737062006999406_15be9a08a1aedf9d2faf89507ab1c0f8
[2025-01-16T21:13:29.207+0000] {taskinstance.py:1400} INFO - Marking task as SUCCESS. dag_id=finflow_source_data_pipeline, task_id=load_to_gcs_bq.transform_location_timestamps, execution_date=20250116T211155, start_date=20250116T211325, end_date=20250116T211329
[2025-01-16T21:13:29.290+0000] {local_task_job_runner.py:228} INFO - Task exited with return code 0
[2025-01-16T21:13:29.455+0000] {taskinstance.py:2778} INFO - 1 downstream tasks scheduled from follow-on schedule check
