[2025-01-13T14:02:11.587+0000] {taskinstance.py:1159} INFO - Dependencies all met for dep_context=non-requeueable deps ti=<TaskInstance: finflow_source_data_pipeline.load_to_gcs_bq.load_customer_to_bq manual__2025-01-13T14:01:15.378177+00:00 [queued]>
[2025-01-13T14:02:11.690+0000] {taskinstance.py:1159} INFO - Dependencies all met for dep_context=requeueable deps ti=<TaskInstance: finflow_source_data_pipeline.load_to_gcs_bq.load_customer_to_bq manual__2025-01-13T14:01:15.378177+00:00 [queued]>
[2025-01-13T14:02:11.695+0000] {taskinstance.py:1361} INFO - Starting attempt 1 of 2
[2025-01-13T14:02:11.830+0000] {taskinstance.py:1382} INFO - Executing <Task(GCSToBigQueryOperator): load_to_gcs_bq.load_customer_to_bq> on 2025-01-13 14:01:15.378177+00:00
[2025-01-13T14:02:11.876+0000] {standard_task_runner.py:57} INFO - Started process 1443 to run task
[2025-01-13T14:02:11.923+0000] {standard_task_runner.py:84} INFO - Running: ['***', 'tasks', 'run', 'finflow_source_data_pipeline', 'load_to_gcs_bq.load_customer_to_bq', 'manual__2025-01-13T14:01:15.378177+00:00', '--job-id', '163', '--raw', '--subdir', 'DAGS_FOLDER/finflow.py', '--cfg-path', '/tmp/tmplirnrqyo']
[2025-01-13T14:02:11.961+0000] {standard_task_runner.py:85} INFO - Job 163: Subtask load_to_gcs_bq.load_customer_to_bq
[2025-01-13T14:02:12.365+0000] {task_command.py:416} INFO - Running <TaskInstance: finflow_source_data_pipeline.load_to_gcs_bq.load_customer_to_bq manual__2025-01-13T14:01:15.378177+00:00 [running]> on host ab4e86dc450e
[2025-01-13T14:02:13.063+0000] {taskinstance.py:1662} INFO - Exporting env vars: AIRFLOW_CTX_DAG_OWNER='***' AIRFLOW_CTX_DAG_ID='finflow_source_data_pipeline' AIRFLOW_CTX_TASK_ID='load_to_gcs_bq.load_customer_to_bq' AIRFLOW_CTX_EXECUTION_DATE='2025-01-13T14:01:15.378177+00:00' AIRFLOW_CTX_TRY_NUMBER='1' AIRFLOW_CTX_DAG_RUN_ID='manual__2025-01-13T14:01:15.378177+00:00'
[2025-01-13T14:02:13.068+0000] {crypto.py:82} WARNING - empty cryptography key - values will not be stored encrypted.
[2025-01-13T14:02:13.074+0000] {connection.py:232} WARNING - Connection schemes (type: google_cloud_platform) shall not contain '_' according to RFC3986.
[2025-01-13T14:02:13.076+0000] {base.py:73} INFO - Using connection ID 'google_cloud_default' for task execution.
[2025-01-13T14:02:13.082+0000] {gcs_to_bigquery.py:376} INFO - Using existing BigQuery table for storing data...
[2025-01-13T14:02:13.388+0000] {gcs_to_bigquery.py:380} INFO - Executing: {'load': {'autodetect': True, 'createDisposition': 'CREATE_IF_NEEDED', 'destinationTable': {'projectId': 'finflow-analytics-production', 'datasetId': 'finflow_raw', 'tableId': 'src_customers'}, 'sourceFormat': 'PARQUET', 'sourceUris': ['gs://finflow-analytics-data/raw/customers/2025-01-13/customers.parquet'], 'writeDisposition': 'WRITE_APPEND', 'ignoreUnknownValues': False, 'schema': {'fields': [{'name': 'customer_key', 'type': 'INTEGER', 'mode': 'REQUIRED'}, {'name': 'customer_id', 'type': 'INTEGER', 'mode': 'REQUIRED'}, {'name': 'first_name', 'type': 'STRING', 'mode': 'REQUIRED'}, {'name': 'last_name', 'type': 'STRING', 'mode': 'REQUIRED'}, {'name': 'email', 'type': 'STRING', 'mode': 'REQUIRED'}, {'name': 'phone_number', 'type': 'STRING', 'mode': 'REQUIRED'}, {'name': 'address', 'type': 'STRING', 'mode': 'REQUIRED'}, {'name': 'city', 'type': 'STRING', 'mode': 'REQUIRED'}, {'name': 'state', 'type': 'STRING', 'mode': 'REQUIRED'}, {'name': 'country', 'type': 'STRING', 'mode': 'REQUIRED'}, {'name': 'postal_code', 'type': 'STRING', 'mode': 'REQUIRED'}, {'name': 'customer_segment', 'type': 'STRING', 'mode': 'REQUIRED'}, {'name': 'customer_since_date', 'type': 'DATE', 'mode': 'REQUIRED'}, {'name': 'total_accounts', 'type': 'INTEGER', 'mode': 'REQUIRED'}, {'name': 'active_accounts', 'type': 'INTEGER', 'mode': 'REQUIRED'}, {'name': 'total_transaction_volume', 'type': 'DECIMAL', 'mode': 'REQUIRED'}, {'name': 'last_transaction_date', 'type': 'TIMESTAMP', 'mode': 'REQUIRED'}, {'name': 'is_active', 'type': 'BOOLEAN', 'mode': 'REQUIRED'}, {'name': 'created_at', 'type': 'TIMESTAMP', 'mode': 'REQUIRED'}, {'name': 'updated_at', 'type': 'TIMESTAMP', 'mode': 'REQUIRED'}, {'name': 'ingestion_timestamp', 'type': 'TIMESTAMP', 'mode': 'REQUIRED'}]}}}
[2025-01-13T14:02:13.397+0000] {bigquery.py:1595} INFO - Inserting job ***_finflow_source_data_pipeline_load_to_gcs_bq_load_customer_to_bq_2025_01_13T14_01_15_378177_00_00_880b91d402ef7b584a1578fb843ff270
[2025-01-13T14:02:15.365+0000] {taskinstance.py:1937} ERROR - Task failed with exception
Traceback (most recent call last):
  File "/home/airflow/.local/lib/python3.8/site-packages/airflow/providers/google/cloud/transfers/gcs_to_bigquery.py", line 439, in execute
    job.result(timeout=self.result_timeout, retry=self.result_retry)
  File "/home/airflow/.local/lib/python3.8/site-packages/google/cloud/bigquery/job/base.py", line 922, in result
    return super(_AsyncJob, self).result(timeout=timeout, **kwargs)
  File "/home/airflow/.local/lib/python3.8/site-packages/google/api_core/future/polling.py", line 261, in result
    raise self._exception
google.api_core.exceptions.BadRequest: 400 Error while reading data, error message: Reading column 'total_transaction_volume' of type DOUBLE as NUMERIC type but its logical type is NONE, expecting DECIMAL. File: gs://finflow-analytics-data/raw/customers/2025-01-13/customers.parquet
[2025-01-13T14:02:15.382+0000] {taskinstance.py:1400} INFO - Marking task as UP_FOR_RETRY. dag_id=finflow_source_data_pipeline, task_id=load_to_gcs_bq.load_customer_to_bq, execution_date=20250113T140115, start_date=20250113T140211, end_date=20250113T140215
[2025-01-13T14:02:15.419+0000] {standard_task_runner.py:104} ERROR - Failed to execute job 163 for task load_to_gcs_bq.load_customer_to_bq (400 Error while reading data, error message: Reading column 'total_transaction_volume' of type DOUBLE as NUMERIC type but its logical type is NONE, expecting DECIMAL. File: gs://finflow-analytics-data/raw/customers/2025-01-13/customers.parquet; 1443)
[2025-01-13T14:02:15.448+0000] {local_task_job_runner.py:228} INFO - Task exited with return code 1
[2025-01-13T14:02:15.503+0000] {taskinstance.py:2778} INFO - 0 downstream tasks scheduled from follow-on schedule check
