[2025-01-16T18:45:50.638+0000] {taskinstance.py:1159} INFO - Dependencies all met for dep_context=non-requeueable deps ti=<TaskInstance: finflow_source_data_pipeline.dbt_transformations.dbt_deps manual__2025-01-16T18:43:03.290270+00:00 [queued]>
[2025-01-16T18:45:50.673+0000] {taskinstance.py:1159} INFO - Dependencies all met for dep_context=requeueable deps ti=<TaskInstance: finflow_source_data_pipeline.dbt_transformations.dbt_deps manual__2025-01-16T18:43:03.290270+00:00 [queued]>
[2025-01-16T18:45:50.673+0000] {taskinstance.py:1361} INFO - Starting attempt 1 of 1
[2025-01-16T18:45:50.705+0000] {taskinstance.py:1382} INFO - Executing <Task(DbtBaseOperator): dbt_transformations.dbt_deps> on 2025-01-16 18:43:03.290270+00:00
[2025-01-16T18:45:50.716+0000] {standard_task_runner.py:57} INFO - Started process 543 to run task
[2025-01-16T18:45:50.729+0000] {standard_task_runner.py:84} INFO - Running: ['***', 'tasks', 'run', 'finflow_source_data_pipeline', 'dbt_transformations.dbt_deps', 'manual__2025-01-16T18:43:03.290270+00:00', '--job-id', '2619', '--raw', '--subdir', 'DAGS_FOLDER/finflow.py', '--cfg-path', '/tmp/tmp98nshvbl']
[2025-01-16T18:45:50.735+0000] {standard_task_runner.py:85} INFO - Job 2619: Subtask dbt_transformations.dbt_deps
[2025-01-16T18:45:50.825+0000] {task_command.py:416} INFO - Running <TaskInstance: finflow_source_data_pipeline.dbt_transformations.dbt_deps manual__2025-01-16T18:43:03.290270+00:00 [running]> on host 1fa24e54c558
[2025-01-16T18:45:50.978+0000] {taskinstance.py:1662} INFO - Exporting env vars: AIRFLOW_CTX_DAG_OWNER='***' AIRFLOW_CTX_DAG_ID='finflow_source_data_pipeline' AIRFLOW_CTX_TASK_ID='dbt_transformations.dbt_deps' AIRFLOW_CTX_EXECUTION_DATE='2025-01-16T18:43:03.290270+00:00' AIRFLOW_CTX_TRY_NUMBER='1' AIRFLOW_CTX_DAG_RUN_ID='manual__2025-01-16T18:43:03.290270+00:00'
[2025-01-16T18:45:59.326+0000] {finflow.py:652} INFO - [0m18:45:55  Running with dbt=1.8.7
[0m18:45:56  [[33mWARNING[0m]: Deprecated functionality
The `tests` config has been renamed to `data_tests`. Please see
https://docs.getdbt.com/docs/build/data-tests#new-data_tests-syntax for more
information.
[0m18:45:57  Installing dbt-labs/dbt_utils
[0m18:45:57  Installed from version 1.3.0
[0m18:45:57  Up to date!
[0m18:45:57  Installing calogica/dbt_expectations
[0m18:45:58  Installed from version 0.10.4
[0m18:45:58  Up to date!
[0m18:45:58  Installing calogica/dbt_date
[0m18:45:58  Installed from version 0.10.1
[0m18:45:58  Up to date!

[2025-01-16T18:45:59.445+0000] {taskinstance.py:1400} INFO - Marking task as SUCCESS. dag_id=finflow_source_data_pipeline, task_id=dbt_transformations.dbt_deps, execution_date=20250116T184303, start_date=20250116T184550, end_date=20250116T184559
[2025-01-16T18:45:59.556+0000] {local_task_job_runner.py:228} INFO - Task exited with return code 0
[2025-01-16T18:45:59.632+0000] {taskinstance.py:2778} INFO - 1 downstream tasks scheduled from follow-on schedule check
