[2025-01-16T18:10:39.270+0000] {taskinstance.py:1159} INFO - Dependencies all met for dep_context=non-requeueable deps ti=<TaskInstance: finflow_source_data_pipeline.dbt_transformations.dbt_run manual__2025-01-16T18:07:01.952921+00:00 [queued]>
[2025-01-16T18:10:39.303+0000] {taskinstance.py:1159} INFO - Dependencies all met for dep_context=requeueable deps ti=<TaskInstance: finflow_source_data_pipeline.dbt_transformations.dbt_run manual__2025-01-16T18:07:01.952921+00:00 [queued]>
[2025-01-16T18:10:39.306+0000] {taskinstance.py:1361} INFO - Starting attempt 1 of 1
[2025-01-16T18:10:39.353+0000] {taskinstance.py:1382} INFO - Executing <Task(DbtBaseOperator): dbt_transformations.dbt_run> on 2025-01-16 18:07:01.952921+00:00
[2025-01-16T18:10:39.392+0000] {standard_task_runner.py:57} INFO - Started process 5519 to run task
[2025-01-16T18:10:39.404+0000] {standard_task_runner.py:84} INFO - Running: ['***', 'tasks', 'run', 'finflow_source_data_pipeline', 'dbt_transformations.dbt_run', 'manual__2025-01-16T18:07:01.952921+00:00', '--job-id', '2524', '--raw', '--subdir', 'DAGS_FOLDER/finflow.py', '--cfg-path', '/tmp/tmp_5ksj2uc']
[2025-01-16T18:10:39.415+0000] {standard_task_runner.py:85} INFO - Job 2524: Subtask dbt_transformations.dbt_run
[2025-01-16T18:10:39.598+0000] {task_command.py:416} INFO - Running <TaskInstance: finflow_source_data_pipeline.dbt_transformations.dbt_run manual__2025-01-16T18:07:01.952921+00:00 [running]> on host e65a9a79c958
[2025-01-16T18:10:39.811+0000] {taskinstance.py:1662} INFO - Exporting env vars: AIRFLOW_CTX_DAG_OWNER='***' AIRFLOW_CTX_DAG_ID='finflow_source_data_pipeline' AIRFLOW_CTX_TASK_ID='dbt_transformations.dbt_run' AIRFLOW_CTX_EXECUTION_DATE='2025-01-16T18:07:01.952921+00:00' AIRFLOW_CTX_TRY_NUMBER='1' AIRFLOW_CTX_DAG_RUN_ID='manual__2025-01-16T18:07:01.952921+00:00'
[2025-01-16T18:10:45.350+0000] {finflow.py:652} INFO - [0m18:10:44  Running with dbt=1.8.7
[0m18:10:44  Encountered an error:
Runtime Error
  Could not find profile named 'finflow_analytics'

[2025-01-16T18:10:45.352+0000] {taskinstance.py:1937} ERROR - Task failed with exception
Traceback (most recent call last):
  File "/opt/airflow/dags/finflow.py", line 655, in execute
    raise Exception(f"dbt command failed: {result.stderr}")
Exception: dbt command failed: 
[2025-01-16T18:10:45.372+0000] {taskinstance.py:1400} INFO - Marking task as FAILED. dag_id=finflow_source_data_pipeline, task_id=dbt_transformations.dbt_run, execution_date=20250116T180701, start_date=20250116T181039, end_date=20250116T181045
[2025-01-16T18:10:45.398+0000] {standard_task_runner.py:104} ERROR - Failed to execute job 2524 for task dbt_transformations.dbt_run (dbt command failed: ; 5519)
[2025-01-16T18:10:45.441+0000] {local_task_job_runner.py:228} INFO - Task exited with return code 1
[2025-01-16T18:10:45.481+0000] {taskinstance.py:2778} INFO - 0 downstream tasks scheduled from follow-on schedule check
