[2025-01-16T19:22:13.947+0000] {taskinstance.py:1159} INFO - Dependencies all met for dep_context=non-requeueable deps ti=<TaskInstance: finflow_source_data_pipeline.load_to_gcs_bq.transform_product_timestamps manual__2025-01-16T19:20:43.724287+00:00 [queued]>
[2025-01-16T19:22:14.004+0000] {taskinstance.py:1159} INFO - Dependencies all met for dep_context=requeueable deps ti=<TaskInstance: finflow_source_data_pipeline.load_to_gcs_bq.transform_product_timestamps manual__2025-01-16T19:20:43.724287+00:00 [queued]>
[2025-01-16T19:22:14.005+0000] {taskinstance.py:1361} INFO - Starting attempt 1 of 1
[2025-01-16T19:22:14.070+0000] {taskinstance.py:1382} INFO - Executing <Task(BigQueryExecuteQueryOperator): load_to_gcs_bq.transform_product_timestamps> on 2025-01-16 19:20:43.724287+00:00
[2025-01-16T19:22:14.093+0000] {standard_task_runner.py:57} INFO - Started process 809 to run task
[2025-01-16T19:22:14.105+0000] {standard_task_runner.py:84} INFO - Running: ['***', 'tasks', 'run', 'finflow_source_data_pipeline', 'load_to_gcs_bq.transform_product_timestamps', 'manual__2025-01-16T19:20:43.724287+00:00', '--job-id', '2744', '--raw', '--subdir', 'DAGS_FOLDER/finflow.py', '--cfg-path', '/tmp/tmpnbvmlclu']
[2025-01-16T19:22:14.119+0000] {standard_task_runner.py:85} INFO - Job 2744: Subtask load_to_gcs_bq.transform_product_timestamps
[2025-01-16T19:22:14.272+0000] {task_command.py:416} INFO - Running <TaskInstance: finflow_source_data_pipeline.load_to_gcs_bq.transform_product_timestamps manual__2025-01-16T19:20:43.724287+00:00 [running]> on host c35fc3f5a87d
[2025-01-16T19:22:14.502+0000] {taskinstance.py:1662} INFO - Exporting env vars: AIRFLOW_CTX_DAG_OWNER='***' AIRFLOW_CTX_DAG_ID='finflow_source_data_pipeline' AIRFLOW_CTX_TASK_ID='load_to_gcs_bq.transform_product_timestamps' AIRFLOW_CTX_EXECUTION_DATE='2025-01-16T19:20:43.724287+00:00' AIRFLOW_CTX_TRY_NUMBER='1' AIRFLOW_CTX_DAG_RUN_ID='manual__2025-01-16T19:20:43.724287+00:00'
[2025-01-16T19:22:14.505+0000] {bigquery.py:1241} INFO - Executing: 
                    CREATE OR REPLACE TABLE `finflow-analytics-production.finflow_data.src_products_temp` AS
                    SELECT 
                        product_key,
                        product_id,
                        product_name,
                        product_category,
                        product_subcategory,
                        interest_rate,
                        monthly_fee,
                        is_active,
                        TIMESTAMP(created_at) as created_at,
                        TIMESTAMP(updated_at) as updated_at,
                        TIMESTAMP(ingestion_timestamp) as ingestion_timestamp
                    FROM `finflow-analytics-production.finflow_data.src_products_temp`
                    
[2025-01-16T19:22:14.508+0000] {crypto.py:82} WARNING - empty cryptography key - values will not be stored encrypted.
[2025-01-16T19:22:14.509+0000] {connection.py:232} WARNING - Connection schemes (type: google_cloud_platform) shall not contain '_' according to RFC3986.
[2025-01-16T19:22:14.512+0000] {base.py:73} INFO - Using connection ID 'google_cloud_default' for task execution.
[2025-01-16T19:22:14.524+0000] {warnings.py:109} WARNING - /home/***/.local/lib/python3.8/site-packages/***/providers/google/cloud/hooks/bigquery.py:2108: AirflowProviderDeprecationWarning: This method is deprecated. Please use `BigQueryHook.insert_job` method.
  warnings.warn(

[2025-01-16T19:22:14.713+0000] {bigquery.py:1595} INFO - Inserting job ***_1737055334712404_8c51f70cd5d813ec53ee8d7db3032123
[2025-01-16T19:22:17.228+0000] {taskinstance.py:1400} INFO - Marking task as SUCCESS. dag_id=finflow_source_data_pipeline, task_id=load_to_gcs_bq.transform_product_timestamps, execution_date=20250116T192043, start_date=20250116T192213, end_date=20250116T192217
[2025-01-16T19:22:17.469+0000] {local_task_job_runner.py:228} INFO - Task exited with return code 0
[2025-01-16T19:22:17.884+0000] {taskinstance.py:2778} INFO - 2 downstream tasks scheduled from follow-on schedule check
