[2025-01-16T21:15:33.611+0000] {taskinstance.py:1159} INFO - Dependencies all met for dep_context=non-requeueable deps ti=<TaskInstance: finflow_source_data_pipeline.dbt_transformations.dbt_run manual__2025-01-16T21:11:55.152932+00:00 [queued]>
[2025-01-16T21:15:33.638+0000] {taskinstance.py:1159} INFO - Dependencies all met for dep_context=requeueable deps ti=<TaskInstance: finflow_source_data_pipeline.dbt_transformations.dbt_run manual__2025-01-16T21:11:55.152932+00:00 [queued]>
[2025-01-16T21:15:33.640+0000] {taskinstance.py:1361} INFO - Starting attempt 1 of 1
[2025-01-16T21:15:33.663+0000] {taskinstance.py:1382} INFO - Executing <Task(DbtBaseOperator): dbt_transformations.dbt_run> on 2025-01-16 21:11:55.152932+00:00
[2025-01-16T21:15:33.674+0000] {standard_task_runner.py:57} INFO - Started process 5894 to run task
[2025-01-16T21:15:33.683+0000] {standard_task_runner.py:84} INFO - Running: ['***', 'tasks', 'run', 'finflow_source_data_pipeline', 'dbt_transformations.dbt_run', 'manual__2025-01-16T21:11:55.152932+00:00', '--job-id', '3214', '--raw', '--subdir', 'DAGS_FOLDER/finflow.py', '--cfg-path', '/tmp/tmpsa4d8elr']
[2025-01-16T21:15:33.693+0000] {standard_task_runner.py:85} INFO - Job 3214: Subtask dbt_transformations.dbt_run
[2025-01-16T21:15:33.799+0000] {task_command.py:416} INFO - Running <TaskInstance: finflow_source_data_pipeline.dbt_transformations.dbt_run manual__2025-01-16T21:11:55.152932+00:00 [running]> on host c35fc3f5a87d
[2025-01-16T21:15:33.925+0000] {taskinstance.py:1662} INFO - Exporting env vars: AIRFLOW_CTX_DAG_OWNER='***' AIRFLOW_CTX_DAG_ID='finflow_source_data_pipeline' AIRFLOW_CTX_TASK_ID='dbt_transformations.dbt_run' AIRFLOW_CTX_EXECUTION_DATE='2025-01-16T21:11:55.152932+00:00' AIRFLOW_CTX_TRY_NUMBER='1' AIRFLOW_CTX_DAG_RUN_ID='manual__2025-01-16T21:11:55.152932+00:00'
[2025-01-16T21:16:13.836+0000] {finflow.py:618} INFO - [0m21:15:36  Running with dbt=1.8.7
[0m21:15:39  [[33mWARNING[0m]: Deprecated functionality
The `tests` config has been renamed to `data_tests`. Please see
https://docs.getdbt.com/docs/build/data-tests#new-data_tests-syntax for more
information.
[0m21:15:40  Registered adapter: bigquery=1.8.3
[0m21:15:40  Unable to do partial parsing because saved manifest not found. Starting full parse.
[0m21:15:53  [[33mWARNING[0m]: Configuration paths exist in your dbt_project.yml file which do not apply to any resources.
There are 6 unused configuration paths:
- data_tests.finflow_analytics.singular.test_customer_metric_consistency
- data_tests.finflow_analytics.generic.metric_variance
- data_tests.finflow_analytics.generic.transaction_limits
- data_tests.finflow_analytics.generic.consistent_balances
- data_tests.finflow_analytics.singular.test_balance_reconciliation_full
- data_tests.finflow_analytics.singular.test_referential_integrity_full
[0m21:15:53  Found 19 models, 1 snapshot, 3 analyses, 103 data tests, 6 sources, 868 macros
[0m21:15:53  
[0m21:15:54  Concurrency: 4 threads (target='prod')
[0m21:15:54  
[0m21:15:54  1 of 19 START sql incremental model finflow_data_bronze.src_accounts ........... [RUN]
[0m21:15:54  2 of 19 START sql incremental model finflow_data_bronze.src_customers .......... [RUN]
[0m21:15:54  3 of 19 START sql incremental model finflow_data_bronze.src_dates .............. [RUN]
[0m21:15:54  4 of 19 START sql incremental model finflow_data_bronze.src_locations .......... [RUN]
[0m21:15:58  1 of 19 OK created sql incremental model finflow_data_bronze.src_accounts ...... [[32mCREATE TABLE (211.0 rows, 23.6 KiB processed)[0m in 3.88s]
[0m21:15:58  4 of 19 OK created sql incremental model finflow_data_bronze.src_locations ..... [[32mCREATE TABLE (50.0 rows, 9.7 KiB processed)[0m in 3.88s]
[0m21:15:58  2 of 19 OK created sql incremental model finflow_data_bronze.src_customers ..... [[32mCREATE TABLE (100.0 rows, 21.7 KiB processed)[0m in 3.87s]
[0m21:15:58  6 of 19 START sql incremental model finflow_data_bronze.src_transactions ....... [RUN]
[0m21:15:58  5 of 19 START sql incremental model finflow_data_bronze.src_products ........... [RUN]
[0m21:15:58  7 of 19 START sql table model finflow_data_gold.dim_location ................... [RUN]
[0m21:15:59  3 of 19 OK created sql incremental model finflow_data_bronze.src_dates ......... [[32mCREATE TABLE (365.0 rows, 32.5 KiB processed)[0m in 4.40s]
[0m21:15:59  8 of 19 START sql table model finflow_data_gold.dim_date ....................... [RUN]
[0m21:16:01  6 of 19 OK created sql incremental model finflow_data_bronze.src_transactions .. [[32mCREATE TABLE (1.2k rows, 129.7 KiB processed)[0m in 2.94s]
[0m21:16:01  9 of 19 START sql view model finflow_data_silver.int_account_metrics ........... [RUN]
[0m21:16:01  5 of 19 OK created sql incremental model finflow_data_bronze.src_products ...... [[32mCREATE TABLE (19.0 rows, 1.8 KiB processed)[0m in 3.18s]
[0m21:16:01  10 of 19 START sql view model finflow_data_silver.int_account_risk_metrics ..... [RUN]
[0m21:16:02  7 of 19 OK created sql table model finflow_data_gold.dim_location .............. [[32mCREATE TABLE (50.0 rows, 9.7 KiB processed)[0m in 4.04s]
[0m21:16:02  11 of 19 START sql view model finflow_data_silver.int_customer_metrics ......... [RUN]
[0m21:16:02  8 of 19 OK created sql table model finflow_data_gold.dim_date .................. [[32mCREATE TABLE (365.0 rows, 32.5 KiB processed)[0m in 3.56s]
[0m21:16:02  12 of 19 START sql view model finflow_data_silver.int_transaction_metrics ...... [RUN]
[0m21:16:02  9 of 19 OK created sql view model finflow_data_silver.int_account_metrics ...... [[32mCREATE VIEW (0 processed)[0m in 1.34s]
[0m21:16:02  13 of 19 START sql table model finflow_data_gold.dim_account ................... [RUN]
[0m21:16:03  10 of 19 OK created sql view model finflow_data_silver.int_account_risk_metrics  [[32mCREATE VIEW (0 processed)[0m in 1.15s]
[0m21:16:03  14 of 19 START sql table model finflow_data_gold.dim_product ................... [RUN]
[0m21:16:04  11 of 19 OK created sql view model finflow_data_silver.int_customer_metrics .... [[32mCREATE VIEW (0 processed)[0m in 1.37s]
[0m21:16:04  15 of 19 START sql view model finflow_data_silver.int_customer_product_metrics . [RUN]
[0m21:16:04  12 of 19 OK created sql view model finflow_data_silver.int_transaction_metrics . [[32mCREATE VIEW (0 processed)[0m in 1.45s]
[0m21:16:04  16 of 19 START sql table model finflow_data_gold.fact_account_balances ......... [RUN]
[0m21:16:05  15 of 19 OK created sql view model finflow_data_silver.int_customer_product_metrics  [[32mCREATE VIEW (0 processed)[0m in 1.11s]
[0m21:16:05  17 of 19 START sql incremental model finflow_data_gold.dim_customer ............ [RUN]
[0m21:16:06  13 of 19 OK created sql table model finflow_data_gold.dim_account .............. [[32mCREATE TABLE (211.0 rows, 23.0 KiB processed)[0m in 3.02s]
[0m21:16:06  18 of 19 START sql table model finflow_data_gold.fact_customer_metrics ......... [RUN]
[0m21:16:06  14 of 19 OK created sql table model finflow_data_gold.dim_product .............. [[32mCREATE TABLE (19.0 rows, 1.8 KiB processed)[0m in 3.53s]
[0m21:16:09  16 of 19 OK created sql table model finflow_data_gold.fact_account_balances .... [[32mCREATE TABLE (3.4k rows, 87.4 KiB processed)[0m in 4.81s]
[0m21:16:09  17 of 19 OK created sql incremental model finflow_data_gold.dim_customer ....... [[32mCREATE TABLE (100.0 rows, 28.9 KiB processed)[0m in 4.25s]
[0m21:16:09  19 of 19 START sql incremental model finflow_data_gold.fact_transactions ....... [RUN]
[0m21:16:10  18 of 19 OK created sql table model finflow_data_gold.fact_customer_metrics .... [[32mCREATE TABLE (776.0 rows, 84.5 KiB processed)[0m in 4.68s]
[0m21:16:12  19 of 19 OK created sql incremental model finflow_data_gold.fact_transactions .. [[32mCREATE TABLE (1.2k rows, 134.8 KiB processed)[0m in 2.92s]
[0m21:16:12  
[0m21:16:12  Finished running 8 incremental models, 6 table models, 5 view models in 0 hours 0 minutes and 18.64 seconds (18.64s).
[0m21:16:12  
[0m21:16:12  [32mCompleted successfully[0m
[0m21:16:12  
[0m21:16:12  Done. PASS=19 WARN=0 ERROR=0 SKIP=0 TOTAL=19

[2025-01-16T21:16:13.877+0000] {taskinstance.py:1400} INFO - Marking task as SUCCESS. dag_id=finflow_source_data_pipeline, task_id=dbt_transformations.dbt_run, execution_date=20250116T211155, start_date=20250116T211533, end_date=20250116T211613
[2025-01-16T21:16:13.944+0000] {local_task_job_runner.py:228} INFO - Task exited with return code 0
[2025-01-16T21:16:13.978+0000] {taskinstance.py:2778} INFO - 1 downstream tasks scheduled from follow-on schedule check
