[2025-01-11T22:13:17.992+0000] {taskinstance.py:1159} INFO - Dependencies all met for dep_context=non-requeueable deps ti=<TaskInstance: finflow_analytics_pipeline.verify_data_load manual__2025-01-11T22:06:15.230733+00:00 [queued]>
[2025-01-11T22:13:18.101+0000] {taskinstance.py:1159} INFO - Dependencies all met for dep_context=requeueable deps ti=<TaskInstance: finflow_analytics_pipeline.verify_data_load manual__2025-01-11T22:06:15.230733+00:00 [queued]>
[2025-01-11T22:13:18.102+0000] {taskinstance.py:1361} INFO - Starting attempt 1 of 2
[2025-01-11T22:13:18.191+0000] {taskinstance.py:1382} INFO - Executing <Task(BigQueryExecuteQueryOperator): verify_data_load> on 2025-01-11 22:06:15.230733+00:00
[2025-01-11T22:13:18.229+0000] {standard_task_runner.py:57} INFO - Started process 1150 to run task
[2025-01-11T22:13:18.254+0000] {standard_task_runner.py:84} INFO - Running: ['***', 'tasks', 'run', 'finflow_analytics_pipeline', 'verify_data_load', 'manual__2025-01-11T22:06:15.230733+00:00', '--job-id', '75', '--raw', '--subdir', 'DAGS_FOLDER/finflow.py', '--cfg-path', '/tmp/tmpj7zxw_is']
[2025-01-11T22:13:18.291+0000] {standard_task_runner.py:85} INFO - Job 75: Subtask verify_data_load
[2025-01-11T22:13:18.657+0000] {task_command.py:416} INFO - Running <TaskInstance: finflow_analytics_pipeline.verify_data_load manual__2025-01-11T22:06:15.230733+00:00 [running]> on host 4e62577a6f21
[2025-01-11T22:13:19.160+0000] {taskinstance.py:1662} INFO - Exporting env vars: AIRFLOW_CTX_DAG_OWNER='***' AIRFLOW_CTX_DAG_ID='finflow_analytics_pipeline' AIRFLOW_CTX_TASK_ID='verify_data_load' AIRFLOW_CTX_EXECUTION_DATE='2025-01-11T22:06:15.230733+00:00' AIRFLOW_CTX_TRY_NUMBER='1' AIRFLOW_CTX_DAG_RUN_ID='manual__2025-01-11T22:06:15.230733+00:00'
[2025-01-11T22:13:19.172+0000] {bigquery.py:1241} INFO - Executing: 
        WITH source_counts AS (
            -- Customer counts
            SELECT 
                'customers' as table_name,
                COUNT(*) as source_count
            FROM `finflow-analytics-production.finflow_analytics.raw_customers`
            WHERE DATE(_ingestion_timestamp) = DATE('2025-01-11')
            
            UNION ALL
            
            -- Account counts
            SELECT 
                'accounts' as table_name,
                COUNT(*) as source_count
            FROM `finflow-analytics-production.finflow_analytics.raw_accounts`
            WHERE DATE(_ingestion_timestamp) = DATE('2025-01-11')
            
            UNION ALL
            
            -- Transaction counts
            SELECT 
                'transactions' as table_name,
                COUNT(*) as source_count
            FROM `finflow-analytics-production.finflow_analytics.raw_transactions`
            WHERE DATE(_ingestion_timestamp) = DATE('2025-01-11')
        )
        SELECT 
            CASE 
                WHEN EXISTS (
                    SELECT 1 
                    FROM source_counts 
                    WHERE source_count = 0
                ) THEN ERROR('Zero records found in one or more tables')
                ELSE 'Data load verified'
            END as validation_result
        
[2025-01-11T22:13:19.174+0000] {crypto.py:82} WARNING - empty cryptography key - values will not be stored encrypted.
[2025-01-11T22:13:19.175+0000] {connection.py:232} WARNING - Connection schemes (type: google_cloud_platform) shall not contain '_' according to RFC3986.
[2025-01-11T22:13:19.178+0000] {base.py:73} INFO - Using connection ID 'google_cloud_default' for task execution.
[2025-01-11T22:13:19.180+0000] {warnings.py:109} WARNING - /home/***/.local/lib/python3.8/site-packages/***/providers/google/cloud/hooks/bigquery.py:2108: AirflowProviderDeprecationWarning: This method is deprecated. Please use `BigQueryHook.insert_job` method.
  warnings.warn(

[2025-01-11T22:13:19.560+0000] {bigquery.py:1595} INFO - Inserting job ***_1736633599558918_888960175049efc17a4b2822f514ddb9
[2025-01-11T22:13:21.311+0000] {taskinstance.py:1400} INFO - Marking task as SUCCESS. dag_id=finflow_analytics_pipeline, task_id=verify_data_load, execution_date=20250111T220615, start_date=20250111T221317, end_date=20250111T221321
[2025-01-11T22:13:21.508+0000] {local_task_job_runner.py:228} INFO - Task exited with return code 0
[2025-01-11T22:13:21.714+0000] {taskinstance.py:2778} INFO - 1 downstream tasks scheduled from follow-on schedule check
