[2025-01-13T13:57:07.666+0000] {taskinstance.py:1159} INFO - Dependencies all met for dep_context=non-requeueable deps ti=<TaskInstance: finflow_source_data_pipeline.load_to_gcs_bq.load_product_to_bq manual__2025-01-13T13:51:19.785392+00:00 [queued]>
[2025-01-13T13:57:07.706+0000] {taskinstance.py:1159} INFO - Dependencies all met for dep_context=requeueable deps ti=<TaskInstance: finflow_source_data_pipeline.load_to_gcs_bq.load_product_to_bq manual__2025-01-13T13:51:19.785392+00:00 [queued]>
[2025-01-13T13:57:07.706+0000] {taskinstance.py:1361} INFO - Starting attempt 2 of 2
[2025-01-13T13:57:07.807+0000] {taskinstance.py:1382} INFO - Executing <Task(GCSToBigQueryOperator): load_to_gcs_bq.load_product_to_bq> on 2025-01-13 13:51:19.785392+00:00
[2025-01-13T13:57:07.834+0000] {standard_task_runner.py:57} INFO - Started process 1209 to run task
[2025-01-13T13:57:07.863+0000] {standard_task_runner.py:84} INFO - Running: ['***', 'tasks', 'run', 'finflow_source_data_pipeline', 'load_to_gcs_bq.load_product_to_bq', 'manual__2025-01-13T13:51:19.785392+00:00', '--job-id', '140', '--raw', '--subdir', 'DAGS_FOLDER/finflow.py', '--cfg-path', '/tmp/tmpui8kb_bd']
[2025-01-13T13:57:07.876+0000] {standard_task_runner.py:85} INFO - Job 140: Subtask load_to_gcs_bq.load_product_to_bq
[2025-01-13T13:57:08.053+0000] {task_command.py:416} INFO - Running <TaskInstance: finflow_source_data_pipeline.load_to_gcs_bq.load_product_to_bq manual__2025-01-13T13:51:19.785392+00:00 [running]> on host ab4e86dc450e
[2025-01-13T13:57:08.368+0000] {taskinstance.py:1662} INFO - Exporting env vars: AIRFLOW_CTX_DAG_OWNER='***' AIRFLOW_CTX_DAG_ID='finflow_source_data_pipeline' AIRFLOW_CTX_TASK_ID='load_to_gcs_bq.load_product_to_bq' AIRFLOW_CTX_EXECUTION_DATE='2025-01-13T13:51:19.785392+00:00' AIRFLOW_CTX_TRY_NUMBER='2' AIRFLOW_CTX_DAG_RUN_ID='manual__2025-01-13T13:51:19.785392+00:00'
[2025-01-13T13:57:08.371+0000] {crypto.py:82} WARNING - empty cryptography key - values will not be stored encrypted.
[2025-01-13T13:57:08.373+0000] {connection.py:232} WARNING - Connection schemes (type: google_cloud_platform) shall not contain '_' according to RFC3986.
[2025-01-13T13:57:08.390+0000] {base.py:73} INFO - Using connection ID 'google_cloud_default' for task execution.
[2025-01-13T13:57:08.392+0000] {gcs_to_bigquery.py:376} INFO - Using existing BigQuery table for storing data...
[2025-01-13T13:57:08.587+0000] {gcs_to_bigquery.py:380} INFO - Executing: {'load': {'autodetect': True, 'createDisposition': 'CREATE_IF_NEEDED', 'destinationTable': {'projectId': 'finflow-analytics-production', 'datasetId': 'finflow_raw', 'tableId': 'src_products'}, 'sourceFormat': 'PARQUET', 'sourceUris': ['gs://finflow-analytics-data/raw/products/2025-01-13/products.parquet'], 'writeDisposition': 'WRITE_APPEND', 'ignoreUnknownValues': False, 'schema': {'fields': [{'name': 'product_key', 'type': 'INTEGER', 'mode': 'REQUIRED'}, {'name': 'product_id', 'type': 'STRING', 'mode': 'REQUIRED'}, {'name': 'product_name', 'type': 'STRING', 'mode': 'REQUIRED'}, {'name': 'product_category', 'type': 'STRING', 'mode': 'REQUIRED'}, {'name': 'product_subcategory', 'type': 'STRING', 'mode': 'REQUIRED'}, {'name': 'interest_rate', 'type': 'DECIMAL', 'mode': 'REQUIRED'}, {'name': 'monthly_fee', 'type': 'DECIMAL', 'mode': 'REQUIRED'}, {'name': 'is_active', 'type': 'BOOLEAN', 'mode': 'REQUIRED'}, {'name': 'created_at', 'type': 'TIMESTAMP', 'mode': 'REQUIRED'}, {'name': 'updated_at', 'type': 'TIMESTAMP', 'mode': 'REQUIRED'}, {'name': 'ingestion_timestamp', 'type': 'TIMESTAMP', 'mode': 'REQUIRED'}]}}}
[2025-01-13T13:57:08.603+0000] {bigquery.py:1595} INFO - Inserting job ***_finflow_source_data_pipeline_load_to_gcs_bq_load_product_to_bq_2025_01_13T13_51_19_785392_00_00_2a3de1fcbd1de15af48f57bbc3fb4479
[2025-01-13T13:57:10.377+0000] {taskinstance.py:1937} ERROR - Task failed with exception
Traceback (most recent call last):
  File "/home/airflow/.local/lib/python3.8/site-packages/airflow/providers/google/cloud/transfers/gcs_to_bigquery.py", line 439, in execute
    job.result(timeout=self.result_timeout, retry=self.result_retry)
  File "/home/airflow/.local/lib/python3.8/site-packages/google/cloud/bigquery/job/base.py", line 922, in result
    return super(_AsyncJob, self).result(timeout=timeout, **kwargs)
  File "/home/airflow/.local/lib/python3.8/site-packages/google/api_core/future/polling.py", line 261, in result
    raise self._exception
google.api_core.exceptions.BadRequest: 400 Error while reading data, error message: Reading column 'interest_rate' of type DOUBLE as NUMERIC type but its logical type is NONE, expecting DECIMAL. File: gs://finflow-analytics-data/raw/products/2025-01-13/products.parquet
[2025-01-13T13:57:10.404+0000] {taskinstance.py:1400} INFO - Marking task as FAILED. dag_id=finflow_source_data_pipeline, task_id=load_to_gcs_bq.load_product_to_bq, execution_date=20250113T135119, start_date=20250113T135707, end_date=20250113T135710
[2025-01-13T13:57:10.468+0000] {standard_task_runner.py:104} ERROR - Failed to execute job 140 for task load_to_gcs_bq.load_product_to_bq (400 Error while reading data, error message: Reading column 'interest_rate' of type DOUBLE as NUMERIC type but its logical type is NONE, expecting DECIMAL. File: gs://finflow-analytics-data/raw/products/2025-01-13/products.parquet; 1209)
[2025-01-13T13:57:10.510+0000] {local_task_job_runner.py:228} INFO - Task exited with return code 1
[2025-01-13T13:57:10.620+0000] {taskinstance.py:2778} INFO - 0 downstream tasks scheduled from follow-on schedule check
