[2025-01-13T13:57:20.495+0000] {taskinstance.py:1159} INFO - Dependencies all met for dep_context=non-requeueable deps ti=<TaskInstance: finflow_source_data_pipeline.load_to_gcs_bq.load_account_to_bq manual__2025-01-13T13:51:19.785392+00:00 [queued]>
[2025-01-13T13:57:20.535+0000] {taskinstance.py:1159} INFO - Dependencies all met for dep_context=requeueable deps ti=<TaskInstance: finflow_source_data_pipeline.load_to_gcs_bq.load_account_to_bq manual__2025-01-13T13:51:19.785392+00:00 [queued]>
[2025-01-13T13:57:20.535+0000] {taskinstance.py:1361} INFO - Starting attempt 2 of 2
[2025-01-13T13:57:20.595+0000] {taskinstance.py:1382} INFO - Executing <Task(GCSToBigQueryOperator): load_to_gcs_bq.load_account_to_bq> on 2025-01-13 13:51:19.785392+00:00
[2025-01-13T13:57:20.620+0000] {standard_task_runner.py:57} INFO - Started process 1220 to run task
[2025-01-13T13:57:20.651+0000] {standard_task_runner.py:84} INFO - Running: ['***', 'tasks', 'run', 'finflow_source_data_pipeline', 'load_to_gcs_bq.load_account_to_bq', 'manual__2025-01-13T13:51:19.785392+00:00', '--job-id', '144', '--raw', '--subdir', 'DAGS_FOLDER/finflow.py', '--cfg-path', '/tmp/tmphgdpoows']
[2025-01-13T13:57:20.681+0000] {standard_task_runner.py:85} INFO - Job 144: Subtask load_to_gcs_bq.load_account_to_bq
[2025-01-13T13:57:20.881+0000] {task_command.py:416} INFO - Running <TaskInstance: finflow_source_data_pipeline.load_to_gcs_bq.load_account_to_bq manual__2025-01-13T13:51:19.785392+00:00 [running]> on host ab4e86dc450e
[2025-01-13T13:57:21.193+0000] {taskinstance.py:1662} INFO - Exporting env vars: AIRFLOW_CTX_DAG_OWNER='***' AIRFLOW_CTX_DAG_ID='finflow_source_data_pipeline' AIRFLOW_CTX_TASK_ID='load_to_gcs_bq.load_account_to_bq' AIRFLOW_CTX_EXECUTION_DATE='2025-01-13T13:51:19.785392+00:00' AIRFLOW_CTX_TRY_NUMBER='2' AIRFLOW_CTX_DAG_RUN_ID='manual__2025-01-13T13:51:19.785392+00:00'
[2025-01-13T13:57:21.201+0000] {crypto.py:82} WARNING - empty cryptography key - values will not be stored encrypted.
[2025-01-13T13:57:21.206+0000] {connection.py:232} WARNING - Connection schemes (type: google_cloud_platform) shall not contain '_' according to RFC3986.
[2025-01-13T13:57:21.208+0000] {base.py:73} INFO - Using connection ID 'google_cloud_default' for task execution.
[2025-01-13T13:57:21.211+0000] {gcs_to_bigquery.py:376} INFO - Using existing BigQuery table for storing data...
[2025-01-13T13:57:21.453+0000] {gcs_to_bigquery.py:380} INFO - Executing: {'load': {'autodetect': True, 'createDisposition': 'CREATE_IF_NEEDED', 'destinationTable': {'projectId': 'finflow-analytics-production', 'datasetId': 'finflow_raw', 'tableId': 'src_accounts'}, 'sourceFormat': 'PARQUET', 'sourceUris': ['gs://finflow-analytics-data/raw/accounts/2025-01-13/accounts.parquet'], 'writeDisposition': 'WRITE_APPEND', 'ignoreUnknownValues': False, 'schema': {'fields': [{'name': 'account_key', 'type': 'INTEGER', 'mode': 'REQUIRED'}, {'name': 'account_id', 'type': 'INTEGER', 'mode': 'REQUIRED'}, {'name': 'account_number', 'type': 'STRING', 'mode': 'REQUIRED'}, {'name': 'customer_key', 'type': 'INTEGER', 'mode': 'REQUIRED'}, {'name': 'product_key', 'type': 'INTEGER', 'mode': 'REQUIRED'}, {'name': 'account_type', 'type': 'STRING', 'mode': 'REQUIRED'}, {'name': 'account_status', 'type': 'STRING', 'mode': 'REQUIRED'}, {'name': 'initial_deposit', 'type': 'DECIMAL', 'mode': 'REQUIRED'}, {'name': 'minimum_balance', 'type': 'DECIMAL', 'mode': 'REQUIRED'}, {'name': 'opened_date', 'type': 'DATE', 'mode': 'REQUIRED'}, {'name': 'closed_date', 'type': 'DATE', 'mode': 'NULLABLE'}, {'name': 'is_active', 'type': 'BOOLEAN', 'mode': 'REQUIRED'}, {'name': 'created_at', 'type': 'TIMESTAMP', 'mode': 'REQUIRED'}, {'name': 'updated_at', 'type': 'TIMESTAMP', 'mode': 'REQUIRED'}, {'name': 'ingestion_timestamp', 'type': 'TIMESTAMP', 'mode': 'REQUIRED'}]}}}
[2025-01-13T13:57:21.465+0000] {bigquery.py:1595} INFO - Inserting job ***_finflow_source_data_pipeline_load_to_gcs_bq_load_account_to_bq_2025_01_13T13_51_19_785392_00_00_0767c39797c37d43612ed080be77459b
[2025-01-13T13:57:23.019+0000] {taskinstance.py:1937} ERROR - Task failed with exception
Traceback (most recent call last):
  File "/home/airflow/.local/lib/python3.8/site-packages/airflow/providers/google/cloud/transfers/gcs_to_bigquery.py", line 439, in execute
    job.result(timeout=self.result_timeout, retry=self.result_retry)
  File "/home/airflow/.local/lib/python3.8/site-packages/google/cloud/bigquery/job/base.py", line 922, in result
    return super(_AsyncJob, self).result(timeout=timeout, **kwargs)
  File "/home/airflow/.local/lib/python3.8/site-packages/google/api_core/future/polling.py", line 261, in result
    raise self._exception
google.api_core.exceptions.BadRequest: 400 Error while reading data, error message: Reading column 'initial_deposit' of type DOUBLE as NUMERIC type but its logical type is NONE, expecting DECIMAL. File: gs://finflow-analytics-data/raw/accounts/2025-01-13/accounts.parquet
[2025-01-13T13:57:23.043+0000] {taskinstance.py:1400} INFO - Marking task as FAILED. dag_id=finflow_source_data_pipeline, task_id=load_to_gcs_bq.load_account_to_bq, execution_date=20250113T135119, start_date=20250113T135720, end_date=20250113T135723
[2025-01-13T13:57:23.069+0000] {standard_task_runner.py:104} ERROR - Failed to execute job 144 for task load_to_gcs_bq.load_account_to_bq (400 Error while reading data, error message: Reading column 'initial_deposit' of type DOUBLE as NUMERIC type but its logical type is NONE, expecting DECIMAL. File: gs://finflow-analytics-data/raw/accounts/2025-01-13/accounts.parquet; 1220)
[2025-01-13T13:57:23.139+0000] {local_task_job_runner.py:228} INFO - Task exited with return code 1
[2025-01-13T13:57:23.195+0000] {taskinstance.py:2778} INFO - 0 downstream tasks scheduled from follow-on schedule check
