[2025-01-16T17:06:36.669+0000] {taskinstance.py:1159} INFO - Dependencies all met for dep_context=non-requeueable deps ti=<TaskInstance: finflow_source_data_pipeline.load_to_gcs_bq.transform_customer_timestamps manual__2025-01-16T17:05:02.979191+00:00 [queued]>
[2025-01-16T17:06:36.855+0000] {taskinstance.py:1159} INFO - Dependencies all met for dep_context=requeueable deps ti=<TaskInstance: finflow_source_data_pipeline.load_to_gcs_bq.transform_customer_timestamps manual__2025-01-16T17:05:02.979191+00:00 [queued]>
[2025-01-16T17:06:36.876+0000] {taskinstance.py:1361} INFO - Starting attempt 1 of 1
[2025-01-16T17:06:37.105+0000] {taskinstance.py:1382} INFO - Executing <Task(BigQueryExecuteQueryOperator): load_to_gcs_bq.transform_customer_timestamps> on 2025-01-16 17:05:02.979191+00:00
[2025-01-16T17:06:37.205+0000] {standard_task_runner.py:57} INFO - Started process 2211 to run task
[2025-01-16T17:06:37.225+0000] {standard_task_runner.py:84} INFO - Running: ['***', 'tasks', 'run', 'finflow_source_data_pipeline', 'load_to_gcs_bq.transform_customer_timestamps', 'manual__2025-01-16T17:05:02.979191+00:00', '--job-id', '2081', '--raw', '--subdir', 'DAGS_FOLDER/finflow.py', '--cfg-path', '/tmp/tmplidqiato']
[2025-01-16T17:06:37.279+0000] {standard_task_runner.py:85} INFO - Job 2081: Subtask load_to_gcs_bq.transform_customer_timestamps
[2025-01-16T17:06:37.863+0000] {task_command.py:416} INFO - Running <TaskInstance: finflow_source_data_pipeline.load_to_gcs_bq.transform_customer_timestamps manual__2025-01-16T17:05:02.979191+00:00 [running]> on host e65a9a79c958
[2025-01-16T17:06:38.792+0000] {taskinstance.py:1662} INFO - Exporting env vars: AIRFLOW_CTX_DAG_OWNER='***' AIRFLOW_CTX_DAG_ID='finflow_source_data_pipeline' AIRFLOW_CTX_TASK_ID='load_to_gcs_bq.transform_customer_timestamps' AIRFLOW_CTX_EXECUTION_DATE='2025-01-16T17:05:02.979191+00:00' AIRFLOW_CTX_TRY_NUMBER='1' AIRFLOW_CTX_DAG_RUN_ID='manual__2025-01-16T17:05:02.979191+00:00'
[2025-01-16T17:06:38.795+0000] {bigquery.py:1241} INFO - Executing: 
                    CREATE OR REPLACE TABLE `finflow-analytics-production.finflow_data.src_customers_temp` AS
                    SELECT 
                        customer_key,
                        customer_id,
                        first_name,
                        last_name,
                        email,
                        phone_number,
                        address,
                        city,
                        state,
                        country,
                        postal_code,
                        customer_segment,
                        customer_since_date,
                        total_accounts,
                        active_accounts,
                        total_transaction_volume,
                        TIMESTAMP_SECONDS(CAST(last_transaction_date AS INT64)) as last_transaction_date,
                        is_active,
                        TIMESTAMP_SECONDS(CAST(created_at AS INT64)) as created_at,
                        TIMESTAMP_SECONDS(CAST(updated_at AS INT64)) as updated_at,
                        TIMESTAMP_SECONDS(CAST(ingestion_timestamp AS INT64)) as ingestion_timestamp
                    FROM `finflow-analytics-production.finflow_data.src_customers_temp`
                    
[2025-01-16T17:06:38.834+0000] {crypto.py:82} WARNING - empty cryptography key - values will not be stored encrypted.
[2025-01-16T17:06:38.835+0000] {connection.py:232} WARNING - Connection schemes (type: google_cloud_platform) shall not contain '_' according to RFC3986.
[2025-01-16T17:06:38.846+0000] {base.py:73} INFO - Using connection ID 'google_cloud_default' for task execution.
[2025-01-16T17:06:38.862+0000] {warnings.py:109} WARNING - /home/***/.local/lib/python3.8/site-packages/***/providers/google/cloud/hooks/bigquery.py:2108: AirflowProviderDeprecationWarning: This method is deprecated. Please use `BigQueryHook.insert_job` method.
  warnings.warn(

[2025-01-16T17:06:40.287+0000] {bigquery.py:1595} INFO - Inserting job ***_1737047200285799_5eececf6dd71913f87109308112efb7f
[2025-01-16T17:06:41.338+0000] {taskinstance.py:1937} ERROR - Task failed with exception
Traceback (most recent call last):
  File "/home/airflow/.local/lib/python3.8/site-packages/airflow/providers/google/cloud/operators/bigquery.py", line 1249, in execute
    self.job_id = self.hook.run_query(
  File "/home/airflow/.local/lib/python3.8/site-packages/airflow/providers/google/cloud/hooks/bigquery.py", line 2241, in run_query
    job = self.insert_job(configuration=configuration, project_id=self.project_id, location=location)
  File "/home/airflow/.local/lib/python3.8/site-packages/airflow/providers/google/common/hooks/base_google.py", line 475, in inner_wrapper
    return func(self, *args, **kwargs)
  File "/home/airflow/.local/lib/python3.8/site-packages/airflow/providers/google/cloud/hooks/bigquery.py", line 1601, in insert_job
    job_api_repr.result(timeout=timeout, retry=retry)
  File "/home/airflow/.local/lib/python3.8/site-packages/google/cloud/bigquery/job/query.py", line 1580, in result
    do_get_result()
  File "/home/airflow/.local/lib/python3.8/site-packages/google/cloud/bigquery/job/query.py", line 1570, in do_get_result
    super(QueryJob, self).result(retry=retry, timeout=timeout)
  File "/home/airflow/.local/lib/python3.8/site-packages/google/cloud/bigquery/job/base.py", line 922, in result
    return super(_AsyncJob, self).result(timeout=timeout, **kwargs)
  File "/home/airflow/.local/lib/python3.8/site-packages/google/api_core/future/polling.py", line 261, in result
    raise self._exception
google.api_core.exceptions.BadRequest: 400 Invalid cast from TIMESTAMP to INT64 at [20:48]

Location: us-central1
Job ID: airflow_1737047200285799_5eececf6dd71913f87109308112efb7f

[2025-01-16T17:06:41.428+0000] {taskinstance.py:1400} INFO - Marking task as FAILED. dag_id=finflow_source_data_pipeline, task_id=load_to_gcs_bq.transform_customer_timestamps, execution_date=20250116T170502, start_date=20250116T170636, end_date=20250116T170641
[2025-01-16T17:06:41.674+0000] {standard_task_runner.py:104} ERROR - Failed to execute job 2081 for task load_to_gcs_bq.transform_customer_timestamps (400 Invalid cast from TIMESTAMP to INT64 at [20:48]

Location: us-central1
Job ID: airflow_1737047200285799_5eececf6dd71913f87109308112efb7f
; 2211)
[2025-01-16T17:06:41.834+0000] {local_task_job_runner.py:228} INFO - Task exited with return code 1
[2025-01-16T17:06:42.154+0000] {taskinstance.py:2778} INFO - 0 downstream tasks scheduled from follow-on schedule check
