[2025-01-13T14:48:29.555+0000] {taskinstance.py:1159} INFO - Dependencies all met for dep_context=non-requeueable deps ti=<TaskInstance: finflow_source_data_pipeline.data_quality_checks.data_quality_check manual__2025-01-13T14:47:49.448962+00:00 [queued]>
[2025-01-13T14:48:29.589+0000] {taskinstance.py:1159} INFO - Dependencies all met for dep_context=requeueable deps ti=<TaskInstance: finflow_source_data_pipeline.data_quality_checks.data_quality_check manual__2025-01-13T14:47:49.448962+00:00 [queued]>
[2025-01-13T14:48:29.590+0000] {taskinstance.py:1361} INFO - Starting attempt 1 of 1
[2025-01-13T14:48:29.633+0000] {taskinstance.py:1382} INFO - Executing <Task(BigQueryCheckOperator): data_quality_checks.data_quality_check> on 2025-01-13 14:47:49.448962+00:00
[2025-01-13T14:48:29.652+0000] {standard_task_runner.py:57} INFO - Started process 3452 to run task
[2025-01-13T14:48:29.669+0000] {standard_task_runner.py:84} INFO - Running: ['***', 'tasks', 'run', 'finflow_source_data_pipeline', 'data_quality_checks.data_quality_check', 'manual__2025-01-13T14:47:49.448962+00:00', '--job-id', '323', '--raw', '--subdir', 'DAGS_FOLDER/finflow.py', '--cfg-path', '/tmp/tmp9eu0eiss']
[2025-01-13T14:48:29.681+0000] {standard_task_runner.py:85} INFO - Job 323: Subtask data_quality_checks.data_quality_check
[2025-01-13T14:48:29.827+0000] {task_command.py:416} INFO - Running <TaskInstance: finflow_source_data_pipeline.data_quality_checks.data_quality_check manual__2025-01-13T14:47:49.448962+00:00 [running]> on host ab4e86dc450e
[2025-01-13T14:48:30.102+0000] {taskinstance.py:1662} INFO - Exporting env vars: AIRFLOW_CTX_DAG_OWNER='***' AIRFLOW_CTX_DAG_ID='finflow_source_data_pipeline' AIRFLOW_CTX_TASK_ID='data_quality_checks.data_quality_check' AIRFLOW_CTX_EXECUTION_DATE='2025-01-13T14:47:49.448962+00:00' AIRFLOW_CTX_TRY_NUMBER='1' AIRFLOW_CTX_DAG_RUN_ID='manual__2025-01-13T14:47:49.448962+00:00'
[2025-01-13T14:48:30.104+0000] {sql.py:780} INFO - Executing SQL check: 
        WITH integrity_checks AS (
            -- Check Account to Customer references
            SELECT 
                'account_to_customer' as check_name,
                COUNT(*) as invalid_refs,
                'Accounts referencing non-existent customers' as description
            FROM `finflow-analytics-production.finflow_raw.src_accounts` a
            LEFT JOIN `finflow-analytics-production.finflow_raw.src_customers` c 
                ON a.customer_key = c.customer_key
            WHERE c.customer_key IS NULL
                AND DATE(a.ingestion_timestamp) = DATE('{ ds }')

            UNION ALL

            -- Check Account to Product references
            SELECT 
                'account_to_product' as check_name,
                COUNT(*) as invalid_refs,
                'Accounts referencing non-existent products' as description
            FROM `finflow-analytics-production.finflow_raw.src_accounts` a
            LEFT JOIN `finflow-analytics-production.finflow_raw.src_products` p 
                ON a.product_key = p.product_key
            WHERE p.product_key IS NULL
                AND DATE(a.ingestion_timestamp) = DATE('{ ds }')

            UNION ALL

            -- Check Transaction to Account references
            SELECT 
                'transaction_to_account' as check_name,
                COUNT(*) as invalid_refs,
                'Transactions referencing non-existent accounts' as description
            FROM `finflow-analytics-production.finflow_raw.src_transactions` t
            LEFT JOIN `finflow-analytics-production.finflow_raw.src_accounts` a 
                ON t.account_key = a.account_key
            WHERE a.account_key IS NULL
                AND DATE(t.ingestion_timestamp) = DATE('{ ds }')

            UNION ALL

            -- Check Transaction to Location references
            SELECT 
                'transaction_to_location' as check_name,
                COUNT(*) as invalid_refs,
                'Transactions referencing non-existent locations' as description
            FROM `finflow-analytics-production.finflow_raw.src_transactions` t
            LEFT JOIN `finflow-analytics-production.finflow_raw.src_locations` l 
                ON t.location_key = l.location_key
            WHERE l.location_key IS NULL
                AND DATE(t.ingestion_timestamp) = DATE('{ ds }')

            UNION ALL

            -- Check Transaction to Date references
            SELECT 
                'transaction_to_date' as check_name,
                COUNT(*) as invalid_refs,
                'Transactions referencing non-existent dates' as description
            FROM `finflow-analytics-production.finflow_raw.src_transactions` t
            LEFT JOIN `finflow-analytics-production.finflow_raw.src_dates` d 
                ON t.date_key = d.date_key
            WHERE d.date_key IS NULL
                AND DATE(t.ingestion_timestamp) = DATE('{ ds }')
        )
        SELECT 
            check_name,
            invalid_refs,
            description
        FROM integrity_checks
        WHERE invalid_refs > 0
        
[2025-01-13T14:48:30.107+0000] {crypto.py:82} WARNING - empty cryptography key - values will not be stored encrypted.
[2025-01-13T14:48:30.107+0000] {connection.py:232} WARNING - Connection schemes (type: google_cloud_platform) shall not contain '_' according to RFC3986.
[2025-01-13T14:48:30.109+0000] {base.py:73} INFO - Using connection ID 'google_cloud_default' for task execution.
[2025-01-13T14:48:30.122+0000] {warnings.py:109} WARNING - /home/***/.local/lib/python3.8/site-packages/***/providers/google/cloud/hooks/bigquery.py:144: AirflowProviderDeprecationWarning: This method will be deprecated. Please use `BigQueryHook.get_client` method
  warnings.warn(

[2025-01-13T14:48:30.295+0000] {sql.py:418} INFO - Running statement: 
        WITH integrity_checks AS (
            -- Check Account to Customer references
            SELECT 
                'account_to_customer' as check_name,
                COUNT(*) as invalid_refs,
                'Accounts referencing non-existent customers' as description
            FROM `finflow-analytics-production.finflow_raw.src_accounts` a
            LEFT JOIN `finflow-analytics-production.finflow_raw.src_customers` c 
                ON a.customer_key = c.customer_key
            WHERE c.customer_key IS NULL
                AND DATE(a.ingestion_timestamp) = DATE('{ ds }')

            UNION ALL

            -- Check Account to Product references
            SELECT 
                'account_to_product' as check_name,
                COUNT(*) as invalid_refs,
                'Accounts referencing non-existent products' as description
            FROM `finflow-analytics-production.finflow_raw.src_accounts` a
            LEFT JOIN `finflow-analytics-production.finflow_raw.src_products` p 
                ON a.product_key = p.product_key
            WHERE p.product_key IS NULL
                AND DATE(a.ingestion_timestamp) = DATE('{ ds }')

            UNION ALL

            -- Check Transaction to Account references
            SELECT 
                'transaction_to_account' as check_name,
                COUNT(*) as invalid_refs,
                'Transactions referencing non-existent accounts' as description
            FROM `finflow-analytics-production.finflow_raw.src_transactions` t
            LEFT JOIN `finflow-analytics-production.finflow_raw.src_accounts` a 
                ON t.account_key = a.account_key
            WHERE a.account_key IS NULL
                AND DATE(t.ingestion_timestamp) = DATE('{ ds }')

            UNION ALL

            -- Check Transaction to Location references
            SELECT 
                'transaction_to_location' as check_name,
                COUNT(*) as invalid_refs,
                'Transactions referencing non-existent locations' as description
            FROM `finflow-analytics-production.finflow_raw.src_transactions` t
            LEFT JOIN `finflow-analytics-production.finflow_raw.src_locations` l 
                ON t.location_key = l.location_key
            WHERE l.location_key IS NULL
                AND DATE(t.ingestion_timestamp) = DATE('{ ds }')

            UNION ALL

            -- Check Transaction to Date references
            SELECT 
                'transaction_to_date' as check_name,
                COUNT(*) as invalid_refs,
                'Transactions referencing non-existent dates' as description
            FROM `finflow-analytics-production.finflow_raw.src_transactions` t
            LEFT JOIN `finflow-analytics-production.finflow_raw.src_dates` d 
                ON t.date_key = d.date_key
            WHERE d.date_key IS NULL
                AND DATE(t.ingestion_timestamp) = DATE('{ ds }')
        )
        SELECT 
            check_name,
            invalid_refs,
            description
        FROM integrity_checks
        WHERE invalid_refs > 0
        , parameters: None
[2025-01-13T14:48:30.295+0000] {warnings.py:109} WARNING - /home/***/.local/lib/python3.8/site-packages/***/providers/google/cloud/hooks/bigquery.py:2108: AirflowProviderDeprecationWarning: This method is deprecated. Please use `BigQueryHook.insert_job` method.
  warnings.warn(

[2025-01-13T14:48:30.297+0000] {bigquery.py:1595} INFO - Inserting job ***_1736779710296421_3403ed17d65014471ef739aa6ddb9504
[2025-01-13T14:48:30.633+0000] {taskinstance.py:1937} ERROR - Task failed with exception
Traceback (most recent call last):
  File "/home/airflow/.local/lib/python3.8/site-packages/airflow/providers/google/cloud/operators/bigquery.py", line 300, in execute
    super().execute(context=context)
  File "/home/airflow/.local/lib/python3.8/site-packages/airflow/providers/common/sql/operators/sql.py", line 781, in execute
    records = self.get_db_hook().get_first(self.sql, self.parameters)
  File "/home/airflow/.local/lib/python3.8/site-packages/airflow/providers/common/sql/hooks/sql.py", line 264, in get_first
    return self.run(sql=sql, parameters=parameters, handler=fetch_one_handler)
  File "/home/airflow/.local/lib/python3.8/site-packages/airflow/providers/common/sql/hooks/sql.py", line 392, in run
    self._run_command(cur, sql_statement, parameters)
  File "/home/airflow/.local/lib/python3.8/site-packages/airflow/providers/common/sql/hooks/sql.py", line 423, in _run_command
    cur.execute(sql_statement)
  File "/home/airflow/.local/lib/python3.8/site-packages/airflow/providers/google/cloud/hooks/bigquery.py", line 2778, in execute
    self.job_id = self.hook.run_query(sql)
  File "/home/airflow/.local/lib/python3.8/site-packages/airflow/providers/google/cloud/hooks/bigquery.py", line 2241, in run_query
    job = self.insert_job(configuration=configuration, project_id=self.project_id, location=location)
  File "/home/airflow/.local/lib/python3.8/site-packages/airflow/providers/google/common/hooks/base_google.py", line 475, in inner_wrapper
    return func(self, *args, **kwargs)
  File "/home/airflow/.local/lib/python3.8/site-packages/airflow/providers/google/cloud/hooks/bigquery.py", line 1601, in insert_job
    job_api_repr.result(timeout=timeout, retry=retry)
  File "/home/airflow/.local/lib/python3.8/site-packages/google/cloud/bigquery/job/query.py", line 1580, in result
    do_get_result()
  File "/home/airflow/.local/lib/python3.8/site-packages/google/cloud/bigquery/job/query.py", line 1570, in do_get_result
    super(QueryJob, self).result(retry=retry, timeout=timeout)
  File "/home/airflow/.local/lib/python3.8/site-packages/google/cloud/bigquery/job/base.py", line 922, in result
    return super(_AsyncJob, self).result(timeout=timeout, **kwargs)
  File "/home/airflow/.local/lib/python3.8/site-packages/google/api_core/future/polling.py", line 261, in result
    raise self._exception
google.api_core.exceptions.NotFound: 404 Not found: Dataset finflow-analytics-production:finflow_raw was not found in location us-central1

Location: us-central1
Job ID: airflow_1736779710296421_3403ed17d65014471ef739aa6ddb9504

[2025-01-13T14:48:30.647+0000] {taskinstance.py:1400} INFO - Marking task as FAILED. dag_id=finflow_source_data_pipeline, task_id=data_quality_checks.data_quality_check, execution_date=20250113T144749, start_date=20250113T144829, end_date=20250113T144830
[2025-01-13T14:48:30.662+0000] {standard_task_runner.py:104} ERROR - Failed to execute job 323 for task data_quality_checks.data_quality_check (404 Not found: Dataset finflow-analytics-production:finflow_raw was not found in location us-central1

Location: us-central1
Job ID: airflow_1736779710296421_3403ed17d65014471ef739aa6ddb9504
; 3452)
[2025-01-13T14:48:30.693+0000] {local_task_job_runner.py:228} INFO - Task exited with return code 1
[2025-01-13T14:48:30.717+0000] {taskinstance.py:2778} INFO - 0 downstream tasks scheduled from follow-on schedule check
