[2025-01-14T22:05:20.504+0000] {taskinstance.py:1159} INFO - Dependencies all met for dep_context=non-requeueable deps ti=<TaskInstance: finflow_source_data_pipeline.load_to_gcs_bq.merge_account_to_main manual__2025-01-14T22:03:55.471640+00:00 [queued]>
[2025-01-14T22:05:20.593+0000] {taskinstance.py:1159} INFO - Dependencies all met for dep_context=requeueable deps ti=<TaskInstance: finflow_source_data_pipeline.load_to_gcs_bq.merge_account_to_main manual__2025-01-14T22:03:55.471640+00:00 [queued]>
[2025-01-14T22:05:20.596+0000] {taskinstance.py:1361} INFO - Starting attempt 1 of 1
[2025-01-14T22:05:20.722+0000] {taskinstance.py:1382} INFO - Executing <Task(BigQueryExecuteQueryOperator): load_to_gcs_bq.merge_account_to_main> on 2025-01-14 22:03:55.471640+00:00
[2025-01-14T22:05:20.774+0000] {standard_task_runner.py:57} INFO - Started process 251 to run task
[2025-01-14T22:05:20.830+0000] {standard_task_runner.py:84} INFO - Running: ['***', 'tasks', 'run', 'finflow_source_data_pipeline', 'load_to_gcs_bq.merge_account_to_main', 'manual__2025-01-14T22:03:55.471640+00:00', '--job-id', '1297', '--raw', '--subdir', 'DAGS_FOLDER/finflow.py', '--cfg-path', '/tmp/tmpdiupz0m0']
[2025-01-14T22:05:20.864+0000] {standard_task_runner.py:85} INFO - Job 1297: Subtask load_to_gcs_bq.merge_account_to_main
[2025-01-14T22:05:21.212+0000] {task_command.py:416} INFO - Running <TaskInstance: finflow_source_data_pipeline.load_to_gcs_bq.merge_account_to_main manual__2025-01-14T22:03:55.471640+00:00 [running]> on host 3668defc41dc
[2025-01-14T22:05:21.821+0000] {taskinstance.py:1662} INFO - Exporting env vars: AIRFLOW_CTX_DAG_OWNER='***' AIRFLOW_CTX_DAG_ID='finflow_source_data_pipeline' AIRFLOW_CTX_TASK_ID='load_to_gcs_bq.merge_account_to_main' AIRFLOW_CTX_EXECUTION_DATE='2025-01-14T22:03:55.471640+00:00' AIRFLOW_CTX_TRY_NUMBER='1' AIRFLOW_CTX_DAG_RUN_ID='manual__2025-01-14T22:03:55.471640+00:00'
[2025-01-14T22:05:21.823+0000] {bigquery.py:1241} INFO - Executing: 
-- Create the target table if it doesn't exist
CREATE TABLE IF NOT EXISTS `finflow-analytics-production.finflow_data.src_accounts` (
    account_key INTEGER NOT NULL,
    account_id INTEGER NOT NULL,
    customer_key INTEGER NOT NULL,
    product_key INTEGER NOT NULL,
    account_type STRING NOT NULL,
    account_status STRING NOT NULL,
    initial_deposit FLOAT64 NOT NULL,
    minimum_balance FLOAT64 NOT NULL,
    balance FLOAT64 NOT NULL,
    credit_limit FLOAT64 NOT NULL,
    opened_date DATE NOT NULL,
    closed_date DATE,
    created_at TIMESTAMP NOT NULL,
    updated_at TIMESTAMP NOT NULL,
    ingestion_timestamp TIMESTAMP NOT NULL
);

-- Perform the merge operation
MERGE `finflow-analytics-production.finflow_data.src_accounts` T
USING (
    SELECT 
        account_key, account_id, customer_key, product_key, account_type, account_status, initial_deposit, minimum_balance, balance, credit_limit, created_at, updated_at, ingestion_timestamp
        ,
        PARSE_DATE('%Y-%m-%d', CAST(opened_date AS STRING)) AS opened_date,
        SAFE.PARSE_DATE('%Y-%m-%d', CAST(closed_date AS STRING)) AS closed_date
    FROM `finflow-analytics-production.finflow_data.src_accounts_temp`
) S
ON T.account_key = S.account_key
WHEN MATCHED THEN
    UPDATE SET
        T.account_id = S.account_id,
        T.customer_key = S.customer_key,
        T.product_key = S.product_key,
        T.account_type = S.account_type,
        T.account_status = S.account_status,
        T.initial_deposit = S.initial_deposit,
        T.minimum_balance = S.minimum_balance,
        T.balance = S.balance,
        T.credit_limit = S.credit_limit,
        T.opened_date = S.opened_date,
        T.closed_date = S.closed_date,
        T.created_at = S.created_at,
        T.updated_at = S.updated_at,
        T.ingestion_timestamp = S.ingestion_timestamp
WHEN NOT MATCHED THEN
    INSERT (account_key, account_id, customer_key, product_key, account_type, account_status, initial_deposit, minimum_balance, balance, credit_limit, opened_date, closed_date, created_at, updated_at, ingestion_timestamp)
    VALUES (S.account_key, S.account_id, S.customer_key, S.product_key, S.account_type, S.account_status, S.initial_deposit, S.minimum_balance, S.balance, S.credit_limit, S.opened_date, S.closed_date, S.created_at, S.updated_at, S.ingestion_timestamp)
[2025-01-14T22:05:21.829+0000] {crypto.py:82} WARNING - empty cryptography key - values will not be stored encrypted.
[2025-01-14T22:05:21.851+0000] {connection.py:232} WARNING - Connection schemes (type: google_cloud_platform) shall not contain '_' according to RFC3986.
[2025-01-14T22:05:21.859+0000] {base.py:73} INFO - Using connection ID 'google_cloud_default' for task execution.
[2025-01-14T22:05:21.866+0000] {warnings.py:109} WARNING - /home/***/.local/lib/python3.8/site-packages/***/providers/google/cloud/hooks/bigquery.py:2108: AirflowProviderDeprecationWarning: This method is deprecated. Please use `BigQueryHook.insert_job` method.
  warnings.warn(

[2025-01-14T22:05:22.319+0000] {bigquery.py:1595} INFO - Inserting job ***_1736892322317864_72e43ff323af6590f4580a8acbd94768
[2025-01-14T22:05:25.660+0000] {taskinstance.py:1400} INFO - Marking task as SUCCESS. dag_id=finflow_source_data_pipeline, task_id=load_to_gcs_bq.merge_account_to_main, execution_date=20250114T220355, start_date=20250114T220520, end_date=20250114T220525
[2025-01-14T22:05:25.814+0000] {local_task_job_runner.py:228} INFO - Task exited with return code 0
[2025-01-14T22:05:26.233+0000] {taskinstance.py:2778} INFO - 1 downstream tasks scheduled from follow-on schedule check
