[2025-01-16T20:02:15.292+0000] {taskinstance.py:1159} INFO - Dependencies all met for dep_context=non-requeueable deps ti=<TaskInstance: finflow_source_data_pipeline.data_quality_checks.verify_source_data manual__2025-01-16T19:59:24.635816+00:00 [queued]>
[2025-01-16T20:02:15.368+0000] {taskinstance.py:1159} INFO - Dependencies all met for dep_context=requeueable deps ti=<TaskInstance: finflow_source_data_pipeline.data_quality_checks.verify_source_data manual__2025-01-16T19:59:24.635816+00:00 [queued]>
[2025-01-16T20:02:15.369+0000] {taskinstance.py:1361} INFO - Starting attempt 1 of 1
[2025-01-16T20:02:15.432+0000] {taskinstance.py:1382} INFO - Executing <Task(BigQueryExecuteQueryOperator): data_quality_checks.verify_source_data> on 2025-01-16 19:59:24.635816+00:00
[2025-01-16T20:02:15.459+0000] {standard_task_runner.py:57} INFO - Started process 2587 to run task
[2025-01-16T20:02:15.477+0000] {standard_task_runner.py:84} INFO - Running: ['***', 'tasks', 'run', 'finflow_source_data_pipeline', 'data_quality_checks.verify_source_data', 'manual__2025-01-16T19:59:24.635816+00:00', '--job-id', '2908', '--raw', '--subdir', 'DAGS_FOLDER/finflow.py', '--cfg-path', '/tmp/tmp63qy7h2s']
[2025-01-16T20:02:15.490+0000] {standard_task_runner.py:85} INFO - Job 2908: Subtask data_quality_checks.verify_source_data
[2025-01-16T20:02:15.647+0000] {task_command.py:416} INFO - Running <TaskInstance: finflow_source_data_pipeline.data_quality_checks.verify_source_data manual__2025-01-16T19:59:24.635816+00:00 [running]> on host c35fc3f5a87d
[2025-01-16T20:02:15.921+0000] {taskinstance.py:1662} INFO - Exporting env vars: AIRFLOW_CTX_DAG_OWNER='***' AIRFLOW_CTX_DAG_ID='finflow_source_data_pipeline' AIRFLOW_CTX_TASK_ID='data_quality_checks.verify_source_data' AIRFLOW_CTX_EXECUTION_DATE='2025-01-16T19:59:24.635816+00:00' AIRFLOW_CTX_TRY_NUMBER='1' AIRFLOW_CTX_DAG_RUN_ID='manual__2025-01-16T19:59:24.635816+00:00'
[2025-01-16T20:02:15.924+0000] {bigquery.py:1241} INFO - Executing: 
WITH table_counts AS (
    SELECT 'customers' as table_name, COUNT(*) as record_count 
    FROM `finflow-analytics-production.finflow_data.src_customers`
    UNION ALL
    SELECT 'products', COUNT(*) 
    FROM `finflow-analytics-production.finflow_data.src_products`
    UNION ALL
    SELECT 'locations', COUNT(*) 
    FROM `finflow-analytics-production.finflow_data.src_locations`
    UNION ALL
    SELECT 'accounts', COUNT(*) 
    FROM `finflow-analytics-production.finflow_data.src_accounts`
    UNION ALL
    SELECT 'transactions', COUNT(*) 
    FROM `finflow-analytics-production.finflow_data.src_transactions`
    UNION ALL
    SELECT 'dates', COUNT(*) 
    FROM `finflow-analytics-production.finflow_data.src_dates`
)
SELECT
    CASE 
        WHEN MIN(record_count) = 0 THEN 
            ERROR('One or more source tables are empty')
        ELSE 'All source tables contain data'
    END as validation_result
FROM table_counts;
[2025-01-16T20:02:15.926+0000] {crypto.py:82} WARNING - empty cryptography key - values will not be stored encrypted.
[2025-01-16T20:02:15.934+0000] {connection.py:232} WARNING - Connection schemes (type: google_cloud_platform) shall not contain '_' according to RFC3986.
[2025-01-16T20:02:15.936+0000] {base.py:73} INFO - Using connection ID 'google_cloud_default' for task execution.
[2025-01-16T20:02:15.939+0000] {warnings.py:109} WARNING - /home/***/.local/lib/python3.8/site-packages/***/providers/google/cloud/hooks/bigquery.py:2108: AirflowProviderDeprecationWarning: This method is deprecated. Please use `BigQueryHook.insert_job` method.
  warnings.warn(

[2025-01-16T20:02:16.188+0000] {bigquery.py:1595} INFO - Inserting job ***_1737057736183191_c403d92f986d063ec96401524095b3a6
[2025-01-16T20:02:17.127+0000] {taskinstance.py:1400} INFO - Marking task as SUCCESS. dag_id=finflow_source_data_pipeline, task_id=data_quality_checks.verify_source_data, execution_date=20250116T195924, start_date=20250116T200215, end_date=20250116T200217
[2025-01-16T20:02:17.213+0000] {local_task_job_runner.py:228} INFO - Task exited with return code 0
[2025-01-16T20:02:17.337+0000] {taskinstance.py:2778} INFO - 1 downstream tasks scheduled from follow-on schedule check
