[2025-01-17T15:01:42.398+0000] {taskinstance.py:1159} INFO - Dependencies all met for dep_context=non-requeueable deps ti=<TaskInstance: finflow_source_data_pipeline.load_to_gcs_bq.transform_transaction_timestamps manual__2025-01-17T15:00:07.196996+00:00 [queued]>
[2025-01-17T15:01:42.476+0000] {taskinstance.py:1159} INFO - Dependencies all met for dep_context=requeueable deps ti=<TaskInstance: finflow_source_data_pipeline.load_to_gcs_bq.transform_transaction_timestamps manual__2025-01-17T15:00:07.196996+00:00 [queued]>
[2025-01-17T15:01:42.477+0000] {taskinstance.py:1361} INFO - Starting attempt 1 of 1
[2025-01-17T15:01:42.570+0000] {taskinstance.py:1382} INFO - Executing <Task(BigQueryExecuteQueryOperator): load_to_gcs_bq.transform_transaction_timestamps> on 2025-01-17 15:00:07.196996+00:00
[2025-01-17T15:01:42.622+0000] {standard_task_runner.py:57} INFO - Started process 1130 to run task
[2025-01-17T15:01:42.675+0000] {standard_task_runner.py:84} INFO - Running: ['***', 'tasks', 'run', 'finflow_source_data_pipeline', 'load_to_gcs_bq.transform_transaction_timestamps', 'manual__2025-01-17T15:00:07.196996+00:00', '--job-id', '3287', '--raw', '--subdir', 'DAGS_FOLDER/finflow.py', '--cfg-path', '/tmp/tmp9b0iu84q']
[2025-01-17T15:01:42.728+0000] {standard_task_runner.py:85} INFO - Job 3287: Subtask load_to_gcs_bq.transform_transaction_timestamps
[2025-01-17T15:01:43.072+0000] {task_command.py:416} INFO - Running <TaskInstance: finflow_source_data_pipeline.load_to_gcs_bq.transform_transaction_timestamps manual__2025-01-17T15:00:07.196996+00:00 [running]> on host 9b2833750dff
[2025-01-17T15:01:44.009+0000] {taskinstance.py:1662} INFO - Exporting env vars: AIRFLOW_CTX_DAG_OWNER='***' AIRFLOW_CTX_DAG_ID='finflow_source_data_pipeline' AIRFLOW_CTX_TASK_ID='load_to_gcs_bq.transform_transaction_timestamps' AIRFLOW_CTX_EXECUTION_DATE='2025-01-17T15:00:07.196996+00:00' AIRFLOW_CTX_TRY_NUMBER='1' AIRFLOW_CTX_DAG_RUN_ID='manual__2025-01-17T15:00:07.196996+00:00'
[2025-01-17T15:01:44.015+0000] {bigquery.py:1241} INFO - Executing: 
                    CREATE OR REPLACE TABLE `finflow-analytics-production.finflow_data.src_transactions_temp` AS
                    SELECT 
                        transaction_id,
                        account_key,
                        customer_key,
                        product_key,
                        location_key,
                        date_key,
                        transaction_type,
                        transaction_amount,
                        fee_amount,
                        transaction_status,
                        created_at,
                        updated_at,
                        ingestion_timestamp
                    FROM `finflow-analytics-production.finflow_data.src_transactions_temp`
                    
[2025-01-17T15:01:44.022+0000] {crypto.py:82} WARNING - empty cryptography key - values will not be stored encrypted.
[2025-01-17T15:01:44.044+0000] {connection.py:232} WARNING - Connection schemes (type: google_cloud_platform) shall not contain '_' according to RFC3986.
[2025-01-17T15:01:44.053+0000] {base.py:73} INFO - Using connection ID 'google_cloud_default' for task execution.
[2025-01-17T15:01:44.074+0000] {warnings.py:109} WARNING - /home/***/.local/lib/python3.8/site-packages/***/providers/google/cloud/hooks/bigquery.py:2108: AirflowProviderDeprecationWarning: This method is deprecated. Please use `BigQueryHook.insert_job` method.
  warnings.warn(

[2025-01-17T15:01:44.933+0000] {bigquery.py:1595} INFO - Inserting job ***_1737126104915823_bf3a50791a77bcdfeb432fad76849f10
[2025-01-17T15:01:48.200+0000] {taskinstance.py:1400} INFO - Marking task as SUCCESS. dag_id=finflow_source_data_pipeline, task_id=load_to_gcs_bq.transform_transaction_timestamps, execution_date=20250117T150007, start_date=20250117T150142, end_date=20250117T150148
[2025-01-17T15:01:48.268+0000] {local_task_job_runner.py:228} INFO - Task exited with return code 0
[2025-01-17T15:01:48.495+0000] {taskinstance.py:2778} INFO - 1 downstream tasks scheduled from follow-on schedule check
