[2025-01-16T03:56:38.029+0000] {taskinstance.py:1159} INFO - Dependencies all met for dep_context=non-requeueable deps ti=<TaskInstance: finflow_source_data_pipeline.load_to_gcs_bq.load_customer_to_temp manual__2025-01-16T03:55:30.437726+00:00 [queued]>
[2025-01-16T03:56:38.151+0000] {taskinstance.py:1159} INFO - Dependencies all met for dep_context=requeueable deps ti=<TaskInstance: finflow_source_data_pipeline.load_to_gcs_bq.load_customer_to_temp manual__2025-01-16T03:55:30.437726+00:00 [queued]>
[2025-01-16T03:56:38.153+0000] {taskinstance.py:1361} INFO - Starting attempt 1 of 1
[2025-01-16T03:56:38.229+0000] {taskinstance.py:1382} INFO - Executing <Task(GCSToBigQueryOperator): load_to_gcs_bq.load_customer_to_temp> on 2025-01-16 03:55:30.437726+00:00
[2025-01-16T03:56:38.258+0000] {standard_task_runner.py:57} INFO - Started process 1975 to run task
[2025-01-16T03:56:38.283+0000] {standard_task_runner.py:84} INFO - Running: ['***', 'tasks', 'run', 'finflow_source_data_pipeline', 'load_to_gcs_bq.load_customer_to_temp', 'manual__2025-01-16T03:55:30.437726+00:00', '--job-id', '1906', '--raw', '--subdir', 'DAGS_FOLDER/finflow.py', '--cfg-path', '/tmp/tmp2lmk7nmt']
[2025-01-16T03:56:38.302+0000] {standard_task_runner.py:85} INFO - Job 1906: Subtask load_to_gcs_bq.load_customer_to_temp
[2025-01-16T03:56:38.592+0000] {task_command.py:416} INFO - Running <TaskInstance: finflow_source_data_pipeline.load_to_gcs_bq.load_customer_to_temp manual__2025-01-16T03:55:30.437726+00:00 [running]> on host 39f0a5abbf98
[2025-01-16T03:56:39.223+0000] {taskinstance.py:1662} INFO - Exporting env vars: AIRFLOW_CTX_DAG_OWNER='***' AIRFLOW_CTX_DAG_ID='finflow_source_data_pipeline' AIRFLOW_CTX_TASK_ID='load_to_gcs_bq.load_customer_to_temp' AIRFLOW_CTX_EXECUTION_DATE='2025-01-16T03:55:30.437726+00:00' AIRFLOW_CTX_TRY_NUMBER='1' AIRFLOW_CTX_DAG_RUN_ID='manual__2025-01-16T03:55:30.437726+00:00'
[2025-01-16T03:56:39.233+0000] {crypto.py:82} WARNING - empty cryptography key - values will not be stored encrypted.
[2025-01-16T03:56:39.246+0000] {connection.py:232} WARNING - Connection schemes (type: google_cloud_platform) shall not contain '_' according to RFC3986.
[2025-01-16T03:56:39.253+0000] {base.py:73} INFO - Using connection ID 'google_cloud_default' for task execution.
[2025-01-16T03:56:39.264+0000] {gcs_to_bigquery.py:376} INFO - Using existing BigQuery table for storing data...
[2025-01-16T03:56:39.925+0000] {gcs_to_bigquery.py:380} INFO - Executing: {'load': {'autodetect': True, 'createDisposition': 'CREATE_IF_NEEDED', 'destinationTable': {'projectId': 'finflow-analytics-production', 'datasetId': 'finflow_data', 'tableId': 'src_customers_temp'}, 'sourceFormat': 'PARQUET', 'sourceUris': ['gs://finflow-analytics-data/raw/customers/2025-01-16/customers.parquet'], 'writeDisposition': 'WRITE_TRUNCATE', 'ignoreUnknownValues': False, 'schema': {'fields': [{'name': 'customer_key', 'type': 'INTEGER', 'mode': 'REQUIRED'}, {'name': 'customer_id', 'type': 'INTEGER', 'mode': 'REQUIRED'}, {'name': 'first_name', 'type': 'STRING', 'mode': 'REQUIRED'}, {'name': 'last_name', 'type': 'STRING', 'mode': 'REQUIRED'}, {'name': 'email', 'type': 'STRING', 'mode': 'REQUIRED'}, {'name': 'phone_number', 'type': 'STRING', 'mode': 'REQUIRED'}, {'name': 'address', 'type': 'STRING', 'mode': 'REQUIRED'}, {'name': 'city', 'type': 'STRING', 'mode': 'REQUIRED'}, {'name': 'state', 'type': 'STRING', 'mode': 'REQUIRED'}, {'name': 'country', 'type': 'STRING', 'mode': 'REQUIRED'}, {'name': 'postal_code', 'type': 'STRING', 'mode': 'REQUIRED'}, {'name': 'customer_segment', 'type': 'STRING', 'mode': 'REQUIRED'}, {'name': 'customer_since_date', 'type': 'DATE', 'mode': 'REQUIRED'}, {'name': 'total_accounts', 'type': 'INTEGER', 'mode': 'REQUIRED'}, {'name': 'active_accounts', 'type': 'INTEGER', 'mode': 'REQUIRED'}, {'name': 'total_transaction_volume', 'type': 'FLOAT', 'mode': 'REQUIRED'}, {'name': 'last_transaction_date', 'type': 'TIMESTAMP', 'mode': 'REQUIRED'}, {'name': 'is_active', 'type': 'BOOLEAN', 'mode': 'REQUIRED'}, {'name': 'created_at', 'type': 'TIMESTAMP', 'mode': 'REQUIRED'}, {'name': 'updated_at', 'type': 'TIMESTAMP', 'mode': 'REQUIRED'}, {'name': 'ingestion_timestamp', 'type': 'TIMESTAMP', 'mode': 'REQUIRED'}]}}}
[2025-01-16T03:56:39.955+0000] {bigquery.py:1595} INFO - Inserting job ***_finflow_source_data_pipeline_load_to_gcs_bq_load_customer_to_temp_2025_01_16T03_55_30_437726_00_00_bbe057ab52d1eb11842a9dc7ff3d31ef
[2025-01-16T03:56:42.828+0000] {taskinstance.py:1937} ERROR - Task failed with exception
Traceback (most recent call last):
  File "/home/airflow/.local/lib/python3.8/site-packages/airflow/providers/google/cloud/transfers/gcs_to_bigquery.py", line 439, in execute
    job.result(timeout=self.result_timeout, retry=self.result_retry)
  File "/home/airflow/.local/lib/python3.8/site-packages/google/cloud/bigquery/job/base.py", line 922, in result
    return super(_AsyncJob, self).result(timeout=timeout, **kwargs)
  File "/home/airflow/.local/lib/python3.8/site-packages/google/api_core/future/polling.py", line 261, in result
    raise self._exception
google.api_core.exceptions.BadRequest: 400 Error while reading data, error message: Invalid timestamp microseconds value 1736999754165661000 of logical type NONE; in column 'created_at' File: gs://finflow-analytics-data/raw/customers/2025-01-16/customers.parquet
[2025-01-16T03:56:42.851+0000] {taskinstance.py:1400} INFO - Marking task as FAILED. dag_id=finflow_source_data_pipeline, task_id=load_to_gcs_bq.load_customer_to_temp, execution_date=20250116T035530, start_date=20250116T035638, end_date=20250116T035642
[2025-01-16T03:56:42.895+0000] {standard_task_runner.py:104} ERROR - Failed to execute job 1906 for task load_to_gcs_bq.load_customer_to_temp (400 Error while reading data, error message: Invalid timestamp microseconds value 1736999754165661000 of logical type NONE; in column 'created_at' File: gs://finflow-analytics-data/raw/customers/2025-01-16/customers.parquet; 1975)
[2025-01-16T03:56:42.940+0000] {local_task_job_runner.py:228} INFO - Task exited with return code 1
[2025-01-16T03:56:43.191+0000] {taskinstance.py:2778} INFO - 0 downstream tasks scheduled from follow-on schedule check
