[2025-01-16T21:04:59.702+0000] {taskinstance.py:1159} INFO - Dependencies all met for dep_context=non-requeueable deps ti=<TaskInstance: finflow_source_data_pipeline.data_quality_checks.verify_merge_results_date manual__2025-01-16T21:01:51.688991+00:00 [queued]>
[2025-01-16T21:04:59.891+0000] {taskinstance.py:1159} INFO - Dependencies all met for dep_context=requeueable deps ti=<TaskInstance: finflow_source_data_pipeline.data_quality_checks.verify_merge_results_date manual__2025-01-16T21:01:51.688991+00:00 [queued]>
[2025-01-16T21:04:59.892+0000] {taskinstance.py:1361} INFO - Starting attempt 1 of 1
[2025-01-16T21:05:00.024+0000] {taskinstance.py:1382} INFO - Executing <Task(BigQueryExecuteQueryOperator): data_quality_checks.verify_merge_results_date> on 2025-01-16 21:01:51.688991+00:00
[2025-01-16T21:05:00.139+0000] {standard_task_runner.py:57} INFO - Started process 5383 to run task
[2025-01-16T21:05:00.142+0000] {standard_task_runner.py:84} INFO - Running: ['***', 'tasks', 'run', 'finflow_source_data_pipeline', 'data_quality_checks.verify_merge_results_date', 'manual__2025-01-16T21:01:51.688991+00:00', '--job-id', '3157', '--raw', '--subdir', 'DAGS_FOLDER/finflow.py', '--cfg-path', '/tmp/tmpatuj9uyt']
[2025-01-16T21:05:00.224+0000] {standard_task_runner.py:85} INFO - Job 3157: Subtask data_quality_checks.verify_merge_results_date
[2025-01-16T21:05:00.589+0000] {task_command.py:416} INFO - Running <TaskInstance: finflow_source_data_pipeline.data_quality_checks.verify_merge_results_date manual__2025-01-16T21:01:51.688991+00:00 [running]> on host c35fc3f5a87d
[2025-01-16T21:05:01.288+0000] {taskinstance.py:1662} INFO - Exporting env vars: AIRFLOW_CTX_DAG_OWNER='***' AIRFLOW_CTX_DAG_ID='finflow_source_data_pipeline' AIRFLOW_CTX_TASK_ID='data_quality_checks.verify_merge_results_date' AIRFLOW_CTX_EXECUTION_DATE='2025-01-16T21:01:51.688991+00:00' AIRFLOW_CTX_TRY_NUMBER='1' AIRFLOW_CTX_DAG_RUN_ID='manual__2025-01-16T21:01:51.688991+00:00'
[2025-01-16T21:05:01.291+0000] {bigquery.py:1241} INFO - Executing: 
WITH pre_counts AS (
    SELECT 
        'dates' as table_name,
        COUNT(*) as pre_merge_count
    FROM `finflow-analytics-production.finflow_data.src_dates`
    WHERE DATE(ingestion_timestamp) < DATE('2025-01-16')
),
post_counts AS (
    SELECT 
        'dates' as table_name,
        COUNT(*) as post_merge_count
    FROM `finflow-analytics-production.finflow_data.src_dates`
    WHERE DATE(ingestion_timestamp) <= DATE('2025-01-16')
),
new_records AS (
    SELECT 
        'dates' as table_name,
        COUNT(*) as new_record_count
    FROM `finflow-analytics-production.finflow_data.src_dates`
    WHERE DATE(ingestion_timestamp) = DATE('2025-01-16')
)
SELECT
    CASE 
        WHEN post_counts.post_merge_count < pre_counts.pre_merge_count 
        THEN ERROR('Data loss detected in dates table')
        WHEN post_counts.post_merge_count - pre_counts.pre_merge_count != new_records.new_record_count
        THEN ERROR('Unexpected record count after merge in dates table')
        ELSE 'Merge validation successful for dates table'
    END as validation_result
FROM pre_counts
JOIN post_counts ON pre_counts.table_name = post_counts.table_name
JOIN new_records ON pre_counts.table_name = new_records.table_name
[2025-01-16T21:05:01.305+0000] {crypto.py:82} WARNING - empty cryptography key - values will not be stored encrypted.
[2025-01-16T21:05:01.306+0000] {connection.py:232} WARNING - Connection schemes (type: google_cloud_platform) shall not contain '_' according to RFC3986.
[2025-01-16T21:05:01.320+0000] {base.py:73} INFO - Using connection ID 'google_cloud_default' for task execution.
[2025-01-16T21:05:01.323+0000] {warnings.py:109} WARNING - /home/***/.local/lib/python3.8/site-packages/***/providers/google/cloud/hooks/bigquery.py:2108: AirflowProviderDeprecationWarning: This method is deprecated. Please use `BigQueryHook.insert_job` method.
  warnings.warn(

[2025-01-16T21:05:01.853+0000] {bigquery.py:1595} INFO - Inserting job ***_1737061501845929_b9626c5bbbbc885eb4a9227bd89bb8cd
[2025-01-16T21:05:03.139+0000] {taskinstance.py:1400} INFO - Marking task as SUCCESS. dag_id=finflow_source_data_pipeline, task_id=data_quality_checks.verify_merge_results_date, execution_date=20250116T210151, start_date=20250116T210459, end_date=20250116T210503
[2025-01-16T21:05:03.301+0000] {local_task_job_runner.py:228} INFO - Task exited with return code 0
[2025-01-16T21:05:03.514+0000] {taskinstance.py:2778} INFO - 0 downstream tasks scheduled from follow-on schedule check
