[2025-01-16T20:43:11.346+0000] {taskinstance.py:1159} INFO - Dependencies all met for dep_context=non-requeueable deps ti=<TaskInstance: finflow_source_data_pipeline.data_quality_checks.verify_merge_results_product manual__2025-01-16T20:40:28.440935+00:00 [queued]>
[2025-01-16T20:43:11.666+0000] {taskinstance.py:1159} INFO - Dependencies all met for dep_context=requeueable deps ti=<TaskInstance: finflow_source_data_pipeline.data_quality_checks.verify_merge_results_product manual__2025-01-16T20:40:28.440935+00:00 [queued]>
[2025-01-16T20:43:11.667+0000] {taskinstance.py:1361} INFO - Starting attempt 1 of 1
[2025-01-16T20:43:11.956+0000] {taskinstance.py:1382} INFO - Executing <Task(BigQueryExecuteQueryOperator): data_quality_checks.verify_merge_results_product> on 2025-01-16 20:40:28.440935+00:00
[2025-01-16T20:43:12.043+0000] {standard_task_runner.py:57} INFO - Started process 4446 to run task
[2025-01-16T20:43:12.066+0000] {standard_task_runner.py:84} INFO - Running: ['***', 'tasks', 'run', 'finflow_source_data_pipeline', 'data_quality_checks.verify_merge_results_product', 'manual__2025-01-16T20:40:28.440935+00:00', '--job-id', '3078', '--raw', '--subdir', 'DAGS_FOLDER/finflow.py', '--cfg-path', '/tmp/tmpj7s1dv8j']
[2025-01-16T20:43:12.151+0000] {standard_task_runner.py:85} INFO - Job 3078: Subtask data_quality_checks.verify_merge_results_product
[2025-01-16T20:43:12.947+0000] {task_command.py:416} INFO - Running <TaskInstance: finflow_source_data_pipeline.data_quality_checks.verify_merge_results_product manual__2025-01-16T20:40:28.440935+00:00 [running]> on host c35fc3f5a87d
[2025-01-16T20:43:13.895+0000] {taskinstance.py:1662} INFO - Exporting env vars: AIRFLOW_CTX_DAG_OWNER='***' AIRFLOW_CTX_DAG_ID='finflow_source_data_pipeline' AIRFLOW_CTX_TASK_ID='data_quality_checks.verify_merge_results_product' AIRFLOW_CTX_EXECUTION_DATE='2025-01-16T20:40:28.440935+00:00' AIRFLOW_CTX_TRY_NUMBER='1' AIRFLOW_CTX_DAG_RUN_ID='manual__2025-01-16T20:40:28.440935+00:00'
[2025-01-16T20:43:13.911+0000] {bigquery.py:1241} INFO - Executing: 
WITH pre_counts AS (
    SELECT 
        'products' as table_name,
        COUNT(*) as pre_merge_count
    FROM `finflow-analytics-production.finflow_data.src_products`
    WHERE DATE(ingestion_timestamp) < DATE('2025-01-16')
),
post_counts AS (
    SELECT 
        'products' as table_name,
        COUNT(*) as post_merge_count
    FROM `finflow-analytics-production.finflow_data.src_products`
    WHERE DATE(ingestion_timestamp) <= DATE('2025-01-16')
),
new_records AS (
    SELECT 
        'products' as table_name,
        COUNT(*) as new_record_count
    FROM `finflow-analytics-production.finflow_data.src_products`
    WHERE DATE(ingestion_timestamp) = DATE('2025-01-16')
)
SELECT
    CASE 
        WHEN post_counts.post_merge_count < pre_counts.pre_merge_count 
        THEN ERROR('Data loss detected in products table')
        WHEN post_counts.post_merge_count - pre_counts.pre_merge_count != new_records.new_record_count
        THEN ERROR('Unexpected record count after merge in products table')
        ELSE 'Merge validation successful for products table'
    END as validation_result
FROM pre_counts
JOIN post_counts ON pre_counts.table_name = post_counts.table_name
JOIN new_records ON pre_counts.table_name = new_records.table_name
[2025-01-16T20:43:13.940+0000] {crypto.py:82} WARNING - empty cryptography key - values will not be stored encrypted.
[2025-01-16T20:43:13.941+0000] {connection.py:232} WARNING - Connection schemes (type: google_cloud_platform) shall not contain '_' according to RFC3986.
[2025-01-16T20:43:13.942+0000] {base.py:73} INFO - Using connection ID 'google_cloud_default' for task execution.
[2025-01-16T20:43:13.985+0000] {warnings.py:109} WARNING - /home/***/.local/lib/python3.8/site-packages/***/providers/google/cloud/hooks/bigquery.py:2108: AirflowProviderDeprecationWarning: This method is deprecated. Please use `BigQueryHook.insert_job` method.
  warnings.warn(

[2025-01-16T20:43:14.660+0000] {bigquery.py:1595} INFO - Inserting job ***_1737060194626975_e02f4777177597c0a93bedb1c38959e5
[2025-01-16T20:43:16.503+0000] {taskinstance.py:1400} INFO - Marking task as SUCCESS. dag_id=finflow_source_data_pipeline, task_id=data_quality_checks.verify_merge_results_product, execution_date=20250116T204028, start_date=20250116T204311, end_date=20250116T204316
[2025-01-16T20:43:16.824+0000] {local_task_job_runner.py:228} INFO - Task exited with return code 0
[2025-01-16T20:43:17.049+0000] {taskinstance.py:2778} INFO - 1 downstream tasks scheduled from follow-on schedule check
