[2025-01-16T20:57:29.996+0000] {taskinstance.py:1159} INFO - Dependencies all met for dep_context=non-requeueable deps ti=<TaskInstance: finflow_source_data_pipeline.load_to_gcs_bq.transform_product_timestamps manual__2025-01-16T20:56:03.755023+00:00 [queued]>
[2025-01-16T20:57:30.087+0000] {taskinstance.py:1159} INFO - Dependencies all met for dep_context=requeueable deps ti=<TaskInstance: finflow_source_data_pipeline.load_to_gcs_bq.transform_product_timestamps manual__2025-01-16T20:56:03.755023+00:00 [queued]>
[2025-01-16T20:57:30.092+0000] {taskinstance.py:1361} INFO - Starting attempt 1 of 1
[2025-01-16T20:57:30.187+0000] {taskinstance.py:1382} INFO - Executing <Task(BigQueryExecuteQueryOperator): load_to_gcs_bq.transform_product_timestamps> on 2025-01-16 20:56:03.755023+00:00
[2025-01-16T20:57:30.242+0000] {standard_task_runner.py:57} INFO - Started process 5007 to run task
[2025-01-16T20:57:30.279+0000] {standard_task_runner.py:84} INFO - Running: ['***', 'tasks', 'run', 'finflow_source_data_pipeline', 'load_to_gcs_bq.transform_product_timestamps', 'manual__2025-01-16T20:56:03.755023+00:00', '--job-id', '3106', '--raw', '--subdir', 'DAGS_FOLDER/finflow.py', '--cfg-path', '/tmp/tmpx9jchg1_']
[2025-01-16T20:57:30.307+0000] {standard_task_runner.py:85} INFO - Job 3106: Subtask load_to_gcs_bq.transform_product_timestamps
[2025-01-16T20:57:30.626+0000] {task_command.py:416} INFO - Running <TaskInstance: finflow_source_data_pipeline.load_to_gcs_bq.transform_product_timestamps manual__2025-01-16T20:56:03.755023+00:00 [running]> on host c35fc3f5a87d
[2025-01-16T20:57:31.381+0000] {taskinstance.py:1662} INFO - Exporting env vars: AIRFLOW_CTX_DAG_OWNER='***' AIRFLOW_CTX_DAG_ID='finflow_source_data_pipeline' AIRFLOW_CTX_TASK_ID='load_to_gcs_bq.transform_product_timestamps' AIRFLOW_CTX_EXECUTION_DATE='2025-01-16T20:56:03.755023+00:00' AIRFLOW_CTX_TRY_NUMBER='1' AIRFLOW_CTX_DAG_RUN_ID='manual__2025-01-16T20:56:03.755023+00:00'
[2025-01-16T20:57:31.384+0000] {bigquery.py:1241} INFO - Executing: 
                    CREATE OR REPLACE TABLE `finflow-analytics-production.finflow_data.src_products_temp` AS
                    SELECT 
                        product_key,
                        product_id,
                        product_name,
                        product_category,
                        product_subcategory,
                        interest_rate,
                        monthly_fee,
                        is_active,
                        created_at,
                        updated_at,
                        ingestion_timestamp
                    FROM `finflow-analytics-production.finflow_data.src_products_temp`
                    
[2025-01-16T20:57:31.409+0000] {crypto.py:82} WARNING - empty cryptography key - values will not be stored encrypted.
[2025-01-16T20:57:31.440+0000] {connection.py:232} WARNING - Connection schemes (type: google_cloud_platform) shall not contain '_' according to RFC3986.
[2025-01-16T20:57:31.452+0000] {base.py:73} INFO - Using connection ID 'google_cloud_default' for task execution.
[2025-01-16T20:57:31.467+0000] {warnings.py:109} WARNING - /home/***/.local/lib/python3.8/site-packages/***/providers/google/cloud/hooks/bigquery.py:2108: AirflowProviderDeprecationWarning: This method is deprecated. Please use `BigQueryHook.insert_job` method.
  warnings.warn(

[2025-01-16T20:57:32.230+0000] {bigquery.py:1595} INFO - Inserting job ***_1737061052228519_60652c4df09758d939c100e5c0a35ee2
[2025-01-16T20:57:35.401+0000] {taskinstance.py:1400} INFO - Marking task as SUCCESS. dag_id=finflow_source_data_pipeline, task_id=load_to_gcs_bq.transform_product_timestamps, execution_date=20250116T205603, start_date=20250116T205730, end_date=20250116T205735
[2025-01-16T20:57:35.716+0000] {local_task_job_runner.py:228} INFO - Task exited with return code 0
[2025-01-16T20:57:36.056+0000] {taskinstance.py:2778} INFO - 2 downstream tasks scheduled from follow-on schedule check
