[2025-01-13T13:49:02.223+0000] {taskinstance.py:1159} INFO - Dependencies all met for dep_context=non-requeueable deps ti=<TaskInstance: finflow_source_data_pipeline.load_to_gcs_bq.upload_date_to_gcs manual__2025-01-13T13:43:25.319190+00:00 [queued]>
[2025-01-13T13:49:02.266+0000] {taskinstance.py:1159} INFO - Dependencies all met for dep_context=requeueable deps ti=<TaskInstance: finflow_source_data_pipeline.load_to_gcs_bq.upload_date_to_gcs manual__2025-01-13T13:43:25.319190+00:00 [queued]>
[2025-01-13T13:49:02.267+0000] {taskinstance.py:1361} INFO - Starting attempt 2 of 2
[2025-01-13T13:49:02.308+0000] {taskinstance.py:1382} INFO - Executing <Task(LocalFilesystemToGCSOperator): load_to_gcs_bq.upload_date_to_gcs> on 2025-01-13 13:43:25.319190+00:00
[2025-01-13T13:49:02.334+0000] {standard_task_runner.py:57} INFO - Started process 856 to run task
[2025-01-13T13:49:02.348+0000] {standard_task_runner.py:84} INFO - Running: ['***', 'tasks', 'run', 'finflow_source_data_pipeline', 'load_to_gcs_bq.upload_date_to_gcs', 'manual__2025-01-13T13:43:25.319190+00:00', '--job-id', '115', '--raw', '--subdir', 'DAGS_FOLDER/finflow.py', '--cfg-path', '/tmp/tmpb33y1zgw']
[2025-01-13T13:49:02.385+0000] {standard_task_runner.py:85} INFO - Job 115: Subtask load_to_gcs_bq.upload_date_to_gcs
[2025-01-13T13:49:02.567+0000] {task_command.py:416} INFO - Running <TaskInstance: finflow_source_data_pipeline.load_to_gcs_bq.upload_date_to_gcs manual__2025-01-13T13:43:25.319190+00:00 [running]> on host ab4e86dc450e
[2025-01-13T13:49:02.839+0000] {taskinstance.py:1662} INFO - Exporting env vars: AIRFLOW_CTX_DAG_OWNER='***' AIRFLOW_CTX_DAG_ID='finflow_source_data_pipeline' AIRFLOW_CTX_TASK_ID='load_to_gcs_bq.upload_date_to_gcs' AIRFLOW_CTX_EXECUTION_DATE='2025-01-13T13:43:25.319190+00:00' AIRFLOW_CTX_TRY_NUMBER='2' AIRFLOW_CTX_DAG_RUN_ID='manual__2025-01-13T13:43:25.319190+00:00'
[2025-01-13T13:49:02.843+0000] {crypto.py:82} WARNING - empty cryptography key - values will not be stored encrypted.
[2025-01-13T13:49:02.843+0000] {connection.py:232} WARNING - Connection schemes (type: google_cloud_platform) shall not contain '_' according to RFC3986.
[2025-01-13T13:49:02.845+0000] {base.py:73} INFO - Using connection ID 'google_cloud_default' for task execution.
[2025-01-13T13:49:02.849+0000] {taskinstance.py:1937} ERROR - Task failed with exception
Traceback (most recent call last):
  File "/home/airflow/.local/lib/python3.8/site-packages/airflow/providers/google/cloud/transfers/local_to_gcs.py", line 97, in execute
    raise FileNotFoundError(self.src)
FileNotFoundError: None
[2025-01-13T13:49:02.868+0000] {taskinstance.py:1400} INFO - Marking task as FAILED. dag_id=finflow_source_data_pipeline, task_id=load_to_gcs_bq.upload_date_to_gcs, execution_date=20250113T134325, start_date=20250113T134902, end_date=20250113T134902
[2025-01-13T13:49:02.895+0000] {standard_task_runner.py:104} ERROR - Failed to execute job 115 for task load_to_gcs_bq.upload_date_to_gcs (None; 856)
[2025-01-13T13:49:02.939+0000] {local_task_job_runner.py:228} INFO - Task exited with return code 1
[2025-01-13T13:49:03.042+0000] {taskinstance.py:2778} INFO - 0 downstream tasks scheduled from follow-on schedule check
