[2025-01-16T16:57:40.933+0000] {taskinstance.py:1159} INFO - Dependencies all met for dep_context=non-requeueable deps ti=<TaskInstance: finflow_source_data_pipeline.load_to_gcs_bq.transform_account_timestamps manual__2025-01-16T16:56:03.769592+00:00 [queued]>
[2025-01-16T16:57:41.208+0000] {taskinstance.py:1159} INFO - Dependencies all met for dep_context=requeueable deps ti=<TaskInstance: finflow_source_data_pipeline.load_to_gcs_bq.transform_account_timestamps manual__2025-01-16T16:56:03.769592+00:00 [queued]>
[2025-01-16T16:57:41.234+0000] {taskinstance.py:1361} INFO - Starting attempt 1 of 1
[2025-01-16T16:57:41.512+0000] {taskinstance.py:1382} INFO - Executing <Task(BigQueryExecuteQueryOperator): load_to_gcs_bq.transform_account_timestamps> on 2025-01-16 16:56:03.769592+00:00
[2025-01-16T16:57:41.673+0000] {standard_task_runner.py:57} INFO - Started process 1843 to run task
[2025-01-16T16:57:41.787+0000] {standard_task_runner.py:84} INFO - Running: ['***', 'tasks', 'run', 'finflow_source_data_pipeline', 'load_to_gcs_bq.transform_account_timestamps', 'manual__2025-01-16T16:56:03.769592+00:00', '--job-id', '2052', '--raw', '--subdir', 'DAGS_FOLDER/finflow.py', '--cfg-path', '/tmp/tmpk1nwsv6h']
[2025-01-16T16:57:41.875+0000] {standard_task_runner.py:85} INFO - Job 2052: Subtask load_to_gcs_bq.transform_account_timestamps
[2025-01-16T16:57:42.661+0000] {task_command.py:416} INFO - Running <TaskInstance: finflow_source_data_pipeline.load_to_gcs_bq.transform_account_timestamps manual__2025-01-16T16:56:03.769592+00:00 [running]> on host e65a9a79c958
[2025-01-16T16:57:44.188+0000] {taskinstance.py:1662} INFO - Exporting env vars: AIRFLOW_CTX_DAG_OWNER='***' AIRFLOW_CTX_DAG_ID='finflow_source_data_pipeline' AIRFLOW_CTX_TASK_ID='load_to_gcs_bq.transform_account_timestamps' AIRFLOW_CTX_EXECUTION_DATE='2025-01-16T16:56:03.769592+00:00' AIRFLOW_CTX_TRY_NUMBER='1' AIRFLOW_CTX_DAG_RUN_ID='manual__2025-01-16T16:56:03.769592+00:00'
[2025-01-16T16:57:44.229+0000] {bigquery.py:1241} INFO - Executing: 
                CREATE OR REPLACE TABLE `finflow-analytics-production.finflow_data.src_accounts_temp` AS
                SELECT 
                    CASE WHEN 'account_key' IN ('created_at', 'updated_at', 'ingestion_timestamp') THEN TIMESTAMP_SECONDS(CAST(account_key AS INT64)) ELSE account_key END AS account_key, CASE WHEN 'account_id' IN ('created_at', 'updated_at', 'ingestion_timestamp') THEN TIMESTAMP_SECONDS(CAST(account_id AS INT64)) ELSE account_id END AS account_id, CASE WHEN 'customer_key' IN ('created_at', 'updated_at', 'ingestion_timestamp') THEN TIMESTAMP_SECONDS(CAST(customer_key AS INT64)) ELSE customer_key END AS customer_key, CASE WHEN 'product_key' IN ('created_at', 'updated_at', 'ingestion_timestamp') THEN TIMESTAMP_SECONDS(CAST(product_key AS INT64)) ELSE product_key END AS product_key, CASE WHEN 'account_type' IN ('created_at', 'updated_at', 'ingestion_timestamp') THEN TIMESTAMP_SECONDS(CAST(account_type AS INT64)) ELSE account_type END AS account_type, CASE WHEN 'account_status' IN ('created_at', 'updated_at', 'ingestion_timestamp') THEN TIMESTAMP_SECONDS(CAST(account_status AS INT64)) ELSE account_status END AS account_status, CASE WHEN 'initial_deposit' IN ('created_at', 'updated_at', 'ingestion_timestamp') THEN TIMESTAMP_SECONDS(CAST(initial_deposit AS INT64)) ELSE initial_deposit END AS initial_deposit, CASE WHEN 'minimum_balance' IN ('created_at', 'updated_at', 'ingestion_timestamp') THEN TIMESTAMP_SECONDS(CAST(minimum_balance AS INT64)) ELSE minimum_balance END AS minimum_balance, CASE WHEN 'balance' IN ('created_at', 'updated_at', 'ingestion_timestamp') THEN TIMESTAMP_SECONDS(CAST(balance AS INT64)) ELSE balance END AS balance, CASE WHEN 'credit_limit' IN ('created_at', 'updated_at', 'ingestion_timestamp') THEN TIMESTAMP_SECONDS(CAST(credit_limit AS INT64)) ELSE credit_limit END AS credit_limit, CASE WHEN 'opened_date' IN ('created_at', 'updated_at', 'ingestion_timestamp') THEN TIMESTAMP_SECONDS(CAST(opened_date AS INT64)) ELSE opened_date END AS opened_date, CASE WHEN 'closed_date' IN ('created_at', 'updated_at', 'ingestion_timestamp') THEN TIMESTAMP_SECONDS(CAST(closed_date AS INT64)) ELSE closed_date END AS closed_date, CASE WHEN 'created_at' IN ('created_at', 'updated_at', 'ingestion_timestamp') THEN TIMESTAMP_SECONDS(CAST(created_at AS INT64)) ELSE created_at END AS created_at, CASE WHEN 'updated_at' IN ('created_at', 'updated_at', 'ingestion_timestamp') THEN TIMESTAMP_SECONDS(CAST(updated_at AS INT64)) ELSE updated_at END AS updated_at, CASE WHEN 'ingestion_timestamp' IN ('created_at', 'updated_at', 'ingestion_timestamp') THEN TIMESTAMP_SECONDS(CAST(ingestion_timestamp AS INT64)) ELSE ingestion_timestamp END AS ingestion_timestamp
                FROM `finflow-analytics-production.finflow_data.src_accounts_temp`
                
[2025-01-16T16:57:44.241+0000] {crypto.py:82} WARNING - empty cryptography key - values will not be stored encrypted.
[2025-01-16T16:57:44.281+0000] {connection.py:232} WARNING - Connection schemes (type: google_cloud_platform) shall not contain '_' according to RFC3986.
[2025-01-16T16:57:44.297+0000] {base.py:73} INFO - Using connection ID 'google_cloud_default' for task execution.
[2025-01-16T16:57:44.348+0000] {warnings.py:109} WARNING - /home/***/.local/lib/python3.8/site-packages/***/providers/google/cloud/hooks/bigquery.py:2108: AirflowProviderDeprecationWarning: This method is deprecated. Please use `BigQueryHook.insert_job` method.
  warnings.warn(

[2025-01-16T16:57:45.509+0000] {bigquery.py:1595} INFO - Inserting job ***_1737046665507978_828213a65c48cbd7c48b1d4df6d7948f
[2025-01-16T16:57:46.997+0000] {taskinstance.py:1937} ERROR - Task failed with exception
Traceback (most recent call last):
  File "/home/airflow/.local/lib/python3.8/site-packages/airflow/providers/google/cloud/operators/bigquery.py", line 1249, in execute
    self.job_id = self.hook.run_query(
  File "/home/airflow/.local/lib/python3.8/site-packages/airflow/providers/google/cloud/hooks/bigquery.py", line 2241, in run_query
    job = self.insert_job(configuration=configuration, project_id=self.project_id, location=location)
  File "/home/airflow/.local/lib/python3.8/site-packages/airflow/providers/google/common/hooks/base_google.py", line 475, in inner_wrapper
    return func(self, *args, **kwargs)
  File "/home/airflow/.local/lib/python3.8/site-packages/airflow/providers/google/cloud/hooks/bigquery.py", line 1601, in insert_job
    job_api_repr.result(timeout=timeout, retry=retry)
  File "/home/airflow/.local/lib/python3.8/site-packages/google/cloud/bigquery/job/query.py", line 1580, in result
    do_get_result()
  File "/home/airflow/.local/lib/python3.8/site-packages/google/cloud/bigquery/job/query.py", line 1570, in do_get_result
    super(QueryJob, self).result(retry=retry, timeout=timeout)
  File "/home/airflow/.local/lib/python3.8/site-packages/google/cloud/bigquery/job/base.py", line 922, in result
    return super(_AsyncJob, self).result(timeout=timeout, **kwargs)
  File "/home/airflow/.local/lib/python3.8/site-packages/google/api_core/future/polling.py", line 261, in result
    raise self._exception
google.api_core.exceptions.BadRequest: 400 No matching signature for operator CASE; all THEN/ELSE arguments must be coercible to a common type but found: INT64, TIMESTAMP; actual argument types (WHEN THEN) ELSE: (BOOL TIMESTAMP) INT64 at [4:21]

Location: us-central1
Job ID: airflow_1737046665507978_828213a65c48cbd7c48b1d4df6d7948f

[2025-01-16T16:57:47.132+0000] {taskinstance.py:1400} INFO - Marking task as FAILED. dag_id=finflow_source_data_pipeline, task_id=load_to_gcs_bq.transform_account_timestamps, execution_date=20250116T165603, start_date=20250116T165740, end_date=20250116T165747
[2025-01-16T16:57:47.332+0000] {standard_task_runner.py:104} ERROR - Failed to execute job 2052 for task load_to_gcs_bq.transform_account_timestamps (400 No matching signature for operator CASE; all THEN/ELSE arguments must be coercible to a common type but found: INT64, TIMESTAMP; actual argument types (WHEN THEN) ELSE: (BOOL TIMESTAMP) INT64 at [4:21]

Location: us-central1
Job ID: airflow_1737046665507978_828213a65c48cbd7c48b1d4df6d7948f
; 1843)
[2025-01-16T16:57:47.544+0000] {local_task_job_runner.py:228} INFO - Task exited with return code 1
[2025-01-16T16:57:48.034+0000] {taskinstance.py:2778} INFO - 0 downstream tasks scheduled from follow-on schedule check
