[2025-01-16T16:54:07.891+0000] {taskinstance.py:1159} INFO - Dependencies all met for dep_context=non-requeueable deps ti=<TaskInstance: finflow_source_data_pipeline.load_to_gcs_bq.load_date_to_temp manual__2025-01-16T16:52:58.098262+00:00 [queued]>
[2025-01-16T16:54:07.933+0000] {taskinstance.py:1159} INFO - Dependencies all met for dep_context=requeueable deps ti=<TaskInstance: finflow_source_data_pipeline.load_to_gcs_bq.load_date_to_temp manual__2025-01-16T16:52:58.098262+00:00 [queued]>
[2025-01-16T16:54:07.934+0000] {taskinstance.py:1361} INFO - Starting attempt 1 of 1
[2025-01-16T16:54:07.994+0000] {taskinstance.py:1382} INFO - Executing <Task(GCSToBigQueryOperator): load_to_gcs_bq.load_date_to_temp> on 2025-01-16 16:52:58.098262+00:00
[2025-01-16T16:54:08.032+0000] {standard_task_runner.py:57} INFO - Started process 1658 to run task
[2025-01-16T16:54:08.068+0000] {standard_task_runner.py:84} INFO - Running: ['***', 'tasks', 'run', 'finflow_source_data_pipeline', 'load_to_gcs_bq.load_date_to_temp', 'manual__2025-01-16T16:52:58.098262+00:00', '--job-id', '2030', '--raw', '--subdir', 'DAGS_FOLDER/finflow.py', '--cfg-path', '/tmp/tmp5iiiw8rk']
[2025-01-16T16:54:08.113+0000] {standard_task_runner.py:85} INFO - Job 2030: Subtask load_to_gcs_bq.load_date_to_temp
[2025-01-16T16:54:08.466+0000] {task_command.py:416} INFO - Running <TaskInstance: finflow_source_data_pipeline.load_to_gcs_bq.load_date_to_temp manual__2025-01-16T16:52:58.098262+00:00 [running]> on host e65a9a79c958
[2025-01-16T16:54:08.907+0000] {taskinstance.py:1662} INFO - Exporting env vars: AIRFLOW_CTX_DAG_OWNER='***' AIRFLOW_CTX_DAG_ID='finflow_source_data_pipeline' AIRFLOW_CTX_TASK_ID='load_to_gcs_bq.load_date_to_temp' AIRFLOW_CTX_EXECUTION_DATE='2025-01-16T16:52:58.098262+00:00' AIRFLOW_CTX_TRY_NUMBER='1' AIRFLOW_CTX_DAG_RUN_ID='manual__2025-01-16T16:52:58.098262+00:00'
[2025-01-16T16:54:08.919+0000] {crypto.py:82} WARNING - empty cryptography key - values will not be stored encrypted.
[2025-01-16T16:54:08.927+0000] {connection.py:232} WARNING - Connection schemes (type: google_cloud_platform) shall not contain '_' according to RFC3986.
[2025-01-16T16:54:08.930+0000] {base.py:73} INFO - Using connection ID 'google_cloud_default' for task execution.
[2025-01-16T16:54:08.937+0000] {gcs_to_bigquery.py:376} INFO - Using existing BigQuery table for storing data...
[2025-01-16T16:54:09.173+0000] {gcs_to_bigquery.py:380} INFO - Executing: {'load': {'autodetect': False, 'createDisposition': 'CREATE_IF_NEEDED', 'destinationTable': {'projectId': 'finflow-analytics-production', 'datasetId': 'finflow_data', 'tableId': 'src_dates_temp'}, 'sourceFormat': 'PARQUET', 'sourceUris': ['gs://finflow-analytics-data/raw/dates/2025-01-16/dates.parquet'], 'writeDisposition': 'WRITE_TRUNCATE', 'ignoreUnknownValues': True, 'schema': {'fields': [{'name': 'date_key', 'type': 'INTEGER', 'mode': 'REQUIRED'}, {'name': 'full_date', 'type': 'DATE', 'mode': 'REQUIRED'}, {'name': 'year', 'type': 'INTEGER', 'mode': 'REQUIRED'}, {'name': 'quarter', 'type': 'INTEGER', 'mode': 'REQUIRED'}, {'name': 'month', 'type': 'INTEGER', 'mode': 'REQUIRED'}, {'name': 'day', 'type': 'INTEGER', 'mode': 'REQUIRED'}, {'name': 'day_of_week', 'type': 'STRING', 'mode': 'REQUIRED'}, {'name': 'is_weekend', 'type': 'BOOLEAN', 'mode': 'REQUIRED'}, {'name': 'is_holiday', 'type': 'BOOLEAN', 'mode': 'REQUIRED'}, {'name': 'fiscal_year', 'type': 'STRING', 'mode': 'REQUIRED'}, {'name': 'created_at', 'type': 'TIMESTAMP', 'mode': 'REQUIRED'}, {'name': 'updated_at', 'type': 'TIMESTAMP', 'mode': 'REQUIRED'}, {'name': 'ingestion_timestamp', 'type': 'TIMESTAMP', 'mode': 'REQUIRED'}]}}}
[2025-01-16T16:54:09.178+0000] {bigquery.py:1595} INFO - Inserting job ***_finflow_source_data_pipeline_load_to_gcs_bq_load_date_to_temp_2025_01_16T16_52_58_098262_00_00_d2795a16efe2b3e2168af37b5a68c98c
[2025-01-16T16:54:10.981+0000] {taskinstance.py:1937} ERROR - Task failed with exception
Traceback (most recent call last):
  File "/home/airflow/.local/lib/python3.8/site-packages/airflow/providers/google/cloud/transfers/gcs_to_bigquery.py", line 439, in execute
    job.result(timeout=self.result_timeout, retry=self.result_retry)
  File "/home/airflow/.local/lib/python3.8/site-packages/google/cloud/bigquery/job/base.py", line 922, in result
    return super(_AsyncJob, self).result(timeout=timeout, **kwargs)
  File "/home/airflow/.local/lib/python3.8/site-packages/google/api_core/future/polling.py", line 261, in result
    raise self._exception
google.api_core.exceptions.BadRequest: 400 Error while reading data, error message: Parquet column 'created_at' has type BYTE_ARRAY which does not match the target cpp_type INT64. File: gs://finflow-analytics-data/raw/dates/2025-01-16/dates.parquet
[2025-01-16T16:54:11.004+0000] {taskinstance.py:1400} INFO - Marking task as FAILED. dag_id=finflow_source_data_pipeline, task_id=load_to_gcs_bq.load_date_to_temp, execution_date=20250116T165258, start_date=20250116T165407, end_date=20250116T165411
[2025-01-16T16:54:11.050+0000] {standard_task_runner.py:104} ERROR - Failed to execute job 2030 for task load_to_gcs_bq.load_date_to_temp (400 Error while reading data, error message: Parquet column 'created_at' has type BYTE_ARRAY which does not match the target cpp_type INT64. File: gs://finflow-analytics-data/raw/dates/2025-01-16/dates.parquet; 1658)
[2025-01-16T16:54:11.096+0000] {local_task_job_runner.py:228} INFO - Task exited with return code 1
[2025-01-16T16:54:11.346+0000] {taskinstance.py:2778} INFO - 0 downstream tasks scheduled from follow-on schedule check
