[2025-01-13T17:15:19.614+0000] {taskinstance.py:1159} INFO - Dependencies all met for dep_context=non-requeueable deps ti=<TaskInstance: finflow_source_data_pipeline.data_quality_checks.verify_referential_integrity manual__2025-01-13T17:13:59.458244+00:00 [queued]>
[2025-01-13T17:15:19.645+0000] {taskinstance.py:1159} INFO - Dependencies all met for dep_context=requeueable deps ti=<TaskInstance: finflow_source_data_pipeline.data_quality_checks.verify_referential_integrity manual__2025-01-13T17:13:59.458244+00:00 [queued]>
[2025-01-13T17:15:19.646+0000] {taskinstance.py:1361} INFO - Starting attempt 1 of 1
[2025-01-13T17:15:19.677+0000] {taskinstance.py:1382} INFO - Executing <Task(BigQueryExecuteQueryOperator): data_quality_checks.verify_referential_integrity> on 2025-01-13 17:13:59.458244+00:00
[2025-01-13T17:15:19.689+0000] {standard_task_runner.py:57} INFO - Started process 8954 to run task
[2025-01-13T17:15:19.702+0000] {standard_task_runner.py:84} INFO - Running: ['***', 'tasks', 'run', 'finflow_source_data_pipeline', 'data_quality_checks.verify_referential_integrity', 'manual__2025-01-13T17:13:59.458244+00:00', '--job-id', '446', '--raw', '--subdir', 'DAGS_FOLDER/finflow.py', '--cfg-path', '/tmp/tmpas9z2mfb']
[2025-01-13T17:15:19.709+0000] {standard_task_runner.py:85} INFO - Job 446: Subtask data_quality_checks.verify_referential_integrity
[2025-01-13T17:15:19.806+0000] {task_command.py:416} INFO - Running <TaskInstance: finflow_source_data_pipeline.data_quality_checks.verify_referential_integrity manual__2025-01-13T17:13:59.458244+00:00 [running]> on host ab4e86dc450e
[2025-01-13T17:15:19.976+0000] {taskinstance.py:1662} INFO - Exporting env vars: AIRFLOW_CTX_DAG_OWNER='***' AIRFLOW_CTX_DAG_ID='finflow_source_data_pipeline' AIRFLOW_CTX_TASK_ID='data_quality_checks.verify_referential_integrity' AIRFLOW_CTX_EXECUTION_DATE='2025-01-13T17:13:59.458244+00:00' AIRFLOW_CTX_TRY_NUMBER='1' AIRFLOW_CTX_DAG_RUN_ID='manual__2025-01-13T17:13:59.458244+00:00'
[2025-01-13T17:15:19.984+0000] {bigquery.py:1241} INFO - Executing: 
WITH integrity_checks AS (
    -- Check Account to Customer references
    SELECT 
        'account_to_customer' as check_name,
        COUNT(*) as invalid_refs,
        'Accounts referencing non-existent customers' as description
    FROM `finflow-analytics-production.finflow_raw.src_accounts` a
    LEFT JOIN `finflow-analytics-production.finflow_raw.src_customers` c 
        ON a.customer_key = c.customer_key
    WHERE c.customer_key IS NULL
        AND DATE(a.ingestion_timestamp) = DATE('2025-01-13')

    UNION ALL

    -- Check Account to Product references
    SELECT 
        'account_to_product' as check_name,
        COUNT(*) as invalid_refs,
        'Accounts referencing non-existent products' as description
    FROM `finflow-analytics-production.finflow_raw.src_accounts` a
    LEFT JOIN `finflow-analytics-production.finflow_raw.src_products` p 
        ON a.product_key = p.product_key
    WHERE p.product_key IS NULL
        AND DATE(a.ingestion_timestamp) = DATE('2025-01-13')

    UNION ALL

    -- Check Transaction to Account references
    SELECT 
        'transaction_to_account' as check_name,
        COUNT(*) as invalid_refs,
        'Transactions referencing non-existent accounts' as description
    FROM `finflow-analytics-production.finflow_raw.src_transactions` t
    LEFT JOIN `finflow-analytics-production.finflow_raw.src_accounts` a 
        ON t.account_key = a.account_key
    WHERE a.account_key IS NULL
        AND DATE(t.ingestion_timestamp) = DATE('2025-01-13')

    UNION ALL

    -- Check Transaction to Location references
    SELECT 
        'transaction_to_location' as check_name,
        COUNT(*) as invalid_refs,
        'Transactions referencing non-existent locations' as description
    FROM `finflow-analytics-production.finflow_raw.src_transactions` t
    LEFT JOIN `finflow-analytics-production.finflow_raw.src_locations` l 
        ON t.location_key = l.location_key
    WHERE l.location_key IS NULL
        AND DATE(t.ingestion_timestamp) = DATE('2025-01-13')

    UNION ALL

    -- Check Transaction to Date references
    SELECT 
        'transaction_to_date' as check_name,
        COUNT(*) as invalid_refs,
        'Transactions referencing non-existent dates' as description
    FROM `finflow-analytics-production.finflow_raw.src_transactions` t
    LEFT JOIN `finflow-analytics-production.finflow_raw.src_dates` d
        ON t.date_key = d.date_key
    WHERE d.date_key IS NULL
        AND DATE(t.ingestion_timestamp) = DATE('2025-01-13')

    UNION ALL

    -- Check for duplicate keys in customers
    SELECT 
        'customer_key_uniqueness' as check_name,
        COUNT(*) - COUNT(DISTINCT customer_key) as invalid_refs,
        'Duplicate customer keys found' as description
    FROM `finflow-analytics-production.finflow_raw.src_customers`
    WHERE DATE(ingestion_timestamp) = DATE('2025-01-13')

    UNION ALL

    -- Check for duplicate keys in products
    SELECT 
        'product_key_uniqueness' as check_name,
        COUNT(*) - COUNT(DISTINCT product_key) as invalid_refs,
        'Duplicate product keys found' as description
    FROM `finflow-analytics-production.finflow_raw.src_products`
    WHERE DATE(ingestion_timestamp) = DATE('2025-01-13')

    UNION ALL

    -- Check for duplicate keys in locations
    SELECT 
        'location_key_uniqueness' as check_name,
        COUNT(*) - COUNT(DISTINCT location_key) as invalid_refs,
        'Duplicate location keys found' as description
    FROM `finflow-analytics-production.finflow_raw.src_locations`
    WHERE DATE(ingestion_timestamp) = DATE('2025-01-13')

    UNION ALL

    -- Check for duplicate keys in accounts
    SELECT 
        'account_key_uniqueness' as check_name,
        COUNT(*) - COUNT(DISTINCT account_key) as invalid_refs,
        'Duplicate account keys found' as description
    FROM `finflow-analytics-production.finflow_raw.src_accounts`
    WHERE DATE(ingestion_timestamp) = DATE('2025-01-13')

    UNION ALL

    -- Check for duplicate keys in transactions
    SELECT 
        'transaction_key_uniqueness' as check_name,
        COUNT(*) - COUNT(DISTINCT transaction_id) as invalid_refs,
        'Duplicate transaction keys found' as description
    FROM `finflow-analytics-production.finflow_raw.src_transactions`
    WHERE DATE(ingestion_timestamp) = DATE('2025-01-13')
)
SELECT 
    CASE 
        WHEN EXISTS (
            SELECT 1 
            FROM integrity_checks 
            WHERE invalid_refs > 0
        ) THEN ERROR('Referential integrity violations found: ' ||
                    STRING_AGG(
                        IF(invalid_refs > 0, 
                           CONCAT(check_name, ' (', CAST(invalid_refs AS STRING), ' violations): ', description),
                           NULL
                        ),
                        '; '
                    ))
        ELSE 'All referential integrity checks passed'
    END as validation_result
FROM integrity_checks
[2025-01-13T17:15:19.988+0000] {crypto.py:82} WARNING - empty cryptography key - values will not be stored encrypted.
[2025-01-13T17:15:19.989+0000] {connection.py:232} WARNING - Connection schemes (type: google_cloud_platform) shall not contain '_' according to RFC3986.
[2025-01-13T17:15:19.991+0000] {base.py:73} INFO - Using connection ID 'google_cloud_default' for task execution.
[2025-01-13T17:15:19.993+0000] {warnings.py:109} WARNING - /home/***/.local/lib/python3.8/site-packages/***/providers/google/cloud/hooks/bigquery.py:2108: AirflowProviderDeprecationWarning: This method is deprecated. Please use `BigQueryHook.insert_job` method.
  warnings.warn(

[2025-01-13T17:15:20.090+0000] {bigquery.py:1595} INFO - Inserting job ***_1736788520089628_65afd5c95d345fdc52d451e5ed870900
[2025-01-13T17:15:21.733+0000] {taskinstance.py:1400} INFO - Marking task as SUCCESS. dag_id=finflow_source_data_pipeline, task_id=data_quality_checks.verify_referential_integrity, execution_date=20250113T171359, start_date=20250113T171519, end_date=20250113T171521
[2025-01-13T17:15:21.769+0000] {local_task_job_runner.py:228} INFO - Task exited with return code 0
[2025-01-13T17:15:21.792+0000] {taskinstance.py:2778} INFO - 0 downstream tasks scheduled from follow-on schedule check
