[2025-01-14T21:46:22.877+0000] {processor.py:157} INFO - Started process (PID=74) to work on /opt/airflow/dags/finflow.py
[2025-01-14T21:46:22.889+0000] {processor.py:829} INFO - Processing file /opt/airflow/dags/finflow.py for tasks to queue
[2025-01-14T21:46:22.901+0000] {logging_mixin.py:154} INFO - [2025-01-14T21:46:22.901+0000] {dagbag.py:536} INFO - Filling up the DagBag from /opt/airflow/dags/finflow.py
[2025-01-14T21:46:23.179+0000] {logging_mixin.py:154} INFO - [2025-01-14T21:46:23.179+0000] {finflow.py:110} WARNING - Failed to get max keys, starting from 1: name 'dag' is not defined
[2025-01-14T21:46:24.641+0000] {processor.py:839} INFO - DAG(s) dict_keys(['finflow_source_data_pipeline']) retrieved from /opt/airflow/dags/finflow.py
[2025-01-14T21:46:24.969+0000] {logging_mixin.py:154} INFO - [2025-01-14T21:46:24.968+0000] {dag.py:2941} INFO - Sync 1 DAGs
[2025-01-14T21:46:25.072+0000] {logging_mixin.py:154} INFO - [2025-01-14T21:46:25.072+0000] {dag.py:3722} INFO - Setting next_dagrun for finflow_source_data_pipeline to 2025-01-14T21:44:20.758911+00:00, run_after=2025-01-15T21:44:20.758911+00:00
[2025-01-14T21:46:25.184+0000] {processor.py:179} INFO - Processing /opt/airflow/dags/finflow.py took 2.322 seconds
[2025-01-14T21:46:55.950+0000] {processor.py:157} INFO - Started process (PID=84) to work on /opt/airflow/dags/finflow.py
[2025-01-14T21:46:55.959+0000] {processor.py:829} INFO - Processing file /opt/airflow/dags/finflow.py for tasks to queue
[2025-01-14T21:46:55.963+0000] {logging_mixin.py:154} INFO - [2025-01-14T21:46:55.963+0000] {dagbag.py:536} INFO - Filling up the DagBag from /opt/airflow/dags/finflow.py
[2025-01-14T21:46:56.208+0000] {logging_mixin.py:154} INFO - [2025-01-14T21:46:56.208+0000] {finflow.py:110} WARNING - Failed to get max keys, starting from 1: name 'dag' is not defined
[2025-01-14T21:46:56.249+0000] {processor.py:839} INFO - DAG(s) dict_keys(['finflow_source_data_pipeline']) retrieved from /opt/airflow/dags/finflow.py
[2025-01-14T21:46:56.322+0000] {logging_mixin.py:154} INFO - [2025-01-14T21:46:56.321+0000] {dag.py:2941} INFO - Sync 1 DAGs
[2025-01-14T21:46:56.365+0000] {logging_mixin.py:154} INFO - [2025-01-14T21:46:56.364+0000] {dag.py:3722} INFO - Setting next_dagrun for finflow_source_data_pipeline to 2025-01-14T21:44:20.758911+00:00, run_after=2025-01-15T21:44:20.758911+00:00
[2025-01-14T21:46:56.397+0000] {processor.py:179} INFO - Processing /opt/airflow/dags/finflow.py took 0.466 seconds
[2025-01-14T21:47:27.062+0000] {processor.py:157} INFO - Started process (PID=101) to work on /opt/airflow/dags/finflow.py
[2025-01-14T21:47:27.075+0000] {processor.py:829} INFO - Processing file /opt/airflow/dags/finflow.py for tasks to queue
[2025-01-14T21:47:27.128+0000] {logging_mixin.py:154} INFO - [2025-01-14T21:47:27.126+0000] {dagbag.py:536} INFO - Filling up the DagBag from /opt/airflow/dags/finflow.py
[2025-01-14T21:47:30.550+0000] {logging_mixin.py:154} INFO - [2025-01-14T21:47:30.521+0000] {finflow.py:110} WARNING - Failed to get max keys, starting from 1: name 'dag' is not defined
[2025-01-14T21:47:31.036+0000] {processor.py:839} INFO - DAG(s) dict_keys(['finflow_source_data_pipeline']) retrieved from /opt/airflow/dags/finflow.py
[2025-01-14T21:47:31.249+0000] {logging_mixin.py:154} INFO - [2025-01-14T21:47:31.247+0000] {dag.py:2941} INFO - Sync 1 DAGs
[2025-01-14T21:47:32.062+0000] {logging_mixin.py:154} INFO - [2025-01-14T21:47:32.062+0000] {dag.py:3722} INFO - Setting next_dagrun for finflow_source_data_pipeline to 2025-01-14T21:44:20.758911+00:00, run_after=2025-01-15T21:44:20.758911+00:00
[2025-01-14T21:47:32.202+0000] {processor.py:179} INFO - Processing /opt/airflow/dags/finflow.py took 5.297 seconds
[2025-01-14T21:48:02.542+0000] {processor.py:157} INFO - Started process (PID=117) to work on /opt/airflow/dags/finflow.py
[2025-01-14T21:48:02.545+0000] {processor.py:829} INFO - Processing file /opt/airflow/dags/finflow.py for tasks to queue
[2025-01-14T21:48:02.559+0000] {logging_mixin.py:154} INFO - [2025-01-14T21:48:02.558+0000] {dagbag.py:536} INFO - Filling up the DagBag from /opt/airflow/dags/finflow.py
[2025-01-14T21:48:02.859+0000] {logging_mixin.py:154} INFO - [2025-01-14T21:48:02.858+0000] {finflow.py:110} WARNING - Failed to get max keys, starting from 1: name 'dag' is not defined
[2025-01-14T21:48:02.981+0000] {processor.py:839} INFO - DAG(s) dict_keys(['finflow_source_data_pipeline']) retrieved from /opt/airflow/dags/finflow.py
[2025-01-14T21:48:03.227+0000] {logging_mixin.py:154} INFO - [2025-01-14T21:48:03.215+0000] {dag.py:2941} INFO - Sync 1 DAGs
[2025-01-14T21:48:03.317+0000] {logging_mixin.py:154} INFO - [2025-01-14T21:48:03.317+0000] {dag.py:3722} INFO - Setting next_dagrun for finflow_source_data_pipeline to 2025-01-14T21:44:20.758911+00:00, run_after=2025-01-15T21:44:20.758911+00:00
[2025-01-14T21:48:03.382+0000] {processor.py:179} INFO - Processing /opt/airflow/dags/finflow.py took 0.865 seconds
[2025-01-14T21:48:33.676+0000] {processor.py:157} INFO - Started process (PID=134) to work on /opt/airflow/dags/finflow.py
[2025-01-14T21:48:33.687+0000] {processor.py:829} INFO - Processing file /opt/airflow/dags/finflow.py for tasks to queue
[2025-01-14T21:48:33.696+0000] {logging_mixin.py:154} INFO - [2025-01-14T21:48:33.695+0000] {dagbag.py:536} INFO - Filling up the DagBag from /opt/airflow/dags/finflow.py
[2025-01-14T21:48:34.114+0000] {logging_mixin.py:154} INFO - [2025-01-14T21:48:34.108+0000] {finflow.py:110} WARNING - Failed to get max keys, starting from 1: name 'dag' is not defined
[2025-01-14T21:48:34.192+0000] {processor.py:839} INFO - DAG(s) dict_keys(['finflow_source_data_pipeline']) retrieved from /opt/airflow/dags/finflow.py
[2025-01-14T21:48:34.369+0000] {logging_mixin.py:154} INFO - [2025-01-14T21:48:34.368+0000] {dag.py:2941} INFO - Sync 1 DAGs
[2025-01-14T21:48:34.456+0000] {logging_mixin.py:154} INFO - [2025-01-14T21:48:34.455+0000] {dag.py:3722} INFO - Setting next_dagrun for finflow_source_data_pipeline to 2025-01-14T21:44:20.758911+00:00, run_after=2025-01-15T21:44:20.758911+00:00
[2025-01-14T21:48:34.531+0000] {processor.py:179} INFO - Processing /opt/airflow/dags/finflow.py took 0.878 seconds
[2025-01-14T21:49:04.815+0000] {processor.py:157} INFO - Started process (PID=151) to work on /opt/airflow/dags/finflow.py
[2025-01-14T21:49:04.821+0000] {processor.py:829} INFO - Processing file /opt/airflow/dags/finflow.py for tasks to queue
[2025-01-14T21:49:04.836+0000] {logging_mixin.py:154} INFO - [2025-01-14T21:49:04.835+0000] {dagbag.py:536} INFO - Filling up the DagBag from /opt/airflow/dags/finflow.py
[2025-01-14T21:49:05.060+0000] {logging_mixin.py:154} INFO - [2025-01-14T21:49:05.060+0000] {finflow.py:110} WARNING - Failed to get max keys, starting from 1: name 'dag' is not defined
[2025-01-14T21:49:05.147+0000] {processor.py:839} INFO - DAG(s) dict_keys(['finflow_source_data_pipeline']) retrieved from /opt/airflow/dags/finflow.py
[2025-01-14T21:49:05.309+0000] {logging_mixin.py:154} INFO - [2025-01-14T21:49:05.308+0000] {dag.py:2941} INFO - Sync 1 DAGs
[2025-01-14T21:49:05.418+0000] {logging_mixin.py:154} INFO - [2025-01-14T21:49:05.418+0000] {dag.py:3722} INFO - Setting next_dagrun for finflow_source_data_pipeline to 2025-01-14T21:44:20.758911+00:00, run_after=2025-01-15T21:44:20.758911+00:00
[2025-01-14T21:49:05.515+0000] {processor.py:179} INFO - Processing /opt/airflow/dags/finflow.py took 0.707 seconds
[2025-01-14T21:49:35.778+0000] {processor.py:157} INFO - Started process (PID=168) to work on /opt/airflow/dags/finflow.py
[2025-01-14T21:49:35.782+0000] {processor.py:829} INFO - Processing file /opt/airflow/dags/finflow.py for tasks to queue
[2025-01-14T21:49:35.788+0000] {logging_mixin.py:154} INFO - [2025-01-14T21:49:35.787+0000] {dagbag.py:536} INFO - Filling up the DagBag from /opt/airflow/dags/finflow.py
[2025-01-14T21:49:35.951+0000] {logging_mixin.py:154} INFO - [2025-01-14T21:49:35.951+0000] {finflow.py:110} WARNING - Failed to get max keys, starting from 1: name 'dag' is not defined
[2025-01-14T21:49:36.031+0000] {processor.py:839} INFO - DAG(s) dict_keys(['finflow_source_data_pipeline']) retrieved from /opt/airflow/dags/finflow.py
[2025-01-14T21:49:36.127+0000] {logging_mixin.py:154} INFO - [2025-01-14T21:49:36.126+0000] {dag.py:2941} INFO - Sync 1 DAGs
[2025-01-14T21:49:36.211+0000] {logging_mixin.py:154} INFO - [2025-01-14T21:49:36.210+0000] {dag.py:3722} INFO - Setting next_dagrun for finflow_source_data_pipeline to 2025-01-14T21:44:20.758911+00:00, run_after=2025-01-15T21:44:20.758911+00:00
[2025-01-14T21:49:36.273+0000] {processor.py:179} INFO - Processing /opt/airflow/dags/finflow.py took 0.503 seconds
[2025-01-14T21:50:06.581+0000] {processor.py:157} INFO - Started process (PID=187) to work on /opt/airflow/dags/finflow.py
[2025-01-14T21:50:06.599+0000] {processor.py:829} INFO - Processing file /opt/airflow/dags/finflow.py for tasks to queue
[2025-01-14T21:50:06.616+0000] {logging_mixin.py:154} INFO - [2025-01-14T21:50:06.615+0000] {dagbag.py:536} INFO - Filling up the DagBag from /opt/airflow/dags/finflow.py
[2025-01-14T21:50:06.894+0000] {logging_mixin.py:154} INFO - [2025-01-14T21:50:06.893+0000] {finflow.py:110} WARNING - Failed to get max keys, starting from 1: name 'dag' is not defined
[2025-01-14T21:50:07.041+0000] {processor.py:839} INFO - DAG(s) dict_keys(['finflow_source_data_pipeline']) retrieved from /opt/airflow/dags/finflow.py
[2025-01-14T21:50:07.163+0000] {logging_mixin.py:154} INFO - [2025-01-14T21:50:07.162+0000] {dag.py:2941} INFO - Sync 1 DAGs
[2025-01-14T21:50:07.229+0000] {logging_mixin.py:154} INFO - [2025-01-14T21:50:07.229+0000] {dag.py:3722} INFO - Setting next_dagrun for finflow_source_data_pipeline to 2025-01-14T21:44:20.758911+00:00, run_after=2025-01-15T21:44:20.758911+00:00
[2025-01-14T21:50:07.299+0000] {processor.py:179} INFO - Processing /opt/airflow/dags/finflow.py took 0.738 seconds
[2025-01-14T21:50:37.537+0000] {processor.py:157} INFO - Started process (PID=196) to work on /opt/airflow/dags/finflow.py
[2025-01-14T21:50:37.539+0000] {processor.py:829} INFO - Processing file /opt/airflow/dags/finflow.py for tasks to queue
[2025-01-14T21:50:37.545+0000] {logging_mixin.py:154} INFO - [2025-01-14T21:50:37.544+0000] {dagbag.py:536} INFO - Filling up the DagBag from /opt/airflow/dags/finflow.py
[2025-01-14T21:50:37.669+0000] {logging_mixin.py:154} INFO - [2025-01-14T21:50:37.668+0000] {finflow.py:110} WARNING - Failed to get max keys, starting from 1: name 'dag' is not defined
[2025-01-14T21:50:37.756+0000] {processor.py:839} INFO - DAG(s) dict_keys(['finflow_source_data_pipeline']) retrieved from /opt/airflow/dags/finflow.py
[2025-01-14T21:50:37.843+0000] {logging_mixin.py:154} INFO - [2025-01-14T21:50:37.841+0000] {dag.py:2941} INFO - Sync 1 DAGs
[2025-01-14T21:50:37.889+0000] {logging_mixin.py:154} INFO - [2025-01-14T21:50:37.888+0000] {dag.py:3722} INFO - Setting next_dagrun for finflow_source_data_pipeline to 2025-01-14T21:44:20.758911+00:00, run_after=2025-01-15T21:44:20.758911+00:00
[2025-01-14T21:50:37.942+0000] {processor.py:179} INFO - Processing /opt/airflow/dags/finflow.py took 0.416 seconds
[2025-01-14T21:51:08.222+0000] {processor.py:157} INFO - Started process (PID=214) to work on /opt/airflow/dags/finflow.py
[2025-01-14T21:51:08.224+0000] {processor.py:829} INFO - Processing file /opt/airflow/dags/finflow.py for tasks to queue
[2025-01-14T21:51:08.229+0000] {logging_mixin.py:154} INFO - [2025-01-14T21:51:08.228+0000] {dagbag.py:536} INFO - Filling up the DagBag from /opt/airflow/dags/finflow.py
[2025-01-14T21:51:08.324+0000] {logging_mixin.py:154} INFO - [2025-01-14T21:51:08.324+0000] {finflow.py:110} WARNING - Failed to get max keys, starting from 1: name 'dag' is not defined
[2025-01-14T21:51:08.349+0000] {processor.py:839} INFO - DAG(s) dict_keys(['finflow_source_data_pipeline']) retrieved from /opt/airflow/dags/finflow.py
[2025-01-14T21:51:08.404+0000] {logging_mixin.py:154} INFO - [2025-01-14T21:51:08.403+0000] {dag.py:2941} INFO - Sync 1 DAGs
[2025-01-14T21:51:08.434+0000] {logging_mixin.py:154} INFO - [2025-01-14T21:51:08.434+0000] {dag.py:3722} INFO - Setting next_dagrun for finflow_source_data_pipeline to 2025-01-14T21:44:20.758911+00:00, run_after=2025-01-15T21:44:20.758911+00:00
[2025-01-14T21:51:08.459+0000] {processor.py:179} INFO - Processing /opt/airflow/dags/finflow.py took 0.243 seconds
[2025-01-14T21:51:38.711+0000] {processor.py:157} INFO - Started process (PID=230) to work on /opt/airflow/dags/finflow.py
[2025-01-14T21:51:38.718+0000] {processor.py:829} INFO - Processing file /opt/airflow/dags/finflow.py for tasks to queue
[2025-01-14T21:51:38.740+0000] {logging_mixin.py:154} INFO - [2025-01-14T21:51:38.739+0000] {dagbag.py:536} INFO - Filling up the DagBag from /opt/airflow/dags/finflow.py
[2025-01-14T21:51:39.227+0000] {logging_mixin.py:154} INFO - [2025-01-14T21:51:39.227+0000] {finflow.py:110} WARNING - Failed to get max keys, starting from 1: name 'dag' is not defined
[2025-01-14T21:51:39.386+0000] {processor.py:839} INFO - DAG(s) dict_keys(['finflow_source_data_pipeline']) retrieved from /opt/airflow/dags/finflow.py
[2025-01-14T21:51:39.597+0000] {logging_mixin.py:154} INFO - [2025-01-14T21:51:39.596+0000] {dag.py:2941} INFO - Sync 1 DAGs
[2025-01-14T21:51:39.702+0000] {logging_mixin.py:154} INFO - [2025-01-14T21:51:39.694+0000] {dag.py:3722} INFO - Setting next_dagrun for finflow_source_data_pipeline to 2025-01-14T21:44:20.758911+00:00, run_after=2025-01-15T21:44:20.758911+00:00
[2025-01-14T21:51:39.759+0000] {processor.py:179} INFO - Processing /opt/airflow/dags/finflow.py took 1.095 seconds
[2025-01-14T21:52:10.130+0000] {processor.py:157} INFO - Started process (PID=246) to work on /opt/airflow/dags/finflow.py
[2025-01-14T21:52:10.135+0000] {processor.py:829} INFO - Processing file /opt/airflow/dags/finflow.py for tasks to queue
[2025-01-14T21:52:10.145+0000] {logging_mixin.py:154} INFO - [2025-01-14T21:52:10.144+0000] {dagbag.py:536} INFO - Filling up the DagBag from /opt/airflow/dags/finflow.py
[2025-01-14T21:52:10.591+0000] {logging_mixin.py:154} INFO - [2025-01-14T21:52:10.591+0000] {finflow.py:110} WARNING - Failed to get max keys, starting from 1: name 'dag' is not defined
[2025-01-14T21:52:10.731+0000] {processor.py:839} INFO - DAG(s) dict_keys(['finflow_source_data_pipeline']) retrieved from /opt/airflow/dags/finflow.py
[2025-01-14T21:52:10.944+0000] {logging_mixin.py:154} INFO - [2025-01-14T21:52:10.943+0000] {dag.py:2941} INFO - Sync 1 DAGs
[2025-01-14T21:52:11.027+0000] {logging_mixin.py:154} INFO - [2025-01-14T21:52:11.026+0000] {dag.py:3722} INFO - Setting next_dagrun for finflow_source_data_pipeline to 2025-01-14T21:44:20.758911+00:00, run_after=2025-01-15T21:44:20.758911+00:00
[2025-01-14T21:52:11.099+0000] {processor.py:179} INFO - Processing /opt/airflow/dags/finflow.py took 0.998 seconds
[2025-01-14T21:52:41.405+0000] {processor.py:157} INFO - Started process (PID=263) to work on /opt/airflow/dags/finflow.py
[2025-01-14T21:52:41.419+0000] {processor.py:829} INFO - Processing file /opt/airflow/dags/finflow.py for tasks to queue
[2025-01-14T21:52:41.433+0000] {logging_mixin.py:154} INFO - [2025-01-14T21:52:41.432+0000] {dagbag.py:536} INFO - Filling up the DagBag from /opt/airflow/dags/finflow.py
[2025-01-14T21:52:41.691+0000] {logging_mixin.py:154} INFO - [2025-01-14T21:52:41.691+0000] {finflow.py:110} WARNING - Failed to get max keys, starting from 1: name 'dag' is not defined
[2025-01-14T21:52:41.784+0000] {processor.py:839} INFO - DAG(s) dict_keys(['finflow_source_data_pipeline']) retrieved from /opt/airflow/dags/finflow.py
[2025-01-14T21:52:41.935+0000] {logging_mixin.py:154} INFO - [2025-01-14T21:52:41.934+0000] {dag.py:2941} INFO - Sync 1 DAGs
[2025-01-14T21:52:42.068+0000] {logging_mixin.py:154} INFO - [2025-01-14T21:52:42.067+0000] {dag.py:3722} INFO - Setting next_dagrun for finflow_source_data_pipeline to 2025-01-14T21:44:20.758911+00:00, run_after=2025-01-15T21:44:20.758911+00:00
[2025-01-14T21:52:42.176+0000] {processor.py:179} INFO - Processing /opt/airflow/dags/finflow.py took 0.786 seconds
[2025-01-14T21:53:12.492+0000] {processor.py:157} INFO - Started process (PID=280) to work on /opt/airflow/dags/finflow.py
[2025-01-14T21:53:12.504+0000] {processor.py:829} INFO - Processing file /opt/airflow/dags/finflow.py for tasks to queue
[2025-01-14T21:53:12.509+0000] {logging_mixin.py:154} INFO - [2025-01-14T21:53:12.508+0000] {dagbag.py:536} INFO - Filling up the DagBag from /opt/airflow/dags/finflow.py
[2025-01-14T21:53:12.780+0000] {logging_mixin.py:154} INFO - [2025-01-14T21:53:12.779+0000] {finflow.py:110} WARNING - Failed to get max keys, starting from 1: name 'dag' is not defined
[2025-01-14T21:53:12.866+0000] {processor.py:839} INFO - DAG(s) dict_keys(['finflow_source_data_pipeline']) retrieved from /opt/airflow/dags/finflow.py
[2025-01-14T21:53:13.025+0000] {logging_mixin.py:154} INFO - [2025-01-14T21:53:13.024+0000] {dag.py:2941} INFO - Sync 1 DAGs
[2025-01-14T21:53:13.123+0000] {logging_mixin.py:154} INFO - [2025-01-14T21:53:13.122+0000] {dag.py:3722} INFO - Setting next_dagrun for finflow_source_data_pipeline to 2025-01-14T21:44:20.758911+00:00, run_after=2025-01-15T21:44:20.758911+00:00
[2025-01-14T21:53:13.225+0000] {processor.py:179} INFO - Processing /opt/airflow/dags/finflow.py took 0.760 seconds
[2025-01-14T21:53:43.593+0000] {processor.py:157} INFO - Started process (PID=297) to work on /opt/airflow/dags/finflow.py
[2025-01-14T21:53:43.612+0000] {processor.py:829} INFO - Processing file /opt/airflow/dags/finflow.py for tasks to queue
[2025-01-14T21:53:43.624+0000] {logging_mixin.py:154} INFO - [2025-01-14T21:53:43.623+0000] {dagbag.py:536} INFO - Filling up the DagBag from /opt/airflow/dags/finflow.py
[2025-01-14T21:53:43.812+0000] {logging_mixin.py:154} INFO - [2025-01-14T21:53:43.812+0000] {finflow.py:110} WARNING - Failed to get max keys, starting from 1: name 'dag' is not defined
[2025-01-14T21:53:43.903+0000] {processor.py:839} INFO - DAG(s) dict_keys(['finflow_source_data_pipeline']) retrieved from /opt/airflow/dags/finflow.py
[2025-01-14T21:53:44.060+0000] {logging_mixin.py:154} INFO - [2025-01-14T21:53:44.059+0000] {dag.py:2941} INFO - Sync 1 DAGs
[2025-01-14T21:53:44.199+0000] {logging_mixin.py:154} INFO - [2025-01-14T21:53:44.198+0000] {dag.py:3722} INFO - Setting next_dagrun for finflow_source_data_pipeline to 2025-01-14T21:44:20.758911+00:00, run_after=2025-01-15T21:44:20.758911+00:00
[2025-01-14T21:53:44.315+0000] {processor.py:179} INFO - Processing /opt/airflow/dags/finflow.py took 0.754 seconds
[2025-01-14T21:54:14.634+0000] {processor.py:157} INFO - Started process (PID=315) to work on /opt/airflow/dags/finflow.py
[2025-01-14T21:54:14.643+0000] {processor.py:829} INFO - Processing file /opt/airflow/dags/finflow.py for tasks to queue
[2025-01-14T21:54:14.648+0000] {logging_mixin.py:154} INFO - [2025-01-14T21:54:14.647+0000] {dagbag.py:536} INFO - Filling up the DagBag from /opt/airflow/dags/finflow.py
[2025-01-14T21:54:14.979+0000] {logging_mixin.py:154} INFO - [2025-01-14T21:54:14.978+0000] {finflow.py:110} WARNING - Failed to get max keys, starting from 1: name 'dag' is not defined
[2025-01-14T21:54:15.074+0000] {processor.py:839} INFO - DAG(s) dict_keys(['finflow_source_data_pipeline']) retrieved from /opt/airflow/dags/finflow.py
[2025-01-14T21:54:15.280+0000] {logging_mixin.py:154} INFO - [2025-01-14T21:54:15.279+0000] {dag.py:2941} INFO - Sync 1 DAGs
[2025-01-14T21:54:15.392+0000] {logging_mixin.py:154} INFO - [2025-01-14T21:54:15.392+0000] {dag.py:3722} INFO - Setting next_dagrun for finflow_source_data_pipeline to 2025-01-14T21:44:20.758911+00:00, run_after=2025-01-15T21:44:20.758911+00:00
[2025-01-14T21:54:15.482+0000] {processor.py:179} INFO - Processing /opt/airflow/dags/finflow.py took 0.880 seconds
[2025-01-14T21:54:45.721+0000] {processor.py:157} INFO - Started process (PID=332) to work on /opt/airflow/dags/finflow.py
[2025-01-14T21:54:45.726+0000] {processor.py:829} INFO - Processing file /opt/airflow/dags/finflow.py for tasks to queue
[2025-01-14T21:54:45.731+0000] {logging_mixin.py:154} INFO - [2025-01-14T21:54:45.731+0000] {dagbag.py:536} INFO - Filling up the DagBag from /opt/airflow/dags/finflow.py
[2025-01-14T21:54:45.884+0000] {logging_mixin.py:154} INFO - [2025-01-14T21:54:45.883+0000] {finflow.py:110} WARNING - Failed to get max keys, starting from 1: name 'dag' is not defined
[2025-01-14T21:54:45.955+0000] {processor.py:839} INFO - DAG(s) dict_keys(['finflow_source_data_pipeline']) retrieved from /opt/airflow/dags/finflow.py
[2025-01-14T21:54:46.117+0000] {logging_mixin.py:154} INFO - [2025-01-14T21:54:46.116+0000] {dag.py:2941} INFO - Sync 1 DAGs
[2025-01-14T21:54:46.220+0000] {logging_mixin.py:154} INFO - [2025-01-14T21:54:46.219+0000] {dag.py:3722} INFO - Setting next_dagrun for finflow_source_data_pipeline to 2025-01-14T21:44:20.758911+00:00, run_after=2025-01-15T21:44:20.758911+00:00
[2025-01-14T21:54:46.288+0000] {processor.py:179} INFO - Processing /opt/airflow/dags/finflow.py took 0.573 seconds
[2025-01-14T21:55:16.558+0000] {processor.py:157} INFO - Started process (PID=351) to work on /opt/airflow/dags/finflow.py
[2025-01-14T21:55:16.560+0000] {processor.py:829} INFO - Processing file /opt/airflow/dags/finflow.py for tasks to queue
[2025-01-14T21:55:16.565+0000] {logging_mixin.py:154} INFO - [2025-01-14T21:55:16.565+0000] {dagbag.py:536} INFO - Filling up the DagBag from /opt/airflow/dags/finflow.py
[2025-01-14T21:55:16.839+0000] {logging_mixin.py:154} INFO - [2025-01-14T21:55:16.839+0000] {finflow.py:110} WARNING - Failed to get max keys, starting from 1: name 'dag' is not defined
[2025-01-14T21:55:16.937+0000] {processor.py:839} INFO - DAG(s) dict_keys(['finflow_source_data_pipeline']) retrieved from /opt/airflow/dags/finflow.py
[2025-01-14T21:55:17.127+0000] {logging_mixin.py:154} INFO - [2025-01-14T21:55:17.126+0000] {dag.py:2941} INFO - Sync 1 DAGs
[2025-01-14T21:55:17.236+0000] {logging_mixin.py:154} INFO - [2025-01-14T21:55:17.236+0000] {dag.py:3722} INFO - Setting next_dagrun for finflow_source_data_pipeline to 2025-01-14T21:44:20.758911+00:00, run_after=2025-01-15T21:44:20.758911+00:00
[2025-01-14T21:55:17.293+0000] {processor.py:179} INFO - Processing /opt/airflow/dags/finflow.py took 0.756 seconds
[2025-01-14T21:55:47.460+0000] {processor.py:157} INFO - Started process (PID=370) to work on /opt/airflow/dags/finflow.py
[2025-01-14T21:55:47.477+0000] {processor.py:829} INFO - Processing file /opt/airflow/dags/finflow.py for tasks to queue
[2025-01-14T21:55:47.484+0000] {logging_mixin.py:154} INFO - [2025-01-14T21:55:47.483+0000] {dagbag.py:536} INFO - Filling up the DagBag from /opt/airflow/dags/finflow.py
[2025-01-14T21:55:47.741+0000] {logging_mixin.py:154} INFO - [2025-01-14T21:55:47.739+0000] {finflow.py:110} WARNING - Failed to get max keys, starting from 1: name 'dag' is not defined
[2025-01-14T21:55:47.841+0000] {processor.py:839} INFO - DAG(s) dict_keys(['finflow_source_data_pipeline']) retrieved from /opt/airflow/dags/finflow.py
[2025-01-14T21:55:48.035+0000] {logging_mixin.py:154} INFO - [2025-01-14T21:55:48.034+0000] {dag.py:2941} INFO - Sync 1 DAGs
[2025-01-14T21:55:48.160+0000] {logging_mixin.py:154} INFO - [2025-01-14T21:55:48.160+0000] {dag.py:3722} INFO - Setting next_dagrun for finflow_source_data_pipeline to 2025-01-14T21:44:20.758911+00:00, run_after=2025-01-15T21:44:20.758911+00:00
[2025-01-14T21:55:48.271+0000] {processor.py:179} INFO - Processing /opt/airflow/dags/finflow.py took 0.830 seconds
[2025-01-14T21:56:18.638+0000] {processor.py:157} INFO - Started process (PID=388) to work on /opt/airflow/dags/finflow.py
[2025-01-14T21:56:18.651+0000] {processor.py:829} INFO - Processing file /opt/airflow/dags/finflow.py for tasks to queue
[2025-01-14T21:56:18.655+0000] {logging_mixin.py:154} INFO - [2025-01-14T21:56:18.655+0000] {dagbag.py:536} INFO - Filling up the DagBag from /opt/airflow/dags/finflow.py
[2025-01-14T21:56:19.582+0000] {logging_mixin.py:154} INFO - [2025-01-14T21:56:19.582+0000] {finflow.py:110} WARNING - Failed to get max keys, starting from 1: name 'dag' is not defined
[2025-01-14T21:56:19.789+0000] {processor.py:839} INFO - DAG(s) dict_keys(['finflow_source_data_pipeline']) retrieved from /opt/airflow/dags/finflow.py
[2025-01-14T22:01:34.106+0000] {processor.py:157} INFO - Started process (PID=51) to work on /opt/airflow/dags/finflow.py
[2025-01-14T22:01:34.117+0000] {processor.py:829} INFO - Processing file /opt/airflow/dags/finflow.py for tasks to queue
[2025-01-14T22:01:34.120+0000] {logging_mixin.py:154} INFO - [2025-01-14T22:01:34.119+0000] {dagbag.py:536} INFO - Filling up the DagBag from /opt/airflow/dags/finflow.py
[2025-01-14T22:01:34.631+0000] {logging_mixin.py:154} INFO - [2025-01-14T22:01:34.631+0000] {finflow.py:110} WARNING - Failed to get max keys, starting from 1: name 'dag' is not defined
[2025-01-14T22:01:34.675+0000] {processor.py:839} INFO - DAG(s) dict_keys(['finflow_source_data_pipeline']) retrieved from /opt/airflow/dags/finflow.py
[2025-01-14T22:01:34.762+0000] {logging_mixin.py:154} INFO - [2025-01-14T22:01:34.761+0000] {dag.py:2941} INFO - Sync 1 DAGs
[2025-01-14T22:01:34.818+0000] {logging_mixin.py:154} INFO - [2025-01-14T22:01:34.818+0000] {dag.py:3722} INFO - Setting next_dagrun for finflow_source_data_pipeline to 2025-01-14T21:44:20.758911+00:00, run_after=2025-01-15T21:44:20.758911+00:00
[2025-01-14T22:01:34.855+0000] {processor.py:179} INFO - Processing /opt/airflow/dags/finflow.py took 0.763 seconds
[2025-01-14T22:02:05.161+0000] {processor.py:157} INFO - Started process (PID=68) to work on /opt/airflow/dags/finflow.py
[2025-01-14T22:02:05.163+0000] {processor.py:829} INFO - Processing file /opt/airflow/dags/finflow.py for tasks to queue
[2025-01-14T22:02:05.167+0000] {logging_mixin.py:154} INFO - [2025-01-14T22:02:05.166+0000] {dagbag.py:536} INFO - Filling up the DagBag from /opt/airflow/dags/finflow.py
[2025-01-14T22:02:05.274+0000] {logging_mixin.py:154} INFO - [2025-01-14T22:02:05.274+0000] {finflow.py:110} WARNING - Failed to get max keys, starting from 1: name 'dag' is not defined
[2025-01-14T22:02:05.300+0000] {processor.py:839} INFO - DAG(s) dict_keys(['finflow_source_data_pipeline']) retrieved from /opt/airflow/dags/finflow.py
[2025-01-14T22:02:05.641+0000] {logging_mixin.py:154} INFO - [2025-01-14T22:02:05.640+0000] {dag.py:2941} INFO - Sync 1 DAGs
[2025-01-14T22:02:05.670+0000] {logging_mixin.py:154} INFO - [2025-01-14T22:02:05.669+0000] {dag.py:3722} INFO - Setting next_dagrun for finflow_source_data_pipeline to 2025-01-14T21:44:20.758911+00:00, run_after=2025-01-15T21:44:20.758911+00:00
[2025-01-14T22:02:05.695+0000] {processor.py:179} INFO - Processing /opt/airflow/dags/finflow.py took 0.540 seconds
[2025-01-14T22:02:36.900+0000] {processor.py:157} INFO - Started process (PID=85) to work on /opt/airflow/dags/finflow.py
[2025-01-14T22:02:36.921+0000] {processor.py:829} INFO - Processing file /opt/airflow/dags/finflow.py for tasks to queue
[2025-01-14T22:02:36.927+0000] {logging_mixin.py:154} INFO - [2025-01-14T22:02:36.926+0000] {dagbag.py:536} INFO - Filling up the DagBag from /opt/airflow/dags/finflow.py
[2025-01-14T22:02:37.187+0000] {logging_mixin.py:154} INFO - [2025-01-14T22:02:37.187+0000] {finflow.py:110} WARNING - Failed to get max keys, starting from 1: name 'dag' is not defined
[2025-01-14T22:02:37.309+0000] {processor.py:839} INFO - DAG(s) dict_keys(['finflow_source_data_pipeline']) retrieved from /opt/airflow/dags/finflow.py
[2025-01-14T22:02:37.404+0000] {logging_mixin.py:154} INFO - [2025-01-14T22:02:37.403+0000] {dag.py:2941} INFO - Sync 1 DAGs
[2025-01-14T22:02:37.463+0000] {logging_mixin.py:154} INFO - [2025-01-14T22:02:37.463+0000] {dag.py:3722} INFO - Setting next_dagrun for finflow_source_data_pipeline to 2025-01-14T21:44:20.758911+00:00, run_after=2025-01-15T21:44:20.758911+00:00
[2025-01-14T22:02:37.540+0000] {processor.py:179} INFO - Processing /opt/airflow/dags/finflow.py took 0.673 seconds
[2025-01-14T22:03:07.891+0000] {processor.py:157} INFO - Started process (PID=101) to work on /opt/airflow/dags/finflow.py
[2025-01-14T22:03:07.908+0000] {processor.py:829} INFO - Processing file /opt/airflow/dags/finflow.py for tasks to queue
[2025-01-14T22:03:07.921+0000] {logging_mixin.py:154} INFO - [2025-01-14T22:03:07.921+0000] {dagbag.py:536} INFO - Filling up the DagBag from /opt/airflow/dags/finflow.py
[2025-01-14T22:03:08.360+0000] {logging_mixin.py:154} INFO - [2025-01-14T22:03:08.360+0000] {finflow.py:110} WARNING - Failed to get max keys, starting from 1: name 'dag' is not defined
[2025-01-14T22:03:08.509+0000] {processor.py:839} INFO - DAG(s) dict_keys(['finflow_source_data_pipeline']) retrieved from /opt/airflow/dags/finflow.py
[2025-01-14T22:03:08.738+0000] {logging_mixin.py:154} INFO - [2025-01-14T22:03:08.737+0000] {dag.py:2941} INFO - Sync 1 DAGs
[2025-01-14T22:03:08.860+0000] {logging_mixin.py:154} INFO - [2025-01-14T22:03:08.854+0000] {dag.py:3722} INFO - Setting next_dagrun for finflow_source_data_pipeline to 2025-01-14T21:44:20.758911+00:00, run_after=2025-01-15T21:44:20.758911+00:00
[2025-01-14T22:03:08.958+0000] {processor.py:179} INFO - Processing /opt/airflow/dags/finflow.py took 1.082 seconds
[2025-01-14T22:03:39.115+0000] {processor.py:157} INFO - Started process (PID=110) to work on /opt/airflow/dags/finflow.py
[2025-01-14T22:03:39.128+0000] {processor.py:829} INFO - Processing file /opt/airflow/dags/finflow.py for tasks to queue
[2025-01-14T22:03:39.133+0000] {logging_mixin.py:154} INFO - [2025-01-14T22:03:39.133+0000] {dagbag.py:536} INFO - Filling up the DagBag from /opt/airflow/dags/finflow.py
[2025-01-14T22:03:39.398+0000] {logging_mixin.py:154} INFO - [2025-01-14T22:03:39.398+0000] {finflow.py:110} WARNING - Failed to get max keys, starting from 1: name 'dag' is not defined
[2025-01-14T22:03:39.490+0000] {processor.py:839} INFO - DAG(s) dict_keys(['finflow_source_data_pipeline']) retrieved from /opt/airflow/dags/finflow.py
[2025-01-14T22:03:39.646+0000] {logging_mixin.py:154} INFO - [2025-01-14T22:03:39.645+0000] {dag.py:2941} INFO - Sync 1 DAGs
[2025-01-14T22:03:39.731+0000] {logging_mixin.py:154} INFO - [2025-01-14T22:03:39.731+0000] {dag.py:3722} INFO - Setting next_dagrun for finflow_source_data_pipeline to 2025-01-14T21:44:20.758911+00:00, run_after=2025-01-15T21:44:20.758911+00:00
[2025-01-14T22:03:39.793+0000] {processor.py:179} INFO - Processing /opt/airflow/dags/finflow.py took 0.693 seconds
[2025-01-14T22:04:10.051+0000] {processor.py:157} INFO - Started process (PID=127) to work on /opt/airflow/dags/finflow.py
[2025-01-14T22:04:10.053+0000] {processor.py:829} INFO - Processing file /opt/airflow/dags/finflow.py for tasks to queue
[2025-01-14T22:04:10.056+0000] {logging_mixin.py:154} INFO - [2025-01-14T22:04:10.056+0000] {dagbag.py:536} INFO - Filling up the DagBag from /opt/airflow/dags/finflow.py
[2025-01-14T22:04:10.138+0000] {logging_mixin.py:154} INFO - [2025-01-14T22:04:10.138+0000] {finflow.py:110} WARNING - Failed to get max keys, starting from 1: name 'dag' is not defined
[2025-01-14T22:04:10.163+0000] {processor.py:839} INFO - DAG(s) dict_keys(['finflow_source_data_pipeline']) retrieved from /opt/airflow/dags/finflow.py
[2025-01-14T22:04:10.211+0000] {logging_mixin.py:154} INFO - [2025-01-14T22:04:10.210+0000] {dag.py:2941} INFO - Sync 1 DAGs
[2025-01-14T22:04:10.241+0000] {logging_mixin.py:154} INFO - [2025-01-14T22:04:10.241+0000] {dag.py:3722} INFO - Setting next_dagrun for finflow_source_data_pipeline to 2025-01-14T21:44:20.758911+00:00, run_after=2025-01-15T21:44:20.758911+00:00
[2025-01-14T22:04:10.267+0000] {processor.py:179} INFO - Processing /opt/airflow/dags/finflow.py took 0.222 seconds
[2025-01-14T22:04:40.650+0000] {processor.py:157} INFO - Started process (PID=143) to work on /opt/airflow/dags/finflow.py
[2025-01-14T22:04:40.675+0000] {processor.py:829} INFO - Processing file /opt/airflow/dags/finflow.py for tasks to queue
[2025-01-14T22:04:40.690+0000] {logging_mixin.py:154} INFO - [2025-01-14T22:04:40.689+0000] {dagbag.py:536} INFO - Filling up the DagBag from /opt/airflow/dags/finflow.py
[2025-01-14T22:04:41.036+0000] {logging_mixin.py:154} INFO - [2025-01-14T22:04:41.035+0000] {finflow.py:110} WARNING - Failed to get max keys, starting from 1: name 'dag' is not defined
[2025-01-14T22:04:41.129+0000] {processor.py:839} INFO - DAG(s) dict_keys(['finflow_source_data_pipeline']) retrieved from /opt/airflow/dags/finflow.py
[2025-01-14T22:04:41.318+0000] {logging_mixin.py:154} INFO - [2025-01-14T22:04:41.317+0000] {dag.py:2941} INFO - Sync 1 DAGs
[2025-01-14T22:04:41.402+0000] {logging_mixin.py:154} INFO - [2025-01-14T22:04:41.401+0000] {dag.py:3722} INFO - Setting next_dagrun for finflow_source_data_pipeline to 2025-01-14T21:44:20.758911+00:00, run_after=2025-01-15T21:44:20.758911+00:00
[2025-01-14T22:04:41.476+0000] {processor.py:179} INFO - Processing /opt/airflow/dags/finflow.py took 0.868 seconds
[2025-01-14T22:05:11.769+0000] {processor.py:157} INFO - Started process (PID=151) to work on /opt/airflow/dags/finflow.py
[2025-01-14T22:05:11.778+0000] {processor.py:829} INFO - Processing file /opt/airflow/dags/finflow.py for tasks to queue
[2025-01-14T22:05:11.782+0000] {logging_mixin.py:154} INFO - [2025-01-14T22:05:11.782+0000] {dagbag.py:536} INFO - Filling up the DagBag from /opt/airflow/dags/finflow.py
[2025-01-14T22:05:12.117+0000] {logging_mixin.py:154} INFO - [2025-01-14T22:05:12.116+0000] {finflow.py:110} WARNING - Failed to get max keys, starting from 1: name 'dag' is not defined
[2025-01-14T22:05:12.188+0000] {processor.py:839} INFO - DAG(s) dict_keys(['finflow_source_data_pipeline']) retrieved from /opt/airflow/dags/finflow.py
[2025-01-14T22:05:12.362+0000] {logging_mixin.py:154} INFO - [2025-01-14T22:05:12.361+0000] {dag.py:2941} INFO - Sync 1 DAGs
[2025-01-14T22:05:12.498+0000] {logging_mixin.py:154} INFO - [2025-01-14T22:05:12.498+0000] {dag.py:3722} INFO - Setting next_dagrun for finflow_source_data_pipeline to 2025-01-14T21:44:20.758911+00:00, run_after=2025-01-15T21:44:20.758911+00:00
[2025-01-14T22:05:12.605+0000] {processor.py:179} INFO - Processing /opt/airflow/dags/finflow.py took 0.855 seconds
[2025-01-14T22:05:42.922+0000] {processor.py:157} INFO - Started process (PID=168) to work on /opt/airflow/dags/finflow.py
[2025-01-14T22:05:42.933+0000] {processor.py:829} INFO - Processing file /opt/airflow/dags/finflow.py for tasks to queue
[2025-01-14T22:05:42.938+0000] {logging_mixin.py:154} INFO - [2025-01-14T22:05:42.937+0000] {dagbag.py:536} INFO - Filling up the DagBag from /opt/airflow/dags/finflow.py
[2025-01-14T22:05:43.165+0000] {logging_mixin.py:154} INFO - [2025-01-14T22:05:43.165+0000] {finflow.py:110} WARNING - Failed to get max keys, starting from 1: name 'dag' is not defined
[2025-01-14T22:05:43.237+0000] {processor.py:839} INFO - DAG(s) dict_keys(['finflow_source_data_pipeline']) retrieved from /opt/airflow/dags/finflow.py
[2025-01-14T22:05:43.462+0000] {logging_mixin.py:154} INFO - [2025-01-14T22:05:43.461+0000] {dag.py:2941} INFO - Sync 1 DAGs
[2025-01-14T22:05:43.646+0000] {logging_mixin.py:154} INFO - [2025-01-14T22:05:43.645+0000] {dag.py:3722} INFO - Setting next_dagrun for finflow_source_data_pipeline to 2025-01-14T21:44:20.758911+00:00, run_after=2025-01-15T21:44:20.758911+00:00
[2025-01-14T22:05:43.767+0000] {processor.py:179} INFO - Processing /opt/airflow/dags/finflow.py took 0.866 seconds
[2025-01-14T22:06:13.890+0000] {processor.py:157} INFO - Started process (PID=185) to work on /opt/airflow/dags/finflow.py
[2025-01-14T22:06:13.894+0000] {processor.py:829} INFO - Processing file /opt/airflow/dags/finflow.py for tasks to queue
[2025-01-14T22:06:13.897+0000] {logging_mixin.py:154} INFO - [2025-01-14T22:06:13.897+0000] {dagbag.py:536} INFO - Filling up the DagBag from /opt/airflow/dags/finflow.py
[2025-01-14T22:06:13.982+0000] {logging_mixin.py:154} INFO - [2025-01-14T22:06:13.981+0000] {finflow.py:110} WARNING - Failed to get max keys, starting from 1: name 'dag' is not defined
[2025-01-14T22:06:14.006+0000] {processor.py:839} INFO - DAG(s) dict_keys(['finflow_source_data_pipeline']) retrieved from /opt/airflow/dags/finflow.py
[2025-01-14T22:06:14.064+0000] {logging_mixin.py:154} INFO - [2025-01-14T22:06:14.063+0000] {dag.py:2941} INFO - Sync 1 DAGs
[2025-01-14T22:06:14.109+0000] {logging_mixin.py:154} INFO - [2025-01-14T22:06:14.108+0000] {dag.py:3722} INFO - Setting next_dagrun for finflow_source_data_pipeline to 2025-01-14T21:44:20.758911+00:00, run_after=2025-01-15T21:44:20.758911+00:00
[2025-01-14T22:06:14.143+0000] {processor.py:179} INFO - Processing /opt/airflow/dags/finflow.py took 0.258 seconds
[2025-01-14T22:06:44.334+0000] {processor.py:157} INFO - Started process (PID=202) to work on /opt/airflow/dags/finflow.py
[2025-01-14T22:06:44.337+0000] {processor.py:829} INFO - Processing file /opt/airflow/dags/finflow.py for tasks to queue
[2025-01-14T22:06:44.341+0000] {logging_mixin.py:154} INFO - [2025-01-14T22:06:44.341+0000] {dagbag.py:536} INFO - Filling up the DagBag from /opt/airflow/dags/finflow.py
[2025-01-14T22:06:44.473+0000] {logging_mixin.py:154} INFO - [2025-01-14T22:06:44.473+0000] {finflow.py:110} WARNING - Failed to get max keys, starting from 1: name 'dag' is not defined
[2025-01-14T22:06:44.558+0000] {processor.py:839} INFO - DAG(s) dict_keys(['finflow_source_data_pipeline']) retrieved from /opt/airflow/dags/finflow.py
[2025-01-14T22:06:44.687+0000] {logging_mixin.py:154} INFO - [2025-01-14T22:06:44.686+0000] {dag.py:2941} INFO - Sync 1 DAGs
[2025-01-14T22:06:44.786+0000] {logging_mixin.py:154} INFO - [2025-01-14T22:06:44.786+0000] {dag.py:3722} INFO - Setting next_dagrun for finflow_source_data_pipeline to 2025-01-14T21:44:20.758911+00:00, run_after=2025-01-15T21:44:20.758911+00:00
[2025-01-14T22:06:44.838+0000] {processor.py:179} INFO - Processing /opt/airflow/dags/finflow.py took 0.511 seconds
[2025-01-14T22:07:15.086+0000] {processor.py:157} INFO - Started process (PID=219) to work on /opt/airflow/dags/finflow.py
[2025-01-14T22:07:15.089+0000] {processor.py:829} INFO - Processing file /opt/airflow/dags/finflow.py for tasks to queue
[2025-01-14T22:07:15.094+0000] {logging_mixin.py:154} INFO - [2025-01-14T22:07:15.094+0000] {dagbag.py:536} INFO - Filling up the DagBag from /opt/airflow/dags/finflow.py
[2025-01-14T22:07:15.237+0000] {logging_mixin.py:154} INFO - [2025-01-14T22:07:15.237+0000] {finflow.py:110} WARNING - Failed to get max keys, starting from 1: name 'dag' is not defined
[2025-01-14T22:07:15.280+0000] {processor.py:839} INFO - DAG(s) dict_keys(['finflow_source_data_pipeline']) retrieved from /opt/airflow/dags/finflow.py
[2025-01-14T22:07:15.361+0000] {logging_mixin.py:154} INFO - [2025-01-14T22:07:15.360+0000] {dag.py:2941} INFO - Sync 1 DAGs
[2025-01-14T22:07:15.406+0000] {logging_mixin.py:154} INFO - [2025-01-14T22:07:15.406+0000] {dag.py:3722} INFO - Setting next_dagrun for finflow_source_data_pipeline to 2025-01-14T21:44:20.758911+00:00, run_after=2025-01-15T21:44:20.758911+00:00
[2025-01-14T22:07:15.439+0000] {processor.py:179} INFO - Processing /opt/airflow/dags/finflow.py took 0.372 seconds
[2025-01-14T22:07:45.690+0000] {processor.py:157} INFO - Started process (PID=245) to work on /opt/airflow/dags/finflow.py
[2025-01-14T22:07:45.693+0000] {processor.py:829} INFO - Processing file /opt/airflow/dags/finflow.py for tasks to queue
[2025-01-14T22:07:45.698+0000] {logging_mixin.py:154} INFO - [2025-01-14T22:07:45.697+0000] {dagbag.py:536} INFO - Filling up the DagBag from /opt/airflow/dags/finflow.py
[2025-01-14T22:07:45.807+0000] {logging_mixin.py:154} INFO - [2025-01-14T22:07:45.806+0000] {finflow.py:110} WARNING - Failed to get max keys, starting from 1: name 'dag' is not defined
[2025-01-14T22:07:45.842+0000] {processor.py:839} INFO - DAG(s) dict_keys(['finflow_source_data_pipeline']) retrieved from /opt/airflow/dags/finflow.py
[2025-01-14T22:07:45.912+0000] {logging_mixin.py:154} INFO - [2025-01-14T22:07:45.911+0000] {dag.py:2941} INFO - Sync 1 DAGs
[2025-01-14T22:07:45.953+0000] {logging_mixin.py:154} INFO - [2025-01-14T22:07:45.953+0000] {dag.py:3722} INFO - Setting next_dagrun for finflow_source_data_pipeline to 2025-01-14T21:44:20.758911+00:00, run_after=2025-01-15T21:44:20.758911+00:00
[2025-01-14T22:07:45.985+0000] {processor.py:179} INFO - Processing /opt/airflow/dags/finflow.py took 0.305 seconds
[2025-01-14T22:08:16.170+0000] {processor.py:157} INFO - Started process (PID=263) to work on /opt/airflow/dags/finflow.py
[2025-01-14T22:08:16.173+0000] {processor.py:829} INFO - Processing file /opt/airflow/dags/finflow.py for tasks to queue
[2025-01-14T22:08:16.177+0000] {logging_mixin.py:154} INFO - [2025-01-14T22:08:16.177+0000] {dagbag.py:536} INFO - Filling up the DagBag from /opt/airflow/dags/finflow.py
[2025-01-14T22:08:16.293+0000] {logging_mixin.py:154} INFO - [2025-01-14T22:08:16.292+0000] {finflow.py:110} WARNING - Failed to get max keys, starting from 1: name 'dag' is not defined
[2025-01-14T22:08:16.338+0000] {processor.py:839} INFO - DAG(s) dict_keys(['finflow_source_data_pipeline']) retrieved from /opt/airflow/dags/finflow.py
[2025-01-14T22:08:16.438+0000] {logging_mixin.py:154} INFO - [2025-01-14T22:08:16.437+0000] {dag.py:2941} INFO - Sync 1 DAGs
[2025-01-14T22:08:16.481+0000] {logging_mixin.py:154} INFO - [2025-01-14T22:08:16.481+0000] {dag.py:3722} INFO - Setting next_dagrun for finflow_source_data_pipeline to 2025-01-14T21:44:20.758911+00:00, run_after=2025-01-15T21:44:20.758911+00:00
[2025-01-14T22:08:16.512+0000] {processor.py:179} INFO - Processing /opt/airflow/dags/finflow.py took 0.348 seconds
[2025-01-14T22:08:46.749+0000] {processor.py:157} INFO - Started process (PID=281) to work on /opt/airflow/dags/finflow.py
[2025-01-14T22:08:46.753+0000] {processor.py:829} INFO - Processing file /opt/airflow/dags/finflow.py for tasks to queue
[2025-01-14T22:08:46.758+0000] {logging_mixin.py:154} INFO - [2025-01-14T22:08:46.757+0000] {dagbag.py:536} INFO - Filling up the DagBag from /opt/airflow/dags/finflow.py
[2025-01-14T22:08:46.880+0000] {logging_mixin.py:154} INFO - [2025-01-14T22:08:46.879+0000] {finflow.py:110} WARNING - Failed to get max keys, starting from 1: name 'dag' is not defined
[2025-01-14T22:08:46.919+0000] {processor.py:839} INFO - DAG(s) dict_keys(['finflow_source_data_pipeline']) retrieved from /opt/airflow/dags/finflow.py
[2025-01-14T22:08:46.999+0000] {logging_mixin.py:154} INFO - [2025-01-14T22:08:46.998+0000] {dag.py:2941} INFO - Sync 1 DAGs
[2025-01-14T22:08:47.043+0000] {logging_mixin.py:154} INFO - [2025-01-14T22:08:47.042+0000] {dag.py:3722} INFO - Setting next_dagrun for finflow_source_data_pipeline to 2025-01-14T21:44:20.758911+00:00, run_after=2025-01-15T21:44:20.758911+00:00
[2025-01-14T22:08:47.079+0000] {processor.py:179} INFO - Processing /opt/airflow/dags/finflow.py took 0.346 seconds
[2025-01-14T22:09:17.273+0000] {processor.py:157} INFO - Started process (PID=308) to work on /opt/airflow/dags/finflow.py
[2025-01-14T22:09:17.275+0000] {processor.py:829} INFO - Processing file /opt/airflow/dags/finflow.py for tasks to queue
[2025-01-14T22:09:17.279+0000] {logging_mixin.py:154} INFO - [2025-01-14T22:09:17.279+0000] {dagbag.py:536} INFO - Filling up the DagBag from /opt/airflow/dags/finflow.py
[2025-01-14T22:09:17.401+0000] {logging_mixin.py:154} INFO - [2025-01-14T22:09:17.401+0000] {finflow.py:110} WARNING - Failed to get max keys, starting from 1: name 'dag' is not defined
[2025-01-14T22:09:17.442+0000] {processor.py:839} INFO - DAG(s) dict_keys(['finflow_source_data_pipeline']) retrieved from /opt/airflow/dags/finflow.py
[2025-01-14T22:09:17.516+0000] {logging_mixin.py:154} INFO - [2025-01-14T22:09:17.514+0000] {dag.py:2941} INFO - Sync 1 DAGs
[2025-01-14T22:09:17.559+0000] {logging_mixin.py:154} INFO - [2025-01-14T22:09:17.558+0000] {dag.py:3722} INFO - Setting next_dagrun for finflow_source_data_pipeline to 2025-01-14T21:44:20.758911+00:00, run_after=2025-01-15T21:44:20.758911+00:00
[2025-01-14T22:09:17.591+0000] {processor.py:179} INFO - Processing /opt/airflow/dags/finflow.py took 0.326 seconds
[2025-01-14T22:09:47.774+0000] {processor.py:157} INFO - Started process (PID=325) to work on /opt/airflow/dags/finflow.py
[2025-01-14T22:09:47.777+0000] {processor.py:829} INFO - Processing file /opt/airflow/dags/finflow.py for tasks to queue
[2025-01-14T22:09:47.782+0000] {logging_mixin.py:154} INFO - [2025-01-14T22:09:47.781+0000] {dagbag.py:536} INFO - Filling up the DagBag from /opt/airflow/dags/finflow.py
[2025-01-14T22:09:47.869+0000] {logging_mixin.py:154} INFO - [2025-01-14T22:09:47.869+0000] {finflow.py:110} WARNING - Failed to get max keys, starting from 1: name 'dag' is not defined
[2025-01-14T22:09:47.896+0000] {processor.py:839} INFO - DAG(s) dict_keys(['finflow_source_data_pipeline']) retrieved from /opt/airflow/dags/finflow.py
[2025-01-14T22:09:47.949+0000] {logging_mixin.py:154} INFO - [2025-01-14T22:09:47.948+0000] {dag.py:2941} INFO - Sync 1 DAGs
[2025-01-14T22:09:47.978+0000] {logging_mixin.py:154} INFO - [2025-01-14T22:09:47.978+0000] {dag.py:3722} INFO - Setting next_dagrun for finflow_source_data_pipeline to 2025-01-14T21:44:20.758911+00:00, run_after=2025-01-15T21:44:20.758911+00:00
[2025-01-14T22:09:48.004+0000] {processor.py:179} INFO - Processing /opt/airflow/dags/finflow.py took 0.236 seconds
