[2025-01-16T19:12:25.625+0000] {taskinstance.py:1159} INFO - Dependencies all met for dep_context=non-requeueable deps ti=<TaskInstance: finflow_source_data_pipeline.data_quality_checks.verify_referential_integrity manual__2025-01-16T19:09:48.227737+00:00 [queued]>
[2025-01-16T19:12:25.688+0000] {taskinstance.py:1159} INFO - Dependencies all met for dep_context=requeueable deps ti=<TaskInstance: finflow_source_data_pipeline.data_quality_checks.verify_referential_integrity manual__2025-01-16T19:09:48.227737+00:00 [queued]>
[2025-01-16T19:12:25.689+0000] {taskinstance.py:1361} INFO - Starting attempt 1 of 1
[2025-01-16T19:12:25.753+0000] {taskinstance.py:1382} INFO - Executing <Task(BigQueryExecuteQueryOperator): data_quality_checks.verify_referential_integrity> on 2025-01-16 19:09:48.227737+00:00
[2025-01-16T19:12:25.777+0000] {standard_task_runner.py:57} INFO - Started process 344 to run task
[2025-01-16T19:12:25.798+0000] {standard_task_runner.py:84} INFO - Running: ['***', 'tasks', 'run', 'finflow_source_data_pipeline', 'data_quality_checks.verify_referential_integrity', 'manual__2025-01-16T19:09:48.227737+00:00', '--job-id', '2710', '--raw', '--subdir', 'DAGS_FOLDER/finflow.py', '--cfg-path', '/tmp/tmp2j4zmogq']
[2025-01-16T19:12:25.816+0000] {standard_task_runner.py:85} INFO - Job 2710: Subtask data_quality_checks.verify_referential_integrity
[2025-01-16T19:12:26.061+0000] {task_command.py:416} INFO - Running <TaskInstance: finflow_source_data_pipeline.data_quality_checks.verify_referential_integrity manual__2025-01-16T19:09:48.227737+00:00 [running]> on host c35fc3f5a87d
[2025-01-16T19:12:26.399+0000] {taskinstance.py:1662} INFO - Exporting env vars: AIRFLOW_CTX_DAG_OWNER='***' AIRFLOW_CTX_DAG_ID='finflow_source_data_pipeline' AIRFLOW_CTX_TASK_ID='data_quality_checks.verify_referential_integrity' AIRFLOW_CTX_EXECUTION_DATE='2025-01-16T19:09:48.227737+00:00' AIRFLOW_CTX_TRY_NUMBER='1' AIRFLOW_CTX_DAG_RUN_ID='manual__2025-01-16T19:09:48.227737+00:00'
[2025-01-16T19:12:26.404+0000] {bigquery.py:1241} INFO - Executing: 
WITH integrity_checks AS (
    -- Check customer references
    SELECT 'Invalid customer reference in accounts' as check_name,
    COUNT(*) as invalid_count
    FROM `finflow-analytics-production.finflow_data.src_accounts` a
    LEFT JOIN `finflow-analytics-production.finflow_data.src_customers` c
    ON a.customer_key = c.customer_key
    WHERE c.customer_key IS NULL
    
    UNION ALL
    
    -- Check product references
    SELECT 'Invalid product reference in accounts',
    COUNT(*)
    FROM `finflow-analytics-production.finflow_data.src_accounts` a
    LEFT JOIN `finflow-analytics-production.finflow_data.src_products` p
    ON a.product_key = p.product_key
    WHERE p.product_key IS NULL
    
    UNION ALL
    
    -- Check account references in transactions
    SELECT 'Invalid account reference in transactions',
    COUNT(*)
    FROM `finflow-analytics-production.finflow_data.src_transactions` t
    LEFT JOIN `finflow-analytics-production.finflow_data.src_accounts` a
    ON t.account_key = a.account_key
    WHERE a.account_key IS NULL
    
    UNION ALL
    
    -- Check location references in transactions
    SELECT 'Invalid location reference in transactions',
    COUNT(*)
    FROM `finflow-analytics-production.finflow_data.src_transactions` t
    LEFT JOIN `finflow-analytics-production.finflow_data.src_locations` l
    ON t.location_key = l.location_key
    WHERE l.location_key IS NULL
)
SELECT
    CASE 
        WHEN MAX(invalid_count) > 0 THEN
            ERROR(CONCAT('Referential integrity violation found: ', 
                  STRING_AGG(CONCAT(check_name, ': ', CAST(invalid_count AS STRING)), '; ')))
        ELSE 'All referential integrity checks passed'
    END as validation_result
FROM integrity_checks
WHERE invalid_count > 0;
[2025-01-16T19:12:26.410+0000] {crypto.py:82} WARNING - empty cryptography key - values will not be stored encrypted.
[2025-01-16T19:12:26.414+0000] {connection.py:232} WARNING - Connection schemes (type: google_cloud_platform) shall not contain '_' according to RFC3986.
[2025-01-16T19:12:26.416+0000] {base.py:73} INFO - Using connection ID 'google_cloud_default' for task execution.
[2025-01-16T19:12:26.421+0000] {warnings.py:109} WARNING - /home/***/.local/lib/python3.8/site-packages/***/providers/google/cloud/hooks/bigquery.py:2108: AirflowProviderDeprecationWarning: This method is deprecated. Please use `BigQueryHook.insert_job` method.
  warnings.warn(

[2025-01-16T19:12:26.590+0000] {bigquery.py:1595} INFO - Inserting job ***_1737054746589174_7bdeed896916e2207fd2b4577e71b47e
[2025-01-16T19:12:27.784+0000] {taskinstance.py:1400} INFO - Marking task as SUCCESS. dag_id=finflow_source_data_pipeline, task_id=data_quality_checks.verify_referential_integrity, execution_date=20250116T190948, start_date=20250116T191225, end_date=20250116T191227
[2025-01-16T19:12:27.945+0000] {local_task_job_runner.py:228} INFO - Task exited with return code 0
[2025-01-16T19:12:28.067+0000] {taskinstance.py:2778} INFO - 6 downstream tasks scheduled from follow-on schedule check
