[2025-01-16T20:35:34.619+0000] {taskinstance.py:1159} INFO - Dependencies all met for dep_context=non-requeueable deps ti=<TaskInstance: finflow_source_data_pipeline.load_to_gcs_bq.transform_location_timestamps manual__2025-01-16T20:34:11.951415+00:00 [queued]>
[2025-01-16T20:35:34.649+0000] {taskinstance.py:1159} INFO - Dependencies all met for dep_context=requeueable deps ti=<TaskInstance: finflow_source_data_pipeline.load_to_gcs_bq.transform_location_timestamps manual__2025-01-16T20:34:11.951415+00:00 [queued]>
[2025-01-16T20:35:34.651+0000] {taskinstance.py:1361} INFO - Starting attempt 1 of 1
[2025-01-16T20:35:34.709+0000] {taskinstance.py:1382} INFO - Executing <Task(BigQueryExecuteQueryOperator): load_to_gcs_bq.transform_location_timestamps> on 2025-01-16 20:34:11.951415+00:00
[2025-01-16T20:35:34.737+0000] {standard_task_runner.py:57} INFO - Started process 4060 to run task
[2025-01-16T20:35:34.759+0000] {standard_task_runner.py:84} INFO - Running: ['***', 'tasks', 'run', 'finflow_source_data_pipeline', 'load_to_gcs_bq.transform_location_timestamps', 'manual__2025-01-16T20:34:11.951415+00:00', '--job-id', '3025', '--raw', '--subdir', 'DAGS_FOLDER/finflow.py', '--cfg-path', '/tmp/tmp26almqze']
[2025-01-16T20:35:34.778+0000] {standard_task_runner.py:85} INFO - Job 3025: Subtask load_to_gcs_bq.transform_location_timestamps
[2025-01-16T20:35:34.995+0000] {task_command.py:416} INFO - Running <TaskInstance: finflow_source_data_pipeline.load_to_gcs_bq.transform_location_timestamps manual__2025-01-16T20:34:11.951415+00:00 [running]> on host c35fc3f5a87d
[2025-01-16T20:35:35.530+0000] {taskinstance.py:1662} INFO - Exporting env vars: AIRFLOW_CTX_DAG_OWNER='***' AIRFLOW_CTX_DAG_ID='finflow_source_data_pipeline' AIRFLOW_CTX_TASK_ID='load_to_gcs_bq.transform_location_timestamps' AIRFLOW_CTX_EXECUTION_DATE='2025-01-16T20:34:11.951415+00:00' AIRFLOW_CTX_TRY_NUMBER='1' AIRFLOW_CTX_DAG_RUN_ID='manual__2025-01-16T20:34:11.951415+00:00'
[2025-01-16T20:35:35.541+0000] {bigquery.py:1241} INFO - Executing: 
                    CREATE OR REPLACE TABLE `finflow-analytics-production.finflow_data.src_locations_temp` AS
                    SELECT 
                        location_key,
                        location_id,
                        location_name,
                        address,
                        city,
                        state,
                        region,
                        country_name,
                        country_code,
                        currency_code,
                        postal_code,
                        timezone,
                        latitude,
                        longitude,
                        created_at,
                        updated_at,
                        ingestion_timestamp
                    FROM `finflow-analytics-production.finflow_data.src_locations_temp`
                    
[2025-01-16T20:35:35.543+0000] {crypto.py:82} WARNING - empty cryptography key - values will not be stored encrypted.
[2025-01-16T20:35:35.587+0000] {connection.py:232} WARNING - Connection schemes (type: google_cloud_platform) shall not contain '_' according to RFC3986.
[2025-01-16T20:35:35.591+0000] {base.py:73} INFO - Using connection ID 'google_cloud_default' for task execution.
[2025-01-16T20:35:35.625+0000] {warnings.py:109} WARNING - /home/***/.local/lib/python3.8/site-packages/***/providers/google/cloud/hooks/bigquery.py:2108: AirflowProviderDeprecationWarning: This method is deprecated. Please use `BigQueryHook.insert_job` method.
  warnings.warn(

[2025-01-16T20:35:36.799+0000] {bigquery.py:1595} INFO - Inserting job ***_1737059736797988_f447a8ed97fa76869e5661f76727fc9d
[2025-01-16T20:35:39.553+0000] {taskinstance.py:1400} INFO - Marking task as SUCCESS. dag_id=finflow_source_data_pipeline, task_id=load_to_gcs_bq.transform_location_timestamps, execution_date=20250116T203411, start_date=20250116T203534, end_date=20250116T203539
[2025-01-16T20:35:39.994+0000] {local_task_job_runner.py:228} INFO - Task exited with return code 0
[2025-01-16T20:35:40.492+0000] {taskinstance.py:2778} INFO - 1 downstream tasks scheduled from follow-on schedule check
