[2025-01-16T02:59:37.889+0000] {taskinstance.py:1159} INFO - Dependencies all met for dep_context=non-requeueable deps ti=<TaskInstance: finflow_source_data_pipeline.load_to_gcs_bq.merge_account_to_main manual__2025-01-16T02:57:57.400487+00:00 [queued]>
[2025-01-16T02:59:37.991+0000] {taskinstance.py:1159} INFO - Dependencies all met for dep_context=requeueable deps ti=<TaskInstance: finflow_source_data_pipeline.load_to_gcs_bq.merge_account_to_main manual__2025-01-16T02:57:57.400487+00:00 [queued]>
[2025-01-16T02:59:37.992+0000] {taskinstance.py:1361} INFO - Starting attempt 1 of 1
[2025-01-16T02:59:38.087+0000] {taskinstance.py:1382} INFO - Executing <Task(BigQueryExecuteQueryOperator): load_to_gcs_bq.merge_account_to_main> on 2025-01-16 02:57:57.400487+00:00
[2025-01-16T02:59:38.219+0000] {standard_task_runner.py:57} INFO - Started process 4132 to run task
[2025-01-16T02:59:38.262+0000] {standard_task_runner.py:84} INFO - Running: ['***', 'tasks', 'run', 'finflow_source_data_pipeline', 'load_to_gcs_bq.merge_account_to_main', 'manual__2025-01-16T02:57:57.400487+00:00', '--job-id', '1812', '--raw', '--subdir', 'DAGS_FOLDER/finflow.py', '--cfg-path', '/tmp/tmpy3i3782a']
[2025-01-16T02:59:38.286+0000] {standard_task_runner.py:85} INFO - Job 1812: Subtask load_to_gcs_bq.merge_account_to_main
[2025-01-16T02:59:38.581+0000] {task_command.py:416} INFO - Running <TaskInstance: finflow_source_data_pipeline.load_to_gcs_bq.merge_account_to_main manual__2025-01-16T02:57:57.400487+00:00 [running]> on host a445abefd56a
[2025-01-16T02:59:39.206+0000] {taskinstance.py:1662} INFO - Exporting env vars: AIRFLOW_CTX_DAG_OWNER='***' AIRFLOW_CTX_DAG_ID='finflow_source_data_pipeline' AIRFLOW_CTX_TASK_ID='load_to_gcs_bq.merge_account_to_main' AIRFLOW_CTX_EXECUTION_DATE='2025-01-16T02:57:57.400487+00:00' AIRFLOW_CTX_TRY_NUMBER='1' AIRFLOW_CTX_DAG_RUN_ID='manual__2025-01-16T02:57:57.400487+00:00'
[2025-01-16T02:59:39.209+0000] {bigquery.py:1241} INFO - Executing: 
MERGE `finflow-analytics-production.finflow_data.src_accounts` T
USING (
    SELECT 
        *,
        -- Convert UNIX timestamp directly without CAST
        TIMESTAMP_SECONDS(created_at) AS created_at,
        TIMESTAMP_SECONDS(updated_at) AS updated_at,
        TIMESTAMP_SECONDS(ingestion_timestamp) AS ingestion_timestamp
    FROM `finflow-analytics-production.finflow_data.src_accounts_temp`
) S
ON T.account_key = S.account_key
WHEN MATCHED THEN
    UPDATE SET
        T.account_id = S.account_id,
        T.customer_key = S.customer_key,
        T.product_key = S.product_key,
        T.account_type = S.account_type,
        T.account_status = S.account_status,
        T.initial_deposit = S.initial_deposit,
        T.minimum_balance = S.minimum_balance,
        T.balance = S.balance,
        T.credit_limit = S.credit_limit,
        T.opened_date = S.opened_date,
        T.closed_date = S.closed_date,
        T.created_at = S.created_at,
        T.updated_at = S.updated_at,
        T.ingestion_timestamp = S.ingestion_timestamp
WHEN NOT MATCHED THEN
    INSERT (account_key, account_id, customer_key, product_key, account_type, account_status, initial_deposit, minimum_balance, balance, credit_limit, opened_date, closed_date, created_at, updated_at, ingestion_timestamp)
    VALUES (S.account_key, S.account_id, S.customer_key, S.product_key, S.account_type, S.account_status, S.initial_deposit, S.minimum_balance, S.balance, S.credit_limit, S.opened_date, S.closed_date, S.created_at, S.updated_at, S.ingestion_timestamp)
[2025-01-16T02:59:39.227+0000] {crypto.py:82} WARNING - empty cryptography key - values will not be stored encrypted.
[2025-01-16T02:59:39.232+0000] {connection.py:232} WARNING - Connection schemes (type: google_cloud_platform) shall not contain '_' according to RFC3986.
[2025-01-16T02:59:39.238+0000] {base.py:73} INFO - Using connection ID 'google_cloud_default' for task execution.
[2025-01-16T02:59:39.246+0000] {warnings.py:109} WARNING - /home/***/.local/lib/python3.8/site-packages/***/providers/google/cloud/hooks/bigquery.py:2108: AirflowProviderDeprecationWarning: This method is deprecated. Please use `BigQueryHook.insert_job` method.
  warnings.warn(

[2025-01-16T02:59:39.647+0000] {bigquery.py:1595} INFO - Inserting job ***_1736996379646013_7178f3dd4da01165aa0c6fd210ec045d
[2025-01-16T02:59:40.456+0000] {taskinstance.py:1937} ERROR - Task failed with exception
Traceback (most recent call last):
  File "/home/airflow/.local/lib/python3.8/site-packages/airflow/providers/google/cloud/operators/bigquery.py", line 1249, in execute
    self.job_id = self.hook.run_query(
  File "/home/airflow/.local/lib/python3.8/site-packages/airflow/providers/google/cloud/hooks/bigquery.py", line 2241, in run_query
    job = self.insert_job(configuration=configuration, project_id=self.project_id, location=location)
  File "/home/airflow/.local/lib/python3.8/site-packages/airflow/providers/google/common/hooks/base_google.py", line 475, in inner_wrapper
    return func(self, *args, **kwargs)
  File "/home/airflow/.local/lib/python3.8/site-packages/airflow/providers/google/cloud/hooks/bigquery.py", line 1601, in insert_job
    job_api_repr.result(timeout=timeout, retry=retry)
  File "/home/airflow/.local/lib/python3.8/site-packages/google/cloud/bigquery/job/query.py", line 1580, in result
    do_get_result()
  File "/home/airflow/.local/lib/python3.8/site-packages/google/cloud/bigquery/job/query.py", line 1570, in do_get_result
    super(QueryJob, self).result(retry=retry, timeout=timeout)
  File "/home/airflow/.local/lib/python3.8/site-packages/google/cloud/bigquery/job/base.py", line 922, in result
    return super(_AsyncJob, self).result(timeout=timeout, **kwargs)
  File "/home/airflow/.local/lib/python3.8/site-packages/google/api_core/future/polling.py", line 261, in result
    raise self._exception
google.api_core.exceptions.BadRequest: 400 Value of type INT64 cannot be assigned to T.closed_date, which has type DATE at [25:25]

Location: us-central1
Job ID: airflow_1736996379646013_7178f3dd4da01165aa0c6fd210ec045d

[2025-01-16T02:59:40.497+0000] {taskinstance.py:1400} INFO - Marking task as FAILED. dag_id=finflow_source_data_pipeline, task_id=load_to_gcs_bq.merge_account_to_main, execution_date=20250116T025757, start_date=20250116T025937, end_date=20250116T025940
[2025-01-16T02:59:40.537+0000] {standard_task_runner.py:104} ERROR - Failed to execute job 1812 for task load_to_gcs_bq.merge_account_to_main (400 Value of type INT64 cannot be assigned to T.closed_date, which has type DATE at [25:25]

Location: us-central1
Job ID: airflow_1736996379646013_7178f3dd4da01165aa0c6fd210ec045d
; 4132)
[2025-01-16T02:59:40.608+0000] {local_task_job_runner.py:228} INFO - Task exited with return code 1
[2025-01-16T02:59:40.867+0000] {taskinstance.py:2778} INFO - 0 downstream tasks scheduled from follow-on schedule check
