[2025-01-17T15:02:52.029+0000] {taskinstance.py:1159} INFO - Dependencies all met for dep_context=non-requeueable deps ti=<TaskInstance: finflow_source_data_pipeline.data_quality_checks.verify_merge_results_location manual__2025-01-17T15:00:07.196996+00:00 [queued]>
[2025-01-17T15:02:52.234+0000] {taskinstance.py:1159} INFO - Dependencies all met for dep_context=requeueable deps ti=<TaskInstance: finflow_source_data_pipeline.data_quality_checks.verify_merge_results_location manual__2025-01-17T15:00:07.196996+00:00 [queued]>
[2025-01-17T15:02:52.235+0000] {taskinstance.py:1361} INFO - Starting attempt 1 of 1
[2025-01-17T15:02:52.443+0000] {taskinstance.py:1382} INFO - Executing <Task(BigQueryExecuteQueryOperator): data_quality_checks.verify_merge_results_location> on 2025-01-17 15:00:07.196996+00:00
[2025-01-17T15:02:52.506+0000] {standard_task_runner.py:57} INFO - Started process 1212 to run task
[2025-01-17T15:02:52.576+0000] {standard_task_runner.py:84} INFO - Running: ['***', 'tasks', 'run', 'finflow_source_data_pipeline', 'data_quality_checks.verify_merge_results_location', 'manual__2025-01-17T15:00:07.196996+00:00', '--job-id', '3306', '--raw', '--subdir', 'DAGS_FOLDER/finflow.py', '--cfg-path', '/tmp/tmpm1l95jws']
[2025-01-17T15:02:52.632+0000] {standard_task_runner.py:85} INFO - Job 3306: Subtask data_quality_checks.verify_merge_results_location
[2025-01-17T15:02:53.153+0000] {task_command.py:416} INFO - Running <TaskInstance: finflow_source_data_pipeline.data_quality_checks.verify_merge_results_location manual__2025-01-17T15:00:07.196996+00:00 [running]> on host 9b2833750dff
[2025-01-17T15:02:53.958+0000] {taskinstance.py:1662} INFO - Exporting env vars: AIRFLOW_CTX_DAG_OWNER='***' AIRFLOW_CTX_DAG_ID='finflow_source_data_pipeline' AIRFLOW_CTX_TASK_ID='data_quality_checks.verify_merge_results_location' AIRFLOW_CTX_EXECUTION_DATE='2025-01-17T15:00:07.196996+00:00' AIRFLOW_CTX_TRY_NUMBER='1' AIRFLOW_CTX_DAG_RUN_ID='manual__2025-01-17T15:00:07.196996+00:00'
[2025-01-17T15:02:53.981+0000] {bigquery.py:1241} INFO - Executing: 
WITH pre_counts AS (
    SELECT 
        'locations' as table_name,
        COUNT(*) as pre_merge_count
    FROM `finflow-analytics-production.finflow_data.src_locations`
    WHERE DATE(ingestion_timestamp) < DATE('2025-01-17')
),
post_counts AS (
    SELECT 
        'locations' as table_name,
        COUNT(*) as post_merge_count
    FROM `finflow-analytics-production.finflow_data.src_locations`
    WHERE DATE(ingestion_timestamp) <= DATE('2025-01-17')
),
new_records AS (
    SELECT 
        'locations' as table_name,
        COUNT(*) as new_record_count
    FROM `finflow-analytics-production.finflow_data.src_locations`
    WHERE DATE(ingestion_timestamp) = DATE('2025-01-17')
)
SELECT
    CASE 
        WHEN post_counts.post_merge_count < pre_counts.pre_merge_count 
        THEN ERROR('Data loss detected in locations table')
        WHEN post_counts.post_merge_count - pre_counts.pre_merge_count != new_records.new_record_count
        THEN ERROR('Unexpected record count after merge in locations table')
        ELSE 'Merge validation successful for locations table'
    END as validation_result
FROM pre_counts
JOIN post_counts ON pre_counts.table_name = post_counts.table_name
JOIN new_records ON pre_counts.table_name = new_records.table_name
[2025-01-17T15:02:54.017+0000] {crypto.py:82} WARNING - empty cryptography key - values will not be stored encrypted.
[2025-01-17T15:02:54.018+0000] {connection.py:232} WARNING - Connection schemes (type: google_cloud_platform) shall not contain '_' according to RFC3986.
[2025-01-17T15:02:54.020+0000] {base.py:73} INFO - Using connection ID 'google_cloud_default' for task execution.
[2025-01-17T15:02:54.027+0000] {warnings.py:109} WARNING - /home/***/.local/lib/python3.8/site-packages/***/providers/google/cloud/hooks/bigquery.py:2108: AirflowProviderDeprecationWarning: This method is deprecated. Please use `BigQueryHook.insert_job` method.
  warnings.warn(

[2025-01-17T15:02:54.826+0000] {bigquery.py:1595} INFO - Inserting job ***_1737126174825473_0c9c705e37489a433ffffac8e8e87bdc
[2025-01-17T15:02:55.825+0000] {taskinstance.py:1400} INFO - Marking task as SUCCESS. dag_id=finflow_source_data_pipeline, task_id=data_quality_checks.verify_merge_results_location, execution_date=20250117T150007, start_date=20250117T150252, end_date=20250117T150255
[2025-01-17T15:02:55.893+0000] {local_task_job_runner.py:228} INFO - Task exited with return code 0
[2025-01-17T15:02:56.128+0000] {taskinstance.py:2778} INFO - 0 downstream tasks scheduled from follow-on schedule check
