[2025-01-17T14:40:28.363+0000] {taskinstance.py:1159} INFO - Dependencies all met for dep_context=non-requeueable deps ti=<TaskInstance: finflow_source_data_pipeline.dbt_transformations.dbt_deps scheduled__2025-01-16T14:35:47.572669+00:00 [queued]>
[2025-01-17T14:40:28.390+0000] {taskinstance.py:1159} INFO - Dependencies all met for dep_context=requeueable deps ti=<TaskInstance: finflow_source_data_pipeline.dbt_transformations.dbt_deps scheduled__2025-01-16T14:35:47.572669+00:00 [queued]>
[2025-01-17T14:40:28.391+0000] {taskinstance.py:1361} INFO - Starting attempt 1 of 3
[2025-01-17T14:40:28.416+0000] {taskinstance.py:1382} INFO - Executing <Task(DbtBaseOperator): dbt_transformations.dbt_deps> on 2025-01-16 14:35:47.572669+00:00
[2025-01-17T14:40:28.428+0000] {standard_task_runner.py:57} INFO - Started process 295 to run task
[2025-01-17T14:40:28.442+0000] {standard_task_runner.py:84} INFO - Running: ['***', 'tasks', 'run', 'finflow_source_data_pipeline', 'dbt_transformations.dbt_deps', 'scheduled__2025-01-16T14:35:47.572669+00:00', '--job-id', '3264', '--raw', '--subdir', 'DAGS_FOLDER/finflow.py', '--cfg-path', '/tmp/tmpaixbm_yo']
[2025-01-17T14:40:28.449+0000] {standard_task_runner.py:85} INFO - Job 3264: Subtask dbt_transformations.dbt_deps
[2025-01-17T14:40:28.547+0000] {task_command.py:416} INFO - Running <TaskInstance: finflow_source_data_pipeline.dbt_transformations.dbt_deps scheduled__2025-01-16T14:35:47.572669+00:00 [running]> on host 9b2833750dff
[2025-01-17T14:40:28.693+0000] {taskinstance.py:1662} INFO - Exporting env vars: AIRFLOW_CTX_DAG_OWNER='***' AIRFLOW_CTX_DAG_ID='finflow_source_data_pipeline' AIRFLOW_CTX_TASK_ID='dbt_transformations.dbt_deps' AIRFLOW_CTX_EXECUTION_DATE='2025-01-16T14:35:47.572669+00:00' AIRFLOW_CTX_TRY_NUMBER='1' AIRFLOW_CTX_DAG_RUN_ID='scheduled__2025-01-16T14:35:47.572669+00:00'
[2025-01-17T14:40:36.520+0000] {finflow.py:618} INFO - [0m14:40:34  Running with dbt=1.8.7
[0m14:40:34  [[33mWARNING[0m]: Deprecated functionality
The `tests` config has been renamed to `data_tests`. Please see
https://docs.getdbt.com/docs/build/data-tests#new-data_tests-syntax for more
information.
[0m14:40:35  Installing dbt-labs/dbt_utils
[0m14:40:35  Installed from version 1.3.0
[0m14:40:35  Up to date!
[0m14:40:35  Installing calogica/dbt_expectations
[0m14:40:36  Installed from version 0.10.4
[0m14:40:36  Up to date!
[0m14:40:36  Installing calogica/dbt_date
[0m14:40:36  Installed from version 0.10.1
[0m14:40:36  Up to date!

[2025-01-17T14:40:36.554+0000] {taskinstance.py:1400} INFO - Marking task as SUCCESS. dag_id=finflow_source_data_pipeline, task_id=dbt_transformations.dbt_deps, execution_date=20250116T143547, start_date=20250117T144028, end_date=20250117T144036
[2025-01-17T14:40:36.611+0000] {local_task_job_runner.py:228} INFO - Task exited with return code 0
[2025-01-17T14:40:36.641+0000] {taskinstance.py:2778} INFO - 1 downstream tasks scheduled from follow-on schedule check
