[2025-01-16T18:02:32.006+0000] {taskinstance.py:1159} INFO - Dependencies all met for dep_context=non-requeueable deps ti=<TaskInstance: finflow_source_data_pipeline.load_to_gcs_bq.transform_location_timestamps manual__2025-01-16T18:01:08.056378+00:00 [queued]>
[2025-01-16T18:02:32.123+0000] {taskinstance.py:1159} INFO - Dependencies all met for dep_context=requeueable deps ti=<TaskInstance: finflow_source_data_pipeline.load_to_gcs_bq.transform_location_timestamps manual__2025-01-16T18:01:08.056378+00:00 [queued]>
[2025-01-16T18:02:32.125+0000] {taskinstance.py:1361} INFO - Starting attempt 1 of 1
[2025-01-16T18:02:32.315+0000] {taskinstance.py:1382} INFO - Executing <Task(BigQueryExecuteQueryOperator): load_to_gcs_bq.transform_location_timestamps> on 2025-01-16 18:01:08.056378+00:00
[2025-01-16T18:02:32.411+0000] {standard_task_runner.py:57} INFO - Started process 5112 to run task
[2025-01-16T18:02:32.464+0000] {standard_task_runner.py:84} INFO - Running: ['***', 'tasks', 'run', 'finflow_source_data_pipeline', 'load_to_gcs_bq.transform_location_timestamps', 'manual__2025-01-16T18:01:08.056378+00:00', '--job-id', '2469', '--raw', '--subdir', 'DAGS_FOLDER/finflow.py', '--cfg-path', '/tmp/tmp07rwh98z']
[2025-01-16T18:02:32.523+0000] {standard_task_runner.py:85} INFO - Job 2469: Subtask load_to_gcs_bq.transform_location_timestamps
[2025-01-16T18:02:33.047+0000] {task_command.py:416} INFO - Running <TaskInstance: finflow_source_data_pipeline.load_to_gcs_bq.transform_location_timestamps manual__2025-01-16T18:01:08.056378+00:00 [running]> on host e65a9a79c958
[2025-01-16T18:02:34.116+0000] {taskinstance.py:1662} INFO - Exporting env vars: AIRFLOW_CTX_DAG_OWNER='***' AIRFLOW_CTX_DAG_ID='finflow_source_data_pipeline' AIRFLOW_CTX_TASK_ID='load_to_gcs_bq.transform_location_timestamps' AIRFLOW_CTX_EXECUTION_DATE='2025-01-16T18:01:08.056378+00:00' AIRFLOW_CTX_TRY_NUMBER='1' AIRFLOW_CTX_DAG_RUN_ID='manual__2025-01-16T18:01:08.056378+00:00'
[2025-01-16T18:02:34.118+0000] {bigquery.py:1241} INFO - Executing: 
                    CREATE OR REPLACE TABLE `finflow-analytics-production.finflow_data.src_locations_temp` AS
                    SELECT 
                        location_key,
                        location_id,
                        location_name,
                        address,
                        city,
                        state,
                        region,
                        country,
                        country_name,
                        country_code,
                        currency_code,
                        postal_code,
                        timezone,
                        latitude,
                        longitude,
                        TIMESTAMP(created_at) as created_at,
                        TIMESTAMP(updated_at) as updated_at,
                        TIMESTAMP(ingestion_timestamp) as ingestion_timestamp
                    FROM `finflow-analytics-production.finflow_data.src_locations_temp`
                    
[2025-01-16T18:02:34.132+0000] {crypto.py:82} WARNING - empty cryptography key - values will not be stored encrypted.
[2025-01-16T18:02:34.133+0000] {connection.py:232} WARNING - Connection schemes (type: google_cloud_platform) shall not contain '_' according to RFC3986.
[2025-01-16T18:02:34.135+0000] {base.py:73} INFO - Using connection ID 'google_cloud_default' for task execution.
[2025-01-16T18:02:34.153+0000] {warnings.py:109} WARNING - /home/***/.local/lib/python3.8/site-packages/***/providers/google/cloud/hooks/bigquery.py:2108: AirflowProviderDeprecationWarning: This method is deprecated. Please use `BigQueryHook.insert_job` method.
  warnings.warn(

[2025-01-16T18:02:34.665+0000] {bigquery.py:1595} INFO - Inserting job ***_1737050554663893_eb642e87fe046f54cb695cebe9eb4c6a
[2025-01-16T18:02:37.616+0000] {taskinstance.py:1400} INFO - Marking task as SUCCESS. dag_id=finflow_source_data_pipeline, task_id=load_to_gcs_bq.transform_location_timestamps, execution_date=20250116T180108, start_date=20250116T180232, end_date=20250116T180237
[2025-01-16T18:02:37.896+0000] {local_task_job_runner.py:228} INFO - Task exited with return code 0
[2025-01-16T18:02:38.380+0000] {taskinstance.py:2778} INFO - 1 downstream tasks scheduled from follow-on schedule check
