[2025-01-13T14:35:01.683+0000] {taskinstance.py:1159} INFO - Dependencies all met for dep_context=non-requeueable deps ti=<TaskInstance: finflow_source_data_pipeline.load_to_gcs_bq.load_transaction_to_bq manual__2025-01-13T14:33:47.115125+00:00 [queued]>
[2025-01-13T14:35:01.937+0000] {taskinstance.py:1159} INFO - Dependencies all met for dep_context=requeueable deps ti=<TaskInstance: finflow_source_data_pipeline.load_to_gcs_bq.load_transaction_to_bq manual__2025-01-13T14:33:47.115125+00:00 [queued]>
[2025-01-13T14:35:01.963+0000] {taskinstance.py:1361} INFO - Starting attempt 1 of 1
[2025-01-13T14:35:02.350+0000] {taskinstance.py:1382} INFO - Executing <Task(GCSToBigQueryOperator): load_to_gcs_bq.load_transaction_to_bq> on 2025-01-13 14:33:47.115125+00:00
[2025-01-13T14:35:02.474+0000] {standard_task_runner.py:57} INFO - Started process 2900 to run task
[2025-01-13T14:35:02.621+0000] {standard_task_runner.py:84} INFO - Running: ['***', 'tasks', 'run', 'finflow_source_data_pipeline', 'load_to_gcs_bq.load_transaction_to_bq', 'manual__2025-01-13T14:33:47.115125+00:00', '--job-id', '288', '--raw', '--subdir', 'DAGS_FOLDER/finflow.py', '--cfg-path', '/tmp/tmp1dvr2a5k']
[2025-01-13T14:35:02.733+0000] {standard_task_runner.py:85} INFO - Job 288: Subtask load_to_gcs_bq.load_transaction_to_bq
[2025-01-13T14:35:03.412+0000] {task_command.py:416} INFO - Running <TaskInstance: finflow_source_data_pipeline.load_to_gcs_bq.load_transaction_to_bq manual__2025-01-13T14:33:47.115125+00:00 [running]> on host ab4e86dc450e
[2025-01-13T14:35:04.164+0000] {taskinstance.py:1662} INFO - Exporting env vars: AIRFLOW_CTX_DAG_OWNER='***' AIRFLOW_CTX_DAG_ID='finflow_source_data_pipeline' AIRFLOW_CTX_TASK_ID='load_to_gcs_bq.load_transaction_to_bq' AIRFLOW_CTX_EXECUTION_DATE='2025-01-13T14:33:47.115125+00:00' AIRFLOW_CTX_TRY_NUMBER='1' AIRFLOW_CTX_DAG_RUN_ID='manual__2025-01-13T14:33:47.115125+00:00'
[2025-01-13T14:35:04.178+0000] {crypto.py:82} WARNING - empty cryptography key - values will not be stored encrypted.
[2025-01-13T14:35:04.180+0000] {connection.py:232} WARNING - Connection schemes (type: google_cloud_platform) shall not contain '_' according to RFC3986.
[2025-01-13T14:35:04.187+0000] {base.py:73} INFO - Using connection ID 'google_cloud_default' for task execution.
[2025-01-13T14:35:04.202+0000] {gcs_to_bigquery.py:376} INFO - Using existing BigQuery table for storing data...
[2025-01-13T14:35:04.760+0000] {gcs_to_bigquery.py:380} INFO - Executing: {'load': {'autodetect': True, 'createDisposition': 'CREATE_IF_NEEDED', 'destinationTable': {'projectId': 'finflow-analytics-production', 'datasetId': 'finflow_raw', 'tableId': 'src_transactions'}, 'sourceFormat': 'PARQUET', 'sourceUris': ['gs://finflow-analytics-data/raw/transactions/2025-01-13/transactions.parquet'], 'writeDisposition': 'WRITE_APPEND', 'ignoreUnknownValues': False, 'schema': {'fields': [{'name': 'transaction_key', 'type': 'INTEGER', 'mode': 'REQUIRED'}, {'name': 'transaction_id', 'type': 'INTEGER', 'mode': 'REQUIRED'}, {'name': 'account_key', 'type': 'INTEGER', 'mode': 'REQUIRED'}, {'name': 'customer_key', 'type': 'INTEGER', 'mode': 'REQUIRED'}, {'name': 'product_key', 'type': 'INTEGER', 'mode': 'REQUIRED'}, {'name': 'location_key', 'type': 'INTEGER', 'mode': 'REQUIRED'}, {'name': 'date_key', 'type': 'INTEGER', 'mode': 'REQUIRED'}, {'name': 'transaction_type', 'type': 'STRING', 'mode': 'REQUIRED'}, {'name': 'amount', 'type': 'FLOAT', 'mode': 'REQUIRED'}, {'name': 'status', 'type': 'STRING', 'mode': 'REQUIRED'}, {'name': 'created_at', 'type': 'TIMESTAMP', 'mode': 'REQUIRED'}, {'name': 'updated_at', 'type': 'TIMESTAMP', 'mode': 'REQUIRED'}, {'name': 'ingestion_timestamp', 'type': 'TIMESTAMP', 'mode': 'REQUIRED'}]}}}
[2025-01-13T14:35:04.787+0000] {bigquery.py:1595} INFO - Inserting job ***_finflow_source_data_pipeline_load_to_gcs_bq_load_transaction_to_bq_2025_01_13T14_33_47_115125_00_00_5ee3b4f8fa070ffc64bc82bb7e156056
[2025-01-13T14:35:05.632+0000] {taskinstance.py:1937} ERROR - Task failed with exception
Traceback (most recent call last):
  File "/home/airflow/.local/lib/python3.8/site-packages/airflow/providers/google/cloud/transfers/gcs_to_bigquery.py", line 439, in execute
    job.result(timeout=self.result_timeout, retry=self.result_retry)
  File "/home/airflow/.local/lib/python3.8/site-packages/google/cloud/bigquery/job/base.py", line 922, in result
    return super(_AsyncJob, self).result(timeout=timeout, **kwargs)
  File "/home/airflow/.local/lib/python3.8/site-packages/google/api_core/future/polling.py", line 261, in result
    raise self._exception
google.api_core.exceptions.BadRequest: 400 Provided Schema does not match Table finflow-analytics-production:finflow_raw.src_transactions. Cannot add fields (field: transaction_key)
[2025-01-13T14:35:05.655+0000] {taskinstance.py:1400} INFO - Marking task as FAILED. dag_id=finflow_source_data_pipeline, task_id=load_to_gcs_bq.load_transaction_to_bq, execution_date=20250113T143347, start_date=20250113T143501, end_date=20250113T143505
[2025-01-13T14:35:05.705+0000] {standard_task_runner.py:104} ERROR - Failed to execute job 288 for task load_to_gcs_bq.load_transaction_to_bq (400 Provided Schema does not match Table finflow-analytics-production:finflow_raw.src_transactions. Cannot add fields (field: transaction_key); 2900)
[2025-01-13T14:35:05.773+0000] {local_task_job_runner.py:228} INFO - Task exited with return code 1
[2025-01-13T14:35:05.863+0000] {taskinstance.py:2778} INFO - 0 downstream tasks scheduled from follow-on schedule check
