[2025-01-14T21:48:05.293+0000] {taskinstance.py:1159} INFO - Dependencies all met for dep_context=non-requeueable deps ti=<TaskInstance: finflow_source_data_pipeline.load_to_gcs_bq.merge_transaction_to_main scheduled__2025-01-13T21:44:20.758911+00:00 [queued]>
[2025-01-14T21:48:05.481+0000] {taskinstance.py:1159} INFO - Dependencies all met for dep_context=requeueable deps ti=<TaskInstance: finflow_source_data_pipeline.load_to_gcs_bq.merge_transaction_to_main scheduled__2025-01-13T21:44:20.758911+00:00 [queued]>
[2025-01-14T21:48:05.495+0000] {taskinstance.py:1361} INFO - Starting attempt 1 of 1
[2025-01-14T21:48:05.747+0000] {taskinstance.py:1382} INFO - Executing <Task(BigQueryExecuteQueryOperator): load_to_gcs_bq.merge_transaction_to_main> on 2025-01-13 21:44:20.758911+00:00
[2025-01-14T21:48:05.867+0000] {standard_task_runner.py:57} INFO - Started process 207 to run task
[2025-01-14T21:48:05.974+0000] {standard_task_runner.py:84} INFO - Running: ['***', 'tasks', 'run', 'finflow_source_data_pipeline', 'load_to_gcs_bq.merge_transaction_to_main', 'scheduled__2025-01-13T21:44:20.758911+00:00', '--job-id', '1264', '--raw', '--subdir', 'DAGS_FOLDER/finflow.py', '--cfg-path', '/tmp/tmpdr0bl39f']
[2025-01-14T21:48:06.032+0000] {standard_task_runner.py:85} INFO - Job 1264: Subtask load_to_gcs_bq.merge_transaction_to_main
[2025-01-14T21:48:06.772+0000] {task_command.py:416} INFO - Running <TaskInstance: finflow_source_data_pipeline.load_to_gcs_bq.merge_transaction_to_main scheduled__2025-01-13T21:44:20.758911+00:00 [running]> on host 3668defc41dc
[2025-01-14T21:48:07.652+0000] {taskinstance.py:1662} INFO - Exporting env vars: AIRFLOW_CTX_DAG_OWNER='***' AIRFLOW_CTX_DAG_ID='finflow_source_data_pipeline' AIRFLOW_CTX_TASK_ID='load_to_gcs_bq.merge_transaction_to_main' AIRFLOW_CTX_EXECUTION_DATE='2025-01-13T21:44:20.758911+00:00' AIRFLOW_CTX_TRY_NUMBER='1' AIRFLOW_CTX_DAG_RUN_ID='scheduled__2025-01-13T21:44:20.758911+00:00'
[2025-01-14T21:48:07.676+0000] {bigquery.py:1241} INFO - Executing: 
-- Create the target table if it doesn't exist
CREATE TABLE IF NOT EXISTS `finflow-analytics-production.finflow_data.src_transactions` (
    transaction_id INTEGER NOT NULL,
    account_key INTEGER NOT NULL,
    customer_key INTEGER NOT NULL,
    product_key INTEGER NOT NULL,
    location_key INTEGER NOT NULL,
    date_key INTEGER NOT NULL,
    transaction_type STRING NOT NULL,
    transaction_amount FLOAT64 NOT NULL,
    fee_amount FLOAT64 NOT NULL,
    transaction_status STRING NOT NULL,
    created_at TIMESTAMP NOT NULL,
    updated_at TIMESTAMP NOT NULL,
    ingestion_timestamp TIMESTAMP NOT NULL
);

-- Perform the merge operation
MERGE `finflow-analytics-production.finflow_data.src_transactions` T
USING (
    SELECT 
        transaction_id, account_key, customer_key, product_key, location_key, date_key, transaction_type, transaction_amount, fee_amount, transaction_status, created_at, updated_at, ingestion_timestamp
        
        -- No date fields to cast
    FROM `finflow-analytics-production.finflow_data.src_transactions_temp`
) S
ON T.transaction_id = S.transaction_id
WHEN MATCHED THEN
    UPDATE SET
        T.account_key = S.account_key,
        T.customer_key = S.customer_key,
        T.product_key = S.product_key,
        T.location_key = S.location_key,
        T.date_key = S.date_key,
        T.transaction_type = S.transaction_type,
        T.transaction_amount = S.transaction_amount,
        T.fee_amount = S.fee_amount,
        T.transaction_status = S.transaction_status,
        T.created_at = S.created_at,
        T.updated_at = S.updated_at,
        T.ingestion_timestamp = S.ingestion_timestamp
WHEN NOT MATCHED THEN
    INSERT (transaction_id, account_key, customer_key, product_key, location_key, date_key, transaction_type, transaction_amount, fee_amount, transaction_status, created_at, updated_at, ingestion_timestamp)
    VALUES (S.transaction_id, S.account_key, S.customer_key, S.product_key, S.location_key, S.date_key, S.transaction_type, S.transaction_amount, S.fee_amount, S.transaction_status, S.created_at, S.updated_at, S.ingestion_timestamp)
[2025-01-14T21:48:07.710+0000] {crypto.py:82} WARNING - empty cryptography key - values will not be stored encrypted.
[2025-01-14T21:48:07.718+0000] {connection.py:232} WARNING - Connection schemes (type: google_cloud_platform) shall not contain '_' according to RFC3986.
[2025-01-14T21:48:07.747+0000] {base.py:73} INFO - Using connection ID 'google_cloud_default' for task execution.
[2025-01-14T21:48:07.788+0000] {warnings.py:109} WARNING - /home/***/.local/lib/python3.8/site-packages/***/providers/google/cloud/hooks/bigquery.py:2108: AirflowProviderDeprecationWarning: This method is deprecated. Please use `BigQueryHook.insert_job` method.
  warnings.warn(

[2025-01-14T21:48:08.577+0000] {bigquery.py:1595} INFO - Inserting job ***_1736891288569349_7af76eb3bb937679b4ef670504d89575
[2025-01-14T21:48:12.015+0000] {taskinstance.py:1400} INFO - Marking task as SUCCESS. dag_id=finflow_source_data_pipeline, task_id=load_to_gcs_bq.merge_transaction_to_main, execution_date=20250113T214420, start_date=20250114T214805, end_date=20250114T214812
[2025-01-14T21:48:12.170+0000] {local_task_job_runner.py:228} INFO - Task exited with return code 0
[2025-01-14T21:48:12.357+0000] {taskinstance.py:2778} INFO - 1 downstream tasks scheduled from follow-on schedule check
