[2025-01-16T02:53:44.781+0000] {taskinstance.py:1159} INFO - Dependencies all met for dep_context=non-requeueable deps ti=<TaskInstance: finflow_source_data_pipeline.load_to_gcs_bq.debug_transaction_merge manual__2025-01-16T02:52:15.992711+00:00 [queued]>
[2025-01-16T02:53:44.905+0000] {taskinstance.py:1159} INFO - Dependencies all met for dep_context=requeueable deps ti=<TaskInstance: finflow_source_data_pipeline.load_to_gcs_bq.debug_transaction_merge manual__2025-01-16T02:52:15.992711+00:00 [queued]>
[2025-01-16T02:53:44.939+0000] {taskinstance.py:1361} INFO - Starting attempt 1 of 1
[2025-01-16T02:53:45.071+0000] {taskinstance.py:1382} INFO - Executing <Task(BigQueryExecuteQueryOperator): load_to_gcs_bq.debug_transaction_merge> on 2025-01-16 02:52:15.992711+00:00
[2025-01-16T02:53:45.141+0000] {standard_task_runner.py:57} INFO - Started process 3833 to run task
[2025-01-16T02:53:45.182+0000] {standard_task_runner.py:84} INFO - Running: ['***', 'tasks', 'run', 'finflow_source_data_pipeline', 'load_to_gcs_bq.debug_transaction_merge', 'manual__2025-01-16T02:52:15.992711+00:00', '--job-id', '1778', '--raw', '--subdir', 'DAGS_FOLDER/finflow.py', '--cfg-path', '/tmp/tmpgl_b53ne']
[2025-01-16T02:53:45.242+0000] {standard_task_runner.py:85} INFO - Job 1778: Subtask load_to_gcs_bq.debug_transaction_merge
[2025-01-16T02:53:45.741+0000] {task_command.py:416} INFO - Running <TaskInstance: finflow_source_data_pipeline.load_to_gcs_bq.debug_transaction_merge manual__2025-01-16T02:52:15.992711+00:00 [running]> on host a445abefd56a
[2025-01-16T02:53:46.378+0000] {taskinstance.py:1662} INFO - Exporting env vars: AIRFLOW_CTX_DAG_OWNER='***' AIRFLOW_CTX_DAG_ID='finflow_source_data_pipeline' AIRFLOW_CTX_TASK_ID='load_to_gcs_bq.debug_transaction_merge' AIRFLOW_CTX_EXECUTION_DATE='2025-01-16T02:52:15.992711+00:00' AIRFLOW_CTX_TRY_NUMBER='1' AIRFLOW_CTX_DAG_RUN_ID='manual__2025-01-16T02:52:15.992711+00:00'
[2025-01-16T02:53:46.394+0000] {bigquery.py:1241} INFO - Executing: 
            SELECT
                'Source table stats' as description,
                'transactions' as table_name,
                COUNT(*) as record_count,
                COUNT(DISTINCT transaction_key) as distinct_keys
            FROM `finflow-analytics-production.finflow_data.src_transactions_temp`
            UNION ALL
            SELECT
                'Target table stats' as description,
                'transactions' as table_name,
                COUNT(*) as record_count,
                COUNT(DISTINCT transaction_key) as distinct_keys
            FROM `finflow-analytics-production.finflow_data.src_transactions`
            
[2025-01-16T02:53:46.397+0000] {crypto.py:82} WARNING - empty cryptography key - values will not be stored encrypted.
[2025-01-16T02:53:46.403+0000] {connection.py:232} WARNING - Connection schemes (type: google_cloud_platform) shall not contain '_' according to RFC3986.
[2025-01-16T02:53:46.406+0000] {base.py:73} INFO - Using connection ID 'google_cloud_default' for task execution.
[2025-01-16T02:53:46.424+0000] {warnings.py:109} WARNING - /home/***/.local/lib/python3.8/site-packages/***/providers/google/cloud/hooks/bigquery.py:2108: AirflowProviderDeprecationWarning: This method is deprecated. Please use `BigQueryHook.insert_job` method.
  warnings.warn(

[2025-01-16T02:53:47.074+0000] {bigquery.py:1595} INFO - Inserting job ***_1736996027073074_60a913c47f739d178b780721686a6545
[2025-01-16T02:53:47.505+0000] {taskinstance.py:1937} ERROR - Task failed with exception
Traceback (most recent call last):
  File "/home/airflow/.local/lib/python3.8/site-packages/airflow/providers/google/cloud/operators/bigquery.py", line 1249, in execute
    self.job_id = self.hook.run_query(
  File "/home/airflow/.local/lib/python3.8/site-packages/airflow/providers/google/cloud/hooks/bigquery.py", line 2241, in run_query
    job = self.insert_job(configuration=configuration, project_id=self.project_id, location=location)
  File "/home/airflow/.local/lib/python3.8/site-packages/airflow/providers/google/common/hooks/base_google.py", line 475, in inner_wrapper
    return func(self, *args, **kwargs)
  File "/home/airflow/.local/lib/python3.8/site-packages/airflow/providers/google/cloud/hooks/bigquery.py", line 1601, in insert_job
    job_api_repr.result(timeout=timeout, retry=retry)
  File "/home/airflow/.local/lib/python3.8/site-packages/google/cloud/bigquery/job/query.py", line 1580, in result
    do_get_result()
  File "/home/airflow/.local/lib/python3.8/site-packages/google/cloud/bigquery/job/query.py", line 1570, in do_get_result
    super(QueryJob, self).result(retry=retry, timeout=timeout)
  File "/home/airflow/.local/lib/python3.8/site-packages/google/cloud/bigquery/job/base.py", line 922, in result
    return super(_AsyncJob, self).result(timeout=timeout, **kwargs)
  File "/home/airflow/.local/lib/python3.8/site-packages/google/api_core/future/polling.py", line 261, in result
    raise self._exception
google.api_core.exceptions.BadRequest: 400 Unrecognized name: transaction_key; Did you mean transaction_id? at [6:32]

Location: us-central1
Job ID: airflow_1736996027073074_60a913c47f739d178b780721686a6545

[2025-01-16T02:53:47.552+0000] {taskinstance.py:1400} INFO - Marking task as FAILED. dag_id=finflow_source_data_pipeline, task_id=load_to_gcs_bq.debug_transaction_merge, execution_date=20250116T025215, start_date=20250116T025344, end_date=20250116T025347
[2025-01-16T02:53:47.671+0000] {standard_task_runner.py:104} ERROR - Failed to execute job 1778 for task load_to_gcs_bq.debug_transaction_merge (400 Unrecognized name: transaction_key; Did you mean transaction_id? at [6:32]

Location: us-central1
Job ID: airflow_1736996027073074_60a913c47f739d178b780721686a6545
; 3833)
[2025-01-16T02:53:47.769+0000] {local_task_job_runner.py:228} INFO - Task exited with return code 1
[2025-01-16T02:53:48.080+0000] {taskinstance.py:2778} INFO - 0 downstream tasks scheduled from follow-on schedule check
