[2025-01-17T14:39:10.455+0000] {taskinstance.py:1159} INFO - Dependencies all met for dep_context=non-requeueable deps ti=<TaskInstance: finflow_source_data_pipeline.load_to_gcs_bq.transform_date_timestamps scheduled__2025-01-16T14:35:47.572669+00:00 [queued]>
[2025-01-17T14:39:10.496+0000] {taskinstance.py:1159} INFO - Dependencies all met for dep_context=requeueable deps ti=<TaskInstance: finflow_source_data_pipeline.load_to_gcs_bq.transform_date_timestamps scheduled__2025-01-16T14:35:47.572669+00:00 [queued]>
[2025-01-17T14:39:10.504+0000] {taskinstance.py:1361} INFO - Starting attempt 1 of 1
[2025-01-17T14:39:10.588+0000] {taskinstance.py:1382} INFO - Executing <Task(BigQueryExecuteQueryOperator): load_to_gcs_bq.transform_date_timestamps> on 2025-01-16 14:35:47.572669+00:00
[2025-01-17T14:39:10.614+0000] {standard_task_runner.py:57} INFO - Started process 197 to run task
[2025-01-17T14:39:10.647+0000] {standard_task_runner.py:84} INFO - Running: ['***', 'tasks', 'run', 'finflow_source_data_pipeline', 'load_to_gcs_bq.transform_date_timestamps', 'scheduled__2025-01-16T14:35:47.572669+00:00', '--job-id', '3238', '--raw', '--subdir', 'DAGS_FOLDER/finflow.py', '--cfg-path', '/tmp/tmp7352c6bu']
[2025-01-17T14:39:10.674+0000] {standard_task_runner.py:85} INFO - Job 3238: Subtask load_to_gcs_bq.transform_date_timestamps
[2025-01-17T14:39:10.950+0000] {task_command.py:416} INFO - Running <TaskInstance: finflow_source_data_pipeline.load_to_gcs_bq.transform_date_timestamps scheduled__2025-01-16T14:35:47.572669+00:00 [running]> on host 9b2833750dff
[2025-01-17T14:39:11.485+0000] {taskinstance.py:1662} INFO - Exporting env vars: AIRFLOW_CTX_DAG_OWNER='***' AIRFLOW_CTX_DAG_ID='finflow_source_data_pipeline' AIRFLOW_CTX_TASK_ID='load_to_gcs_bq.transform_date_timestamps' AIRFLOW_CTX_EXECUTION_DATE='2025-01-16T14:35:47.572669+00:00' AIRFLOW_CTX_TRY_NUMBER='1' AIRFLOW_CTX_DAG_RUN_ID='scheduled__2025-01-16T14:35:47.572669+00:00'
[2025-01-17T14:39:11.494+0000] {bigquery.py:1241} INFO - Executing: 
                    CREATE OR REPLACE TABLE `finflow-analytics-production.finflow_data.src_dates_temp` AS
                    SELECT 
                        date_key,
                        full_date,
                        year,
                        quarter,
                        month,
                        day,
                        day_of_week,
                        is_weekend,
                        is_holiday,
                        fiscal_year,
                        created_at,
                        updated_at,
                        ingestion_timestamp
                    FROM `finflow-analytics-production.finflow_data.src_dates_temp`
                    
[2025-01-17T14:39:11.505+0000] {crypto.py:82} WARNING - empty cryptography key - values will not be stored encrypted.
[2025-01-17T14:39:11.511+0000] {connection.py:232} WARNING - Connection schemes (type: google_cloud_platform) shall not contain '_' according to RFC3986.
[2025-01-17T14:39:11.523+0000] {base.py:73} INFO - Using connection ID 'google_cloud_default' for task execution.
[2025-01-17T14:39:11.536+0000] {warnings.py:109} WARNING - /home/***/.local/lib/python3.8/site-packages/***/providers/google/cloud/hooks/bigquery.py:2108: AirflowProviderDeprecationWarning: This method is deprecated. Please use `BigQueryHook.insert_job` method.
  warnings.warn(

[2025-01-17T14:39:11.857+0000] {bigquery.py:1595} INFO - Inserting job ***_1737124751856535_3c88041a134f08bf4a700b0fc695c213
[2025-01-17T14:39:14.717+0000] {taskinstance.py:1400} INFO - Marking task as SUCCESS. dag_id=finflow_source_data_pipeline, task_id=load_to_gcs_bq.transform_date_timestamps, execution_date=20250116T143547, start_date=20250117T143910, end_date=20250117T143914
[2025-01-17T14:39:14.877+0000] {local_task_job_runner.py:228} INFO - Task exited with return code 0
[2025-01-17T14:39:15.283+0000] {taskinstance.py:2778} INFO - 0 downstream tasks scheduled from follow-on schedule check
