[2025-01-16T02:48:32.832+0000] {taskinstance.py:1159} INFO - Dependencies all met for dep_context=non-requeueable deps ti=<TaskInstance: finflow_source_data_pipeline.load_to_gcs_bq.debug_customer_merge manual__2025-01-16T02:46:20.012580+00:00 [queued]>
[2025-01-16T02:48:32.966+0000] {taskinstance.py:1159} INFO - Dependencies all met for dep_context=requeueable deps ti=<TaskInstance: finflow_source_data_pipeline.load_to_gcs_bq.debug_customer_merge manual__2025-01-16T02:46:20.012580+00:00 [queued]>
[2025-01-16T02:48:32.975+0000] {taskinstance.py:1361} INFO - Starting attempt 1 of 1
[2025-01-16T02:48:33.104+0000] {taskinstance.py:1382} INFO - Executing <Task(BigQueryExecuteQueryOperator): load_to_gcs_bq.debug_customer_merge> on 2025-01-16 02:46:20.012580+00:00
[2025-01-16T02:48:33.174+0000] {standard_task_runner.py:57} INFO - Started process 3569 to run task
[2025-01-16T02:48:33.243+0000] {standard_task_runner.py:84} INFO - Running: ['***', 'tasks', 'run', 'finflow_source_data_pipeline', 'load_to_gcs_bq.debug_customer_merge', 'manual__2025-01-16T02:46:20.012580+00:00', '--job-id', '1746', '--raw', '--subdir', 'DAGS_FOLDER/finflow.py', '--cfg-path', '/tmp/tmpt9egewq8']
[2025-01-16T02:48:33.283+0000] {standard_task_runner.py:85} INFO - Job 1746: Subtask load_to_gcs_bq.debug_customer_merge
[2025-01-16T02:48:33.648+0000] {task_command.py:416} INFO - Running <TaskInstance: finflow_source_data_pipeline.load_to_gcs_bq.debug_customer_merge manual__2025-01-16T02:46:20.012580+00:00 [running]> on host a445abefd56a
[2025-01-16T02:48:34.205+0000] {taskinstance.py:1662} INFO - Exporting env vars: AIRFLOW_CTX_DAG_OWNER='***' AIRFLOW_CTX_DAG_ID='finflow_source_data_pipeline' AIRFLOW_CTX_TASK_ID='load_to_gcs_bq.debug_customer_merge' AIRFLOW_CTX_EXECUTION_DATE='2025-01-16T02:46:20.012580+00:00' AIRFLOW_CTX_TRY_NUMBER='1' AIRFLOW_CTX_DAG_RUN_ID='manual__2025-01-16T02:46:20.012580+00:00'
[2025-01-16T02:48:34.208+0000] {bigquery.py:1241} INFO - Executing: 
            SELECT
                'Source table stats' as description,
                'customers' as table_name,
                COUNT(*) as record_count,
                COUNT(DISTINCT customer_key) as distinct_keys
            FROM `finflow-analytics-production.finflow_data.src_customers_temp`
            UNION ALL
            SELECT
                'Target table stats' as description,
                'customers' as table_name,
                COUNT(*) as record_count,
                COUNT(DISTINCT customer_key) as distinct_keys
            FROM `finflow-analytics-production.finflow_data.src_customers`
            
[2025-01-16T02:48:34.211+0000] {crypto.py:82} WARNING - empty cryptography key - values will not be stored encrypted.
[2025-01-16T02:48:34.213+0000] {connection.py:232} WARNING - Connection schemes (type: google_cloud_platform) shall not contain '_' according to RFC3986.
[2025-01-16T02:48:34.220+0000] {base.py:73} INFO - Using connection ID 'google_cloud_default' for task execution.
[2025-01-16T02:48:34.223+0000] {warnings.py:109} WARNING - /home/***/.local/lib/python3.8/site-packages/***/providers/google/cloud/hooks/bigquery.py:2108: AirflowProviderDeprecationWarning: This method is deprecated. Please use `BigQueryHook.insert_job` method.
  warnings.warn(

[2025-01-16T02:48:34.693+0000] {bigquery.py:1595} INFO - Inserting job ***_1736995714692559_0a3378128ce2ee6f03df21c47541812b
[2025-01-16T02:48:36.308+0000] {taskinstance.py:1400} INFO - Marking task as SUCCESS. dag_id=finflow_source_data_pipeline, task_id=load_to_gcs_bq.debug_customer_merge, execution_date=20250116T024620, start_date=20250116T024832, end_date=20250116T024836
[2025-01-16T02:48:37.455+0000] {local_task_job_runner.py:228} INFO - Task exited with return code 0
[2025-01-16T02:48:38.039+0000] {taskinstance.py:2778} INFO - 1 downstream tasks scheduled from follow-on schedule check
