[2025-01-13T20:54:17.506+0000] {taskinstance.py:1159} INFO - Dependencies all met for dep_context=non-requeueable deps ti=<TaskInstance: finflow_source_data_pipeline.load_to_gcs_bq.merge_product_to_main manual__2025-01-13T20:52:53.399336+00:00 [queued]>
[2025-01-13T20:54:17.646+0000] {taskinstance.py:1159} INFO - Dependencies all met for dep_context=requeueable deps ti=<TaskInstance: finflow_source_data_pipeline.load_to_gcs_bq.merge_product_to_main manual__2025-01-13T20:52:53.399336+00:00 [queued]>
[2025-01-13T20:54:17.659+0000] {taskinstance.py:1361} INFO - Starting attempt 1 of 1
[2025-01-13T20:54:17.938+0000] {taskinstance.py:1382} INFO - Executing <Task(BigQueryExecuteQueryOperator): load_to_gcs_bq.merge_product_to_main> on 2025-01-13 20:52:53.399336+00:00
[2025-01-13T20:54:18.031+0000] {standard_task_runner.py:57} INFO - Started process 18184 to run task
[2025-01-13T20:54:18.081+0000] {standard_task_runner.py:84} INFO - Running: ['***', 'tasks', 'run', 'finflow_source_data_pipeline', 'load_to_gcs_bq.merge_product_to_main', 'manual__2025-01-13T20:52:53.399336+00:00', '--job-id', '1022', '--raw', '--subdir', 'DAGS_FOLDER/finflow.py', '--cfg-path', '/tmp/tmphqc6v56f']
[2025-01-13T20:54:18.153+0000] {standard_task_runner.py:85} INFO - Job 1022: Subtask load_to_gcs_bq.merge_product_to_main
[2025-01-13T20:54:18.673+0000] {task_command.py:416} INFO - Running <TaskInstance: finflow_source_data_pipeline.load_to_gcs_bq.merge_product_to_main manual__2025-01-13T20:52:53.399336+00:00 [running]> on host ab4e86dc450e
[2025-01-13T20:54:19.806+0000] {taskinstance.py:1662} INFO - Exporting env vars: AIRFLOW_CTX_DAG_OWNER='***' AIRFLOW_CTX_DAG_ID='finflow_source_data_pipeline' AIRFLOW_CTX_TASK_ID='load_to_gcs_bq.merge_product_to_main' AIRFLOW_CTX_EXECUTION_DATE='2025-01-13T20:52:53.399336+00:00' AIRFLOW_CTX_TRY_NUMBER='1' AIRFLOW_CTX_DAG_RUN_ID='manual__2025-01-13T20:52:53.399336+00:00'
[2025-01-13T20:54:19.814+0000] {bigquery.py:1241} INFO - Executing: 
-- Create the target table if it doesn't exist
CREATE TABLE IF NOT EXISTS `finflow-analytics-production.finflow_data.src_products` (
    product_key INTEGER NOT NULL,
    product_id STRING NOT NULL,
    product_name STRING NOT NULL,
    product_category STRING NOT NULL,
    product_subcategory STRING NOT NULL,
    interest_rate FLOAT64 NOT NULL,
    monthly_fee FLOAT64 NOT NULL,
    is_active BOOLEAN NOT NULL,
    created_at TIMESTAMP NOT NULL,
    updated_at TIMESTAMP NOT NULL,
    ingestion_timestamp TIMESTAMP NOT NULL
);

-- Perform the merge operation
MERGE `finflow-analytics-production.finflow_data.src_products` T
USING `finflow-analytics-production.finflow_data.src_products_temp` S
ON T.product_key = S.product_key
WHEN MATCHED THEN
    UPDATE SET
        T.product_id = S.product_id,
        T.product_name = S.product_name,
        T.product_category = S.product_category,
        T.product_subcategory = S.product_subcategory,
        T.interest_rate = S.interest_rate,
        T.monthly_fee = S.monthly_fee,
        T.is_active = S.is_active,
        T.created_at = S.created_at,
        T.updated_at = S.updated_at,
        T.ingestion_timestamp = S.ingestion_timestamp
WHEN NOT MATCHED THEN
    INSERT (product_key, product_id, product_name, product_category, product_subcategory, interest_rate, monthly_fee, is_active, created_at, updated_at, ingestion_timestamp)
    VALUES (S.product_key, S.product_id, S.product_name, S.product_category, S.product_subcategory, S.interest_rate, S.monthly_fee, S.is_active, S.created_at, S.updated_at, S.ingestion_timestamp)
[2025-01-13T20:54:19.835+0000] {crypto.py:82} WARNING - empty cryptography key - values will not be stored encrypted.
[2025-01-13T20:54:19.846+0000] {connection.py:232} WARNING - Connection schemes (type: google_cloud_platform) shall not contain '_' according to RFC3986.
[2025-01-13T20:54:19.873+0000] {base.py:73} INFO - Using connection ID 'google_cloud_default' for task execution.
[2025-01-13T20:54:19.886+0000] {warnings.py:109} WARNING - /home/***/.local/lib/python3.8/site-packages/***/providers/google/cloud/hooks/bigquery.py:2108: AirflowProviderDeprecationWarning: This method is deprecated. Please use `BigQueryHook.insert_job` method.
  warnings.warn(

[2025-01-13T20:54:20.523+0000] {bigquery.py:1595} INFO - Inserting job ***_1736801660516810_0b6e5bb1f0eaec155ef39c5a4743ba26
[2025-01-13T20:54:24.191+0000] {taskinstance.py:1400} INFO - Marking task as SUCCESS. dag_id=finflow_source_data_pipeline, task_id=load_to_gcs_bq.merge_product_to_main, execution_date=20250113T205253, start_date=20250113T205417, end_date=20250113T205424
[2025-01-13T20:54:24.486+0000] {local_task_job_runner.py:228} INFO - Task exited with return code 0
[2025-01-13T20:54:25.365+0000] {taskinstance.py:2778} INFO - 1 downstream tasks scheduled from follow-on schedule check
