[2025-01-16T01:29:40.262+0000] {taskinstance.py:1159} INFO - Dependencies all met for dep_context=non-requeueable deps ti=<TaskInstance: finflow_source_data_pipeline.load_to_gcs_bq.merge_transaction_to_main scheduled__2025-01-15T01:26:44.358021+00:00 [queued]>
[2025-01-16T01:29:40.675+0000] {taskinstance.py:1159} INFO - Dependencies all met for dep_context=requeueable deps ti=<TaskInstance: finflow_source_data_pipeline.load_to_gcs_bq.merge_transaction_to_main scheduled__2025-01-15T01:26:44.358021+00:00 [queued]>
[2025-01-16T01:29:40.695+0000] {taskinstance.py:1361} INFO - Starting attempt 1 of 1
[2025-01-16T01:29:41.191+0000] {taskinstance.py:1382} INFO - Executing <Task(BigQueryExecuteQueryOperator): load_to_gcs_bq.merge_transaction_to_main> on 2025-01-15 01:26:44.358021+00:00
[2025-01-16T01:29:41.464+0000] {standard_task_runner.py:57} INFO - Started process 389 to run task
[2025-01-16T01:29:41.608+0000] {standard_task_runner.py:84} INFO - Running: ['***', 'tasks', 'run', 'finflow_source_data_pipeline', 'load_to_gcs_bq.merge_transaction_to_main', 'scheduled__2025-01-15T01:26:44.358021+00:00', '--job-id', '1384', '--raw', '--subdir', 'DAGS_FOLDER/finflow.py', '--cfg-path', '/tmp/tmp6bgfv9po']
[2025-01-16T01:29:41.702+0000] {standard_task_runner.py:85} INFO - Job 1384: Subtask load_to_gcs_bq.merge_transaction_to_main
[2025-01-16T01:29:42.772+0000] {task_command.py:416} INFO - Running <TaskInstance: finflow_source_data_pipeline.load_to_gcs_bq.merge_transaction_to_main scheduled__2025-01-15T01:26:44.358021+00:00 [running]> on host 28a708653ecc
[2025-01-16T01:29:44.983+0000] {taskinstance.py:1662} INFO - Exporting env vars: AIRFLOW_CTX_DAG_OWNER='***' AIRFLOW_CTX_DAG_ID='finflow_source_data_pipeline' AIRFLOW_CTX_TASK_ID='load_to_gcs_bq.merge_transaction_to_main' AIRFLOW_CTX_EXECUTION_DATE='2025-01-15T01:26:44.358021+00:00' AIRFLOW_CTX_TRY_NUMBER='1' AIRFLOW_CTX_DAG_RUN_ID='scheduled__2025-01-15T01:26:44.358021+00:00'
[2025-01-16T01:29:45.006+0000] {bigquery.py:1241} INFO - Executing: 
-- Create the target table if it doesn't exist
CREATE TABLE IF NOT EXISTS `finflow-analytics-production.finflow_data.src_transactions` (
    transaction_id INTEGER NOT NULL,
    account_key INTEGER NOT NULL,
    customer_key INTEGER NOT NULL,
    product_key INTEGER NOT NULL,
    location_key INTEGER NOT NULL,
    date_key INTEGER NOT NULL,
    transaction_type STRING NOT NULL,
    transaction_amount FLOAT64 NOT NULL,
    fee_amount FLOAT64 NOT NULL,
    transaction_status STRING NOT NULL,
    created_at TIMESTAMP NOT NULL,
    updated_at TIMESTAMP NOT NULL,
    ingestion_timestamp TIMESTAMP NOT NULL
);

-- Perform the merge operation
MERGE `finflow-analytics-production.finflow_data.src_transactions` T
USING (
    SELECT 
        transaction_id, account_key, customer_key, product_key, location_key, date_key, transaction_type, transaction_amount, fee_amount, transaction_status, created_at, updated_at, ingestion_timestamp
        
        -- No date fields to cast
    FROM `finflow-analytics-production.finflow_data.src_transactions_temp`
) S
ON T.transaction_id = S.transaction_id
WHEN MATCHED THEN
    UPDATE SET
        T.account_key = S.account_key,
        T.customer_key = S.customer_key,
        T.product_key = S.product_key,
        T.location_key = S.location_key,
        T.date_key = S.date_key,
        T.transaction_type = S.transaction_type,
        T.transaction_amount = S.transaction_amount,
        T.fee_amount = S.fee_amount,
        T.transaction_status = S.transaction_status,
        T.created_at = S.created_at,
        T.updated_at = S.updated_at,
        T.ingestion_timestamp = S.ingestion_timestamp
WHEN NOT MATCHED THEN
    INSERT (transaction_id, account_key, customer_key, product_key, location_key, date_key, transaction_type, transaction_amount, fee_amount, transaction_status, created_at, updated_at, ingestion_timestamp)
    VALUES (S.transaction_id, S.account_key, S.customer_key, S.product_key, S.location_key, S.date_key, S.transaction_type, S.transaction_amount, S.fee_amount, S.transaction_status, S.created_at, S.updated_at, S.ingestion_timestamp)
[2025-01-16T01:29:45.091+0000] {crypto.py:82} WARNING - empty cryptography key - values will not be stored encrypted.
[2025-01-16T01:29:45.099+0000] {connection.py:232} WARNING - Connection schemes (type: google_cloud_platform) shall not contain '_' according to RFC3986.
[2025-01-16T01:29:45.124+0000] {base.py:73} INFO - Using connection ID 'google_cloud_default' for task execution.
[2025-01-16T01:29:45.202+0000] {warnings.py:109} WARNING - /home/***/.local/lib/python3.8/site-packages/***/providers/google/cloud/hooks/bigquery.py:2108: AirflowProviderDeprecationWarning: This method is deprecated. Please use `BigQueryHook.insert_job` method.
  warnings.warn(

[2025-01-16T01:29:47.214+0000] {bigquery.py:1595} INFO - Inserting job ***_1736990987212814_7af76eb3bb937679b4ef670504d89575
[2025-01-16T01:29:49.974+0000] {taskinstance.py:1937} ERROR - Task failed with exception
Traceback (most recent call last):
  File "/home/airflow/.local/lib/python3.8/site-packages/airflow/providers/google/cloud/operators/bigquery.py", line 1249, in execute
    self.job_id = self.hook.run_query(
  File "/home/airflow/.local/lib/python3.8/site-packages/airflow/providers/google/cloud/hooks/bigquery.py", line 2241, in run_query
    job = self.insert_job(configuration=configuration, project_id=self.project_id, location=location)
  File "/home/airflow/.local/lib/python3.8/site-packages/airflow/providers/google/common/hooks/base_google.py", line 475, in inner_wrapper
    return func(self, *args, **kwargs)
  File "/home/airflow/.local/lib/python3.8/site-packages/airflow/providers/google/cloud/hooks/bigquery.py", line 1601, in insert_job
    job_api_repr.result(timeout=timeout, retry=retry)
  File "/home/airflow/.local/lib/python3.8/site-packages/google/cloud/bigquery/job/query.py", line 1580, in result
    do_get_result()
  File "/home/airflow/.local/lib/python3.8/site-packages/google/cloud/bigquery/job/query.py", line 1570, in do_get_result
    super(QueryJob, self).result(retry=retry, timeout=timeout)
  File "/home/airflow/.local/lib/python3.8/site-packages/google/cloud/bigquery/job/base.py", line 922, in result
    return super(_AsyncJob, self).result(timeout=timeout, **kwargs)
  File "/home/airflow/.local/lib/python3.8/site-packages/google/api_core/future/polling.py", line 261, in result
    raise self._exception
google.api_core.exceptions.BadRequest: 400 Query error: Value of type INT64 cannot be assigned to T.created_at, which has type TIMESTAMP at [40:24]

Location: us-central1
Job ID: airflow_1736990987212814_7af76eb3bb937679b4ef670504d89575

[2025-01-16T01:29:50.164+0000] {taskinstance.py:1400} INFO - Marking task as FAILED. dag_id=finflow_source_data_pipeline, task_id=load_to_gcs_bq.merge_transaction_to_main, execution_date=20250115T012644, start_date=20250116T012940, end_date=20250116T012950
[2025-01-16T01:29:50.402+0000] {standard_task_runner.py:104} ERROR - Failed to execute job 1384 for task load_to_gcs_bq.merge_transaction_to_main (400 Query error: Value of type INT64 cannot be assigned to T.created_at, which has type TIMESTAMP at [40:24]

Location: us-central1
Job ID: airflow_1736990987212814_7af76eb3bb937679b4ef670504d89575
; 389)
[2025-01-16T01:29:50.635+0000] {local_task_job_runner.py:228} INFO - Task exited with return code 1
[2025-01-16T01:29:51.275+0000] {taskinstance.py:2778} INFO - 0 downstream tasks scheduled from follow-on schedule check
