[2025-01-16T19:48:00.891+0000] {taskinstance.py:1159} INFO - Dependencies all met for dep_context=non-requeueable deps ti=<TaskInstance: finflow_source_data_pipeline.load_to_gcs_bq.transform_product_timestamps manual__2025-01-16T19:46:37.201344+00:00 [queued]>
[2025-01-16T19:48:00.929+0000] {taskinstance.py:1159} INFO - Dependencies all met for dep_context=requeueable deps ti=<TaskInstance: finflow_source_data_pipeline.load_to_gcs_bq.transform_product_timestamps manual__2025-01-16T19:46:37.201344+00:00 [queued]>
[2025-01-16T19:48:00.930+0000] {taskinstance.py:1361} INFO - Starting attempt 1 of 1
[2025-01-16T19:48:00.971+0000] {taskinstance.py:1382} INFO - Executing <Task(BigQueryExecuteQueryOperator): load_to_gcs_bq.transform_product_timestamps> on 2025-01-16 19:46:37.201344+00:00
[2025-01-16T19:48:00.994+0000] {standard_task_runner.py:57} INFO - Started process 1890 to run task
[2025-01-16T19:48:01.007+0000] {standard_task_runner.py:84} INFO - Running: ['***', 'tasks', 'run', 'finflow_source_data_pipeline', 'load_to_gcs_bq.transform_product_timestamps', 'manual__2025-01-16T19:46:37.201344+00:00', '--job-id', '2825', '--raw', '--subdir', 'DAGS_FOLDER/finflow.py', '--cfg-path', '/tmp/tmpgn5_spyl']
[2025-01-16T19:48:01.031+0000] {standard_task_runner.py:85} INFO - Job 2825: Subtask load_to_gcs_bq.transform_product_timestamps
[2025-01-16T19:48:01.152+0000] {task_command.py:416} INFO - Running <TaskInstance: finflow_source_data_pipeline.load_to_gcs_bq.transform_product_timestamps manual__2025-01-16T19:46:37.201344+00:00 [running]> on host c35fc3f5a87d
[2025-01-16T19:48:01.393+0000] {taskinstance.py:1662} INFO - Exporting env vars: AIRFLOW_CTX_DAG_OWNER='***' AIRFLOW_CTX_DAG_ID='finflow_source_data_pipeline' AIRFLOW_CTX_TASK_ID='load_to_gcs_bq.transform_product_timestamps' AIRFLOW_CTX_EXECUTION_DATE='2025-01-16T19:46:37.201344+00:00' AIRFLOW_CTX_TRY_NUMBER='1' AIRFLOW_CTX_DAG_RUN_ID='manual__2025-01-16T19:46:37.201344+00:00'
[2025-01-16T19:48:01.412+0000] {bigquery.py:1241} INFO - Executing: 
                    CREATE OR REPLACE TABLE `finflow-analytics-production.finflow_data.src_products_temp` AS
                    SELECT 
                        product_key,
                        product_id,
                        product_name,
                        product_category,
                        product_subcategory,
                        interest_rate,
                        monthly_fee,
                        is_active,
                        created_at,
                        updated_at,
                        ingestion_timestamp
                    FROM `finflow-analytics-production.finflow_data.src_products_temp`
                    
[2025-01-16T19:48:01.421+0000] {crypto.py:82} WARNING - empty cryptography key - values will not be stored encrypted.
[2025-01-16T19:48:01.427+0000] {connection.py:232} WARNING - Connection schemes (type: google_cloud_platform) shall not contain '_' according to RFC3986.
[2025-01-16T19:48:01.432+0000] {base.py:73} INFO - Using connection ID 'google_cloud_default' for task execution.
[2025-01-16T19:48:01.449+0000] {warnings.py:109} WARNING - /home/***/.local/lib/python3.8/site-packages/***/providers/google/cloud/hooks/bigquery.py:2108: AirflowProviderDeprecationWarning: This method is deprecated. Please use `BigQueryHook.insert_job` method.
  warnings.warn(

[2025-01-16T19:48:01.655+0000] {bigquery.py:1595} INFO - Inserting job ***_1737056881651210_60652c4df09758d939c100e5c0a35ee2
[2025-01-16T19:48:04.326+0000] {taskinstance.py:1400} INFO - Marking task as SUCCESS. dag_id=finflow_source_data_pipeline, task_id=load_to_gcs_bq.transform_product_timestamps, execution_date=20250116T194637, start_date=20250116T194800, end_date=20250116T194804
[2025-01-16T19:48:04.576+0000] {local_task_job_runner.py:228} INFO - Task exited with return code 0
[2025-01-16T19:48:04.888+0000] {taskinstance.py:2778} INFO - 2 downstream tasks scheduled from follow-on schedule check
