[2025-01-14T21:48:36.261+0000] {taskinstance.py:1159} INFO - Dependencies all met for dep_context=non-requeueable deps ti=<TaskInstance: finflow_source_data_pipeline.data_quality_checks.verify_source_data scheduled__2025-01-13T21:44:20.758911+00:00 [queued]>
[2025-01-14T21:48:36.347+0000] {taskinstance.py:1159} INFO - Dependencies all met for dep_context=requeueable deps ti=<TaskInstance: finflow_source_data_pipeline.data_quality_checks.verify_source_data scheduled__2025-01-13T21:44:20.758911+00:00 [queued]>
[2025-01-14T21:48:36.348+0000] {taskinstance.py:1361} INFO - Starting attempt 1 of 1
[2025-01-14T21:48:36.396+0000] {taskinstance.py:1382} INFO - Executing <Task(BigQueryExecuteQueryOperator): data_quality_checks.verify_source_data> on 2025-01-13 21:44:20.758911+00:00
[2025-01-14T21:48:36.424+0000] {standard_task_runner.py:57} INFO - Started process 246 to run task
[2025-01-14T21:48:36.446+0000] {standard_task_runner.py:84} INFO - Running: ['***', 'tasks', 'run', 'finflow_source_data_pipeline', 'data_quality_checks.verify_source_data', 'scheduled__2025-01-13T21:44:20.758911+00:00', '--job-id', '1273', '--raw', '--subdir', 'DAGS_FOLDER/finflow.py', '--cfg-path', '/tmp/tmp0d12ct8j']
[2025-01-14T21:48:36.459+0000] {standard_task_runner.py:85} INFO - Job 1273: Subtask data_quality_checks.verify_source_data
[2025-01-14T21:48:36.627+0000] {task_command.py:416} INFO - Running <TaskInstance: finflow_source_data_pipeline.data_quality_checks.verify_source_data scheduled__2025-01-13T21:44:20.758911+00:00 [running]> on host 3668defc41dc
[2025-01-14T21:48:36.826+0000] {taskinstance.py:1662} INFO - Exporting env vars: AIRFLOW_CTX_DAG_OWNER='***' AIRFLOW_CTX_DAG_ID='finflow_source_data_pipeline' AIRFLOW_CTX_TASK_ID='data_quality_checks.verify_source_data' AIRFLOW_CTX_EXECUTION_DATE='2025-01-13T21:44:20.758911+00:00' AIRFLOW_CTX_TRY_NUMBER='1' AIRFLOW_CTX_DAG_RUN_ID='scheduled__2025-01-13T21:44:20.758911+00:00'
[2025-01-14T21:48:36.834+0000] {bigquery.py:1241} INFO - Executing: 
WITH source_counts AS (
    SELECT 'dates' as table_name, COUNT(*) as record_count 
    FROM `finflow-analytics-production.finflow_data.src_dates`
    WHERE DATE(ingestion_timestamp) = DATE('2025-01-13')
    
    UNION ALL
    
    SELECT 'customers' as table_name, COUNT(*) as record_count
    FROM `finflow-analytics-production.finflow_data.src_customers`
    WHERE DATE(ingestion_timestamp) = DATE('2025-01-13')
    
    UNION ALL
    
    SELECT 'products' as table_name, COUNT(*) as record_count
    FROM `finflow-analytics-production.finflow_data.src_products`
    WHERE DATE(ingestion_timestamp) = DATE('2025-01-13')
    
    UNION ALL
    
    SELECT 'locations' as table_name, COUNT(*) as record_count
    FROM `finflow-analytics-production.finflow_data.src_locations`
    WHERE DATE(ingestion_timestamp) = DATE('2025-01-13')
    
    UNION ALL
    
    SELECT 'accounts' as table_name, COUNT(*) as record_count
    FROM `finflow-analytics-production.finflow_data.src_accounts`
    WHERE DATE(ingestion_timestamp) = DATE('2025-01-13')
    
    UNION ALL
    
    SELECT 'transactions' as table_name, COUNT(*) as record_count
    FROM `finflow-analytics-production.finflow_data.src_transactions`
    WHERE DATE(ingestion_timestamp) = DATE('2025-01-13')
)
SELECT 
    CASE 
        WHEN EXISTS (
            SELECT 1 
            FROM source_counts 
            WHERE record_count = 0
        ) THEN ERROR('Zero records found in one or more tables: ' ||
                   STRING_AGG(IF(record_count = 0, table_name, NULL), ', '))
        ELSE 'Data generation completed successfully. Record counts: ' ||
             STRING_AGG(table_name || ': ' || CAST(record_count AS STRING), ', ')
    END as validation_result
FROM source_counts
[2025-01-14T21:48:36.836+0000] {crypto.py:82} WARNING - empty cryptography key - values will not be stored encrypted.
[2025-01-14T21:48:36.837+0000] {connection.py:232} WARNING - Connection schemes (type: google_cloud_platform) shall not contain '_' according to RFC3986.
[2025-01-14T21:48:36.838+0000] {base.py:73} INFO - Using connection ID 'google_cloud_default' for task execution.
[2025-01-14T21:48:36.841+0000] {warnings.py:109} WARNING - /home/***/.local/lib/python3.8/site-packages/***/providers/google/cloud/hooks/bigquery.py:2108: AirflowProviderDeprecationWarning: This method is deprecated. Please use `BigQueryHook.insert_job` method.
  warnings.warn(

[2025-01-14T21:48:36.970+0000] {bigquery.py:1595} INFO - Inserting job ***_1736891316969032_8369f0a7ad5642615dedd6a8ba3c9011
[2025-01-14T21:48:38.580+0000] {taskinstance.py:1937} ERROR - Task failed with exception
Traceback (most recent call last):
  File "/home/airflow/.local/lib/python3.8/site-packages/airflow/providers/google/cloud/operators/bigquery.py", line 1249, in execute
    self.job_id = self.hook.run_query(
  File "/home/airflow/.local/lib/python3.8/site-packages/airflow/providers/google/cloud/hooks/bigquery.py", line 2241, in run_query
    job = self.insert_job(configuration=configuration, project_id=self.project_id, location=location)
  File "/home/airflow/.local/lib/python3.8/site-packages/airflow/providers/google/common/hooks/base_google.py", line 475, in inner_wrapper
    return func(self, *args, **kwargs)
  File "/home/airflow/.local/lib/python3.8/site-packages/airflow/providers/google/cloud/hooks/bigquery.py", line 1601, in insert_job
    job_api_repr.result(timeout=timeout, retry=retry)
  File "/home/airflow/.local/lib/python3.8/site-packages/google/cloud/bigquery/job/query.py", line 1580, in result
    do_get_result()
  File "/home/airflow/.local/lib/python3.8/site-packages/google/cloud/bigquery/job/query.py", line 1570, in do_get_result
    super(QueryJob, self).result(retry=retry, timeout=timeout)
  File "/home/airflow/.local/lib/python3.8/site-packages/google/cloud/bigquery/job/base.py", line 922, in result
    return super(_AsyncJob, self).result(timeout=timeout, **kwargs)
  File "/home/airflow/.local/lib/python3.8/site-packages/google/api_core/future/polling.py", line 261, in result
    raise self._exception
google.api_core.exceptions.BadRequest: 400 Zero records found in one or more tables: locations, dates, customers, products

Location: us-central1
Job ID: airflow_1736891316969032_8369f0a7ad5642615dedd6a8ba3c9011

[2025-01-14T21:48:38.601+0000] {taskinstance.py:1400} INFO - Marking task as FAILED. dag_id=finflow_source_data_pipeline, task_id=data_quality_checks.verify_source_data, execution_date=20250113T214420, start_date=20250114T214836, end_date=20250114T214838
[2025-01-14T21:48:38.633+0000] {standard_task_runner.py:104} ERROR - Failed to execute job 1273 for task data_quality_checks.verify_source_data (400 Zero records found in one or more tables: locations, dates, customers, products

Location: us-central1
Job ID: airflow_1736891316969032_8369f0a7ad5642615dedd6a8ba3c9011
; 246)
[2025-01-14T21:48:38.654+0000] {local_task_job_runner.py:228} INFO - Task exited with return code 1
[2025-01-14T21:48:38.719+0000] {taskinstance.py:2778} INFO - 0 downstream tasks scheduled from follow-on schedule check
