[2025-01-13T20:54:21.912+0000] {taskinstance.py:1159} INFO - Dependencies all met for dep_context=non-requeueable deps ti=<TaskInstance: finflow_source_data_pipeline.load_to_gcs_bq.merge_date_to_main manual__2025-01-13T20:52:53.399336+00:00 [queued]>
[2025-01-13T20:54:22.082+0000] {taskinstance.py:1159} INFO - Dependencies all met for dep_context=requeueable deps ti=<TaskInstance: finflow_source_data_pipeline.load_to_gcs_bq.merge_date_to_main manual__2025-01-13T20:52:53.399336+00:00 [queued]>
[2025-01-13T20:54:22.097+0000] {taskinstance.py:1361} INFO - Starting attempt 1 of 1
[2025-01-13T20:54:22.178+0000] {taskinstance.py:1382} INFO - Executing <Task(BigQueryExecuteQueryOperator): load_to_gcs_bq.merge_date_to_main> on 2025-01-13 20:52:53.399336+00:00
[2025-01-13T20:54:22.252+0000] {standard_task_runner.py:57} INFO - Started process 18189 to run task
[2025-01-13T20:54:22.335+0000] {standard_task_runner.py:84} INFO - Running: ['***', 'tasks', 'run', 'finflow_source_data_pipeline', 'load_to_gcs_bq.merge_date_to_main', 'manual__2025-01-13T20:52:53.399336+00:00', '--job-id', '1027', '--raw', '--subdir', 'DAGS_FOLDER/finflow.py', '--cfg-path', '/tmp/tmpzkv_8yr3']
[2025-01-13T20:54:22.394+0000] {standard_task_runner.py:85} INFO - Job 1027: Subtask load_to_gcs_bq.merge_date_to_main
[2025-01-13T20:54:22.806+0000] {task_command.py:416} INFO - Running <TaskInstance: finflow_source_data_pipeline.load_to_gcs_bq.merge_date_to_main manual__2025-01-13T20:52:53.399336+00:00 [running]> on host ab4e86dc450e
[2025-01-13T20:54:23.730+0000] {taskinstance.py:1662} INFO - Exporting env vars: AIRFLOW_CTX_DAG_OWNER='***' AIRFLOW_CTX_DAG_ID='finflow_source_data_pipeline' AIRFLOW_CTX_TASK_ID='load_to_gcs_bq.merge_date_to_main' AIRFLOW_CTX_EXECUTION_DATE='2025-01-13T20:52:53.399336+00:00' AIRFLOW_CTX_TRY_NUMBER='1' AIRFLOW_CTX_DAG_RUN_ID='manual__2025-01-13T20:52:53.399336+00:00'
[2025-01-13T20:54:23.750+0000] {bigquery.py:1241} INFO - Executing: 
-- Create the target table if it doesn't exist
CREATE TABLE IF NOT EXISTS `finflow-analytics-production.finflow_data.src_dates` (
    date_key INTEGER NOT NULL,
    full_date DATE NOT NULL,
    year INTEGER NOT NULL,
    quarter INTEGER NOT NULL,
    month INTEGER NOT NULL,
    day INTEGER NOT NULL,
    day_of_week STRING NOT NULL,
    is_weekend BOOLEAN NOT NULL,
    is_holiday BOOLEAN NOT NULL,
    fiscal_year STRING NOT NULL,
    created_at TIMESTAMP NOT NULL,
    updated_at TIMESTAMP NOT NULL,
    ingestion_timestamp TIMESTAMP NOT NULL
);

-- Perform the merge operation
MERGE `finflow-analytics-production.finflow_data.src_dates` T
USING `finflow-analytics-production.finflow_data.src_dates_temp` S
ON T.date_key = S.date_key
WHEN MATCHED THEN
    UPDATE SET
        T.full_date = S.full_date,
        T.year = S.year,
        T.quarter = S.quarter,
        T.month = S.month,
        T.day = S.day,
        T.day_of_week = S.day_of_week,
        T.is_weekend = S.is_weekend,
        T.is_holiday = S.is_holiday,
        T.fiscal_year = S.fiscal_year,
        T.created_at = S.created_at,
        T.updated_at = S.updated_at,
        T.ingestion_timestamp = S.ingestion_timestamp
WHEN NOT MATCHED THEN
    INSERT (date_key, full_date, year, quarter, month, day, day_of_week, is_weekend, is_holiday, fiscal_year, created_at, updated_at, ingestion_timestamp)
    VALUES (S.date_key, S.full_date, S.year, S.quarter, S.month, S.day, S.day_of_week, S.is_weekend, S.is_holiday, S.fiscal_year, S.created_at, S.updated_at, S.ingestion_timestamp)
[2025-01-13T20:54:23.756+0000] {crypto.py:82} WARNING - empty cryptography key - values will not be stored encrypted.
[2025-01-13T20:54:23.766+0000] {connection.py:232} WARNING - Connection schemes (type: google_cloud_platform) shall not contain '_' according to RFC3986.
[2025-01-13T20:54:23.769+0000] {base.py:73} INFO - Using connection ID 'google_cloud_default' for task execution.
[2025-01-13T20:54:23.789+0000] {warnings.py:109} WARNING - /home/***/.local/lib/python3.8/site-packages/***/providers/google/cloud/hooks/bigquery.py:2108: AirflowProviderDeprecationWarning: This method is deprecated. Please use `BigQueryHook.insert_job` method.
  warnings.warn(

[2025-01-13T20:54:24.948+0000] {bigquery.py:1595} INFO - Inserting job ***_1736801664928549_7539afd6706773fabc7673d859755247
[2025-01-13T20:54:29.020+0000] {taskinstance.py:1400} INFO - Marking task as SUCCESS. dag_id=finflow_source_data_pipeline, task_id=load_to_gcs_bq.merge_date_to_main, execution_date=20250113T205253, start_date=20250113T205421, end_date=20250113T205429
[2025-01-13T20:54:29.142+0000] {local_task_job_runner.py:228} INFO - Task exited with return code 0
[2025-01-13T20:54:29.393+0000] {taskinstance.py:2778} INFO - 1 downstream tasks scheduled from follow-on schedule check
