[2025-01-16T17:18:08.041+0000] {taskinstance.py:1159} INFO - Dependencies all met for dep_context=non-requeueable deps ti=<TaskInstance: finflow_source_data_pipeline.load_to_gcs_bq.transform_location_timestamps manual__2025-01-16T17:16:33.315680+00:00 [queued]>
[2025-01-16T17:18:08.432+0000] {taskinstance.py:1159} INFO - Dependencies all met for dep_context=requeueable deps ti=<TaskInstance: finflow_source_data_pipeline.load_to_gcs_bq.transform_location_timestamps manual__2025-01-16T17:16:33.315680+00:00 [queued]>
[2025-01-16T17:18:08.448+0000] {taskinstance.py:1361} INFO - Starting attempt 1 of 1
[2025-01-16T17:18:08.972+0000] {taskinstance.py:1382} INFO - Executing <Task(BigQueryExecuteQueryOperator): load_to_gcs_bq.transform_location_timestamps> on 2025-01-16 17:16:33.315680+00:00
[2025-01-16T17:18:09.138+0000] {standard_task_runner.py:57} INFO - Started process 2833 to run task
[2025-01-16T17:18:09.324+0000] {standard_task_runner.py:84} INFO - Running: ['***', 'tasks', 'run', 'finflow_source_data_pipeline', 'load_to_gcs_bq.transform_location_timestamps', 'manual__2025-01-16T17:16:33.315680+00:00', '--job-id', '2162', '--raw', '--subdir', 'DAGS_FOLDER/finflow.py', '--cfg-path', '/tmp/tmpj7nrszzv']
[2025-01-16T17:18:09.382+0000] {standard_task_runner.py:85} INFO - Job 2162: Subtask load_to_gcs_bq.transform_location_timestamps
[2025-01-16T17:18:10.487+0000] {task_command.py:416} INFO - Running <TaskInstance: finflow_source_data_pipeline.load_to_gcs_bq.transform_location_timestamps manual__2025-01-16T17:16:33.315680+00:00 [running]> on host e65a9a79c958
[2025-01-16T17:18:12.444+0000] {taskinstance.py:1662} INFO - Exporting env vars: AIRFLOW_CTX_DAG_OWNER='***' AIRFLOW_CTX_DAG_ID='finflow_source_data_pipeline' AIRFLOW_CTX_TASK_ID='load_to_gcs_bq.transform_location_timestamps' AIRFLOW_CTX_EXECUTION_DATE='2025-01-16T17:16:33.315680+00:00' AIRFLOW_CTX_TRY_NUMBER='1' AIRFLOW_CTX_DAG_RUN_ID='manual__2025-01-16T17:16:33.315680+00:00'
[2025-01-16T17:18:12.481+0000] {bigquery.py:1241} INFO - Executing: 
                    CREATE OR REPLACE TABLE `finflow-analytics-production.finflow_data.src_locations_temp` AS
                    SELECT 
                        location_key,
                        location_id,
                        location_name,
                        address,
                        city,
                        state,
                        country,
                        postal_code,
                        latitude,
                        longitude,
                        timezone,
                        is_active,
                        TIMESTAMP(created_at) as created_at,
                        TIMESTAMP(updated_at) as updated_at,
                        TIMESTAMP(ingestion_timestamp) as ingestion_timestamp
                    FROM `finflow-analytics-production.finflow_data.src_locations_temp`
                    
[2025-01-16T17:18:12.518+0000] {crypto.py:82} WARNING - empty cryptography key - values will not be stored encrypted.
[2025-01-16T17:18:12.549+0000] {connection.py:232} WARNING - Connection schemes (type: google_cloud_platform) shall not contain '_' according to RFC3986.
[2025-01-16T17:18:12.573+0000] {base.py:73} INFO - Using connection ID 'google_cloud_default' for task execution.
[2025-01-16T17:18:12.610+0000] {warnings.py:109} WARNING - /home/***/.local/lib/python3.8/site-packages/***/providers/google/cloud/hooks/bigquery.py:2108: AirflowProviderDeprecationWarning: This method is deprecated. Please use `BigQueryHook.insert_job` method.
  warnings.warn(

[2025-01-16T17:18:14.242+0000] {bigquery.py:1595} INFO - Inserting job ***_1737047894194578_4f61c30e276af2cc94036e3fface1425
[2025-01-16T17:18:15.678+0000] {taskinstance.py:1937} ERROR - Task failed with exception
Traceback (most recent call last):
  File "/home/airflow/.local/lib/python3.8/site-packages/airflow/providers/google/cloud/operators/bigquery.py", line 1249, in execute
    self.job_id = self.hook.run_query(
  File "/home/airflow/.local/lib/python3.8/site-packages/airflow/providers/google/cloud/hooks/bigquery.py", line 2241, in run_query
    job = self.insert_job(configuration=configuration, project_id=self.project_id, location=location)
  File "/home/airflow/.local/lib/python3.8/site-packages/airflow/providers/google/common/hooks/base_google.py", line 475, in inner_wrapper
    return func(self, *args, **kwargs)
  File "/home/airflow/.local/lib/python3.8/site-packages/airflow/providers/google/cloud/hooks/bigquery.py", line 1601, in insert_job
    job_api_repr.result(timeout=timeout, retry=retry)
  File "/home/airflow/.local/lib/python3.8/site-packages/google/cloud/bigquery/job/query.py", line 1580, in result
    do_get_result()
  File "/home/airflow/.local/lib/python3.8/site-packages/google/cloud/bigquery/job/query.py", line 1570, in do_get_result
    super(QueryJob, self).result(retry=retry, timeout=timeout)
  File "/home/airflow/.local/lib/python3.8/site-packages/google/cloud/bigquery/job/base.py", line 922, in result
    return super(_AsyncJob, self).result(timeout=timeout, **kwargs)
  File "/home/airflow/.local/lib/python3.8/site-packages/google/api_core/future/polling.py", line 261, in result
    raise self._exception
google.api_core.exceptions.BadRequest: 400 Unrecognized name: is_active at [15:25]

Location: us-central1
Job ID: airflow_1737047894194578_4f61c30e276af2cc94036e3fface1425

[2025-01-16T17:18:15.857+0000] {taskinstance.py:1400} INFO - Marking task as FAILED. dag_id=finflow_source_data_pipeline, task_id=load_to_gcs_bq.transform_location_timestamps, execution_date=20250116T171633, start_date=20250116T171808, end_date=20250116T171815
[2025-01-16T17:18:16.090+0000] {standard_task_runner.py:104} ERROR - Failed to execute job 2162 for task load_to_gcs_bq.transform_location_timestamps (400 Unrecognized name: is_active at [15:25]

Location: us-central1
Job ID: airflow_1737047894194578_4f61c30e276af2cc94036e3fface1425
; 2833)
[2025-01-16T17:18:16.276+0000] {local_task_job_runner.py:228} INFO - Task exited with return code 1
[2025-01-16T17:18:16.460+0000] {taskinstance.py:2778} INFO - 0 downstream tasks scheduled from follow-on schedule check
