[2025-01-16T20:35:48.540+0000] {taskinstance.py:1159} INFO - Dependencies all met for dep_context=non-requeueable deps ti=<TaskInstance: finflow_source_data_pipeline.load_to_gcs_bq.merge_account_to_main manual__2025-01-16T20:34:11.951415+00:00 [queued]>
[2025-01-16T20:35:48.604+0000] {taskinstance.py:1159} INFO - Dependencies all met for dep_context=requeueable deps ti=<TaskInstance: finflow_source_data_pipeline.load_to_gcs_bq.merge_account_to_main manual__2025-01-16T20:34:11.951415+00:00 [queued]>
[2025-01-16T20:35:48.605+0000] {taskinstance.py:1361} INFO - Starting attempt 1 of 1
[2025-01-16T20:35:48.680+0000] {taskinstance.py:1382} INFO - Executing <Task(BigQueryExecuteQueryOperator): load_to_gcs_bq.merge_account_to_main> on 2025-01-16 20:34:11.951415+00:00
[2025-01-16T20:35:48.700+0000] {standard_task_runner.py:57} INFO - Started process 4071 to run task
[2025-01-16T20:35:48.732+0000] {standard_task_runner.py:84} INFO - Running: ['***', 'tasks', 'run', 'finflow_source_data_pipeline', 'load_to_gcs_bq.merge_account_to_main', 'manual__2025-01-16T20:34:11.951415+00:00', '--job-id', '3028', '--raw', '--subdir', 'DAGS_FOLDER/finflow.py', '--cfg-path', '/tmp/tmpxw_yvi43']
[2025-01-16T20:35:48.748+0000] {standard_task_runner.py:85} INFO - Job 3028: Subtask load_to_gcs_bq.merge_account_to_main
[2025-01-16T20:35:48.951+0000] {task_command.py:416} INFO - Running <TaskInstance: finflow_source_data_pipeline.load_to_gcs_bq.merge_account_to_main manual__2025-01-16T20:34:11.951415+00:00 [running]> on host c35fc3f5a87d
[2025-01-16T20:35:49.213+0000] {taskinstance.py:1662} INFO - Exporting env vars: AIRFLOW_CTX_DAG_OWNER='***' AIRFLOW_CTX_DAG_ID='finflow_source_data_pipeline' AIRFLOW_CTX_TASK_ID='load_to_gcs_bq.merge_account_to_main' AIRFLOW_CTX_EXECUTION_DATE='2025-01-16T20:34:11.951415+00:00' AIRFLOW_CTX_TRY_NUMBER='1' AIRFLOW_CTX_DAG_RUN_ID='manual__2025-01-16T20:34:11.951415+00:00'
[2025-01-16T20:35:49.216+0000] {bigquery.py:1241} INFO - Executing: 
-- Create the target table if it doesn't exist
CREATE TABLE IF NOT EXISTS `finflow-analytics-production.finflow_data.src_accounts` (
    account_key INTEGER NOT NULL,
    account_id INTEGER NOT NULL,
    customer_key INTEGER NOT NULL,
    product_key INTEGER NOT NULL,
    account_type STRING NOT NULL,
    account_status STRING NOT NULL,
    initial_deposit FLOAT64 NOT NULL,
    minimum_balance FLOAT64 NOT NULL,
    balance FLOAT64 NOT NULL,
    credit_limit FLOAT64 NOT NULL,
    opened_date DATE NOT NULL,
    closed_date DATE,
    created_at TIMESTAMP NOT NULL,
    updated_at TIMESTAMP NOT NULL,
    ingestion_timestamp TIMESTAMP NOT NULL
);

-- Perform the merge operation
MERGE `finflow-analytics-production.finflow_data.src_accounts` T
USING (
    SELECT *
    FROM `finflow-analytics-production.finflow_data.src_accounts_temp`
) S
ON T.account_key = S.account_key
WHEN MATCHED THEN
    UPDATE SET
        account_key = S.account_key, account_id = S.account_id, customer_key = S.customer_key, product_key = S.product_key, account_type = S.account_type, account_status = S.account_status, initial_deposit = S.initial_deposit, minimum_balance = S.minimum_balance, balance = S.balance, credit_limit = S.credit_limit, opened_date = S.opened_date, closed_date = S.closed_date, updated_at = S.updated_at, ingestion_timestamp = S.ingestion_timestamp
WHEN NOT MATCHED THEN
    INSERT (account_key, account_id, customer_key, product_key, account_type, account_status, initial_deposit, minimum_balance, balance, credit_limit, opened_date, closed_date, created_at, updated_at, ingestion_timestamp)
    VALUES (S.account_key, S.account_id, S.customer_key, S.product_key, S.account_type, S.account_status, S.initial_deposit, S.minimum_balance, S.balance, S.credit_limit, S.opened_date, S.closed_date, S.created_at, S.updated_at, S.ingestion_timestamp)
[2025-01-16T20:35:49.218+0000] {crypto.py:82} WARNING - empty cryptography key - values will not be stored encrypted.
[2025-01-16T20:35:49.219+0000] {connection.py:232} WARNING - Connection schemes (type: google_cloud_platform) shall not contain '_' according to RFC3986.
[2025-01-16T20:35:49.225+0000] {base.py:73} INFO - Using connection ID 'google_cloud_default' for task execution.
[2025-01-16T20:35:49.227+0000] {warnings.py:109} WARNING - /home/***/.local/lib/python3.8/site-packages/***/providers/google/cloud/hooks/bigquery.py:2108: AirflowProviderDeprecationWarning: This method is deprecated. Please use `BigQueryHook.insert_job` method.
  warnings.warn(

[2025-01-16T20:35:49.423+0000] {bigquery.py:1595} INFO - Inserting job ***_1737059749422042_494c71ae86549061c9f9d511c37361f9
[2025-01-16T20:35:53.382+0000] {taskinstance.py:1400} INFO - Marking task as SUCCESS. dag_id=finflow_source_data_pipeline, task_id=load_to_gcs_bq.merge_account_to_main, execution_date=20250116T203411, start_date=20250116T203548, end_date=20250116T203553
[2025-01-16T20:35:53.528+0000] {local_task_job_runner.py:228} INFO - Task exited with return code 0
[2025-01-16T20:35:53.776+0000] {taskinstance.py:2778} INFO - 1 downstream tasks scheduled from follow-on schedule check
