[2025-01-16T18:08:30.777+0000] {taskinstance.py:1159} INFO - Dependencies all met for dep_context=non-requeueable deps ti=<TaskInstance: finflow_source_data_pipeline.load_to_gcs_bq.transform_transaction_timestamps manual__2025-01-16T18:07:01.952921+00:00 [queued]>
[2025-01-16T18:08:30.976+0000] {taskinstance.py:1159} INFO - Dependencies all met for dep_context=requeueable deps ti=<TaskInstance: finflow_source_data_pipeline.load_to_gcs_bq.transform_transaction_timestamps manual__2025-01-16T18:07:01.952921+00:00 [queued]>
[2025-01-16T18:08:30.977+0000] {taskinstance.py:1361} INFO - Starting attempt 1 of 1
[2025-01-16T18:08:31.176+0000] {taskinstance.py:1382} INFO - Executing <Task(BigQueryExecuteQueryOperator): load_to_gcs_bq.transform_transaction_timestamps> on 2025-01-16 18:07:01.952921+00:00
[2025-01-16T18:08:31.249+0000] {standard_task_runner.py:57} INFO - Started process 5400 to run task
[2025-01-16T18:08:31.332+0000] {standard_task_runner.py:84} INFO - Running: ['***', 'tasks', 'run', 'finflow_source_data_pipeline', 'load_to_gcs_bq.transform_transaction_timestamps', 'manual__2025-01-16T18:07:01.952921+00:00', '--job-id', '2499', '--raw', '--subdir', 'DAGS_FOLDER/finflow.py', '--cfg-path', '/tmp/tmp3zg0mi8l']
[2025-01-16T18:08:31.377+0000] {standard_task_runner.py:85} INFO - Job 2499: Subtask load_to_gcs_bq.transform_transaction_timestamps
[2025-01-16T18:08:31.851+0000] {task_command.py:416} INFO - Running <TaskInstance: finflow_source_data_pipeline.load_to_gcs_bq.transform_transaction_timestamps manual__2025-01-16T18:07:01.952921+00:00 [running]> on host e65a9a79c958
[2025-01-16T18:08:32.766+0000] {taskinstance.py:1662} INFO - Exporting env vars: AIRFLOW_CTX_DAG_OWNER='***' AIRFLOW_CTX_DAG_ID='finflow_source_data_pipeline' AIRFLOW_CTX_TASK_ID='load_to_gcs_bq.transform_transaction_timestamps' AIRFLOW_CTX_EXECUTION_DATE='2025-01-16T18:07:01.952921+00:00' AIRFLOW_CTX_TRY_NUMBER='1' AIRFLOW_CTX_DAG_RUN_ID='manual__2025-01-16T18:07:01.952921+00:00'
[2025-01-16T18:08:32.788+0000] {bigquery.py:1241} INFO - Executing: 
                    CREATE OR REPLACE TABLE `finflow-analytics-production.finflow_data.src_transactions_temp` AS
                    SELECT 
                        transaction_id,
                        account_key,
                        customer_key,
                        product_key,
                        location_key,
                        date_key,
                        transaction_type,
                        transaction_amount,
                        fee_amount,
                        transaction_status,
                        TIMESTAMP(created_at) as created_at,
                        TIMESTAMP(updated_at) as updated_at,
                        TIMESTAMP(ingestion_timestamp) as ingestion_timestamp
                    FROM `finflow-analytics-production.finflow_data.src_transactions_temp`
                    
[2025-01-16T18:08:32.794+0000] {crypto.py:82} WARNING - empty cryptography key - values will not be stored encrypted.
[2025-01-16T18:08:32.798+0000] {connection.py:232} WARNING - Connection schemes (type: google_cloud_platform) shall not contain '_' according to RFC3986.
[2025-01-16T18:08:32.809+0000] {base.py:73} INFO - Using connection ID 'google_cloud_default' for task execution.
[2025-01-16T18:08:32.823+0000] {warnings.py:109} WARNING - /home/***/.local/lib/python3.8/site-packages/***/providers/google/cloud/hooks/bigquery.py:2108: AirflowProviderDeprecationWarning: This method is deprecated. Please use `BigQueryHook.insert_job` method.
  warnings.warn(

[2025-01-16T18:08:33.187+0000] {bigquery.py:1595} INFO - Inserting job ***_1737050913185938_76d2cb0aa5a494e34f464512e8475a24
[2025-01-16T18:08:36.027+0000] {taskinstance.py:1400} INFO - Marking task as SUCCESS. dag_id=finflow_source_data_pipeline, task_id=load_to_gcs_bq.transform_transaction_timestamps, execution_date=20250116T180701, start_date=20250116T180830, end_date=20250116T180836
[2025-01-16T18:08:36.284+0000] {local_task_job_runner.py:228} INFO - Task exited with return code 0
[2025-01-16T18:08:36.572+0000] {taskinstance.py:2778} INFO - 1 downstream tasks scheduled from follow-on schedule check
