[2025-01-13T18:36:40.185+0000] {taskinstance.py:1159} INFO - Dependencies all met for dep_context=non-requeueable deps ti=<TaskInstance: finflow_source_data_pipeline.load_to_gcs_bq.merge_transaction_to_main manual__2025-01-13T18:35:21.340527+00:00 [queued]>
[2025-01-13T18:36:40.288+0000] {taskinstance.py:1159} INFO - Dependencies all met for dep_context=requeueable deps ti=<TaskInstance: finflow_source_data_pipeline.load_to_gcs_bq.merge_transaction_to_main manual__2025-01-13T18:35:21.340527+00:00 [queued]>
[2025-01-13T18:36:40.292+0000] {taskinstance.py:1361} INFO - Starting attempt 1 of 1
[2025-01-13T18:36:40.403+0000] {taskinstance.py:1382} INFO - Executing <Task(BigQueryExecuteQueryOperator): load_to_gcs_bq.merge_transaction_to_main> on 2025-01-13 18:35:21.340527+00:00
[2025-01-13T18:36:40.458+0000] {standard_task_runner.py:57} INFO - Started process 12061 to run task
[2025-01-13T18:36:40.519+0000] {standard_task_runner.py:84} INFO - Running: ['***', 'tasks', 'run', 'finflow_source_data_pipeline', 'load_to_gcs_bq.merge_transaction_to_main', 'manual__2025-01-13T18:35:21.340527+00:00', '--job-id', '512', '--raw', '--subdir', 'DAGS_FOLDER/finflow.py', '--cfg-path', '/tmp/tmp8tuu8yg6']
[2025-01-13T18:36:40.604+0000] {standard_task_runner.py:85} INFO - Job 512: Subtask load_to_gcs_bq.merge_transaction_to_main
[2025-01-13T18:36:40.926+0000] {task_command.py:416} INFO - Running <TaskInstance: finflow_source_data_pipeline.load_to_gcs_bq.merge_transaction_to_main manual__2025-01-13T18:35:21.340527+00:00 [running]> on host ab4e86dc450e
[2025-01-13T18:36:41.418+0000] {taskinstance.py:1662} INFO - Exporting env vars: AIRFLOW_CTX_DAG_OWNER='***' AIRFLOW_CTX_DAG_ID='finflow_source_data_pipeline' AIRFLOW_CTX_TASK_ID='load_to_gcs_bq.merge_transaction_to_main' AIRFLOW_CTX_EXECUTION_DATE='2025-01-13T18:35:21.340527+00:00' AIRFLOW_CTX_TRY_NUMBER='1' AIRFLOW_CTX_DAG_RUN_ID='manual__2025-01-13T18:35:21.340527+00:00'
[2025-01-13T18:36:41.434+0000] {bigquery.py:1241} INFO - Executing: 
MERGE `finflow-analytics-production.finflow_raw.src_transactions` T
USING `finflow-analytics-production.finflow_raw.src_transactions_temp` S
ON T.transaction_id = S.transaction_id
WHEN NOT MATCHED THEN
  INSERT (transaction_id, account_key, customer_key, product_key, location_key, date_key, transaction_type, transaction_amount, fee_amount, transaction_status, created_at, updated_at, ingestion_timestamp)
  VALUES (S.transaction_id, S.account_key, S.customer_key, S.product_key, S.location_key, S.date_key, S.transaction_type, S.transaction_amount, S.fee_amount, S.transaction_status, S.created_at, S.updated_at, S.ingestion_timestamp)
[2025-01-13T18:36:41.444+0000] {crypto.py:82} WARNING - empty cryptography key - values will not be stored encrypted.
[2025-01-13T18:36:41.454+0000] {connection.py:232} WARNING - Connection schemes (type: google_cloud_platform) shall not contain '_' according to RFC3986.
[2025-01-13T18:36:41.471+0000] {base.py:73} INFO - Using connection ID 'google_cloud_default' for task execution.
[2025-01-13T18:36:41.488+0000] {warnings.py:109} WARNING - /home/***/.local/lib/python3.8/site-packages/***/providers/google/cloud/hooks/bigquery.py:2108: AirflowProviderDeprecationWarning: This method is deprecated. Please use `BigQueryHook.insert_job` method.
  warnings.warn(

[2025-01-13T18:36:42.067+0000] {bigquery.py:1595} INFO - Inserting job ***_1736793402066714_157edeba17eea7f3c9daac791cad42d9
[2025-01-13T18:36:42.935+0000] {taskinstance.py:1937} ERROR - Task failed with exception
Traceback (most recent call last):
  File "/home/airflow/.local/lib/python3.8/site-packages/airflow/providers/google/cloud/operators/bigquery.py", line 1249, in execute
    self.job_id = self.hook.run_query(
  File "/home/airflow/.local/lib/python3.8/site-packages/airflow/providers/google/cloud/hooks/bigquery.py", line 2241, in run_query
    job = self.insert_job(configuration=configuration, project_id=self.project_id, location=location)
  File "/home/airflow/.local/lib/python3.8/site-packages/airflow/providers/google/common/hooks/base_google.py", line 475, in inner_wrapper
    return func(self, *args, **kwargs)
  File "/home/airflow/.local/lib/python3.8/site-packages/airflow/providers/google/cloud/hooks/bigquery.py", line 1601, in insert_job
    job_api_repr.result(timeout=timeout, retry=retry)
  File "/home/airflow/.local/lib/python3.8/site-packages/google/cloud/bigquery/job/query.py", line 1580, in result
    do_get_result()
  File "/home/airflow/.local/lib/python3.8/site-packages/google/cloud/bigquery/job/query.py", line 1570, in do_get_result
    super(QueryJob, self).result(retry=retry, timeout=timeout)
  File "/home/airflow/.local/lib/python3.8/site-packages/google/cloud/bigquery/job/base.py", line 922, in result
    return super(_AsyncJob, self).result(timeout=timeout, **kwargs)
  File "/home/airflow/.local/lib/python3.8/site-packages/google/api_core/future/polling.py", line 261, in result
    raise self._exception
google.api_core.exceptions.NotFound: 404 Not found: Table finflow-analytics-production:finflow_raw.src_transactions was not found in location US

Location: US
Job ID: airflow_1736793402066714_157edeba17eea7f3c9daac791cad42d9

[2025-01-13T18:36:43.025+0000] {taskinstance.py:1400} INFO - Marking task as FAILED. dag_id=finflow_source_data_pipeline, task_id=load_to_gcs_bq.merge_transaction_to_main, execution_date=20250113T183521, start_date=20250113T183640, end_date=20250113T183643
[2025-01-13T18:36:43.134+0000] {standard_task_runner.py:104} ERROR - Failed to execute job 512 for task load_to_gcs_bq.merge_transaction_to_main (404 Not found: Table finflow-analytics-production:finflow_raw.src_transactions was not found in location US

Location: US
Job ID: airflow_1736793402066714_157edeba17eea7f3c9daac791cad42d9
; 12061)
[2025-01-13T18:36:43.259+0000] {local_task_job_runner.py:228} INFO - Task exited with return code 1
[2025-01-13T18:36:43.989+0000] {taskinstance.py:2778} INFO - 0 downstream tasks scheduled from follow-on schedule check
