[2025-01-16T18:59:57.430+0000] {taskinstance.py:1159} INFO - Dependencies all met for dep_context=non-requeueable deps ti=<TaskInstance: finflow_source_data_pipeline.dbt_transformations.dbt_clean manual__2025-01-16T18:56:06.587155+00:00 [queued]>
[2025-01-16T18:59:57.450+0000] {taskinstance.py:1159} INFO - Dependencies all met for dep_context=requeueable deps ti=<TaskInstance: finflow_source_data_pipeline.dbt_transformations.dbt_clean manual__2025-01-16T18:56:06.587155+00:00 [queued]>
[2025-01-16T18:59:57.450+0000] {taskinstance.py:1361} INFO - Starting attempt 1 of 1
[2025-01-16T18:59:57.468+0000] {taskinstance.py:1382} INFO - Executing <Task(DbtBaseOperator): dbt_transformations.dbt_clean> on 2025-01-16 18:56:06.587155+00:00
[2025-01-16T18:59:57.479+0000] {standard_task_runner.py:57} INFO - Started process 1153 to run task
[2025-01-16T18:59:57.486+0000] {standard_task_runner.py:84} INFO - Running: ['***', 'tasks', 'run', 'finflow_source_data_pipeline', 'dbt_transformations.dbt_clean', 'manual__2025-01-16T18:56:06.587155+00:00', '--job-id', '2668', '--raw', '--subdir', 'DAGS_FOLDER/finflow.py', '--cfg-path', '/tmp/tmpe6vik8ej']
[2025-01-16T18:59:57.491+0000] {standard_task_runner.py:85} INFO - Job 2668: Subtask dbt_transformations.dbt_clean
[2025-01-16T18:59:57.567+0000] {task_command.py:416} INFO - Running <TaskInstance: finflow_source_data_pipeline.dbt_transformations.dbt_clean manual__2025-01-16T18:56:06.587155+00:00 [running]> on host 1fa24e54c558
[2025-01-16T18:59:57.678+0000] {taskinstance.py:1662} INFO - Exporting env vars: AIRFLOW_CTX_DAG_OWNER='***' AIRFLOW_CTX_DAG_ID='finflow_source_data_pipeline' AIRFLOW_CTX_TASK_ID='dbt_transformations.dbt_clean' AIRFLOW_CTX_EXECUTION_DATE='2025-01-16T18:56:06.587155+00:00' AIRFLOW_CTX_TRY_NUMBER='1' AIRFLOW_CTX_DAG_RUN_ID='manual__2025-01-16T18:56:06.587155+00:00'
[2025-01-16T19:00:09.108+0000] {finflow.py:652} INFO - [0m19:00:06  Running with dbt=1.8.7
[0m19:00:07  [[33mWARNING[0m]: Deprecated functionality
The `tests` config has been renamed to `data_tests`. Please see
https://docs.getdbt.com/docs/build/data-tests#new-data_tests-syntax for more
information.
[0m19:00:07  Checking /opt/dbt/dbt_packages/*
[0m19:00:07  Cleaned /opt/dbt/dbt_packages/*
[0m19:00:07  Checking /opt/dbt/target/*
[0m19:00:07  Cleaned /opt/dbt/target/*
[0m19:00:07  Checking /opt/dbt/logs/*
[0m19:00:07  Cleaned /opt/dbt/logs/*
[0m19:00:07  Finished cleaning all paths.

[2025-01-16T19:00:09.229+0000] {taskinstance.py:1400} INFO - Marking task as SUCCESS. dag_id=finflow_source_data_pipeline, task_id=dbt_transformations.dbt_clean, execution_date=20250116T185606, start_date=20250116T185957, end_date=20250116T190009
[2025-01-16T19:00:09.311+0000] {local_task_job_runner.py:228} INFO - Task exited with return code 0
[2025-01-16T19:00:09.376+0000] {taskinstance.py:2778} INFO - 1 downstream tasks scheduled from follow-on schedule check
