[2025-01-16T02:05:12.164+0000] {taskinstance.py:1159} INFO - Dependencies all met for dep_context=non-requeueable deps ti=<TaskInstance: finflow_source_data_pipeline.load_to_gcs_bq.merge_date_to_main manual__2025-01-16T02:03:41.401506+00:00 [queued]>
[2025-01-16T02:05:12.291+0000] {taskinstance.py:1159} INFO - Dependencies all met for dep_context=requeueable deps ti=<TaskInstance: finflow_source_data_pipeline.load_to_gcs_bq.merge_date_to_main manual__2025-01-16T02:03:41.401506+00:00 [queued]>
[2025-01-16T02:05:12.292+0000] {taskinstance.py:1361} INFO - Starting attempt 1 of 1
[2025-01-16T02:05:12.399+0000] {taskinstance.py:1382} INFO - Executing <Task(BigQueryExecuteQueryOperator): load_to_gcs_bq.merge_date_to_main> on 2025-01-16 02:03:41.401506+00:00
[2025-01-16T02:05:12.461+0000] {standard_task_runner.py:57} INFO - Started process 1463 to run task
[2025-01-16T02:05:12.529+0000] {standard_task_runner.py:84} INFO - Running: ['***', 'tasks', 'run', 'finflow_source_data_pipeline', 'load_to_gcs_bq.merge_date_to_main', 'manual__2025-01-16T02:03:41.401506+00:00', '--job-id', '1519', '--raw', '--subdir', 'DAGS_FOLDER/finflow.py', '--cfg-path', '/tmp/tmpxp25_apa']
[2025-01-16T02:05:12.627+0000] {standard_task_runner.py:85} INFO - Job 1519: Subtask load_to_gcs_bq.merge_date_to_main
[2025-01-16T02:05:13.059+0000] {task_command.py:416} INFO - Running <TaskInstance: finflow_source_data_pipeline.load_to_gcs_bq.merge_date_to_main manual__2025-01-16T02:03:41.401506+00:00 [running]> on host a445abefd56a
[2025-01-16T02:05:13.915+0000] {taskinstance.py:1662} INFO - Exporting env vars: AIRFLOW_CTX_DAG_OWNER='***' AIRFLOW_CTX_DAG_ID='finflow_source_data_pipeline' AIRFLOW_CTX_TASK_ID='load_to_gcs_bq.merge_date_to_main' AIRFLOW_CTX_EXECUTION_DATE='2025-01-16T02:03:41.401506+00:00' AIRFLOW_CTX_TRY_NUMBER='1' AIRFLOW_CTX_DAG_RUN_ID='manual__2025-01-16T02:03:41.401506+00:00'
[2025-01-16T02:05:13.918+0000] {bigquery.py:1241} INFO - Executing: 
MERGE `finflow-analytics-production.finflow_data.src_dates` T
USING (
    SELECT 
        date_key,
        PARSE_DATE('%Y-%m-%d', CAST(full_date AS STRING)) AS full_date,
        year,
        quarter,
        month,
        day,
        day_of_week,
        is_weekend,
        is_holiday,
        fiscal_year,
        TIMESTAMP(DATETIME(created_at)) as created_at,
        TIMESTAMP(DATETIME(updated_at)) as updated_at,
        TIMESTAMP(DATETIME(ingestion_timestamp)) as ingestion_timestamp
    FROM `finflow-analytics-production.finflow_data.src_dates_temp`
) S
ON T.date_key = S.date_key
WHEN MATCHED THEN
    UPDATE SET
        full_date = S.full_date,
        year = S.year,
        quarter = S.quarter,
        month = S.month,
        day = S.day,
        day_of_week = S.day_of_week,
        is_weekend = S.is_weekend,
        is_holiday = S.is_holiday,
        fiscal_year = S.fiscal_year,
        created_at = S.created_at,
        updated_at = S.updated_at,
        ingestion_timestamp = S.ingestion_timestamp
WHEN NOT MATCHED THEN
    INSERT (
        date_key, full_date, year, quarter, month, day, 
        day_of_week, is_weekend, is_holiday, fiscal_year,
        created_at, updated_at, ingestion_timestamp
    )
    VALUES (
        S.date_key, S.full_date, S.year, S.quarter, S.month, S.day,
        S.day_of_week, S.is_weekend, S.is_holiday, S.fiscal_year,
        S.created_at, S.updated_at, S.ingestion_timestamp
    )
[2025-01-16T02:05:13.948+0000] {crypto.py:82} WARNING - empty cryptography key - values will not be stored encrypted.
[2025-01-16T02:05:13.967+0000] {connection.py:232} WARNING - Connection schemes (type: google_cloud_platform) shall not contain '_' according to RFC3986.
[2025-01-16T02:05:13.984+0000] {base.py:73} INFO - Using connection ID 'google_cloud_default' for task execution.
[2025-01-16T02:05:13.997+0000] {warnings.py:109} WARNING - /home/***/.local/lib/python3.8/site-packages/***/providers/google/cloud/hooks/bigquery.py:2108: AirflowProviderDeprecationWarning: This method is deprecated. Please use `BigQueryHook.insert_job` method.
  warnings.warn(

[2025-01-16T02:05:14.690+0000] {bigquery.py:1595} INFO - Inserting job ***_1736993114689323_029ca20ccc308709aa529cd0176a8ef4
[2025-01-16T02:05:16.121+0000] {taskinstance.py:1937} ERROR - Task failed with exception
Traceback (most recent call last):
  File "/home/airflow/.local/lib/python3.8/site-packages/airflow/providers/google/cloud/operators/bigquery.py", line 1249, in execute
    self.job_id = self.hook.run_query(
  File "/home/airflow/.local/lib/python3.8/site-packages/airflow/providers/google/cloud/hooks/bigquery.py", line 2241, in run_query
    job = self.insert_job(configuration=configuration, project_id=self.project_id, location=location)
  File "/home/airflow/.local/lib/python3.8/site-packages/airflow/providers/google/common/hooks/base_google.py", line 475, in inner_wrapper
    return func(self, *args, **kwargs)
  File "/home/airflow/.local/lib/python3.8/site-packages/airflow/providers/google/cloud/hooks/bigquery.py", line 1601, in insert_job
    job_api_repr.result(timeout=timeout, retry=retry)
  File "/home/airflow/.local/lib/python3.8/site-packages/google/cloud/bigquery/job/query.py", line 1580, in result
    do_get_result()
  File "/home/airflow/.local/lib/python3.8/site-packages/google/cloud/bigquery/job/query.py", line 1570, in do_get_result
    super(QueryJob, self).result(retry=retry, timeout=timeout)
  File "/home/airflow/.local/lib/python3.8/site-packages/google/cloud/bigquery/job/base.py", line 922, in result
    return super(_AsyncJob, self).result(timeout=timeout, **kwargs)
  File "/home/airflow/.local/lib/python3.8/site-packages/google/api_core/future/polling.py", line 261, in result
    raise self._exception
google.api_core.exceptions.BadRequest: 400 No matching signature for function DATETIME
  Argument types: INT64
  Signature: DATETIME(INT64, INT64, INT64, INT64, INT64, INT64)
    Signature requires at least 6 arguments, found 1 argument
  Signature: DATETIME(DATE, TIME)
    Signature requires at least 2 arguments, found 1 argument
  Signature: DATETIME(TIMESTAMP, [STRING])
    Argument 1: Unable to coerce type INT64 to expected type TIMESTAMP
  Signature: DATETIME(DATE)
    Argument 1: Unable to coerce type INT64 to expected type DATE
  Signature: DATETIME(DATETIME)
    Argument 1: Unable to coerce type INT64 to expected type DATETIME
  Signature: DATETIME(STRING)
    Argument 1: Unable to coerce type INT64 to expected type STRING at [15:19]

Location: us-central1
Job ID: airflow_1736993114689323_029ca20ccc308709aa529cd0176a8ef4

[2025-01-16T02:05:16.244+0000] {taskinstance.py:1400} INFO - Marking task as FAILED. dag_id=finflow_source_data_pipeline, task_id=load_to_gcs_bq.merge_date_to_main, execution_date=20250116T020341, start_date=20250116T020512, end_date=20250116T020516
[2025-01-16T02:05:16.503+0000] {standard_task_runner.py:104} ERROR - Failed to execute job 1519 for task load_to_gcs_bq.merge_date_to_main (400 No matching signature for function DATETIME
  Argument types: INT64
  Signature: DATETIME(INT64, INT64, INT64, INT64, INT64, INT64)
    Signature requires at least 6 arguments, found 1 argument
  Signature: DATETIME(DATE, TIME)
    Signature requires at least 2 arguments, found 1 argument
  Signature: DATETIME(TIMESTAMP, [STRING])
    Argument 1: Unable to coerce type INT64 to expected type TIMESTAMP
  Signature: DATETIME(DATE)
    Argument 1: Unable to coerce type INT64 to expected type DATE
  Signature: DATETIME(DATETIME)
    Argument 1: Unable to coerce type INT64 to expected type DATETIME
  Signature: DATETIME(STRING)
    Argument 1: Unable to coerce type INT64 to expected type STRING at [15:19]

Location: us-central1
Job ID: airflow_1736993114689323_029ca20ccc308709aa529cd0176a8ef4
; 1463)
[2025-01-16T02:05:16.627+0000] {local_task_job_runner.py:228} INFO - Task exited with return code 1
[2025-01-16T02:05:16.886+0000] {taskinstance.py:2778} INFO - 0 downstream tasks scheduled from follow-on schedule check
