[2025-01-17T15:02:52.594+0000] {taskinstance.py:1159} INFO - Dependencies all met for dep_context=non-requeueable deps ti=<TaskInstance: finflow_source_data_pipeline.data_quality_checks.verify_merge_results_account manual__2025-01-17T15:00:07.196996+00:00 [queued]>
[2025-01-17T15:02:52.905+0000] {taskinstance.py:1159} INFO - Dependencies all met for dep_context=requeueable deps ti=<TaskInstance: finflow_source_data_pipeline.data_quality_checks.verify_merge_results_account manual__2025-01-17T15:00:07.196996+00:00 [queued]>
[2025-01-17T15:02:52.920+0000] {taskinstance.py:1361} INFO - Starting attempt 1 of 1
[2025-01-17T15:02:53.077+0000] {taskinstance.py:1382} INFO - Executing <Task(BigQueryExecuteQueryOperator): data_quality_checks.verify_merge_results_account> on 2025-01-17 15:00:07.196996+00:00
[2025-01-17T15:02:53.166+0000] {standard_task_runner.py:57} INFO - Started process 1216 to run task
[2025-01-17T15:02:53.233+0000] {standard_task_runner.py:84} INFO - Running: ['***', 'tasks', 'run', 'finflow_source_data_pipeline', 'data_quality_checks.verify_merge_results_account', 'manual__2025-01-17T15:00:07.196996+00:00', '--job-id', '3310', '--raw', '--subdir', 'DAGS_FOLDER/finflow.py', '--cfg-path', '/tmp/tmp7ov0s5bs']
[2025-01-17T15:02:53.270+0000] {standard_task_runner.py:85} INFO - Job 3310: Subtask data_quality_checks.verify_merge_results_account
[2025-01-17T15:02:53.742+0000] {task_command.py:416} INFO - Running <TaskInstance: finflow_source_data_pipeline.data_quality_checks.verify_merge_results_account manual__2025-01-17T15:00:07.196996+00:00 [running]> on host 9b2833750dff
[2025-01-17T15:02:54.625+0000] {taskinstance.py:1662} INFO - Exporting env vars: AIRFLOW_CTX_DAG_OWNER='***' AIRFLOW_CTX_DAG_ID='finflow_source_data_pipeline' AIRFLOW_CTX_TASK_ID='data_quality_checks.verify_merge_results_account' AIRFLOW_CTX_EXECUTION_DATE='2025-01-17T15:00:07.196996+00:00' AIRFLOW_CTX_TRY_NUMBER='1' AIRFLOW_CTX_DAG_RUN_ID='manual__2025-01-17T15:00:07.196996+00:00'
[2025-01-17T15:02:54.628+0000] {bigquery.py:1241} INFO - Executing: 
WITH pre_counts AS (
    SELECT 
        'accounts' as table_name,
        COUNT(*) as pre_merge_count
    FROM `finflow-analytics-production.finflow_data.src_accounts`
    WHERE DATE(ingestion_timestamp) < DATE('2025-01-17')
),
post_counts AS (
    SELECT 
        'accounts' as table_name,
        COUNT(*) as post_merge_count
    FROM `finflow-analytics-production.finflow_data.src_accounts`
    WHERE DATE(ingestion_timestamp) <= DATE('2025-01-17')
),
new_records AS (
    SELECT 
        'accounts' as table_name,
        COUNT(*) as new_record_count
    FROM `finflow-analytics-production.finflow_data.src_accounts`
    WHERE DATE(ingestion_timestamp) = DATE('2025-01-17')
)
SELECT
    CASE 
        WHEN post_counts.post_merge_count < pre_counts.pre_merge_count 
        THEN ERROR('Data loss detected in accounts table')
        WHEN post_counts.post_merge_count - pre_counts.pre_merge_count != new_records.new_record_count
        THEN ERROR('Unexpected record count after merge in accounts table')
        ELSE 'Merge validation successful for accounts table'
    END as validation_result
FROM pre_counts
JOIN post_counts ON pre_counts.table_name = post_counts.table_name
JOIN new_records ON pre_counts.table_name = new_records.table_name
[2025-01-17T15:02:54.630+0000] {crypto.py:82} WARNING - empty cryptography key - values will not be stored encrypted.
[2025-01-17T15:02:54.639+0000] {connection.py:232} WARNING - Connection schemes (type: google_cloud_platform) shall not contain '_' according to RFC3986.
[2025-01-17T15:02:54.641+0000] {base.py:73} INFO - Using connection ID 'google_cloud_default' for task execution.
[2025-01-17T15:02:54.667+0000] {warnings.py:109} WARNING - /home/***/.local/lib/python3.8/site-packages/***/providers/google/cloud/hooks/bigquery.py:2108: AirflowProviderDeprecationWarning: This method is deprecated. Please use `BigQueryHook.insert_job` method.
  warnings.warn(

[2025-01-17T15:02:55.215+0000] {bigquery.py:1595} INFO - Inserting job ***_1737126175214398_fad2d8139b7a45da1aff4de840de7600
[2025-01-17T15:02:56.012+0000] {taskinstance.py:1400} INFO - Marking task as SUCCESS. dag_id=finflow_source_data_pipeline, task_id=data_quality_checks.verify_merge_results_account, execution_date=20250117T150007, start_date=20250117T150252, end_date=20250117T150256
[2025-01-17T15:02:56.223+0000] {local_task_job_runner.py:228} INFO - Task exited with return code 0
[2025-01-17T15:02:56.469+0000] {taskinstance.py:2778} INFO - 0 downstream tasks scheduled from follow-on schedule check
