[2025-01-17T15:03:12.199+0000] {taskinstance.py:1159} INFO - Dependencies all met for dep_context=non-requeueable deps ti=<TaskInstance: finflow_source_data_pipeline.dbt_transformations.dbt_deps manual__2025-01-17T15:00:07.196996+00:00 [queued]>
[2025-01-17T15:03:12.217+0000] {taskinstance.py:1159} INFO - Dependencies all met for dep_context=requeueable deps ti=<TaskInstance: finflow_source_data_pipeline.dbt_transformations.dbt_deps manual__2025-01-17T15:00:07.196996+00:00 [queued]>
[2025-01-17T15:03:12.218+0000] {taskinstance.py:1361} INFO - Starting attempt 1 of 3
[2025-01-17T15:03:12.232+0000] {taskinstance.py:1382} INFO - Executing <Task(DbtBaseOperator): dbt_transformations.dbt_deps> on 2025-01-17 15:00:07.196996+00:00
[2025-01-17T15:03:12.241+0000] {standard_task_runner.py:57} INFO - Started process 1234 to run task
[2025-01-17T15:03:12.248+0000] {standard_task_runner.py:84} INFO - Running: ['***', 'tasks', 'run', 'finflow_source_data_pipeline', 'dbt_transformations.dbt_deps', 'manual__2025-01-17T15:00:07.196996+00:00', '--job-id', '3313', '--raw', '--subdir', 'DAGS_FOLDER/finflow.py', '--cfg-path', '/tmp/tmpv3ywz07b']
[2025-01-17T15:03:12.253+0000] {standard_task_runner.py:85} INFO - Job 3313: Subtask dbt_transformations.dbt_deps
[2025-01-17T15:03:12.313+0000] {task_command.py:416} INFO - Running <TaskInstance: finflow_source_data_pipeline.dbt_transformations.dbt_deps manual__2025-01-17T15:00:07.196996+00:00 [running]> on host 9b2833750dff
[2025-01-17T15:03:12.412+0000] {taskinstance.py:1662} INFO - Exporting env vars: AIRFLOW_CTX_DAG_OWNER='***' AIRFLOW_CTX_DAG_ID='finflow_source_data_pipeline' AIRFLOW_CTX_TASK_ID='dbt_transformations.dbt_deps' AIRFLOW_CTX_EXECUTION_DATE='2025-01-17T15:00:07.196996+00:00' AIRFLOW_CTX_TRY_NUMBER='1' AIRFLOW_CTX_DAG_RUN_ID='manual__2025-01-17T15:00:07.196996+00:00'
[2025-01-17T15:03:18.653+0000] {finflow.py:618} INFO - [0m15:03:16  Running with dbt=1.8.7
[0m15:03:16  [[33mWARNING[0m]: Deprecated functionality
The `tests` config has been renamed to `data_tests`. Please see
https://docs.getdbt.com/docs/build/data-tests#new-data_tests-syntax for more
information.
[0m15:03:17  Installing dbt-labs/dbt_utils
[0m15:03:17  Installed from version 1.3.0
[0m15:03:17  Up to date!
[0m15:03:17  Installing calogica/dbt_expectations
[0m15:03:18  Installed from version 0.10.4
[0m15:03:18  Up to date!
[0m15:03:18  Installing calogica/dbt_date
[0m15:03:18  Installed from version 0.10.1
[0m15:03:18  Up to date!

[2025-01-17T15:03:18.733+0000] {taskinstance.py:1400} INFO - Marking task as SUCCESS. dag_id=finflow_source_data_pipeline, task_id=dbt_transformations.dbt_deps, execution_date=20250117T150007, start_date=20250117T150312, end_date=20250117T150318
[2025-01-17T15:03:18.823+0000] {local_task_job_runner.py:228} INFO - Task exited with return code 0
[2025-01-17T15:03:18.944+0000] {taskinstance.py:2778} INFO - 1 downstream tasks scheduled from follow-on schedule check
