[2025-01-16T20:03:09.672+0000] {taskinstance.py:1159} INFO - Dependencies all met for dep_context=non-requeueable deps ti=<TaskInstance: finflow_source_data_pipeline.dbt_transformations.dbt_run manual__2025-01-16T19:59:24.635816+00:00 [queued]>
[2025-01-16T20:03:09.699+0000] {taskinstance.py:1159} INFO - Dependencies all met for dep_context=requeueable deps ti=<TaskInstance: finflow_source_data_pipeline.dbt_transformations.dbt_run manual__2025-01-16T19:59:24.635816+00:00 [queued]>
[2025-01-16T20:03:09.700+0000] {taskinstance.py:1361} INFO - Starting attempt 1 of 1
[2025-01-16T20:03:09.731+0000] {taskinstance.py:1382} INFO - Executing <Task(DbtBaseOperator): dbt_transformations.dbt_run> on 2025-01-16 19:59:24.635816+00:00
[2025-01-16T20:03:09.743+0000] {standard_task_runner.py:57} INFO - Started process 2644 to run task
[2025-01-16T20:03:09.756+0000] {standard_task_runner.py:84} INFO - Running: ['***', 'tasks', 'run', 'finflow_source_data_pipeline', 'dbt_transformations.dbt_run', 'manual__2025-01-16T19:59:24.635816+00:00', '--job-id', '2918', '--raw', '--subdir', 'DAGS_FOLDER/finflow.py', '--cfg-path', '/tmp/tmptjeitaud']
[2025-01-16T20:03:09.763+0000] {standard_task_runner.py:85} INFO - Job 2918: Subtask dbt_transformations.dbt_run
[2025-01-16T20:03:09.863+0000] {task_command.py:416} INFO - Running <TaskInstance: finflow_source_data_pipeline.dbt_transformations.dbt_run manual__2025-01-16T19:59:24.635816+00:00 [running]> on host c35fc3f5a87d
[2025-01-16T20:03:10.030+0000] {taskinstance.py:1662} INFO - Exporting env vars: AIRFLOW_CTX_DAG_OWNER='***' AIRFLOW_CTX_DAG_ID='finflow_source_data_pipeline' AIRFLOW_CTX_TASK_ID='dbt_transformations.dbt_run' AIRFLOW_CTX_EXECUTION_DATE='2025-01-16T19:59:24.635816+00:00' AIRFLOW_CTX_TRY_NUMBER='1' AIRFLOW_CTX_DAG_RUN_ID='manual__2025-01-16T19:59:24.635816+00:00'
[2025-01-16T20:03:49.750+0000] {finflow.py:657} INFO - [0m20:03:14  Running with dbt=1.8.7
[0m20:03:16  [[33mWARNING[0m]: Deprecated functionality
The `tests` config has been renamed to `data_tests`. Please see
https://docs.getdbt.com/docs/build/data-tests#new-data_tests-syntax for more
information.
[0m20:03:17  Registered adapter: bigquery=1.8.3
[0m20:03:17  Unable to do partial parsing because saved manifest not found. Starting full parse.
[0m20:03:30  [[33mWARNING[0m]: Configuration paths exist in your dbt_project.yml file which do not apply to any resources.
There are 6 unused configuration paths:
- data_tests.finflow_analytics.singular.test_customer_metric_consistency
- data_tests.finflow_analytics.singular.test_referential_integrity_full
- data_tests.finflow_analytics.generic.consistent_balances
- data_tests.finflow_analytics.singular.test_balance_reconciliation_full
- data_tests.finflow_analytics.generic.transaction_limits
- data_tests.finflow_analytics.generic.metric_variance
[0m20:03:31  Found 19 models, 1 snapshot, 3 analyses, 103 data tests, 6 sources, 868 macros
[0m20:03:31  
[0m20:03:32  Concurrency: 4 threads (target='prod')
[0m20:03:32  
[0m20:03:32  1 of 19 START sql incremental model finflow_data_bronze.src_accounts ........... [RUN]
[0m20:03:32  2 of 19 START sql incremental model finflow_data_bronze.src_customers .......... [RUN]
[0m20:03:32  3 of 19 START sql incremental model finflow_data_bronze.src_dates .............. [RUN]
[0m20:03:32  4 of 19 START sql incremental model finflow_data_bronze.src_locations .......... [RUN]
[0m20:03:36  2 of 19 OK created sql incremental model finflow_data_bronze.src_customers ..... [[32mCREATE TABLE (100.0 rows, 21.4 KiB processed)[0m in 3.34s]
[0m20:03:36  5 of 19 START sql incremental model finflow_data_bronze.src_products ........... [RUN]
[0m20:03:36  3 of 19 OK created sql incremental model finflow_data_bronze.src_dates ......... [[32mCREATE TABLE (365.0 rows, 32.5 KiB processed)[0m in 3.61s]
[0m20:03:36  1 of 19 OK created sql incremental model finflow_data_bronze.src_accounts ...... [[32mCREATE TABLE (192.0 rows, 21.5 KiB processed)[0m in 3.34s]
[0m20:03:36  6 of 19 START sql incremental model finflow_data_bronze.src_transactions ....... [RUN]
[0m20:03:36  7 of 19 START sql table model finflow_data_gold.dim_date ....................... [RUN]
[0m20:03:36  4 of 19 OK created sql incremental model finflow_data_bronze.src_locations ..... [[32mCREATE TABLE (50.0 rows, 9.9 KiB processed)[0m in 3.84s]
[0m20:03:36  8 of 19 START sql table model finflow_data_gold.dim_location ................... [RUN]
[0m20:03:39  6 of 19 OK created sql incremental model finflow_data_bronze.src_transactions .. [[32mCREATE TABLE (540.0 rows, 56.9 KiB processed)[0m in 2.93s]
[0m20:03:39  9 of 19 START sql view model finflow_data_silver.int_account_metrics ........... [RUN]
[0m20:03:39  8 of 19 OK created sql table model finflow_data_gold.dim_location .............. [[32mCREATE TABLE (50.0 rows, 9.9 KiB processed)[0m in 2.82s]
[0m20:03:39  5 of 19 OK created sql incremental model finflow_data_bronze.src_products ...... [[32mCREATE TABLE (19.0 rows, 1.8 KiB processed)[0m in 3.42s]
[0m20:03:39  7 of 19 OK created sql table model finflow_data_gold.dim_date .................. [[32mCREATE TABLE (365.0 rows, 32.5 KiB processed)[0m in 3.10s]
[0m20:03:39  10 of 19 START sql view model finflow_data_silver.int_account_risk_metrics ..... [RUN]
[0m20:03:39  11 of 19 START sql view model finflow_data_silver.int_customer_metrics ......... [RUN]
[0m20:03:39  12 of 19 START sql view model finflow_data_silver.int_transaction_metrics ...... [RUN]
[0m20:03:40  9 of 19 OK created sql view model finflow_data_silver.int_account_metrics ...... [[32mCREATE VIEW (0 processed)[0m in 1.22s]
[0m20:03:40  13 of 19 START sql table model finflow_data_gold.dim_account ................... [RUN]
[0m20:03:40  10 of 19 OK created sql view model finflow_data_silver.int_account_risk_metrics  [[32mCREATE VIEW (0 processed)[0m in 1.26s]
[0m20:03:40  14 of 19 START sql table model finflow_data_gold.dim_product ................... [RUN]
[0m20:03:41  11 of 19 OK created sql view model finflow_data_silver.int_customer_metrics .... [[32mCREATE VIEW (0 processed)[0m in 1.55s]
[0m20:03:40  12 of 19 OK created sql view model finflow_data_silver.int_transaction_metrics . [[32mCREATE VIEW (0 processed)[0m in 1.50s]
[0m20:03:41  15 of 19 START sql view model finflow_data_silver.int_customer_product_metrics . [RUN]
[0m20:03:41  16 of 19 START sql table model finflow_data_gold.fact_account_balances ......... [RUN]
[0m20:03:41  15 of 19 OK created sql view model finflow_data_silver.int_customer_product_metrics  [[32mCREATE VIEW (0 processed)[0m in 0.91s]
[0m20:03:41  17 of 19 START sql incremental model finflow_data_gold.dim_customer ............ [RUN]
[0m20:03:43  13 of 19 OK created sql table model finflow_data_gold.dim_account .............. [[32mCREATE TABLE (192.0 rows, 21.0 KiB processed)[0m in 3.16s]
[0m20:03:43  18 of 19 START sql table model finflow_data_gold.fact_customer_metrics ......... [RUN]
[0m20:03:43  14 of 19 OK created sql table model finflow_data_gold.dim_product .............. [[32mCREATE TABLE (19.0 rows, 1.8 KiB processed)[0m in 3.18s]
[0m20:03:44  16 of 19 OK created sql table model finflow_data_gold.fact_account_balances .... [[32mCREATE TABLE (3.1k rows, 47.2 KiB processed)[0m in 3.74s]
[0m20:03:45  17 of 19 OK created sql incremental model finflow_data_gold.dim_customer ....... [[32mCREATE TABLE (100.0 rows, 28.0 KiB processed)[0m in 3.55s]
[0m20:03:45  19 of 19 START sql incremental model finflow_data_gold.fact_transactions ....... [RUN]
[0m20:03:47  18 of 19 OK created sql table model finflow_data_gold.fact_customer_metrics .... [[32mCREATE TABLE (430.0 rows, 44.9 KiB processed)[0m in 4.17s]
[0m20:03:48  19 of 19 OK created sql incremental model finflow_data_gold.fact_transactions .. [[32mCREATE TABLE (540.0 rows, 72.3 KiB processed)[0m in 2.90s]
[0m20:03:48  
[0m20:03:48  Finished running 8 incremental models, 6 table models, 5 view models in 0 hours 0 minutes and 17.19 seconds (17.19s).
[0m20:03:48  
[0m20:03:48  [32mCompleted successfully[0m
[0m20:03:48  
[0m20:03:48  Done. PASS=19 WARN=0 ERROR=0 SKIP=0 TOTAL=19

[2025-01-16T20:03:49.790+0000] {taskinstance.py:1400} INFO - Marking task as SUCCESS. dag_id=finflow_source_data_pipeline, task_id=dbt_transformations.dbt_run, execution_date=20250116T195924, start_date=20250116T200309, end_date=20250116T200349
[2025-01-16T20:03:49.836+0000] {local_task_job_runner.py:228} INFO - Task exited with return code 0
[2025-01-16T20:03:49.863+0000] {taskinstance.py:2778} INFO - 1 downstream tasks scheduled from follow-on schedule check
