[2025-01-16T20:43:25.569+0000] {taskinstance.py:1159} INFO - Dependencies all met for dep_context=non-requeueable deps ti=<TaskInstance: finflow_source_data_pipeline.dbt_transformations.dbt_clean manual__2025-01-16T20:40:28.440935+00:00 [queued]>
[2025-01-16T20:43:25.760+0000] {taskinstance.py:1159} INFO - Dependencies all met for dep_context=requeueable deps ti=<TaskInstance: finflow_source_data_pipeline.dbt_transformations.dbt_clean manual__2025-01-16T20:40:28.440935+00:00 [queued]>
[2025-01-16T20:43:25.761+0000] {taskinstance.py:1361} INFO - Starting attempt 1 of 1
[2025-01-16T20:43:25.865+0000] {taskinstance.py:1382} INFO - Executing <Task(DbtBaseOperator): dbt_transformations.dbt_clean> on 2025-01-16 20:40:28.440935+00:00
[2025-01-16T20:43:25.923+0000] {standard_task_runner.py:57} INFO - Started process 4458 to run task
[2025-01-16T20:43:25.970+0000] {standard_task_runner.py:84} INFO - Running: ['***', 'tasks', 'run', 'finflow_source_data_pipeline', 'dbt_transformations.dbt_clean', 'manual__2025-01-16T20:40:28.440935+00:00', '--job-id', '3079', '--raw', '--subdir', 'DAGS_FOLDER/finflow.py', '--cfg-path', '/tmp/tmpugodjk98']
[2025-01-16T20:43:26.013+0000] {standard_task_runner.py:85} INFO - Job 3079: Subtask dbt_transformations.dbt_clean
[2025-01-16T20:43:26.304+0000] {task_command.py:416} INFO - Running <TaskInstance: finflow_source_data_pipeline.dbt_transformations.dbt_clean manual__2025-01-16T20:40:28.440935+00:00 [running]> on host c35fc3f5a87d
[2025-01-16T20:43:26.854+0000] {taskinstance.py:1662} INFO - Exporting env vars: AIRFLOW_CTX_DAG_OWNER='***' AIRFLOW_CTX_DAG_ID='finflow_source_data_pipeline' AIRFLOW_CTX_TASK_ID='dbt_transformations.dbt_clean' AIRFLOW_CTX_EXECUTION_DATE='2025-01-16T20:40:28.440935+00:00' AIRFLOW_CTX_TRY_NUMBER='1' AIRFLOW_CTX_DAG_RUN_ID='manual__2025-01-16T20:40:28.440935+00:00'
[2025-01-16T20:43:44.537+0000] {finflow.py:617} INFO - [0m20:43:42  Running with dbt=1.8.7
[0m20:43:43  [[33mWARNING[0m]: Deprecated functionality
The `tests` config has been renamed to `data_tests`. Please see
https://docs.getdbt.com/docs/build/data-tests#new-data_tests-syntax for more
information.
[0m20:43:43  Checking /opt/dbt/target/*
[0m20:43:43  Cleaned /opt/dbt/target/*
[0m20:43:43  Checking /opt/dbt/logs/*
[0m20:43:43  Cleaned /opt/dbt/logs/*
[0m20:43:43  Checking /opt/dbt/dbt_packages/*
[0m20:43:43  Cleaned /opt/dbt/dbt_packages/*
[0m20:43:43  Finished cleaning all paths.

[2025-01-16T20:43:44.652+0000] {taskinstance.py:1400} INFO - Marking task as SUCCESS. dag_id=finflow_source_data_pipeline, task_id=dbt_transformations.dbt_clean, execution_date=20250116T204028, start_date=20250116T204325, end_date=20250116T204344
[2025-01-16T20:43:44.757+0000] {local_task_job_runner.py:228} INFO - Task exited with return code 0
[2025-01-16T20:43:44.833+0000] {taskinstance.py:2778} INFO - 1 downstream tasks scheduled from follow-on schedule check
