[2025-01-13T22:08:42.781+0000] {taskinstance.py:1159} INFO - Dependencies all met for dep_context=non-requeueable deps ti=<TaskInstance: finflow_source_data_pipeline.data_quality_checks.verify_merge_results_account manual__2025-01-13T22:06:28.298528+00:00 [queued]>
[2025-01-13T22:08:42.997+0000] {taskinstance.py:1159} INFO - Dependencies all met for dep_context=requeueable deps ti=<TaskInstance: finflow_source_data_pipeline.data_quality_checks.verify_merge_results_account manual__2025-01-13T22:06:28.298528+00:00 [queued]>
[2025-01-13T22:08:43.003+0000] {taskinstance.py:1361} INFO - Starting attempt 1 of 1
[2025-01-13T22:08:43.150+0000] {taskinstance.py:1382} INFO - Executing <Task(BigQueryExecuteQueryOperator): data_quality_checks.verify_merge_results_account> on 2025-01-13 22:06:28.298528+00:00
[2025-01-13T22:08:43.216+0000] {standard_task_runner.py:57} INFO - Started process 21344 to run task
[2025-01-13T22:08:43.283+0000] {standard_task_runner.py:84} INFO - Running: ['***', 'tasks', 'run', 'finflow_source_data_pipeline', 'data_quality_checks.verify_merge_results_account', 'manual__2025-01-13T22:06:28.298528+00:00', '--job-id', '1237', '--raw', '--subdir', 'DAGS_FOLDER/finflow.py', '--cfg-path', '/tmp/tmp2_yeiqpp']
[2025-01-13T22:08:43.331+0000] {standard_task_runner.py:85} INFO - Job 1237: Subtask data_quality_checks.verify_merge_results_account
[2025-01-13T22:08:43.777+0000] {task_command.py:416} INFO - Running <TaskInstance: finflow_source_data_pipeline.data_quality_checks.verify_merge_results_account manual__2025-01-13T22:06:28.298528+00:00 [running]> on host ab4e86dc450e
[2025-01-13T22:08:44.655+0000] {taskinstance.py:1662} INFO - Exporting env vars: AIRFLOW_CTX_DAG_OWNER='***' AIRFLOW_CTX_DAG_ID='finflow_source_data_pipeline' AIRFLOW_CTX_TASK_ID='data_quality_checks.verify_merge_results_account' AIRFLOW_CTX_EXECUTION_DATE='2025-01-13T22:06:28.298528+00:00' AIRFLOW_CTX_TRY_NUMBER='1' AIRFLOW_CTX_DAG_RUN_ID='manual__2025-01-13T22:06:28.298528+00:00'
[2025-01-13T22:08:44.664+0000] {bigquery.py:1241} INFO - Executing: 
WITH pre_counts AS (
    SELECT 
        'accounts' as table_name,
        COUNT(*) as pre_merge_count
    FROM `finflow-analytics-production.finflow_data.src_accounts`
    WHERE DATE(ingestion_timestamp) < DATE('2025-01-13')
),
post_counts AS (
    SELECT 
        'accounts' as table_name,
        COUNT(*) as post_merge_count
    FROM `finflow-analytics-production.finflow_data.src_accounts`
    WHERE DATE(ingestion_timestamp) <= DATE('2025-01-13')
),
new_records AS (
    SELECT 
        'accounts' as table_name,
        COUNT(*) as new_record_count
    FROM `finflow-analytics-production.finflow_data.src_accounts`
    WHERE DATE(ingestion_timestamp) = DATE('2025-01-13')
)
SELECT
    CASE 
        WHEN post_counts.post_merge_count < pre_counts.pre_merge_count 
        THEN ERROR('Data loss detected in accounts table')
        WHEN post_counts.post_merge_count - pre_counts.pre_merge_count != new_records.new_record_count
        THEN ERROR('Unexpected record count after merge in accounts table')
        ELSE 'Merge validation successful for accounts table'
    END as validation_result
FROM pre_counts
JOIN post_counts ON pre_counts.table_name = post_counts.table_name
JOIN new_records ON pre_counts.table_name = new_records.table_name
[2025-01-13T22:08:44.672+0000] {crypto.py:82} WARNING - empty cryptography key - values will not be stored encrypted.
[2025-01-13T22:08:44.682+0000] {connection.py:232} WARNING - Connection schemes (type: google_cloud_platform) shall not contain '_' according to RFC3986.
[2025-01-13T22:08:44.685+0000] {base.py:73} INFO - Using connection ID 'google_cloud_default' for task execution.
[2025-01-13T22:08:44.693+0000] {warnings.py:109} WARNING - /home/***/.local/lib/python3.8/site-packages/***/providers/google/cloud/hooks/bigquery.py:2108: AirflowProviderDeprecationWarning: This method is deprecated. Please use `BigQueryHook.insert_job` method.
  warnings.warn(

[2025-01-13T22:08:45.303+0000] {bigquery.py:1595} INFO - Inserting job ***_1736806125285106_8666312b5f229b02cd64934f175af8cb
[2025-01-13T22:08:46.761+0000] {taskinstance.py:1400} INFO - Marking task as SUCCESS. dag_id=finflow_source_data_pipeline, task_id=data_quality_checks.verify_merge_results_account, execution_date=20250113T220628, start_date=20250113T220842, end_date=20250113T220846
[2025-01-13T22:08:47.004+0000] {local_task_job_runner.py:228} INFO - Task exited with return code 0
[2025-01-13T22:08:47.144+0000] {taskinstance.py:2778} INFO - 0 downstream tasks scheduled from follow-on schedule check
