[2025-01-16T17:36:06.193+0000] {taskinstance.py:1159} INFO - Dependencies all met for dep_context=non-requeueable deps ti=<TaskInstance: finflow_source_data_pipeline.load_to_gcs_bq.transform_customer_timestamps manual__2025-01-16T17:34:39.607846+00:00 [queued]>
[2025-01-16T17:36:06.262+0000] {taskinstance.py:1159} INFO - Dependencies all met for dep_context=requeueable deps ti=<TaskInstance: finflow_source_data_pipeline.load_to_gcs_bq.transform_customer_timestamps manual__2025-01-16T17:34:39.607846+00:00 [queued]>
[2025-01-16T17:36:06.263+0000] {taskinstance.py:1361} INFO - Starting attempt 1 of 1
[2025-01-16T17:36:06.342+0000] {taskinstance.py:1382} INFO - Executing <Task(BigQueryExecuteQueryOperator): load_to_gcs_bq.transform_customer_timestamps> on 2025-01-16 17:34:39.607846+00:00
[2025-01-16T17:36:06.383+0000] {standard_task_runner.py:57} INFO - Started process 3717 to run task
[2025-01-16T17:36:06.425+0000] {standard_task_runner.py:84} INFO - Running: ['***', 'tasks', 'run', 'finflow_source_data_pipeline', 'load_to_gcs_bq.transform_customer_timestamps', 'manual__2025-01-16T17:34:39.607846+00:00', '--job-id', '2277', '--raw', '--subdir', 'DAGS_FOLDER/finflow.py', '--cfg-path', '/tmp/tmpo_4cun5e']
[2025-01-16T17:36:06.440+0000] {standard_task_runner.py:85} INFO - Job 2277: Subtask load_to_gcs_bq.transform_customer_timestamps
[2025-01-16T17:36:06.545+0000] {task_command.py:416} INFO - Running <TaskInstance: finflow_source_data_pipeline.load_to_gcs_bq.transform_customer_timestamps manual__2025-01-16T17:34:39.607846+00:00 [running]> on host e65a9a79c958
[2025-01-16T17:36:06.758+0000] {taskinstance.py:1662} INFO - Exporting env vars: AIRFLOW_CTX_DAG_OWNER='***' AIRFLOW_CTX_DAG_ID='finflow_source_data_pipeline' AIRFLOW_CTX_TASK_ID='load_to_gcs_bq.transform_customer_timestamps' AIRFLOW_CTX_EXECUTION_DATE='2025-01-16T17:34:39.607846+00:00' AIRFLOW_CTX_TRY_NUMBER='1' AIRFLOW_CTX_DAG_RUN_ID='manual__2025-01-16T17:34:39.607846+00:00'
[2025-01-16T17:36:06.765+0000] {bigquery.py:1241} INFO - Executing: 
                    CREATE OR REPLACE TABLE `finflow-analytics-production.finflow_data.src_customers_temp` AS
                    SELECT 
                        customer_key,
                        customer_id,
                        first_name,
                        last_name,
                        email,
                        phone_number,
                        address,
                        city,
                        state,
                        country,
                        postal_code,
                        customer_segment,
                        customer_since_date,
                        total_accounts,
                        active_accounts,
                        total_transaction_volume,
                        TIMESTAMP(last_transaction_date) as last_transaction_date,
                        is_active,
                        TIMESTAMP(created_at) as created_at,
                        TIMESTAMP(updated_at) as updated_at,
                        TIMESTAMP(ingestion_timestamp) as ingestion_timestamp
                    FROM `finflow-analytics-production.finflow_data.src_customers_temp`
                    
[2025-01-16T17:36:06.770+0000] {crypto.py:82} WARNING - empty cryptography key - values will not be stored encrypted.
[2025-01-16T17:36:06.771+0000] {connection.py:232} WARNING - Connection schemes (type: google_cloud_platform) shall not contain '_' according to RFC3986.
[2025-01-16T17:36:06.774+0000] {base.py:73} INFO - Using connection ID 'google_cloud_default' for task execution.
[2025-01-16T17:36:06.777+0000] {warnings.py:109} WARNING - /home/***/.local/lib/python3.8/site-packages/***/providers/google/cloud/hooks/bigquery.py:2108: AirflowProviderDeprecationWarning: This method is deprecated. Please use `BigQueryHook.insert_job` method.
  warnings.warn(

[2025-01-16T17:36:06.933+0000] {bigquery.py:1595} INFO - Inserting job ***_1737048966931250_6a9d7d5e3322daecc23dff7dda9088ce
[2025-01-16T17:36:09.376+0000] {taskinstance.py:1400} INFO - Marking task as SUCCESS. dag_id=finflow_source_data_pipeline, task_id=load_to_gcs_bq.transform_customer_timestamps, execution_date=20250116T173439, start_date=20250116T173606, end_date=20250116T173609
[2025-01-16T17:36:09.447+0000] {local_task_job_runner.py:228} INFO - Task exited with return code 0
[2025-01-16T17:36:09.491+0000] {taskinstance.py:2778} INFO - 1 downstream tasks scheduled from follow-on schedule check
