[2025-01-17T14:39:28.782+0000] {taskinstance.py:1159} INFO - Dependencies all met for dep_context=non-requeueable deps ti=<TaskInstance: finflow_source_data_pipeline.load_to_gcs_bq.merge_transaction_to_main scheduled__2025-01-16T14:35:47.572669+00:00 [queued]>
[2025-01-17T14:39:28.894+0000] {taskinstance.py:1159} INFO - Dependencies all met for dep_context=requeueable deps ti=<TaskInstance: finflow_source_data_pipeline.load_to_gcs_bq.merge_transaction_to_main scheduled__2025-01-16T14:35:47.572669+00:00 [queued]>
[2025-01-17T14:39:28.906+0000] {taskinstance.py:1361} INFO - Starting attempt 1 of 1
[2025-01-17T14:39:29.014+0000] {taskinstance.py:1382} INFO - Executing <Task(BigQueryExecuteQueryOperator): load_to_gcs_bq.merge_transaction_to_main> on 2025-01-16 14:35:47.572669+00:00
[2025-01-17T14:39:29.055+0000] {standard_task_runner.py:57} INFO - Started process 220 to run task
[2025-01-17T14:39:29.117+0000] {standard_task_runner.py:84} INFO - Running: ['***', 'tasks', 'run', 'finflow_source_data_pipeline', 'load_to_gcs_bq.merge_transaction_to_main', 'scheduled__2025-01-16T14:35:47.572669+00:00', '--job-id', '3247', '--raw', '--subdir', 'DAGS_FOLDER/finflow.py', '--cfg-path', '/tmp/tmp1wkl224t']
[2025-01-17T14:39:29.153+0000] {standard_task_runner.py:85} INFO - Job 3247: Subtask load_to_gcs_bq.merge_transaction_to_main
[2025-01-17T14:39:29.403+0000] {task_command.py:416} INFO - Running <TaskInstance: finflow_source_data_pipeline.load_to_gcs_bq.merge_transaction_to_main scheduled__2025-01-16T14:35:47.572669+00:00 [running]> on host 9b2833750dff
[2025-01-17T14:39:29.793+0000] {taskinstance.py:1662} INFO - Exporting env vars: AIRFLOW_CTX_DAG_OWNER='***' AIRFLOW_CTX_DAG_ID='finflow_source_data_pipeline' AIRFLOW_CTX_TASK_ID='load_to_gcs_bq.merge_transaction_to_main' AIRFLOW_CTX_EXECUTION_DATE='2025-01-16T14:35:47.572669+00:00' AIRFLOW_CTX_TRY_NUMBER='1' AIRFLOW_CTX_DAG_RUN_ID='scheduled__2025-01-16T14:35:47.572669+00:00'
[2025-01-17T14:39:29.802+0000] {bigquery.py:1241} INFO - Executing: 
-- Create the target table if it doesn't exist
CREATE TABLE IF NOT EXISTS `finflow-analytics-production.finflow_data.src_transactions` (
    transaction_id INTEGER NOT NULL,
    account_key INTEGER NOT NULL,
    customer_key INTEGER NOT NULL,
    product_key INTEGER NOT NULL,
    location_key INTEGER NOT NULL,
    date_key INTEGER NOT NULL,
    transaction_type STRING NOT NULL,
    transaction_amount FLOAT64 NOT NULL,
    fee_amount FLOAT64 NOT NULL,
    transaction_status STRING NOT NULL,
    created_at TIMESTAMP NOT NULL,
    updated_at TIMESTAMP NOT NULL,
    ingestion_timestamp TIMESTAMP NOT NULL
);

-- Perform the merge operation
MERGE `finflow-analytics-production.finflow_data.src_transactions` T
USING (
    SELECT *
    FROM `finflow-analytics-production.finflow_data.src_transactions_temp`
) S
ON T.transaction_id = S.transaction_id
WHEN MATCHED THEN
    UPDATE SET
        transaction_id = S.transaction_id, account_key = S.account_key, customer_key = S.customer_key, product_key = S.product_key, location_key = S.location_key, date_key = S.date_key, transaction_type = S.transaction_type, transaction_amount = S.transaction_amount, fee_amount = S.fee_amount, transaction_status = S.transaction_status, updated_at = S.updated_at, ingestion_timestamp = S.ingestion_timestamp
WHEN NOT MATCHED THEN
    INSERT (transaction_id, account_key, customer_key, product_key, location_key, date_key, transaction_type, transaction_amount, fee_amount, transaction_status, created_at, updated_at, ingestion_timestamp)
    VALUES (S.transaction_id, S.account_key, S.customer_key, S.product_key, S.location_key, S.date_key, S.transaction_type, S.transaction_amount, S.fee_amount, S.transaction_status, S.created_at, S.updated_at, S.ingestion_timestamp)
[2025-01-17T14:39:29.805+0000] {crypto.py:82} WARNING - empty cryptography key - values will not be stored encrypted.
[2025-01-17T14:39:29.806+0000] {connection.py:232} WARNING - Connection schemes (type: google_cloud_platform) shall not contain '_' according to RFC3986.
[2025-01-17T14:39:29.807+0000] {base.py:73} INFO - Using connection ID 'google_cloud_default' for task execution.
[2025-01-17T14:39:29.811+0000] {warnings.py:109} WARNING - /home/***/.local/lib/python3.8/site-packages/***/providers/google/cloud/hooks/bigquery.py:2108: AirflowProviderDeprecationWarning: This method is deprecated. Please use `BigQueryHook.insert_job` method.
  warnings.warn(

[2025-01-17T14:39:29.906+0000] {bigquery.py:1595} INFO - Inserting job ***_1737124769905486_a232d44533d7621fd137cb0da850e692
[2025-01-17T14:39:33.480+0000] {taskinstance.py:1400} INFO - Marking task as SUCCESS. dag_id=finflow_source_data_pipeline, task_id=load_to_gcs_bq.merge_transaction_to_main, execution_date=20250116T143547, start_date=20250117T143928, end_date=20250117T143933
[2025-01-17T14:39:34.020+0000] {local_task_job_runner.py:228} INFO - Task exited with return code 0
[2025-01-17T14:39:34.379+0000] {taskinstance.py:2778} INFO - 1 downstream tasks scheduled from follow-on schedule check
