[2025-01-16T19:12:54.065+0000] {taskinstance.py:1159} INFO - Dependencies all met for dep_context=non-requeueable deps ti=<TaskInstance: finflow_source_data_pipeline.data_quality_checks.verify_merge_results_customer manual__2025-01-16T19:09:48.227737+00:00 [queued]>
[2025-01-16T19:12:54.361+0000] {taskinstance.py:1159} INFO - Dependencies all met for dep_context=requeueable deps ti=<TaskInstance: finflow_source_data_pipeline.data_quality_checks.verify_merge_results_customer manual__2025-01-16T19:09:48.227737+00:00 [queued]>
[2025-01-16T19:12:54.362+0000] {taskinstance.py:1361} INFO - Starting attempt 1 of 1
[2025-01-16T19:12:54.653+0000] {taskinstance.py:1382} INFO - Executing <Task(BigQueryExecuteQueryOperator): data_quality_checks.verify_merge_results_customer> on 2025-01-16 19:09:48.227737+00:00
[2025-01-16T19:12:54.811+0000] {standard_task_runner.py:57} INFO - Started process 370 to run task
[2025-01-16T19:12:54.906+0000] {standard_task_runner.py:84} INFO - Running: ['***', 'tasks', 'run', 'finflow_source_data_pipeline', 'data_quality_checks.verify_merge_results_customer', 'manual__2025-01-16T19:09:48.227737+00:00', '--job-id', '2715', '--raw', '--subdir', 'DAGS_FOLDER/finflow.py', '--cfg-path', '/tmp/tmp7jfz74l8']
[2025-01-16T19:12:54.986+0000] {standard_task_runner.py:85} INFO - Job 2715: Subtask data_quality_checks.verify_merge_results_customer
[2025-01-16T19:12:55.542+0000] {task_command.py:416} INFO - Running <TaskInstance: finflow_source_data_pipeline.data_quality_checks.verify_merge_results_customer manual__2025-01-16T19:09:48.227737+00:00 [running]> on host c35fc3f5a87d
[2025-01-16T19:12:56.682+0000] {taskinstance.py:1662} INFO - Exporting env vars: AIRFLOW_CTX_DAG_OWNER='***' AIRFLOW_CTX_DAG_ID='finflow_source_data_pipeline' AIRFLOW_CTX_TASK_ID='data_quality_checks.verify_merge_results_customer' AIRFLOW_CTX_EXECUTION_DATE='2025-01-16T19:09:48.227737+00:00' AIRFLOW_CTX_TRY_NUMBER='1' AIRFLOW_CTX_DAG_RUN_ID='manual__2025-01-16T19:09:48.227737+00:00'
[2025-01-16T19:12:56.692+0000] {bigquery.py:1241} INFO - Executing: 
WITH pre_counts AS (
    SELECT 
        'customers' as table_name,
        COUNT(*) as pre_merge_count
    FROM `finflow-analytics-production.finflow_data.src_customers`
    WHERE DATE(ingestion_timestamp) < DATE('2025-01-16')
),
post_counts AS (
    SELECT 
        'customers' as table_name,
        COUNT(*) as post_merge_count
    FROM `finflow-analytics-production.finflow_data.src_customers`
    WHERE DATE(ingestion_timestamp) <= DATE('2025-01-16')
),
new_records AS (
    SELECT 
        'customers' as table_name,
        COUNT(*) as new_record_count
    FROM `finflow-analytics-production.finflow_data.src_customers`
    WHERE DATE(ingestion_timestamp) = DATE('2025-01-16')
)
SELECT
    CASE 
        WHEN post_counts.post_merge_count < pre_counts.pre_merge_count 
        THEN ERROR('Data loss detected in customers table')
        WHEN post_counts.post_merge_count - pre_counts.pre_merge_count != new_records.new_record_count
        THEN ERROR('Unexpected record count after merge in customers table')
        ELSE 'Merge validation successful for customers table'
    END as validation_result
FROM pre_counts
JOIN post_counts ON pre_counts.table_name = post_counts.table_name
JOIN new_records ON pre_counts.table_name = new_records.table_name
[2025-01-16T19:12:56.712+0000] {crypto.py:82} WARNING - empty cryptography key - values will not be stored encrypted.
[2025-01-16T19:12:56.724+0000] {connection.py:232} WARNING - Connection schemes (type: google_cloud_platform) shall not contain '_' according to RFC3986.
[2025-01-16T19:12:56.729+0000] {base.py:73} INFO - Using connection ID 'google_cloud_default' for task execution.
[2025-01-16T19:12:56.742+0000] {warnings.py:109} WARNING - /home/***/.local/lib/python3.8/site-packages/***/providers/google/cloud/hooks/bigquery.py:2108: AirflowProviderDeprecationWarning: This method is deprecated. Please use `BigQueryHook.insert_job` method.
  warnings.warn(

[2025-01-16T19:12:57.890+0000] {bigquery.py:1595} INFO - Inserting job ***_1737054777880611_1fa501d9452f652968a5aca01ea65e70
[2025-01-16T19:12:59.959+0000] {taskinstance.py:1400} INFO - Marking task as SUCCESS. dag_id=finflow_source_data_pipeline, task_id=data_quality_checks.verify_merge_results_customer, execution_date=20250116T190948, start_date=20250116T191254, end_date=20250116T191259
[2025-01-16T19:13:00.456+0000] {local_task_job_runner.py:228} INFO - Task exited with return code 0
[2025-01-16T19:13:01.688+0000] {taskinstance.py:2778} INFO - 0 downstream tasks scheduled from follow-on schedule check
