[2025-01-13T22:08:42.783+0000] {taskinstance.py:1159} INFO - Dependencies all met for dep_context=non-requeueable deps ti=<TaskInstance: finflow_source_data_pipeline.data_quality_checks.verify_merge_results_customer manual__2025-01-13T22:06:28.298528+00:00 [queued]>
[2025-01-13T22:08:42.970+0000] {taskinstance.py:1159} INFO - Dependencies all met for dep_context=requeueable deps ti=<TaskInstance: finflow_source_data_pipeline.data_quality_checks.verify_merge_results_customer manual__2025-01-13T22:06:28.298528+00:00 [queued]>
[2025-01-13T22:08:42.972+0000] {taskinstance.py:1361} INFO - Starting attempt 1 of 1
[2025-01-13T22:08:43.052+0000] {taskinstance.py:1382} INFO - Executing <Task(BigQueryExecuteQueryOperator): data_quality_checks.verify_merge_results_customer> on 2025-01-13 22:06:28.298528+00:00
[2025-01-13T22:08:43.110+0000] {standard_task_runner.py:57} INFO - Started process 21342 to run task
[2025-01-13T22:08:43.186+0000] {standard_task_runner.py:84} INFO - Running: ['***', 'tasks', 'run', 'finflow_source_data_pipeline', 'data_quality_checks.verify_merge_results_customer', 'manual__2025-01-13T22:06:28.298528+00:00', '--job-id', '1235', '--raw', '--subdir', 'DAGS_FOLDER/finflow.py', '--cfg-path', '/tmp/tmpt5gzbs4a']
[2025-01-13T22:08:43.234+0000] {standard_task_runner.py:85} INFO - Job 1235: Subtask data_quality_checks.verify_merge_results_customer
[2025-01-13T22:08:43.678+0000] {task_command.py:416} INFO - Running <TaskInstance: finflow_source_data_pipeline.data_quality_checks.verify_merge_results_customer manual__2025-01-13T22:06:28.298528+00:00 [running]> on host ab4e86dc450e
[2025-01-13T22:08:44.581+0000] {taskinstance.py:1662} INFO - Exporting env vars: AIRFLOW_CTX_DAG_OWNER='***' AIRFLOW_CTX_DAG_ID='finflow_source_data_pipeline' AIRFLOW_CTX_TASK_ID='data_quality_checks.verify_merge_results_customer' AIRFLOW_CTX_EXECUTION_DATE='2025-01-13T22:06:28.298528+00:00' AIRFLOW_CTX_TRY_NUMBER='1' AIRFLOW_CTX_DAG_RUN_ID='manual__2025-01-13T22:06:28.298528+00:00'
[2025-01-13T22:08:44.588+0000] {bigquery.py:1241} INFO - Executing: 
WITH pre_counts AS (
    SELECT 
        'customers' as table_name,
        COUNT(*) as pre_merge_count
    FROM `finflow-analytics-production.finflow_data.src_customers`
    WHERE DATE(ingestion_timestamp) < DATE('2025-01-13')
),
post_counts AS (
    SELECT 
        'customers' as table_name,
        COUNT(*) as post_merge_count
    FROM `finflow-analytics-production.finflow_data.src_customers`
    WHERE DATE(ingestion_timestamp) <= DATE('2025-01-13')
),
new_records AS (
    SELECT 
        'customers' as table_name,
        COUNT(*) as new_record_count
    FROM `finflow-analytics-production.finflow_data.src_customers`
    WHERE DATE(ingestion_timestamp) = DATE('2025-01-13')
)
SELECT
    CASE 
        WHEN post_counts.post_merge_count < pre_counts.pre_merge_count 
        THEN ERROR('Data loss detected in customers table')
        WHEN post_counts.post_merge_count - pre_counts.pre_merge_count != new_records.new_record_count
        THEN ERROR('Unexpected record count after merge in customers table')
        ELSE 'Merge validation successful for customers table'
    END as validation_result
FROM pre_counts
JOIN post_counts ON pre_counts.table_name = post_counts.table_name
JOIN new_records ON pre_counts.table_name = new_records.table_name
[2025-01-13T22:08:44.617+0000] {crypto.py:82} WARNING - empty cryptography key - values will not be stored encrypted.
[2025-01-13T22:08:44.626+0000] {connection.py:232} WARNING - Connection schemes (type: google_cloud_platform) shall not contain '_' according to RFC3986.
[2025-01-13T22:08:44.628+0000] {base.py:73} INFO - Using connection ID 'google_cloud_default' for task execution.
[2025-01-13T22:08:44.642+0000] {warnings.py:109} WARNING - /home/***/.local/lib/python3.8/site-packages/***/providers/google/cloud/hooks/bigquery.py:2108: AirflowProviderDeprecationWarning: This method is deprecated. Please use `BigQueryHook.insert_job` method.
  warnings.warn(

[2025-01-13T22:08:45.226+0000] {bigquery.py:1595} INFO - Inserting job ***_1736806125225380_565c852bcc39e953caa7f9d1b1403111
[2025-01-13T22:08:46.610+0000] {taskinstance.py:1400} INFO - Marking task as SUCCESS. dag_id=finflow_source_data_pipeline, task_id=data_quality_checks.verify_merge_results_customer, execution_date=20250113T220628, start_date=20250113T220842, end_date=20250113T220846
[2025-01-13T22:08:46.858+0000] {local_task_job_runner.py:228} INFO - Task exited with return code 0
[2025-01-13T22:08:47.034+0000] {taskinstance.py:2778} INFO - 0 downstream tasks scheduled from follow-on schedule check
