[2025-01-16T16:57:43.599+0000] {taskinstance.py:1159} INFO - Dependencies all met for dep_context=non-requeueable deps ti=<TaskInstance: finflow_source_data_pipeline.load_to_gcs_bq.transform_product_timestamps manual__2025-01-16T16:56:03.769592+00:00 [queued]>
[2025-01-16T16:57:43.996+0000] {taskinstance.py:1159} INFO - Dependencies all met for dep_context=requeueable deps ti=<TaskInstance: finflow_source_data_pipeline.load_to_gcs_bq.transform_product_timestamps manual__2025-01-16T16:56:03.769592+00:00 [queued]>
[2025-01-16T16:57:43.997+0000] {taskinstance.py:1361} INFO - Starting attempt 1 of 1
[2025-01-16T16:57:44.344+0000] {taskinstance.py:1382} INFO - Executing <Task(BigQueryExecuteQueryOperator): load_to_gcs_bq.transform_product_timestamps> on 2025-01-16 16:56:03.769592+00:00
[2025-01-16T16:57:44.513+0000] {standard_task_runner.py:57} INFO - Started process 1845 to run task
[2025-01-16T16:57:44.565+0000] {standard_task_runner.py:84} INFO - Running: ['***', 'tasks', 'run', 'finflow_source_data_pipeline', 'load_to_gcs_bq.transform_product_timestamps', 'manual__2025-01-16T16:56:03.769592+00:00', '--job-id', '2054', '--raw', '--subdir', 'DAGS_FOLDER/finflow.py', '--cfg-path', '/tmp/tmphhpgyo3f']
[2025-01-16T16:57:44.679+0000] {standard_task_runner.py:85} INFO - Job 2054: Subtask load_to_gcs_bq.transform_product_timestamps
[2025-01-16T16:57:45.408+0000] {task_command.py:416} INFO - Running <TaskInstance: finflow_source_data_pipeline.load_to_gcs_bq.transform_product_timestamps manual__2025-01-16T16:56:03.769592+00:00 [running]> on host e65a9a79c958
[2025-01-16T16:57:46.441+0000] {taskinstance.py:1662} INFO - Exporting env vars: AIRFLOW_CTX_DAG_OWNER='***' AIRFLOW_CTX_DAG_ID='finflow_source_data_pipeline' AIRFLOW_CTX_TASK_ID='load_to_gcs_bq.transform_product_timestamps' AIRFLOW_CTX_EXECUTION_DATE='2025-01-16T16:56:03.769592+00:00' AIRFLOW_CTX_TRY_NUMBER='1' AIRFLOW_CTX_DAG_RUN_ID='manual__2025-01-16T16:56:03.769592+00:00'
[2025-01-16T16:57:46.492+0000] {bigquery.py:1241} INFO - Executing: 
                CREATE OR REPLACE TABLE `finflow-analytics-production.finflow_data.src_products_temp` AS
                SELECT 
                    CASE WHEN 'product_key' IN ('created_at', 'updated_at', 'ingestion_timestamp') THEN TIMESTAMP_SECONDS(CAST(product_key AS INT64)) ELSE product_key END AS product_key, CASE WHEN 'product_id' IN ('created_at', 'updated_at', 'ingestion_timestamp') THEN TIMESTAMP_SECONDS(CAST(product_id AS INT64)) ELSE product_id END AS product_id, CASE WHEN 'product_name' IN ('created_at', 'updated_at', 'ingestion_timestamp') THEN TIMESTAMP_SECONDS(CAST(product_name AS INT64)) ELSE product_name END AS product_name, CASE WHEN 'product_category' IN ('created_at', 'updated_at', 'ingestion_timestamp') THEN TIMESTAMP_SECONDS(CAST(product_category AS INT64)) ELSE product_category END AS product_category, CASE WHEN 'product_subcategory' IN ('created_at', 'updated_at', 'ingestion_timestamp') THEN TIMESTAMP_SECONDS(CAST(product_subcategory AS INT64)) ELSE product_subcategory END AS product_subcategory, CASE WHEN 'interest_rate' IN ('created_at', 'updated_at', 'ingestion_timestamp') THEN TIMESTAMP_SECONDS(CAST(interest_rate AS INT64)) ELSE interest_rate END AS interest_rate, CASE WHEN 'monthly_fee' IN ('created_at', 'updated_at', 'ingestion_timestamp') THEN TIMESTAMP_SECONDS(CAST(monthly_fee AS INT64)) ELSE monthly_fee END AS monthly_fee, CASE WHEN 'is_active' IN ('created_at', 'updated_at', 'ingestion_timestamp') THEN TIMESTAMP_SECONDS(CAST(is_active AS INT64)) ELSE is_active END AS is_active, CASE WHEN 'created_at' IN ('created_at', 'updated_at', 'ingestion_timestamp') THEN TIMESTAMP_SECONDS(CAST(created_at AS INT64)) ELSE created_at END AS created_at, CASE WHEN 'updated_at' IN ('created_at', 'updated_at', 'ingestion_timestamp') THEN TIMESTAMP_SECONDS(CAST(updated_at AS INT64)) ELSE updated_at END AS updated_at, CASE WHEN 'ingestion_timestamp' IN ('created_at', 'updated_at', 'ingestion_timestamp') THEN TIMESTAMP_SECONDS(CAST(ingestion_timestamp AS INT64)) ELSE ingestion_timestamp END AS ingestion_timestamp
                FROM `finflow-analytics-production.finflow_data.src_products_temp`
                
[2025-01-16T16:57:46.497+0000] {crypto.py:82} WARNING - empty cryptography key - values will not be stored encrypted.
[2025-01-16T16:57:46.522+0000] {connection.py:232} WARNING - Connection schemes (type: google_cloud_platform) shall not contain '_' according to RFC3986.
[2025-01-16T16:57:46.538+0000] {base.py:73} INFO - Using connection ID 'google_cloud_default' for task execution.
[2025-01-16T16:57:46.600+0000] {warnings.py:109} WARNING - /home/***/.local/lib/python3.8/site-packages/***/providers/google/cloud/hooks/bigquery.py:2108: AirflowProviderDeprecationWarning: This method is deprecated. Please use `BigQueryHook.insert_job` method.
  warnings.warn(

[2025-01-16T16:57:47.578+0000] {bigquery.py:1595} INFO - Inserting job ***_1737046667559468_259e1090df3cae453304e78516bf625a
[2025-01-16T16:57:48.682+0000] {taskinstance.py:1937} ERROR - Task failed with exception
Traceback (most recent call last):
  File "/home/airflow/.local/lib/python3.8/site-packages/airflow/providers/google/cloud/operators/bigquery.py", line 1249, in execute
    self.job_id = self.hook.run_query(
  File "/home/airflow/.local/lib/python3.8/site-packages/airflow/providers/google/cloud/hooks/bigquery.py", line 2241, in run_query
    job = self.insert_job(configuration=configuration, project_id=self.project_id, location=location)
  File "/home/airflow/.local/lib/python3.8/site-packages/airflow/providers/google/common/hooks/base_google.py", line 475, in inner_wrapper
    return func(self, *args, **kwargs)
  File "/home/airflow/.local/lib/python3.8/site-packages/airflow/providers/google/cloud/hooks/bigquery.py", line 1601, in insert_job
    job_api_repr.result(timeout=timeout, retry=retry)
  File "/home/airflow/.local/lib/python3.8/site-packages/google/cloud/bigquery/job/query.py", line 1580, in result
    do_get_result()
  File "/home/airflow/.local/lib/python3.8/site-packages/google/cloud/bigquery/job/query.py", line 1570, in do_get_result
    super(QueryJob, self).result(retry=retry, timeout=timeout)
  File "/home/airflow/.local/lib/python3.8/site-packages/google/cloud/bigquery/job/base.py", line 922, in result
    return super(_AsyncJob, self).result(timeout=timeout, **kwargs)
  File "/home/airflow/.local/lib/python3.8/site-packages/google/api_core/future/polling.py", line 261, in result
    raise self._exception
google.api_core.exceptions.BadRequest: 400 No matching signature for operator CASE; all THEN/ELSE arguments must be coercible to a common type but found: INT64, TIMESTAMP; actual argument types (WHEN THEN) ELSE: (BOOL TIMESTAMP) INT64 at [4:21]

Location: us-central1
Job ID: airflow_1737046667559468_259e1090df3cae453304e78516bf625a

[2025-01-16T16:57:48.768+0000] {taskinstance.py:1400} INFO - Marking task as FAILED. dag_id=finflow_source_data_pipeline, task_id=load_to_gcs_bq.transform_product_timestamps, execution_date=20250116T165603, start_date=20250116T165743, end_date=20250116T165748
[2025-01-16T16:57:48.898+0000] {standard_task_runner.py:104} ERROR - Failed to execute job 2054 for task load_to_gcs_bq.transform_product_timestamps (400 No matching signature for operator CASE; all THEN/ELSE arguments must be coercible to a common type but found: INT64, TIMESTAMP; actual argument types (WHEN THEN) ELSE: (BOOL TIMESTAMP) INT64 at [4:21]

Location: us-central1
Job ID: airflow_1737046667559468_259e1090df3cae453304e78516bf625a
; 1845)
[2025-01-16T16:57:49.068+0000] {local_task_job_runner.py:228} INFO - Task exited with return code 1
[2025-01-16T16:57:49.468+0000] {taskinstance.py:2778} INFO - 0 downstream tasks scheduled from follow-on schedule check
