[2025-01-16T02:53:54.091+0000] {taskinstance.py:1159} INFO - Dependencies all met for dep_context=non-requeueable deps ti=<TaskInstance: finflow_source_data_pipeline.load_to_gcs_bq.merge_customer_to_main manual__2025-01-16T02:52:15.992711+00:00 [queued]>
[2025-01-16T02:53:54.290+0000] {taskinstance.py:1159} INFO - Dependencies all met for dep_context=requeueable deps ti=<TaskInstance: finflow_source_data_pipeline.load_to_gcs_bq.merge_customer_to_main manual__2025-01-16T02:52:15.992711+00:00 [queued]>
[2025-01-16T02:53:54.299+0000] {taskinstance.py:1361} INFO - Starting attempt 1 of 1
[2025-01-16T02:53:54.382+0000] {taskinstance.py:1382} INFO - Executing <Task(BigQueryExecuteQueryOperator): load_to_gcs_bq.merge_customer_to_main> on 2025-01-16 02:52:15.992711+00:00
[2025-01-16T02:53:54.415+0000] {standard_task_runner.py:57} INFO - Started process 3850 to run task
[2025-01-16T02:53:54.456+0000] {standard_task_runner.py:84} INFO - Running: ['***', 'tasks', 'run', 'finflow_source_data_pipeline', 'load_to_gcs_bq.merge_customer_to_main', 'manual__2025-01-16T02:52:15.992711+00:00', '--job-id', '1782', '--raw', '--subdir', 'DAGS_FOLDER/finflow.py', '--cfg-path', '/tmp/tmphipcbo51']
[2025-01-16T02:53:54.483+0000] {standard_task_runner.py:85} INFO - Job 1782: Subtask load_to_gcs_bq.merge_customer_to_main
[2025-01-16T02:53:54.924+0000] {task_command.py:416} INFO - Running <TaskInstance: finflow_source_data_pipeline.load_to_gcs_bq.merge_customer_to_main manual__2025-01-16T02:52:15.992711+00:00 [running]> on host a445abefd56a
[2025-01-16T02:53:55.585+0000] {taskinstance.py:1662} INFO - Exporting env vars: AIRFLOW_CTX_DAG_OWNER='***' AIRFLOW_CTX_DAG_ID='finflow_source_data_pipeline' AIRFLOW_CTX_TASK_ID='load_to_gcs_bq.merge_customer_to_main' AIRFLOW_CTX_EXECUTION_DATE='2025-01-16T02:52:15.992711+00:00' AIRFLOW_CTX_TRY_NUMBER='1' AIRFLOW_CTX_DAG_RUN_ID='manual__2025-01-16T02:52:15.992711+00:00'
[2025-01-16T02:53:55.592+0000] {bigquery.py:1241} INFO - Executing: 
-- Create the target table if it doesn't exist
CREATE TABLE IF NOT EXISTS `finflow-analytics-production.finflow_data.src_customers` (
    customer_key INTEGER NOT NULL,
    customer_id INTEGER NOT NULL,
    first_name STRING NOT NULL,
    last_name STRING NOT NULL,
    email STRING NOT NULL,
    phone_number STRING NOT NULL,
    address STRING NOT NULL,
    city STRING NOT NULL,
    state STRING NOT NULL,
    country STRING NOT NULL,
    postal_code STRING NOT NULL,
    customer_segment STRING NOT NULL,
    customer_since_date DATE NOT NULL,
    total_accounts INTEGER NOT NULL,
    active_accounts INTEGER NOT NULL,
    total_transaction_volume FLOAT64 NOT NULL,
    last_transaction_date TIMESTAMP NOT NULL,
    is_active BOOLEAN NOT NULL,
    created_at TIMESTAMP NOT NULL,
    updated_at TIMESTAMP NOT NULL,
    ingestion_timestamp TIMESTAMP NOT NULL
);

-- Perform the merge operation
MERGE `finflow-analytics-production.finflow_data.src_customers` T
USING (
    SELECT 
        *,
        TIMESTAMP(created_at) as created_at,
        TIMESTAMP(updated_at) as updated_at,
        TIMESTAMP(ingestion_timestamp) as ingestion_timestamp
    FROM `finflow-analytics-production.finflow_data.src_customers_temp`
) S
ON T.customer_key = S.customer_key
WHEN MATCHED THEN
    UPDATE SET
        T.customer_id = S.customer_id,
        T.first_name = S.first_name,
        T.last_name = S.last_name,
        T.email = S.email,
        T.phone_number = S.phone_number,
        T.address = S.address,
        T.city = S.city,
        T.state = S.state,
        T.country = S.country,
        T.postal_code = S.postal_code,
        T.customer_segment = S.customer_segment,
        T.customer_since_date = S.customer_since_date,
        T.total_accounts = S.total_accounts,
        T.active_accounts = S.active_accounts,
        T.total_transaction_volume = S.total_transaction_volume,
        T.last_transaction_date = S.last_transaction_date,
        T.is_active = S.is_active,
        T.created_at = S.created_at,
        T.updated_at = S.updated_at,
        T.ingestion_timestamp = S.ingestion_timestamp
WHEN NOT MATCHED THEN
    INSERT (customer_key, customer_id, first_name, last_name, email, phone_number, address, city, state, country, postal_code, customer_segment, customer_since_date, total_accounts, active_accounts, total_transaction_volume, last_transaction_date, is_active, created_at, updated_at, ingestion_timestamp)
    VALUES (S.customer_key, S.customer_id, S.first_name, S.last_name, S.email, S.phone_number, S.address, S.city, S.state, S.country, S.postal_code, S.customer_segment, S.customer_since_date, S.total_accounts, S.active_accounts, S.total_transaction_volume, S.last_transaction_date, S.is_active, S.created_at, S.updated_at, S.ingestion_timestamp)
[2025-01-16T02:53:55.605+0000] {crypto.py:82} WARNING - empty cryptography key - values will not be stored encrypted.
[2025-01-16T02:53:55.613+0000] {connection.py:232} WARNING - Connection schemes (type: google_cloud_platform) shall not contain '_' according to RFC3986.
[2025-01-16T02:53:55.620+0000] {base.py:73} INFO - Using connection ID 'google_cloud_default' for task execution.
[2025-01-16T02:53:55.629+0000] {warnings.py:109} WARNING - /home/***/.local/lib/python3.8/site-packages/***/providers/google/cloud/hooks/bigquery.py:2108: AirflowProviderDeprecationWarning: This method is deprecated. Please use `BigQueryHook.insert_job` method.
  warnings.warn(

[2025-01-16T02:53:56.229+0000] {bigquery.py:1595} INFO - Inserting job ***_1736996036227733_4c84a0971fc3181a0798d7803250e101
[2025-01-16T02:53:57.985+0000] {taskinstance.py:1937} ERROR - Task failed with exception
Traceback (most recent call last):
  File "/home/airflow/.local/lib/python3.8/site-packages/airflow/providers/google/cloud/operators/bigquery.py", line 1249, in execute
    self.job_id = self.hook.run_query(
  File "/home/airflow/.local/lib/python3.8/site-packages/airflow/providers/google/cloud/hooks/bigquery.py", line 2241, in run_query
    job = self.insert_job(configuration=configuration, project_id=self.project_id, location=location)
  File "/home/airflow/.local/lib/python3.8/site-packages/airflow/providers/google/common/hooks/base_google.py", line 475, in inner_wrapper
    return func(self, *args, **kwargs)
  File "/home/airflow/.local/lib/python3.8/site-packages/airflow/providers/google/cloud/hooks/bigquery.py", line 1601, in insert_job
    job_api_repr.result(timeout=timeout, retry=retry)
  File "/home/airflow/.local/lib/python3.8/site-packages/google/cloud/bigquery/job/query.py", line 1580, in result
    do_get_result()
  File "/home/airflow/.local/lib/python3.8/site-packages/google/cloud/bigquery/job/query.py", line 1570, in do_get_result
    super(QueryJob, self).result(retry=retry, timeout=timeout)
  File "/home/airflow/.local/lib/python3.8/site-packages/google/cloud/bigquery/job/base.py", line 922, in result
    return super(_AsyncJob, self).result(timeout=timeout, **kwargs)
  File "/home/airflow/.local/lib/python3.8/site-packages/google/api_core/future/polling.py", line 261, in result
    raise self._exception
google.api_core.exceptions.BadRequest: 400 Query error: No matching signature for function TIMESTAMP
  Argument types: INT64
  Signature: TIMESTAMP(STRING, [STRING])
    Argument 1: Unable to coerce type INT64 to expected type STRING
  Signature: TIMESTAMP(DATE, [STRING])
    Argument 1: Unable to coerce type INT64 to expected type DATE
  Signature: TIMESTAMP(DATETIME, [STRING])
    Argument 1: Unable to coerce type INT64 to expected type DATETIME
  Signature: TIMESTAMP(TIMESTAMP)
    Argument 1: Unable to coerce type INT64 to expected type TIMESTAMP at [5:9] at [28:1]

Location: us-central1
Job ID: airflow_1736996036227733_4c84a0971fc3181a0798d7803250e101

[2025-01-16T02:53:58.039+0000] {taskinstance.py:1400} INFO - Marking task as FAILED. dag_id=finflow_source_data_pipeline, task_id=load_to_gcs_bq.merge_customer_to_main, execution_date=20250116T025215, start_date=20250116T025354, end_date=20250116T025358
[2025-01-16T02:53:58.175+0000] {standard_task_runner.py:104} ERROR - Failed to execute job 1782 for task load_to_gcs_bq.merge_customer_to_main (400 Query error: No matching signature for function TIMESTAMP
  Argument types: INT64
  Signature: TIMESTAMP(STRING, [STRING])
    Argument 1: Unable to coerce type INT64 to expected type STRING
  Signature: TIMESTAMP(DATE, [STRING])
    Argument 1: Unable to coerce type INT64 to expected type DATE
  Signature: TIMESTAMP(DATETIME, [STRING])
    Argument 1: Unable to coerce type INT64 to expected type DATETIME
  Signature: TIMESTAMP(TIMESTAMP)
    Argument 1: Unable to coerce type INT64 to expected type TIMESTAMP at [5:9] at [28:1]

Location: us-central1
Job ID: airflow_1736996036227733_4c84a0971fc3181a0798d7803250e101
; 3850)
[2025-01-16T02:53:58.311+0000] {local_task_job_runner.py:228} INFO - Task exited with return code 1
[2025-01-16T02:53:58.497+0000] {taskinstance.py:2778} INFO - 0 downstream tasks scheduled from follow-on schedule check
