[2025-01-13T20:44:48.202+0000] {taskinstance.py:1159} INFO - Dependencies all met for dep_context=non-requeueable deps ti=<TaskInstance: finflow_source_data_pipeline.load_to_gcs_bq.merge_date_to_main manual__2025-01-13T20:43:22.148770+00:00 [queued]>
[2025-01-13T20:44:48.274+0000] {taskinstance.py:1159} INFO - Dependencies all met for dep_context=requeueable deps ti=<TaskInstance: finflow_source_data_pipeline.load_to_gcs_bq.merge_date_to_main manual__2025-01-13T20:43:22.148770+00:00 [queued]>
[2025-01-13T20:44:48.276+0000] {taskinstance.py:1361} INFO - Starting attempt 1 of 1
[2025-01-13T20:44:48.396+0000] {taskinstance.py:1382} INFO - Executing <Task(BigQueryExecuteQueryOperator): load_to_gcs_bq.merge_date_to_main> on 2025-01-13 20:43:22.148770+00:00
[2025-01-13T20:44:48.431+0000] {standard_task_runner.py:57} INFO - Started process 17784 to run task
[2025-01-13T20:44:48.470+0000] {standard_task_runner.py:84} INFO - Running: ['***', 'tasks', 'run', 'finflow_source_data_pipeline', 'load_to_gcs_bq.merge_date_to_main', 'manual__2025-01-13T20:43:22.148770+00:00', '--job-id', '995', '--raw', '--subdir', 'DAGS_FOLDER/finflow.py', '--cfg-path', '/tmp/tmp23gqn99t']
[2025-01-13T20:44:48.502+0000] {standard_task_runner.py:85} INFO - Job 995: Subtask load_to_gcs_bq.merge_date_to_main
[2025-01-13T20:44:48.759+0000] {task_command.py:416} INFO - Running <TaskInstance: finflow_source_data_pipeline.load_to_gcs_bq.merge_date_to_main manual__2025-01-13T20:43:22.148770+00:00 [running]> on host ab4e86dc450e
[2025-01-13T20:44:49.247+0000] {taskinstance.py:1662} INFO - Exporting env vars: AIRFLOW_CTX_DAG_OWNER='***' AIRFLOW_CTX_DAG_ID='finflow_source_data_pipeline' AIRFLOW_CTX_TASK_ID='load_to_gcs_bq.merge_date_to_main' AIRFLOW_CTX_EXECUTION_DATE='2025-01-13T20:43:22.148770+00:00' AIRFLOW_CTX_TRY_NUMBER='1' AIRFLOW_CTX_DAG_RUN_ID='manual__2025-01-13T20:43:22.148770+00:00'
[2025-01-13T20:44:49.249+0000] {bigquery.py:1241} INFO - Executing: 
-- Create the target table if it doesn't exist
CREATE TABLE IF NOT EXISTS `finflow-analytics-production.finflow_data.src_dates` (
    date_key INTEGER NOT NULL,
    full_date DATE NOT NULL,
    year INTEGER NOT NULL,
    quarter INTEGER NOT NULL,
    month INTEGER NOT NULL,
    day INTEGER NOT NULL,
    day_of_week STRING NOT NULL,
    is_weekend BOOLEAN NOT NULL,
    is_holiday BOOLEAN NOT NULL,
    fiscal_year STRING NOT NULL,
    created_at TIMESTAMP NOT NULL,
    updated_at TIMESTAMP NOT NULL,
    ingestion_timestamp TIMESTAMP NOT NULL
);

-- Perform the merge operation
MERGE `finflow-analytics-production.finflow_data.src_dates` T
USING `finflow-analytics-production.finflow_data.src_dates_temp` S
ON T.date_key = S.date_key
WHEN NOT MATCHED THEN
  INSERT (date_key, full_date, year, quarter, month, day, day_of_week, is_weekend, is_holiday, fiscal_year, created_at, updated_at, ingestion_timestamp)
  VALUES (S.date_key, S.full_date, S.year, S.quarter, S.month, S.day, S.day_of_week, S.is_weekend, S.is_holiday, S.fiscal_year, S.created_at, S.updated_at, S.ingestion_timestamp)
[2025-01-13T20:44:49.252+0000] {crypto.py:82} WARNING - empty cryptography key - values will not be stored encrypted.
[2025-01-13T20:44:49.253+0000] {connection.py:232} WARNING - Connection schemes (type: google_cloud_platform) shall not contain '_' according to RFC3986.
[2025-01-13T20:44:49.257+0000] {base.py:73} INFO - Using connection ID 'google_cloud_default' for task execution.
[2025-01-13T20:44:49.259+0000] {warnings.py:109} WARNING - /home/***/.local/lib/python3.8/site-packages/***/providers/google/cloud/hooks/bigquery.py:2108: AirflowProviderDeprecationWarning: This method is deprecated. Please use `BigQueryHook.insert_job` method.
  warnings.warn(

[2025-01-13T20:44:49.476+0000] {bigquery.py:1595} INFO - Inserting job ***_1736801089475607_11cde2246195b703256a70a7b84a2b54
[2025-01-13T20:44:52.454+0000] {taskinstance.py:1400} INFO - Marking task as SUCCESS. dag_id=finflow_source_data_pipeline, task_id=load_to_gcs_bq.merge_date_to_main, execution_date=20250113T204322, start_date=20250113T204448, end_date=20250113T204452
[2025-01-13T20:44:52.533+0000] {local_task_job_runner.py:228} INFO - Task exited with return code 0
[2025-01-13T20:44:52.641+0000] {taskinstance.py:2778} INFO - 1 downstream tasks scheduled from follow-on schedule check
