[2025-01-13T19:00:06.384+0000] {taskinstance.py:1159} INFO - Dependencies all met for dep_context=non-requeueable deps ti=<TaskInstance: finflow_source_data_pipeline.load_to_gcs_bq.load_product_to_temp manual__2025-01-13T18:57:21.165464+00:00 [queued]>
[2025-01-13T19:00:06.561+0000] {taskinstance.py:1159} INFO - Dependencies all met for dep_context=requeueable deps ti=<TaskInstance: finflow_source_data_pipeline.load_to_gcs_bq.load_product_to_temp manual__2025-01-13T18:57:21.165464+00:00 [queued]>
[2025-01-13T19:00:06.570+0000] {taskinstance.py:1361} INFO - Starting attempt 4 of 4
[2025-01-13T19:00:06.772+0000] {taskinstance.py:1382} INFO - Executing <Task(GCSToBigQueryOperator): load_to_gcs_bq.load_product_to_temp> on 2025-01-13 18:57:21.165464+00:00
[2025-01-13T19:00:06.815+0000] {standard_task_runner.py:57} INFO - Started process 13200 to run task
[2025-01-13T19:00:06.897+0000] {standard_task_runner.py:84} INFO - Running: ['***', 'tasks', 'run', 'finflow_source_data_pipeline', 'load_to_gcs_bq.load_product_to_temp', 'manual__2025-01-13T18:57:21.165464+00:00', '--job-id', '640', '--raw', '--subdir', 'DAGS_FOLDER/finflow.py', '--cfg-path', '/tmp/tmp_e2tesms']
[2025-01-13T19:00:06.938+0000] {standard_task_runner.py:85} INFO - Job 640: Subtask load_to_gcs_bq.load_product_to_temp
[2025-01-13T19:00:07.229+0000] {task_command.py:416} INFO - Running <TaskInstance: finflow_source_data_pipeline.load_to_gcs_bq.load_product_to_temp manual__2025-01-13T18:57:21.165464+00:00 [running]> on host ab4e86dc450e
[2025-01-13T19:00:07.770+0000] {taskinstance.py:1662} INFO - Exporting env vars: AIRFLOW_CTX_DAG_OWNER='***' AIRFLOW_CTX_DAG_ID='finflow_source_data_pipeline' AIRFLOW_CTX_TASK_ID='load_to_gcs_bq.load_product_to_temp' AIRFLOW_CTX_EXECUTION_DATE='2025-01-13T18:57:21.165464+00:00' AIRFLOW_CTX_TRY_NUMBER='4' AIRFLOW_CTX_DAG_RUN_ID='manual__2025-01-13T18:57:21.165464+00:00'
[2025-01-13T19:00:07.784+0000] {crypto.py:82} WARNING - empty cryptography key - values will not be stored encrypted.
[2025-01-13T19:00:07.794+0000] {connection.py:232} WARNING - Connection schemes (type: google_cloud_platform) shall not contain '_' according to RFC3986.
[2025-01-13T19:00:07.803+0000] {base.py:73} INFO - Using connection ID 'google_cloud_default' for task execution.
[2025-01-13T19:00:07.810+0000] {gcs_to_bigquery.py:376} INFO - Using existing BigQuery table for storing data...
[2025-01-13T19:00:08.294+0000] {gcs_to_bigquery.py:380} INFO - Executing: {'load': {'autodetect': True, 'createDisposition': 'CREATE_IF_NEEDED', 'destinationTable': {'projectId': 'finflow-analytics-production', 'datasetId': 'finflow_raw', 'tableId': 'src_products_temp'}, 'sourceFormat': 'PARQUET', 'sourceUris': ['gs://finflow-analytics-data/raw/products/2025-01-13/products.parquet'], 'writeDisposition': 'WRITE_TRUNCATE', 'ignoreUnknownValues': False}}
[2025-01-13T19:00:08.296+0000] {bigquery.py:1595} INFO - Inserting job ***_finflow_source_data_pipeline_load_to_gcs_bq_load_product_to_temp_2025_01_13T18_57_21_165464_00_00_983c1baedbed1062cfc50b742d061cb6
[2025-01-13T19:00:08.592+0000] {taskinstance.py:1937} ERROR - Task failed with exception
Traceback (most recent call last):
  File "/home/airflow/.local/lib/python3.8/site-packages/airflow/providers/google/cloud/transfers/gcs_to_bigquery.py", line 381, in execute
    job: BigQueryJob | UnknownJob = self._submit_job(self.hook, job_id)
  File "/home/airflow/.local/lib/python3.8/site-packages/airflow/providers/google/cloud/transfers/gcs_to_bigquery.py", line 303, in _submit_job
    return hook.insert_job(
  File "/home/airflow/.local/lib/python3.8/site-packages/airflow/providers/google/common/hooks/base_google.py", line 475, in inner_wrapper
    return func(self, *args, **kwargs)
  File "/home/airflow/.local/lib/python3.8/site-packages/airflow/providers/google/cloud/hooks/bigquery.py", line 1598, in insert_job
    job_api_repr._begin()
  File "/home/airflow/.local/lib/python3.8/site-packages/google/cloud/bigquery/job/base.py", line 693, in _begin
    api_response = client._call_api(
  File "/home/airflow/.local/lib/python3.8/site-packages/google/cloud/bigquery/client.py", line 808, in _call_api
    return call()
  File "/home/airflow/.local/lib/python3.8/site-packages/google/api_core/retry.py", line 366, in retry_wrapped_func
    return retry_target(
  File "/home/airflow/.local/lib/python3.8/site-packages/google/api_core/retry.py", line 204, in retry_target
    return target()
  File "/home/airflow/.local/lib/python3.8/site-packages/google/cloud/_http/__init__.py", line 494, in api_request
    raise exceptions.from_http_response(response)
google.api_core.exceptions.NotFound: 404 POST https://bigquery.googleapis.com/bigquery/v2/projects/finflow-analytics-production/jobs?prettyPrint=false: Not found: Dataset finflow-analytics-production:finflow_raw
[2025-01-13T19:00:08.658+0000] {taskinstance.py:1400} INFO - Marking task as FAILED. dag_id=finflow_source_data_pipeline, task_id=load_to_gcs_bq.load_product_to_temp, execution_date=20250113T185721, start_date=20250113T190006, end_date=20250113T190008
[2025-01-13T19:00:08.698+0000] {standard_task_runner.py:104} ERROR - Failed to execute job 640 for task load_to_gcs_bq.load_product_to_temp (404 POST https://bigquery.googleapis.com/bigquery/v2/projects/finflow-analytics-production/jobs?prettyPrint=false: Not found: Dataset finflow-analytics-production:finflow_raw; 13200)
[2025-01-13T19:00:08.844+0000] {local_task_job_runner.py:228} INFO - Task exited with return code 1
[2025-01-13T19:00:08.910+0000] {taskinstance.py:2778} INFO - 0 downstream tasks scheduled from follow-on schedule check
