[2025-01-17T15:12:40.749+0000] {taskinstance.py:1159} INFO - Dependencies all met for dep_context=non-requeueable deps ti=<TaskInstance: finflow_source_data_pipeline.dbt_transformations.dbt_deps manual__2025-01-17T15:09:47.063748+00:00 [queued]>
[2025-01-17T15:12:40.774+0000] {taskinstance.py:1159} INFO - Dependencies all met for dep_context=requeueable deps ti=<TaskInstance: finflow_source_data_pipeline.dbt_transformations.dbt_deps manual__2025-01-17T15:09:47.063748+00:00 [queued]>
[2025-01-17T15:12:40.775+0000] {taskinstance.py:1361} INFO - Starting attempt 1 of 3
[2025-01-17T15:12:40.809+0000] {taskinstance.py:1382} INFO - Executing <Task(DbtBaseOperator): dbt_transformations.dbt_deps> on 2025-01-17 15:09:47.063748+00:00
[2025-01-17T15:12:40.836+0000] {standard_task_runner.py:57} INFO - Started process 1714 to run task
[2025-01-17T15:12:40.835+0000] {standard_task_runner.py:84} INFO - Running: ['***', 'tasks', 'run', 'finflow_source_data_pipeline', 'dbt_transformations.dbt_deps', 'manual__2025-01-17T15:09:47.063748+00:00', '--job-id', '3362', '--raw', '--subdir', 'DAGS_FOLDER/finflow.py', '--cfg-path', '/tmp/tmpftseyegl']
[2025-01-17T15:12:40.853+0000] {standard_task_runner.py:85} INFO - Job 3362: Subtask dbt_transformations.dbt_deps
[2025-01-17T15:12:40.966+0000] {task_command.py:416} INFO - Running <TaskInstance: finflow_source_data_pipeline.dbt_transformations.dbt_deps manual__2025-01-17T15:09:47.063748+00:00 [running]> on host 9b2833750dff
[2025-01-17T15:12:41.236+0000] {taskinstance.py:1662} INFO - Exporting env vars: AIRFLOW_CTX_DAG_OWNER='***' AIRFLOW_CTX_DAG_ID='finflow_source_data_pipeline' AIRFLOW_CTX_TASK_ID='dbt_transformations.dbt_deps' AIRFLOW_CTX_EXECUTION_DATE='2025-01-17T15:09:47.063748+00:00' AIRFLOW_CTX_TRY_NUMBER='1' AIRFLOW_CTX_DAG_RUN_ID='manual__2025-01-17T15:09:47.063748+00:00'
[2025-01-17T15:12:48.805+0000] {finflow.py:618} INFO - [0m15:12:46  Running with dbt=1.8.7
[0m15:12:46  [[33mWARNING[0m]: Deprecated functionality
The `tests` config has been renamed to `data_tests`. Please see
https://docs.getdbt.com/docs/build/data-tests#new-data_tests-syntax for more
information.
[0m15:12:47  Installing dbt-labs/dbt_utils
[0m15:12:47  Installed from version 1.3.0
[0m15:12:47  Up to date!
[0m15:12:47  Installing calogica/dbt_expectations
[0m15:12:48  Installed from version 0.10.4
[0m15:12:48  Up to date!
[0m15:12:48  Installing calogica/dbt_date
[0m15:12:48  Installed from version 0.10.1
[0m15:12:48  Up to date!

[2025-01-17T15:12:48.858+0000] {taskinstance.py:1400} INFO - Marking task as SUCCESS. dag_id=finflow_source_data_pipeline, task_id=dbt_transformations.dbt_deps, execution_date=20250117T150947, start_date=20250117T151240, end_date=20250117T151248
[2025-01-17T15:12:48.929+0000] {local_task_job_runner.py:228} INFO - Task exited with return code 0
[2025-01-17T15:12:48.979+0000] {taskinstance.py:2778} INFO - 1 downstream tasks scheduled from follow-on schedule check
