[2025-01-16T01:44:42.258+0000] {taskinstance.py:1159} INFO - Dependencies all met for dep_context=non-requeueable deps ti=<TaskInstance: finflow_source_data_pipeline.load_to_gcs_bq.merge_date_to_main manual__2025-01-16T01:43:18.307650+00:00 [queued]>
[2025-01-16T01:44:42.384+0000] {taskinstance.py:1159} INFO - Dependencies all met for dep_context=requeueable deps ti=<TaskInstance: finflow_source_data_pipeline.load_to_gcs_bq.merge_date_to_main manual__2025-01-16T01:43:18.307650+00:00 [queued]>
[2025-01-16T01:44:42.385+0000] {taskinstance.py:1361} INFO - Starting attempt 1 of 1
[2025-01-16T01:44:42.498+0000] {taskinstance.py:1382} INFO - Executing <Task(BigQueryExecuteQueryOperator): load_to_gcs_bq.merge_date_to_main> on 2025-01-16 01:43:18.307650+00:00
[2025-01-16T01:44:42.524+0000] {standard_task_runner.py:57} INFO - Started process 478 to run task
[2025-01-16T01:44:42.551+0000] {standard_task_runner.py:84} INFO - Running: ['***', 'tasks', 'run', 'finflow_source_data_pipeline', 'load_to_gcs_bq.merge_date_to_main', 'manual__2025-01-16T01:43:18.307650+00:00', '--job-id', '1416', '--raw', '--subdir', 'DAGS_FOLDER/finflow.py', '--cfg-path', '/tmp/tmpyi7cmyq9']
[2025-01-16T01:44:42.568+0000] {standard_task_runner.py:85} INFO - Job 1416: Subtask load_to_gcs_bq.merge_date_to_main
[2025-01-16T01:44:42.830+0000] {task_command.py:416} INFO - Running <TaskInstance: finflow_source_data_pipeline.load_to_gcs_bq.merge_date_to_main manual__2025-01-16T01:43:18.307650+00:00 [running]> on host a445abefd56a
[2025-01-16T01:44:43.328+0000] {taskinstance.py:1662} INFO - Exporting env vars: AIRFLOW_CTX_DAG_OWNER='***' AIRFLOW_CTX_DAG_ID='finflow_source_data_pipeline' AIRFLOW_CTX_TASK_ID='load_to_gcs_bq.merge_date_to_main' AIRFLOW_CTX_EXECUTION_DATE='2025-01-16T01:43:18.307650+00:00' AIRFLOW_CTX_TRY_NUMBER='1' AIRFLOW_CTX_DAG_RUN_ID='manual__2025-01-16T01:43:18.307650+00:00'
[2025-01-16T01:44:43.355+0000] {bigquery.py:1241} INFO - Executing: 
-- Create the target table if it doesn't exist
CREATE TABLE IF NOT EXISTS `finflow-analytics-production.finflow_data.src_dates` (
    date_key INTEGER NOT NULL,
    full_date DATE NOT NULL,
    year INTEGER NOT NULL,
    quarter INTEGER NOT NULL,
    month INTEGER NOT NULL,
    day INTEGER NOT NULL,
    day_of_week STRING NOT NULL,
    is_weekend BOOLEAN NOT NULL,
    is_holiday BOOLEAN NOT NULL,
    fiscal_year STRING NOT NULL,
    created_at TIMESTAMP NOT NULL,
    updated_at TIMESTAMP NOT NULL,
    ingestion_timestamp TIMESTAMP NOT NULL
);

-- Perform the merge operation
MERGE `finflow-analytics-production.finflow_data.src_dates` T
USING (
    SELECT 
        date_key, year, quarter, month, day, day_of_week, is_weekend, is_holiday, fiscal_year, created_at, updated_at, ingestion_timestamp
        ,
        TIMESTAMP_MICROS(CAST(created_at AS INT64)) as created_at,
        TIMESTAMP_MICROS(CAST(updated_at AS INT64)) as updated_at,
        TIMESTAMP_MICROS(CAST(ingestion_timestamp AS INT64)) as ingestion_timestamp
        PARSE_DATE('%Y-%m-%d', CAST(full_date AS STRING)) AS full_date
    FROM `finflow-analytics-production.finflow_data.src_dates_temp`
) S
ON T.date_key = S.date_key
WHEN MATCHED THEN
    UPDATE SET
        T.full_date = S.full_date,
        T.year = S.year,
        T.quarter = S.quarter,
        T.month = S.month,
        T.day = S.day,
        T.day_of_week = S.day_of_week,
        T.is_weekend = S.is_weekend,
        T.is_holiday = S.is_holiday,
        T.fiscal_year = S.fiscal_year,
        T.created_at = S.created_at,
        T.updated_at = S.updated_at,
        T.ingestion_timestamp = S.ingestion_timestamp
WHEN NOT MATCHED THEN
    INSERT (date_key, full_date, year, quarter, month, day, day_of_week, is_weekend, is_holiday, fiscal_year, created_at, updated_at, ingestion_timestamp)
    VALUES (S.date_key, S.full_date, S.year, S.quarter, S.month, S.day, S.day_of_week, S.is_weekend, S.is_holiday, S.fiscal_year, S.created_at, S.updated_at, S.ingestion_timestamp)
[2025-01-16T01:44:43.358+0000] {crypto.py:82} WARNING - empty cryptography key - values will not be stored encrypted.
[2025-01-16T01:44:43.360+0000] {connection.py:232} WARNING - Connection schemes (type: google_cloud_platform) shall not contain '_' according to RFC3986.
[2025-01-16T01:44:43.362+0000] {base.py:73} INFO - Using connection ID 'google_cloud_default' for task execution.
[2025-01-16T01:44:43.364+0000] {warnings.py:109} WARNING - /home/***/.local/lib/python3.8/site-packages/***/providers/google/cloud/hooks/bigquery.py:2108: AirflowProviderDeprecationWarning: This method is deprecated. Please use `BigQueryHook.insert_job` method.
  warnings.warn(

[2025-01-16T01:44:43.544+0000] {bigquery.py:1595} INFO - Inserting job ***_1736991883543234_92188d7c9ecd28b528e06e4ab2ad26f4
[2025-01-16T01:44:43.804+0000] {taskinstance.py:1937} ERROR - Task failed with exception
Traceback (most recent call last):
  File "/home/airflow/.local/lib/python3.8/site-packages/airflow/providers/google/cloud/operators/bigquery.py", line 1249, in execute
    self.job_id = self.hook.run_query(
  File "/home/airflow/.local/lib/python3.8/site-packages/airflow/providers/google/cloud/hooks/bigquery.py", line 2241, in run_query
    job = self.insert_job(configuration=configuration, project_id=self.project_id, location=location)
  File "/home/airflow/.local/lib/python3.8/site-packages/airflow/providers/google/common/hooks/base_google.py", line 475, in inner_wrapper
    return func(self, *args, **kwargs)
  File "/home/airflow/.local/lib/python3.8/site-packages/airflow/providers/google/cloud/hooks/bigquery.py", line 1601, in insert_job
    job_api_repr.result(timeout=timeout, retry=retry)
  File "/home/airflow/.local/lib/python3.8/site-packages/google/cloud/bigquery/job/query.py", line 1580, in result
    do_get_result()
  File "/home/airflow/.local/lib/python3.8/site-packages/google/cloud/bigquery/job/query.py", line 1570, in do_get_result
    super(QueryJob, self).result(retry=retry, timeout=timeout)
  File "/home/airflow/.local/lib/python3.8/site-packages/google/cloud/bigquery/job/base.py", line 922, in result
    return super(_AsyncJob, self).result(timeout=timeout, **kwargs)
  File "/home/airflow/.local/lib/python3.8/site-packages/google/api_core/future/polling.py", line 261, in result
    raise self._exception
google.api_core.exceptions.BadRequest: 400 Syntax error: Expected ")" but got identifier "PARSE_DATE" at [28:9]

Location: us-central1
Job ID: airflow_1736991883543234_92188d7c9ecd28b528e06e4ab2ad26f4

[2025-01-16T01:44:43.848+0000] {taskinstance.py:1400} INFO - Marking task as FAILED. dag_id=finflow_source_data_pipeline, task_id=load_to_gcs_bq.merge_date_to_main, execution_date=20250116T014318, start_date=20250116T014442, end_date=20250116T014443
[2025-01-16T01:44:43.914+0000] {standard_task_runner.py:104} ERROR - Failed to execute job 1416 for task load_to_gcs_bq.merge_date_to_main (400 Syntax error: Expected ")" but got identifier "PARSE_DATE" at [28:9]

Location: us-central1
Job ID: airflow_1736991883543234_92188d7c9ecd28b528e06e4ab2ad26f4
; 478)
[2025-01-16T01:44:44.015+0000] {local_task_job_runner.py:228} INFO - Task exited with return code 1
[2025-01-16T01:44:44.175+0000] {taskinstance.py:2778} INFO - 0 downstream tasks scheduled from follow-on schedule check
