[2025-01-17T14:37:50.847+0000] {processor.py:157} INFO - Started process (PID=72) to work on /opt/airflow/dags/finflow.py
[2025-01-17T14:37:50.861+0000] {processor.py:829} INFO - Processing file /opt/airflow/dags/finflow.py for tasks to queue
[2025-01-17T14:37:50.878+0000] {logging_mixin.py:154} INFO - [2025-01-17T14:37:50.878+0000] {dagbag.py:536} INFO - Filling up the DagBag from /opt/airflow/dags/finflow.py
[2025-01-17T14:37:51.293+0000] {logging_mixin.py:154} INFO - [2025-01-17T14:37:51.293+0000] {finflow.py:126} WARNING - Failed to get max keys, starting from 1: name 'dag' is not defined
[2025-01-17T14:37:51.476+0000] {processor.py:839} INFO - DAG(s) dict_keys(['finflow_source_data_pipeline']) retrieved from /opt/airflow/dags/finflow.py
[2025-01-17T14:37:53.014+0000] {logging_mixin.py:154} INFO - [2025-01-17T14:37:53.013+0000] {dag.py:2941} INFO - Sync 1 DAGs
[2025-01-17T14:37:53.193+0000] {logging_mixin.py:154} INFO - [2025-01-17T14:37:53.192+0000] {dag.py:3722} INFO - Setting next_dagrun for finflow_source_data_pipeline to 2025-01-17T14:35:47.572669+00:00, run_after=2025-01-18T14:35:47.572669+00:00
[2025-01-17T14:37:53.332+0000] {processor.py:179} INFO - Processing /opt/airflow/dags/finflow.py took 2.503 seconds
[2025-01-17T14:38:23.927+0000] {processor.py:157} INFO - Started process (PID=82) to work on /opt/airflow/dags/finflow.py
[2025-01-17T14:38:23.933+0000] {processor.py:829} INFO - Processing file /opt/airflow/dags/finflow.py for tasks to queue
[2025-01-17T14:38:23.937+0000] {logging_mixin.py:154} INFO - [2025-01-17T14:38:23.937+0000] {dagbag.py:536} INFO - Filling up the DagBag from /opt/airflow/dags/finflow.py
[2025-01-17T14:38:24.169+0000] {logging_mixin.py:154} INFO - [2025-01-17T14:38:24.169+0000] {finflow.py:126} WARNING - Failed to get max keys, starting from 1: name 'dag' is not defined
[2025-01-17T14:38:24.274+0000] {processor.py:839} INFO - DAG(s) dict_keys(['finflow_source_data_pipeline']) retrieved from /opt/airflow/dags/finflow.py
[2025-01-17T14:38:24.426+0000] {logging_mixin.py:154} INFO - [2025-01-17T14:38:24.425+0000] {dag.py:2941} INFO - Sync 1 DAGs
[2025-01-17T14:38:24.504+0000] {logging_mixin.py:154} INFO - [2025-01-17T14:38:24.504+0000] {dag.py:3722} INFO - Setting next_dagrun for finflow_source_data_pipeline to 2025-01-17T14:35:47.572669+00:00, run_after=2025-01-18T14:35:47.572669+00:00
[2025-01-17T14:38:24.586+0000] {processor.py:179} INFO - Processing /opt/airflow/dags/finflow.py took 0.679 seconds
[2025-01-17T14:38:54.880+0000] {processor.py:157} INFO - Started process (PID=99) to work on /opt/airflow/dags/finflow.py
[2025-01-17T14:38:54.905+0000] {processor.py:829} INFO - Processing file /opt/airflow/dags/finflow.py for tasks to queue
[2025-01-17T14:38:54.909+0000] {logging_mixin.py:154} INFO - [2025-01-17T14:38:54.909+0000] {dagbag.py:536} INFO - Filling up the DagBag from /opt/airflow/dags/finflow.py
[2025-01-17T14:38:55.107+0000] {logging_mixin.py:154} INFO - [2025-01-17T14:38:55.105+0000] {finflow.py:126} WARNING - Failed to get max keys, starting from 1: name 'dag' is not defined
[2025-01-17T14:38:55.162+0000] {processor.py:839} INFO - DAG(s) dict_keys(['finflow_source_data_pipeline']) retrieved from /opt/airflow/dags/finflow.py
[2025-01-17T14:38:55.305+0000] {logging_mixin.py:154} INFO - [2025-01-17T14:38:55.304+0000] {dag.py:2941} INFO - Sync 1 DAGs
[2025-01-17T14:38:55.364+0000] {logging_mixin.py:154} INFO - [2025-01-17T14:38:55.364+0000] {dag.py:3722} INFO - Setting next_dagrun for finflow_source_data_pipeline to 2025-01-17T14:35:47.572669+00:00, run_after=2025-01-18T14:35:47.572669+00:00
[2025-01-17T14:38:55.445+0000] {processor.py:179} INFO - Processing /opt/airflow/dags/finflow.py took 0.577 seconds
[2025-01-17T14:39:25.633+0000] {processor.py:157} INFO - Started process (PID=116) to work on /opt/airflow/dags/finflow.py
[2025-01-17T14:39:25.656+0000] {processor.py:829} INFO - Processing file /opt/airflow/dags/finflow.py for tasks to queue
[2025-01-17T14:39:25.661+0000] {logging_mixin.py:154} INFO - [2025-01-17T14:39:25.660+0000] {dagbag.py:536} INFO - Filling up the DagBag from /opt/airflow/dags/finflow.py
[2025-01-17T14:39:25.863+0000] {logging_mixin.py:154} INFO - [2025-01-17T14:39:25.863+0000] {finflow.py:126} WARNING - Failed to get max keys, starting from 1: name 'dag' is not defined
[2025-01-17T14:39:25.945+0000] {processor.py:839} INFO - DAG(s) dict_keys(['finflow_source_data_pipeline']) retrieved from /opt/airflow/dags/finflow.py
[2025-01-17T14:39:26.050+0000] {logging_mixin.py:154} INFO - [2025-01-17T14:39:26.049+0000] {dag.py:2941} INFO - Sync 1 DAGs
[2025-01-17T14:39:26.091+0000] {logging_mixin.py:154} INFO - [2025-01-17T14:39:26.091+0000] {dag.py:3722} INFO - Setting next_dagrun for finflow_source_data_pipeline to 2025-01-17T14:35:47.572669+00:00, run_after=2025-01-18T14:35:47.572669+00:00
[2025-01-17T14:39:26.125+0000] {processor.py:179} INFO - Processing /opt/airflow/dags/finflow.py took 0.503 seconds
[2025-01-17T14:39:56.462+0000] {processor.py:157} INFO - Started process (PID=132) to work on /opt/airflow/dags/finflow.py
[2025-01-17T14:39:56.473+0000] {processor.py:829} INFO - Processing file /opt/airflow/dags/finflow.py for tasks to queue
[2025-01-17T14:39:56.488+0000] {logging_mixin.py:154} INFO - [2025-01-17T14:39:56.484+0000] {dagbag.py:536} INFO - Filling up the DagBag from /opt/airflow/dags/finflow.py
[2025-01-17T14:39:56.827+0000] {logging_mixin.py:154} INFO - [2025-01-17T14:39:56.827+0000] {finflow.py:126} WARNING - Failed to get max keys, starting from 1: name 'dag' is not defined
[2025-01-17T14:39:56.891+0000] {processor.py:839} INFO - DAG(s) dict_keys(['finflow_source_data_pipeline']) retrieved from /opt/airflow/dags/finflow.py
[2025-01-17T14:39:56.970+0000] {logging_mixin.py:154} INFO - [2025-01-17T14:39:56.969+0000] {dag.py:2941} INFO - Sync 1 DAGs
[2025-01-17T14:39:57.011+0000] {logging_mixin.py:154} INFO - [2025-01-17T14:39:57.011+0000] {dag.py:3722} INFO - Setting next_dagrun for finflow_source_data_pipeline to 2025-01-17T14:35:47.572669+00:00, run_after=2025-01-18T14:35:47.572669+00:00
[2025-01-17T14:39:57.054+0000] {processor.py:179} INFO - Processing /opt/airflow/dags/finflow.py took 0.606 seconds
[2025-01-17T14:40:27.375+0000] {processor.py:157} INFO - Started process (PID=146) to work on /opt/airflow/dags/finflow.py
[2025-01-17T14:40:27.407+0000] {processor.py:829} INFO - Processing file /opt/airflow/dags/finflow.py for tasks to queue
[2025-01-17T14:40:27.412+0000] {logging_mixin.py:154} INFO - [2025-01-17T14:40:27.411+0000] {dagbag.py:536} INFO - Filling up the DagBag from /opt/airflow/dags/finflow.py
[2025-01-17T14:40:27.651+0000] {logging_mixin.py:154} INFO - [2025-01-17T14:40:27.651+0000] {finflow.py:126} WARNING - Failed to get max keys, starting from 1: name 'dag' is not defined
[2025-01-17T14:40:27.732+0000] {processor.py:839} INFO - DAG(s) dict_keys(['finflow_source_data_pipeline']) retrieved from /opt/airflow/dags/finflow.py
[2025-01-17T14:40:27.919+0000] {logging_mixin.py:154} INFO - [2025-01-17T14:40:27.918+0000] {dag.py:2941} INFO - Sync 1 DAGs
[2025-01-17T14:40:27.963+0000] {logging_mixin.py:154} INFO - [2025-01-17T14:40:27.963+0000] {dag.py:3722} INFO - Setting next_dagrun for finflow_source_data_pipeline to 2025-01-17T14:35:47.572669+00:00, run_after=2025-01-18T14:35:47.572669+00:00
[2025-01-17T14:40:28.034+0000] {processor.py:179} INFO - Processing /opt/airflow/dags/finflow.py took 0.666 seconds
[2025-01-17T14:40:58.673+0000] {processor.py:157} INFO - Started process (PID=156) to work on /opt/airflow/dags/finflow.py
[2025-01-17T14:40:58.689+0000] {processor.py:829} INFO - Processing file /opt/airflow/dags/finflow.py for tasks to queue
[2025-01-17T14:40:58.717+0000] {logging_mixin.py:154} INFO - [2025-01-17T14:40:58.716+0000] {dagbag.py:536} INFO - Filling up the DagBag from /opt/airflow/dags/finflow.py
[2025-01-17T14:40:59.034+0000] {logging_mixin.py:154} INFO - [2025-01-17T14:40:59.033+0000] {finflow.py:126} WARNING - Failed to get max keys, starting from 1: name 'dag' is not defined
[2025-01-17T14:40:59.181+0000] {processor.py:839} INFO - DAG(s) dict_keys(['finflow_source_data_pipeline']) retrieved from /opt/airflow/dags/finflow.py
[2025-01-17T14:40:59.316+0000] {logging_mixin.py:154} INFO - [2025-01-17T14:40:59.315+0000] {dag.py:2941} INFO - Sync 1 DAGs
[2025-01-17T14:40:59.387+0000] {logging_mixin.py:154} INFO - [2025-01-17T14:40:59.387+0000] {dag.py:3722} INFO - Setting next_dagrun for finflow_source_data_pipeline to 2025-01-17T14:35:47.572669+00:00, run_after=2025-01-18T14:35:47.572669+00:00
[2025-01-17T14:40:59.434+0000] {processor.py:179} INFO - Processing /opt/airflow/dags/finflow.py took 0.790 seconds
[2025-01-17T14:41:29.830+0000] {processor.py:157} INFO - Started process (PID=174) to work on /opt/airflow/dags/finflow.py
[2025-01-17T14:41:29.855+0000] {processor.py:829} INFO - Processing file /opt/airflow/dags/finflow.py for tasks to queue
[2025-01-17T14:41:29.881+0000] {logging_mixin.py:154} INFO - [2025-01-17T14:41:29.875+0000] {dagbag.py:536} INFO - Filling up the DagBag from /opt/airflow/dags/finflow.py
[2025-01-17T14:41:30.194+0000] {logging_mixin.py:154} INFO - [2025-01-17T14:41:30.194+0000] {finflow.py:126} WARNING - Failed to get max keys, starting from 1: name 'dag' is not defined
[2025-01-17T14:41:30.263+0000] {processor.py:839} INFO - DAG(s) dict_keys(['finflow_source_data_pipeline']) retrieved from /opt/airflow/dags/finflow.py
[2025-01-17T14:41:30.411+0000] {logging_mixin.py:154} INFO - [2025-01-17T14:41:30.410+0000] {dag.py:2941} INFO - Sync 1 DAGs
[2025-01-17T14:41:30.481+0000] {logging_mixin.py:154} INFO - [2025-01-17T14:41:30.481+0000] {dag.py:3722} INFO - Setting next_dagrun for finflow_source_data_pipeline to 2025-01-17T14:35:47.572669+00:00, run_after=2025-01-18T14:35:47.572669+00:00
[2025-01-17T14:41:30.532+0000] {processor.py:179} INFO - Processing /opt/airflow/dags/finflow.py took 0.751 seconds
[2025-01-17T14:42:00.816+0000] {processor.py:157} INFO - Started process (PID=192) to work on /opt/airflow/dags/finflow.py
[2025-01-17T14:42:00.820+0000] {processor.py:829} INFO - Processing file /opt/airflow/dags/finflow.py for tasks to queue
[2025-01-17T14:42:00.828+0000] {logging_mixin.py:154} INFO - [2025-01-17T14:42:00.828+0000] {dagbag.py:536} INFO - Filling up the DagBag from /opt/airflow/dags/finflow.py
[2025-01-17T14:42:01.136+0000] {logging_mixin.py:154} INFO - [2025-01-17T14:42:01.135+0000] {finflow.py:126} WARNING - Failed to get max keys, starting from 1: name 'dag' is not defined
[2025-01-17T14:42:01.218+0000] {processor.py:839} INFO - DAG(s) dict_keys(['finflow_source_data_pipeline']) retrieved from /opt/airflow/dags/finflow.py
[2025-01-17T14:42:01.313+0000] {logging_mixin.py:154} INFO - [2025-01-17T14:42:01.312+0000] {dag.py:2941} INFO - Sync 1 DAGs
[2025-01-17T14:42:01.370+0000] {logging_mixin.py:154} INFO - [2025-01-17T14:42:01.370+0000] {dag.py:3722} INFO - Setting next_dagrun for finflow_source_data_pipeline to 2025-01-17T14:35:47.572669+00:00, run_after=2025-01-18T14:35:47.572669+00:00
[2025-01-17T14:42:01.416+0000] {processor.py:179} INFO - Processing /opt/airflow/dags/finflow.py took 0.616 seconds
[2025-01-17T14:42:31.704+0000] {processor.py:157} INFO - Started process (PID=209) to work on /opt/airflow/dags/finflow.py
[2025-01-17T14:42:31.713+0000] {processor.py:829} INFO - Processing file /opt/airflow/dags/finflow.py for tasks to queue
[2025-01-17T14:42:31.717+0000] {logging_mixin.py:154} INFO - [2025-01-17T14:42:31.717+0000] {dagbag.py:536} INFO - Filling up the DagBag from /opt/airflow/dags/finflow.py
[2025-01-17T14:42:31.957+0000] {logging_mixin.py:154} INFO - [2025-01-17T14:42:31.957+0000] {finflow.py:126} WARNING - Failed to get max keys, starting from 1: name 'dag' is not defined
[2025-01-17T14:42:32.022+0000] {processor.py:839} INFO - DAG(s) dict_keys(['finflow_source_data_pipeline']) retrieved from /opt/airflow/dags/finflow.py
[2025-01-17T14:42:32.116+0000] {logging_mixin.py:154} INFO - [2025-01-17T14:42:32.103+0000] {dag.py:2941} INFO - Sync 1 DAGs
[2025-01-17T14:42:32.157+0000] {logging_mixin.py:154} INFO - [2025-01-17T14:42:32.157+0000] {dag.py:3722} INFO - Setting next_dagrun for finflow_source_data_pipeline to 2025-01-17T14:35:47.572669+00:00, run_after=2025-01-18T14:35:47.572669+00:00
[2025-01-17T14:42:32.213+0000] {processor.py:179} INFO - Processing /opt/airflow/dags/finflow.py took 0.530 seconds
[2025-01-17T14:43:02.520+0000] {processor.py:157} INFO - Started process (PID=225) to work on /opt/airflow/dags/finflow.py
[2025-01-17T14:43:02.532+0000] {processor.py:829} INFO - Processing file /opt/airflow/dags/finflow.py for tasks to queue
[2025-01-17T14:43:02.542+0000] {logging_mixin.py:154} INFO - [2025-01-17T14:43:02.541+0000] {dagbag.py:536} INFO - Filling up the DagBag from /opt/airflow/dags/finflow.py
[2025-01-17T14:43:02.665+0000] {logging_mixin.py:154} INFO - [2025-01-17T14:43:02.665+0000] {finflow.py:126} WARNING - Failed to get max keys, starting from 1: name 'dag' is not defined
[2025-01-17T14:43:02.730+0000] {processor.py:839} INFO - DAG(s) dict_keys(['finflow_source_data_pipeline']) retrieved from /opt/airflow/dags/finflow.py
[2025-01-17T14:43:02.816+0000] {logging_mixin.py:154} INFO - [2025-01-17T14:43:02.815+0000] {dag.py:2941} INFO - Sync 1 DAGs
[2025-01-17T14:43:02.866+0000] {logging_mixin.py:154} INFO - [2025-01-17T14:43:02.865+0000] {dag.py:3722} INFO - Setting next_dagrun for finflow_source_data_pipeline to 2025-01-17T14:35:47.572669+00:00, run_after=2025-01-18T14:35:47.572669+00:00
[2025-01-17T14:43:02.895+0000] {processor.py:179} INFO - Processing /opt/airflow/dags/finflow.py took 0.382 seconds
[2025-01-17T14:43:33.005+0000] {processor.py:157} INFO - Started process (PID=242) to work on /opt/airflow/dags/finflow.py
[2025-01-17T14:43:33.009+0000] {processor.py:829} INFO - Processing file /opt/airflow/dags/finflow.py for tasks to queue
[2025-01-17T14:43:33.013+0000] {logging_mixin.py:154} INFO - [2025-01-17T14:43:33.012+0000] {dagbag.py:536} INFO - Filling up the DagBag from /opt/airflow/dags/finflow.py
[2025-01-17T14:43:33.095+0000] {logging_mixin.py:154} INFO - [2025-01-17T14:43:33.094+0000] {finflow.py:126} WARNING - Failed to get max keys, starting from 1: name 'dag' is not defined
[2025-01-17T14:43:33.133+0000] {processor.py:839} INFO - DAG(s) dict_keys(['finflow_source_data_pipeline']) retrieved from /opt/airflow/dags/finflow.py
[2025-01-17T14:43:33.214+0000] {logging_mixin.py:154} INFO - [2025-01-17T14:43:33.213+0000] {dag.py:2941} INFO - Sync 1 DAGs
[2025-01-17T14:43:33.244+0000] {logging_mixin.py:154} INFO - [2025-01-17T14:43:33.243+0000] {dag.py:3722} INFO - Setting next_dagrun for finflow_source_data_pipeline to 2025-01-17T14:35:47.572669+00:00, run_after=2025-01-18T14:35:47.572669+00:00
[2025-01-17T14:43:33.266+0000] {processor.py:179} INFO - Processing /opt/airflow/dags/finflow.py took 0.266 seconds
[2025-01-17T14:44:03.441+0000] {processor.py:157} INFO - Started process (PID=261) to work on /opt/airflow/dags/finflow.py
[2025-01-17T14:44:03.446+0000] {processor.py:829} INFO - Processing file /opt/airflow/dags/finflow.py for tasks to queue
[2025-01-17T14:44:03.451+0000] {logging_mixin.py:154} INFO - [2025-01-17T14:44:03.450+0000] {dagbag.py:536} INFO - Filling up the DagBag from /opt/airflow/dags/finflow.py
[2025-01-17T14:44:03.590+0000] {logging_mixin.py:154} INFO - [2025-01-17T14:44:03.589+0000] {finflow.py:126} WARNING - Failed to get max keys, starting from 1: name 'dag' is not defined
[2025-01-17T14:44:03.633+0000] {processor.py:839} INFO - DAG(s) dict_keys(['finflow_source_data_pipeline']) retrieved from /opt/airflow/dags/finflow.py
[2025-01-17T14:44:03.717+0000] {logging_mixin.py:154} INFO - [2025-01-17T14:44:03.716+0000] {dag.py:2941} INFO - Sync 1 DAGs
[2025-01-17T14:44:03.773+0000] {logging_mixin.py:154} INFO - [2025-01-17T14:44:03.773+0000] {dag.py:3722} INFO - Setting next_dagrun for finflow_source_data_pipeline to 2025-01-17T14:35:47.572669+00:00, run_after=2025-01-18T14:35:47.572669+00:00
[2025-01-17T14:44:03.814+0000] {processor.py:179} INFO - Processing /opt/airflow/dags/finflow.py took 0.380 seconds
[2025-01-17T14:44:34.005+0000] {processor.py:157} INFO - Started process (PID=280) to work on /opt/airflow/dags/finflow.py
[2025-01-17T14:44:34.007+0000] {processor.py:829} INFO - Processing file /opt/airflow/dags/finflow.py for tasks to queue
[2025-01-17T14:44:34.011+0000] {logging_mixin.py:154} INFO - [2025-01-17T14:44:34.011+0000] {dagbag.py:536} INFO - Filling up the DagBag from /opt/airflow/dags/finflow.py
[2025-01-17T14:44:34.094+0000] {logging_mixin.py:154} INFO - [2025-01-17T14:44:34.093+0000] {finflow.py:126} WARNING - Failed to get max keys, starting from 1: name 'dag' is not defined
[2025-01-17T14:44:34.121+0000] {processor.py:839} INFO - DAG(s) dict_keys(['finflow_source_data_pipeline']) retrieved from /opt/airflow/dags/finflow.py
[2025-01-17T14:44:34.180+0000] {logging_mixin.py:154} INFO - [2025-01-17T14:44:34.179+0000] {dag.py:2941} INFO - Sync 1 DAGs
[2025-01-17T14:44:34.215+0000] {logging_mixin.py:154} INFO - [2025-01-17T14:44:34.215+0000] {dag.py:3722} INFO - Setting next_dagrun for finflow_source_data_pipeline to 2025-01-17T14:35:47.572669+00:00, run_after=2025-01-18T14:35:47.572669+00:00
[2025-01-17T14:44:34.237+0000] {processor.py:179} INFO - Processing /opt/airflow/dags/finflow.py took 0.238 seconds
[2025-01-17T14:45:04.427+0000] {processor.py:157} INFO - Started process (PID=308) to work on /opt/airflow/dags/finflow.py
[2025-01-17T14:45:04.430+0000] {processor.py:829} INFO - Processing file /opt/airflow/dags/finflow.py for tasks to queue
[2025-01-17T14:45:04.434+0000] {logging_mixin.py:154} INFO - [2025-01-17T14:45:04.434+0000] {dagbag.py:536} INFO - Filling up the DagBag from /opt/airflow/dags/finflow.py
[2025-01-17T14:45:04.551+0000] {logging_mixin.py:154} INFO - [2025-01-17T14:45:04.550+0000] {finflow.py:126} WARNING - Failed to get max keys, starting from 1: name 'dag' is not defined
[2025-01-17T14:45:04.597+0000] {processor.py:839} INFO - DAG(s) dict_keys(['finflow_source_data_pipeline']) retrieved from /opt/airflow/dags/finflow.py
[2025-01-17T14:45:04.690+0000] {logging_mixin.py:154} INFO - [2025-01-17T14:45:04.689+0000] {dag.py:2941} INFO - Sync 1 DAGs
[2025-01-17T14:45:04.754+0000] {logging_mixin.py:154} INFO - [2025-01-17T14:45:04.753+0000] {dag.py:3722} INFO - Setting next_dagrun for finflow_source_data_pipeline to 2025-01-17T14:35:47.572669+00:00, run_after=2025-01-18T14:35:47.572669+00:00
[2025-01-17T14:45:04.799+0000] {processor.py:179} INFO - Processing /opt/airflow/dags/finflow.py took 0.378 seconds
[2025-01-17T14:45:35.052+0000] {processor.py:157} INFO - Started process (PID=327) to work on /opt/airflow/dags/finflow.py
[2025-01-17T14:45:35.061+0000] {processor.py:829} INFO - Processing file /opt/airflow/dags/finflow.py for tasks to queue
[2025-01-17T14:45:35.066+0000] {logging_mixin.py:154} INFO - [2025-01-17T14:45:35.065+0000] {dagbag.py:536} INFO - Filling up the DagBag from /opt/airflow/dags/finflow.py
[2025-01-17T14:45:35.270+0000] {logging_mixin.py:154} INFO - [2025-01-17T14:45:35.270+0000] {finflow.py:126} WARNING - Failed to get max keys, starting from 1: name 'dag' is not defined
[2025-01-17T14:45:35.355+0000] {processor.py:839} INFO - DAG(s) dict_keys(['finflow_source_data_pipeline']) retrieved from /opt/airflow/dags/finflow.py
[2025-01-17T14:45:35.434+0000] {logging_mixin.py:154} INFO - [2025-01-17T14:45:35.433+0000] {dag.py:2941} INFO - Sync 1 DAGs
[2025-01-17T14:45:35.475+0000] {logging_mixin.py:154} INFO - [2025-01-17T14:45:35.475+0000] {dag.py:3722} INFO - Setting next_dagrun for finflow_source_data_pipeline to 2025-01-17T14:35:47.572669+00:00, run_after=2025-01-18T14:35:47.572669+00:00
[2025-01-17T14:45:35.527+0000] {processor.py:179} INFO - Processing /opt/airflow/dags/finflow.py took 0.498 seconds
[2025-01-17T14:46:05.799+0000] {processor.py:157} INFO - Started process (PID=343) to work on /opt/airflow/dags/finflow.py
[2025-01-17T14:46:05.817+0000] {processor.py:829} INFO - Processing file /opt/airflow/dags/finflow.py for tasks to queue
[2025-01-17T14:46:05.822+0000] {logging_mixin.py:154} INFO - [2025-01-17T14:46:05.821+0000] {dagbag.py:536} INFO - Filling up the DagBag from /opt/airflow/dags/finflow.py
[2025-01-17T14:46:06.055+0000] {logging_mixin.py:154} INFO - [2025-01-17T14:46:06.055+0000] {finflow.py:126} WARNING - Failed to get max keys, starting from 1: name 'dag' is not defined
[2025-01-17T14:46:06.144+0000] {processor.py:839} INFO - DAG(s) dict_keys(['finflow_source_data_pipeline']) retrieved from /opt/airflow/dags/finflow.py
[2025-01-17T14:46:06.306+0000] {logging_mixin.py:154} INFO - [2025-01-17T14:46:06.305+0000] {dag.py:2941} INFO - Sync 1 DAGs
[2025-01-17T14:46:06.387+0000] {logging_mixin.py:154} INFO - [2025-01-17T14:46:06.386+0000] {dag.py:3722} INFO - Setting next_dagrun for finflow_source_data_pipeline to 2025-01-17T14:35:47.572669+00:00, run_after=2025-01-18T14:35:47.572669+00:00
[2025-01-17T14:46:06.455+0000] {processor.py:179} INFO - Processing /opt/airflow/dags/finflow.py took 0.674 seconds
[2025-01-17T14:46:36.747+0000] {processor.py:157} INFO - Started process (PID=367) to work on /opt/airflow/dags/finflow.py
[2025-01-17T14:46:36.750+0000] {processor.py:829} INFO - Processing file /opt/airflow/dags/finflow.py for tasks to queue
[2025-01-17T14:46:36.765+0000] {logging_mixin.py:154} INFO - [2025-01-17T14:46:36.765+0000] {dagbag.py:536} INFO - Filling up the DagBag from /opt/airflow/dags/finflow.py
[2025-01-17T14:46:37.223+0000] {logging_mixin.py:154} INFO - [2025-01-17T14:46:37.222+0000] {finflow.py:126} WARNING - Failed to get max keys, starting from 1: name 'dag' is not defined
[2025-01-17T14:46:37.331+0000] {processor.py:839} INFO - DAG(s) dict_keys(['finflow_source_data_pipeline']) retrieved from /opt/airflow/dags/finflow.py
[2025-01-17T14:46:37.554+0000] {logging_mixin.py:154} INFO - [2025-01-17T14:46:37.553+0000] {dag.py:2941} INFO - Sync 1 DAGs
[2025-01-17T14:46:37.634+0000] {logging_mixin.py:154} INFO - [2025-01-17T14:46:37.633+0000] {dag.py:3722} INFO - Setting next_dagrun for finflow_source_data_pipeline to 2025-01-17T14:35:47.572669+00:00, run_after=2025-01-18T14:35:47.572669+00:00
[2025-01-17T14:46:37.696+0000] {processor.py:179} INFO - Processing /opt/airflow/dags/finflow.py took 0.969 seconds
[2025-01-17T14:47:08.005+0000] {processor.py:157} INFO - Started process (PID=384) to work on /opt/airflow/dags/finflow.py
[2025-01-17T14:47:08.017+0000] {processor.py:829} INFO - Processing file /opt/airflow/dags/finflow.py for tasks to queue
[2025-01-17T14:47:08.029+0000] {logging_mixin.py:154} INFO - [2025-01-17T14:47:08.029+0000] {dagbag.py:536} INFO - Filling up the DagBag from /opt/airflow/dags/finflow.py
[2025-01-17T14:47:08.397+0000] {logging_mixin.py:154} INFO - [2025-01-17T14:47:08.397+0000] {finflow.py:126} WARNING - Failed to get max keys, starting from 1: name 'dag' is not defined
[2025-01-17T14:47:08.581+0000] {processor.py:839} INFO - DAG(s) dict_keys(['finflow_source_data_pipeline']) retrieved from /opt/airflow/dags/finflow.py
[2025-01-17T14:47:08.830+0000] {logging_mixin.py:154} INFO - [2025-01-17T14:47:08.829+0000] {dag.py:2941} INFO - Sync 1 DAGs
[2025-01-17T14:47:08.949+0000] {logging_mixin.py:154} INFO - [2025-01-17T14:47:08.949+0000] {dag.py:3722} INFO - Setting next_dagrun for finflow_source_data_pipeline to 2025-01-17T14:35:47.572669+00:00, run_after=2025-01-18T14:35:47.572669+00:00
[2025-01-17T14:47:09.036+0000] {processor.py:179} INFO - Processing /opt/airflow/dags/finflow.py took 1.045 seconds
[2025-01-17T14:47:39.211+0000] {processor.py:157} INFO - Started process (PID=392) to work on /opt/airflow/dags/finflow.py
[2025-01-17T14:47:39.225+0000] {processor.py:829} INFO - Processing file /opt/airflow/dags/finflow.py for tasks to queue
[2025-01-17T14:47:39.238+0000] {logging_mixin.py:154} INFO - [2025-01-17T14:47:39.237+0000] {dagbag.py:536} INFO - Filling up the DagBag from /opt/airflow/dags/finflow.py
[2025-01-17T14:47:39.481+0000] {logging_mixin.py:154} INFO - [2025-01-17T14:47:39.481+0000] {finflow.py:126} WARNING - Failed to get max keys, starting from 1: name 'dag' is not defined
[2025-01-17T14:47:39.558+0000] {processor.py:839} INFO - DAG(s) dict_keys(['finflow_source_data_pipeline']) retrieved from /opt/airflow/dags/finflow.py
[2025-01-17T14:47:39.717+0000] {logging_mixin.py:154} INFO - [2025-01-17T14:47:39.716+0000] {dag.py:2941} INFO - Sync 1 DAGs
[2025-01-17T14:47:39.790+0000] {logging_mixin.py:154} INFO - [2025-01-17T14:47:39.790+0000] {dag.py:3722} INFO - Setting next_dagrun for finflow_source_data_pipeline to 2025-01-17T14:35:47.572669+00:00, run_after=2025-01-18T14:35:47.572669+00:00
[2025-01-17T14:47:39.890+0000] {processor.py:179} INFO - Processing /opt/airflow/dags/finflow.py took 0.685 seconds
[2025-01-17T14:48:10.116+0000] {processor.py:157} INFO - Started process (PID=409) to work on /opt/airflow/dags/finflow.py
[2025-01-17T14:48:10.117+0000] {processor.py:829} INFO - Processing file /opt/airflow/dags/finflow.py for tasks to queue
[2025-01-17T14:48:10.122+0000] {logging_mixin.py:154} INFO - [2025-01-17T14:48:10.121+0000] {dagbag.py:536} INFO - Filling up the DagBag from /opt/airflow/dags/finflow.py
[2025-01-17T14:48:10.240+0000] {logging_mixin.py:154} INFO - [2025-01-17T14:48:10.239+0000] {finflow.py:126} WARNING - Failed to get max keys, starting from 1: name 'dag' is not defined
[2025-01-17T14:48:10.764+0000] {processor.py:839} INFO - DAG(s) dict_keys(['finflow_source_data_pipeline']) retrieved from /opt/airflow/dags/finflow.py
[2025-01-17T14:48:10.812+0000] {logging_mixin.py:154} INFO - [2025-01-17T14:48:10.812+0000] {dag.py:2941} INFO - Sync 1 DAGs
[2025-01-17T14:48:10.837+0000] {logging_mixin.py:154} INFO - [2025-01-17T14:48:10.836+0000] {dag.py:3722} INFO - Setting next_dagrun for finflow_source_data_pipeline to 2025-01-17T14:35:47.572669+00:00, run_after=2025-01-18T14:35:47.572669+00:00
[2025-01-17T14:48:10.857+0000] {processor.py:179} INFO - Processing /opt/airflow/dags/finflow.py took 0.749 seconds
[2025-01-17T14:48:41.317+0000] {processor.py:157} INFO - Started process (PID=426) to work on /opt/airflow/dags/finflow.py
[2025-01-17T14:48:41.329+0000] {processor.py:829} INFO - Processing file /opt/airflow/dags/finflow.py for tasks to queue
[2025-01-17T14:48:41.339+0000] {logging_mixin.py:154} INFO - [2025-01-17T14:48:41.338+0000] {dagbag.py:536} INFO - Filling up the DagBag from /opt/airflow/dags/finflow.py
[2025-01-17T14:48:41.468+0000] {logging_mixin.py:154} INFO - [2025-01-17T14:48:41.468+0000] {finflow.py:126} WARNING - Failed to get max keys, starting from 1: name 'dag' is not defined
[2025-01-17T14:48:41.510+0000] {processor.py:839} INFO - DAG(s) dict_keys(['finflow_source_data_pipeline']) retrieved from /opt/airflow/dags/finflow.py
[2025-01-17T14:48:41.594+0000] {logging_mixin.py:154} INFO - [2025-01-17T14:48:41.593+0000] {dag.py:2941} INFO - Sync 1 DAGs
[2025-01-17T14:48:41.638+0000] {logging_mixin.py:154} INFO - [2025-01-17T14:48:41.637+0000] {dag.py:3722} INFO - Setting next_dagrun for finflow_source_data_pipeline to 2025-01-17T14:35:47.572669+00:00, run_after=2025-01-18T14:35:47.572669+00:00
[2025-01-17T14:48:41.666+0000] {processor.py:179} INFO - Processing /opt/airflow/dags/finflow.py took 0.356 seconds
[2025-01-17T14:49:11.850+0000] {processor.py:157} INFO - Started process (PID=443) to work on /opt/airflow/dags/finflow.py
[2025-01-17T14:49:11.852+0000] {processor.py:829} INFO - Processing file /opt/airflow/dags/finflow.py for tasks to queue
[2025-01-17T14:49:11.857+0000] {logging_mixin.py:154} INFO - [2025-01-17T14:49:11.856+0000] {dagbag.py:536} INFO - Filling up the DagBag from /opt/airflow/dags/finflow.py
[2025-01-17T14:49:12.005+0000] {logging_mixin.py:154} INFO - [2025-01-17T14:49:12.005+0000] {finflow.py:126} WARNING - Failed to get max keys, starting from 1: name 'dag' is not defined
[2025-01-17T14:49:12.051+0000] {processor.py:839} INFO - DAG(s) dict_keys(['finflow_source_data_pipeline']) retrieved from /opt/airflow/dags/finflow.py
[2025-01-17T14:49:12.225+0000] {logging_mixin.py:154} INFO - [2025-01-17T14:49:12.224+0000] {dag.py:2941} INFO - Sync 1 DAGs
[2025-01-17T14:49:12.328+0000] {logging_mixin.py:154} INFO - [2025-01-17T14:49:12.322+0000] {dag.py:3722} INFO - Setting next_dagrun for finflow_source_data_pipeline to 2025-01-17T14:35:47.572669+00:00, run_after=2025-01-18T14:35:47.572669+00:00
[2025-01-17T14:49:12.413+0000] {processor.py:179} INFO - Processing /opt/airflow/dags/finflow.py took 0.571 seconds
[2025-01-17T14:49:42.796+0000] {processor.py:157} INFO - Started process (PID=468) to work on /opt/airflow/dags/finflow.py
[2025-01-17T14:49:42.813+0000] {processor.py:829} INFO - Processing file /opt/airflow/dags/finflow.py for tasks to queue
[2025-01-17T14:49:42.826+0000] {logging_mixin.py:154} INFO - [2025-01-17T14:49:42.825+0000] {dagbag.py:536} INFO - Filling up the DagBag from /opt/airflow/dags/finflow.py
[2025-01-17T14:49:43.114+0000] {logging_mixin.py:154} INFO - [2025-01-17T14:49:43.114+0000] {finflow.py:126} WARNING - Failed to get max keys, starting from 1: name 'dag' is not defined
[2025-01-17T14:49:43.196+0000] {processor.py:839} INFO - DAG(s) dict_keys(['finflow_source_data_pipeline']) retrieved from /opt/airflow/dags/finflow.py
[2025-01-17T14:49:43.362+0000] {logging_mixin.py:154} INFO - [2025-01-17T14:49:43.361+0000] {dag.py:2941} INFO - Sync 1 DAGs
[2025-01-17T14:49:43.460+0000] {logging_mixin.py:154} INFO - [2025-01-17T14:49:43.460+0000] {dag.py:3722} INFO - Setting next_dagrun for finflow_source_data_pipeline to 2025-01-17T14:35:47.572669+00:00, run_after=2025-01-18T14:35:47.572669+00:00
[2025-01-17T14:49:43.525+0000] {processor.py:179} INFO - Processing /opt/airflow/dags/finflow.py took 0.781 seconds
[2025-01-17T14:50:13.831+0000] {processor.py:157} INFO - Started process (PID=486) to work on /opt/airflow/dags/finflow.py
[2025-01-17T14:50:13.846+0000] {processor.py:829} INFO - Processing file /opt/airflow/dags/finflow.py for tasks to queue
[2025-01-17T14:50:13.857+0000] {logging_mixin.py:154} INFO - [2025-01-17T14:50:13.857+0000] {dagbag.py:536} INFO - Filling up the DagBag from /opt/airflow/dags/finflow.py
[2025-01-17T14:50:14.105+0000] {logging_mixin.py:154} INFO - [2025-01-17T14:50:14.105+0000] {finflow.py:126} WARNING - Failed to get max keys, starting from 1: name 'dag' is not defined
[2025-01-17T14:50:14.202+0000] {processor.py:839} INFO - DAG(s) dict_keys(['finflow_source_data_pipeline']) retrieved from /opt/airflow/dags/finflow.py
[2025-01-17T14:50:14.382+0000] {logging_mixin.py:154} INFO - [2025-01-17T14:50:14.381+0000] {dag.py:2941} INFO - Sync 1 DAGs
[2025-01-17T14:50:14.487+0000] {logging_mixin.py:154} INFO - [2025-01-17T14:50:14.487+0000] {dag.py:3722} INFO - Setting next_dagrun for finflow_source_data_pipeline to 2025-01-17T14:35:47.572669+00:00, run_after=2025-01-18T14:35:47.572669+00:00
[2025-01-17T14:50:14.552+0000] {processor.py:179} INFO - Processing /opt/airflow/dags/finflow.py took 0.761 seconds
[2025-01-17T14:50:44.819+0000] {processor.py:157} INFO - Started process (PID=503) to work on /opt/airflow/dags/finflow.py
[2025-01-17T14:50:44.821+0000] {processor.py:829} INFO - Processing file /opt/airflow/dags/finflow.py for tasks to queue
[2025-01-17T14:50:44.825+0000] {logging_mixin.py:154} INFO - [2025-01-17T14:50:44.825+0000] {dagbag.py:536} INFO - Filling up the DagBag from /opt/airflow/dags/finflow.py
[2025-01-17T14:50:45.067+0000] {logging_mixin.py:154} INFO - [2025-01-17T14:50:45.067+0000] {finflow.py:126} WARNING - Failed to get max keys, starting from 1: name 'dag' is not defined
[2025-01-17T14:50:45.159+0000] {processor.py:839} INFO - DAG(s) dict_keys(['finflow_source_data_pipeline']) retrieved from /opt/airflow/dags/finflow.py
[2025-01-17T14:50:45.341+0000] {logging_mixin.py:154} INFO - [2025-01-17T14:50:45.340+0000] {dag.py:2941} INFO - Sync 1 DAGs
[2025-01-17T14:50:45.420+0000] {logging_mixin.py:154} INFO - [2025-01-17T14:50:45.419+0000] {dag.py:3722} INFO - Setting next_dagrun for finflow_source_data_pipeline to 2025-01-17T14:35:47.572669+00:00, run_after=2025-01-18T14:35:47.572669+00:00
[2025-01-17T14:50:45.474+0000] {processor.py:179} INFO - Processing /opt/airflow/dags/finflow.py took 0.678 seconds
[2025-01-17T14:51:15.602+0000] {processor.py:157} INFO - Started process (PID=512) to work on /opt/airflow/dags/finflow.py
[2025-01-17T14:51:15.603+0000] {processor.py:829} INFO - Processing file /opt/airflow/dags/finflow.py for tasks to queue
[2025-01-17T14:51:15.607+0000] {logging_mixin.py:154} INFO - [2025-01-17T14:51:15.607+0000] {dagbag.py:536} INFO - Filling up the DagBag from /opt/airflow/dags/finflow.py
[2025-01-17T14:51:15.686+0000] {logging_mixin.py:154} INFO - [2025-01-17T14:51:15.686+0000] {finflow.py:126} WARNING - Failed to get max keys, starting from 1: name 'dag' is not defined
[2025-01-17T14:51:15.714+0000] {processor.py:839} INFO - DAG(s) dict_keys(['finflow_source_data_pipeline']) retrieved from /opt/airflow/dags/finflow.py
[2025-01-17T14:51:15.771+0000] {logging_mixin.py:154} INFO - [2025-01-17T14:51:15.770+0000] {dag.py:2941} INFO - Sync 1 DAGs
[2025-01-17T14:51:15.799+0000] {logging_mixin.py:154} INFO - [2025-01-17T14:51:15.799+0000] {dag.py:3722} INFO - Setting next_dagrun for finflow_source_data_pipeline to 2025-01-17T14:35:47.572669+00:00, run_after=2025-01-18T14:35:47.572669+00:00
[2025-01-17T14:51:15.825+0000] {processor.py:179} INFO - Processing /opt/airflow/dags/finflow.py took 0.230 seconds
[2025-01-17T14:51:45.957+0000] {processor.py:157} INFO - Started process (PID=539) to work on /opt/airflow/dags/finflow.py
[2025-01-17T14:51:45.959+0000] {processor.py:829} INFO - Processing file /opt/airflow/dags/finflow.py for tasks to queue
[2025-01-17T14:51:45.964+0000] {logging_mixin.py:154} INFO - [2025-01-17T14:51:45.963+0000] {dagbag.py:536} INFO - Filling up the DagBag from /opt/airflow/dags/finflow.py
[2025-01-17T14:51:46.115+0000] {logging_mixin.py:154} INFO - [2025-01-17T14:51:46.115+0000] {finflow.py:126} WARNING - Failed to get max keys, starting from 1: name 'dag' is not defined
[2025-01-17T14:51:46.163+0000] {processor.py:839} INFO - DAG(s) dict_keys(['finflow_source_data_pipeline']) retrieved from /opt/airflow/dags/finflow.py
[2025-01-17T14:51:46.242+0000] {logging_mixin.py:154} INFO - [2025-01-17T14:51:46.241+0000] {dag.py:2941} INFO - Sync 1 DAGs
[2025-01-17T14:51:46.283+0000] {logging_mixin.py:154} INFO - [2025-01-17T14:51:46.283+0000] {dag.py:3722} INFO - Setting next_dagrun for finflow_source_data_pipeline to 2025-01-17T14:35:47.572669+00:00, run_after=2025-01-18T14:35:47.572669+00:00
[2025-01-17T14:51:46.315+0000] {processor.py:179} INFO - Processing /opt/airflow/dags/finflow.py took 0.366 seconds
[2025-01-17T14:52:16.488+0000] {processor.py:157} INFO - Started process (PID=557) to work on /opt/airflow/dags/finflow.py
[2025-01-17T14:52:16.491+0000] {processor.py:829} INFO - Processing file /opt/airflow/dags/finflow.py for tasks to queue
[2025-01-17T14:52:16.495+0000] {logging_mixin.py:154} INFO - [2025-01-17T14:52:16.494+0000] {dagbag.py:536} INFO - Filling up the DagBag from /opt/airflow/dags/finflow.py
[2025-01-17T14:52:16.586+0000] {logging_mixin.py:154} INFO - [2025-01-17T14:52:16.585+0000] {finflow.py:126} WARNING - Failed to get max keys, starting from 1: name 'dag' is not defined
[2025-01-17T14:52:16.611+0000] {processor.py:839} INFO - DAG(s) dict_keys(['finflow_source_data_pipeline']) retrieved from /opt/airflow/dags/finflow.py
[2025-01-17T14:52:16.665+0000] {logging_mixin.py:154} INFO - [2025-01-17T14:52:16.664+0000] {dag.py:2941} INFO - Sync 1 DAGs
[2025-01-17T14:52:16.694+0000] {logging_mixin.py:154} INFO - [2025-01-17T14:52:16.694+0000] {dag.py:3722} INFO - Setting next_dagrun for finflow_source_data_pipeline to 2025-01-17T14:35:47.572669+00:00, run_after=2025-01-18T14:35:47.572669+00:00
[2025-01-17T14:52:16.715+0000] {processor.py:179} INFO - Processing /opt/airflow/dags/finflow.py took 0.233 seconds
[2025-01-17T14:52:46.793+0000] {processor.py:157} INFO - Started process (PID=574) to work on /opt/airflow/dags/finflow.py
[2025-01-17T14:52:46.795+0000] {processor.py:829} INFO - Processing file /opt/airflow/dags/finflow.py for tasks to queue
[2025-01-17T14:52:46.800+0000] {logging_mixin.py:154} INFO - [2025-01-17T14:52:46.800+0000] {dagbag.py:536} INFO - Filling up the DagBag from /opt/airflow/dags/finflow.py
[2025-01-17T14:52:46.933+0000] {logging_mixin.py:154} INFO - [2025-01-17T14:52:46.932+0000] {finflow.py:126} WARNING - Failed to get max keys, starting from 1: name 'dag' is not defined
[2025-01-17T14:52:46.975+0000] {processor.py:839} INFO - DAG(s) dict_keys(['finflow_source_data_pipeline']) retrieved from /opt/airflow/dags/finflow.py
[2025-01-17T14:52:47.056+0000] {logging_mixin.py:154} INFO - [2025-01-17T14:52:47.055+0000] {dag.py:2941} INFO - Sync 1 DAGs
[2025-01-17T14:52:47.110+0000] {logging_mixin.py:154} INFO - [2025-01-17T14:52:47.109+0000] {dag.py:3722} INFO - Setting next_dagrun for finflow_source_data_pipeline to 2025-01-17T14:35:47.572669+00:00, run_after=2025-01-18T14:35:47.572669+00:00
[2025-01-17T14:52:47.157+0000] {processor.py:179} INFO - Processing /opt/airflow/dags/finflow.py took 0.371 seconds
[2025-01-17T14:53:17.363+0000] {processor.py:157} INFO - Started process (PID=590) to work on /opt/airflow/dags/finflow.py
[2025-01-17T14:53:17.367+0000] {processor.py:829} INFO - Processing file /opt/airflow/dags/finflow.py for tasks to queue
[2025-01-17T14:53:17.371+0000] {logging_mixin.py:154} INFO - [2025-01-17T14:53:17.370+0000] {dagbag.py:536} INFO - Filling up the DagBag from /opt/airflow/dags/finflow.py
[2025-01-17T14:53:17.449+0000] {logging_mixin.py:154} INFO - [2025-01-17T14:53:17.449+0000] {finflow.py:126} WARNING - Failed to get max keys, starting from 1: name 'dag' is not defined
[2025-01-17T14:53:17.476+0000] {processor.py:839} INFO - DAG(s) dict_keys(['finflow_source_data_pipeline']) retrieved from /opt/airflow/dags/finflow.py
[2025-01-17T14:53:17.532+0000] {logging_mixin.py:154} INFO - [2025-01-17T14:53:17.531+0000] {dag.py:2941} INFO - Sync 1 DAGs
[2025-01-17T14:53:17.568+0000] {logging_mixin.py:154} INFO - [2025-01-17T14:53:17.567+0000] {dag.py:3722} INFO - Setting next_dagrun for finflow_source_data_pipeline to 2025-01-17T14:35:47.572669+00:00, run_after=2025-01-18T14:35:47.572669+00:00
[2025-01-17T14:53:17.592+0000] {processor.py:179} INFO - Processing /opt/airflow/dags/finflow.py took 0.234 seconds
[2025-01-17T14:53:47.773+0000] {processor.py:157} INFO - Started process (PID=607) to work on /opt/airflow/dags/finflow.py
[2025-01-17T14:53:47.775+0000] {processor.py:829} INFO - Processing file /opt/airflow/dags/finflow.py for tasks to queue
[2025-01-17T14:53:47.780+0000] {logging_mixin.py:154} INFO - [2025-01-17T14:53:47.779+0000] {dagbag.py:536} INFO - Filling up the DagBag from /opt/airflow/dags/finflow.py
[2025-01-17T14:53:47.903+0000] {logging_mixin.py:154} INFO - [2025-01-17T14:53:47.902+0000] {finflow.py:126} WARNING - Failed to get max keys, starting from 1: name 'dag' is not defined
[2025-01-17T14:53:47.946+0000] {processor.py:839} INFO - DAG(s) dict_keys(['finflow_source_data_pipeline']) retrieved from /opt/airflow/dags/finflow.py
[2025-01-17T14:53:48.050+0000] {logging_mixin.py:154} INFO - [2025-01-17T14:53:48.049+0000] {dag.py:2941} INFO - Sync 1 DAGs
[2025-01-17T14:53:48.096+0000] {logging_mixin.py:154} INFO - [2025-01-17T14:53:48.095+0000] {dag.py:3722} INFO - Setting next_dagrun for finflow_source_data_pipeline to 2025-01-17T14:35:47.572669+00:00, run_after=2025-01-18T14:35:47.572669+00:00
[2025-01-17T14:53:48.128+0000] {processor.py:179} INFO - Processing /opt/airflow/dags/finflow.py took 0.362 seconds
[2025-01-17T14:54:18.326+0000] {processor.py:157} INFO - Started process (PID=624) to work on /opt/airflow/dags/finflow.py
[2025-01-17T14:54:18.329+0000] {processor.py:829} INFO - Processing file /opt/airflow/dags/finflow.py for tasks to queue
[2025-01-17T14:54:18.332+0000] {logging_mixin.py:154} INFO - [2025-01-17T14:54:18.332+0000] {dagbag.py:536} INFO - Filling up the DagBag from /opt/airflow/dags/finflow.py
[2025-01-17T14:54:18.410+0000] {logging_mixin.py:154} INFO - [2025-01-17T14:54:18.410+0000] {finflow.py:126} WARNING - Failed to get max keys, starting from 1: name 'dag' is not defined
[2025-01-17T14:54:18.438+0000] {processor.py:839} INFO - DAG(s) dict_keys(['finflow_source_data_pipeline']) retrieved from /opt/airflow/dags/finflow.py
[2025-01-17T14:54:18.492+0000] {logging_mixin.py:154} INFO - [2025-01-17T14:54:18.491+0000] {dag.py:2941} INFO - Sync 1 DAGs
[2025-01-17T14:54:18.520+0000] {logging_mixin.py:154} INFO - [2025-01-17T14:54:18.520+0000] {dag.py:3722} INFO - Setting next_dagrun for finflow_source_data_pipeline to 2025-01-17T14:35:47.572669+00:00, run_after=2025-01-18T14:35:47.572669+00:00
[2025-01-17T14:54:18.544+0000] {processor.py:179} INFO - Processing /opt/airflow/dags/finflow.py took 0.224 seconds
[2025-01-17T14:54:48.725+0000] {processor.py:157} INFO - Started process (PID=641) to work on /opt/airflow/dags/finflow.py
[2025-01-17T14:54:48.727+0000] {processor.py:829} INFO - Processing file /opt/airflow/dags/finflow.py for tasks to queue
[2025-01-17T14:54:48.733+0000] {logging_mixin.py:154} INFO - [2025-01-17T14:54:48.732+0000] {dagbag.py:536} INFO - Filling up the DagBag from /opt/airflow/dags/finflow.py
[2025-01-17T14:54:48.882+0000] {logging_mixin.py:154} INFO - [2025-01-17T14:54:48.882+0000] {finflow.py:126} WARNING - Failed to get max keys, starting from 1: name 'dag' is not defined
[2025-01-17T14:54:48.943+0000] {processor.py:839} INFO - DAG(s) dict_keys(['finflow_source_data_pipeline']) retrieved from /opt/airflow/dags/finflow.py
[2025-01-17T14:54:49.027+0000] {logging_mixin.py:154} INFO - [2025-01-17T14:54:49.026+0000] {dag.py:2941} INFO - Sync 1 DAGs
[2025-01-17T14:54:49.069+0000] {logging_mixin.py:154} INFO - [2025-01-17T14:54:49.069+0000] {dag.py:3722} INFO - Setting next_dagrun for finflow_source_data_pipeline to 2025-01-17T14:35:47.572669+00:00, run_after=2025-01-18T14:35:47.572669+00:00
[2025-01-17T14:54:49.103+0000] {processor.py:179} INFO - Processing /opt/airflow/dags/finflow.py took 0.384 seconds
[2025-01-17T14:55:19.298+0000] {processor.py:157} INFO - Started process (PID=659) to work on /opt/airflow/dags/finflow.py
[2025-01-17T14:55:19.301+0000] {processor.py:829} INFO - Processing file /opt/airflow/dags/finflow.py for tasks to queue
[2025-01-17T14:55:19.305+0000] {logging_mixin.py:154} INFO - [2025-01-17T14:55:19.304+0000] {dagbag.py:536} INFO - Filling up the DagBag from /opt/airflow/dags/finflow.py
[2025-01-17T14:55:19.391+0000] {logging_mixin.py:154} INFO - [2025-01-17T14:55:19.391+0000] {finflow.py:126} WARNING - Failed to get max keys, starting from 1: name 'dag' is not defined
[2025-01-17T14:55:19.419+0000] {processor.py:839} INFO - DAG(s) dict_keys(['finflow_source_data_pipeline']) retrieved from /opt/airflow/dags/finflow.py
[2025-01-17T14:55:19.474+0000] {logging_mixin.py:154} INFO - [2025-01-17T14:55:19.473+0000] {dag.py:2941} INFO - Sync 1 DAGs
[2025-01-17T14:55:19.505+0000] {logging_mixin.py:154} INFO - [2025-01-17T14:55:19.504+0000] {dag.py:3722} INFO - Setting next_dagrun for finflow_source_data_pipeline to 2025-01-17T14:35:47.572669+00:00, run_after=2025-01-18T14:35:47.572669+00:00
[2025-01-17T14:55:19.528+0000] {processor.py:179} INFO - Processing /opt/airflow/dags/finflow.py took 0.236 seconds
[2025-01-17T14:55:49.695+0000] {processor.py:157} INFO - Started process (PID=677) to work on /opt/airflow/dags/finflow.py
[2025-01-17T14:55:49.697+0000] {processor.py:829} INFO - Processing file /opt/airflow/dags/finflow.py for tasks to queue
[2025-01-17T14:55:49.701+0000] {logging_mixin.py:154} INFO - [2025-01-17T14:55:49.701+0000] {dagbag.py:536} INFO - Filling up the DagBag from /opt/airflow/dags/finflow.py
[2025-01-17T14:55:49.783+0000] {logging_mixin.py:154} INFO - [2025-01-17T14:55:49.782+0000] {finflow.py:126} WARNING - Failed to get max keys, starting from 1: name 'dag' is not defined
[2025-01-17T14:55:49.810+0000] {processor.py:839} INFO - DAG(s) dict_keys(['finflow_source_data_pipeline']) retrieved from /opt/airflow/dags/finflow.py
[2025-01-17T14:55:49.866+0000] {logging_mixin.py:154} INFO - [2025-01-17T14:55:49.865+0000] {dag.py:2941} INFO - Sync 1 DAGs
[2025-01-17T14:55:49.897+0000] {logging_mixin.py:154} INFO - [2025-01-17T14:55:49.896+0000] {dag.py:3722} INFO - Setting next_dagrun for finflow_source_data_pipeline to 2025-01-17T14:35:47.572669+00:00, run_after=2025-01-18T14:35:47.572669+00:00
[2025-01-17T14:55:49.921+0000] {processor.py:179} INFO - Processing /opt/airflow/dags/finflow.py took 0.231 seconds
[2025-01-17T14:56:20.116+0000] {processor.py:157} INFO - Started process (PID=695) to work on /opt/airflow/dags/finflow.py
[2025-01-17T14:56:20.118+0000] {processor.py:829} INFO - Processing file /opt/airflow/dags/finflow.py for tasks to queue
[2025-01-17T14:56:20.122+0000] {logging_mixin.py:154} INFO - [2025-01-17T14:56:20.121+0000] {dagbag.py:536} INFO - Filling up the DagBag from /opt/airflow/dags/finflow.py
[2025-01-17T14:56:20.203+0000] {logging_mixin.py:154} INFO - [2025-01-17T14:56:20.202+0000] {finflow.py:126} WARNING - Failed to get max keys, starting from 1: name 'dag' is not defined
[2025-01-17T14:56:20.230+0000] {processor.py:839} INFO - DAG(s) dict_keys(['finflow_source_data_pipeline']) retrieved from /opt/airflow/dags/finflow.py
[2025-01-17T14:56:20.285+0000] {logging_mixin.py:154} INFO - [2025-01-17T14:56:20.285+0000] {dag.py:2941} INFO - Sync 1 DAGs
[2025-01-17T14:56:20.325+0000] {logging_mixin.py:154} INFO - [2025-01-17T14:56:20.325+0000] {dag.py:3722} INFO - Setting next_dagrun for finflow_source_data_pipeline to 2025-01-17T14:35:47.572669+00:00, run_after=2025-01-18T14:35:47.572669+00:00
[2025-01-17T14:56:20.359+0000] {processor.py:179} INFO - Processing /opt/airflow/dags/finflow.py took 0.248 seconds
[2025-01-17T14:56:50.559+0000] {processor.py:157} INFO - Started process (PID=712) to work on /opt/airflow/dags/finflow.py
[2025-01-17T14:56:50.562+0000] {processor.py:829} INFO - Processing file /opt/airflow/dags/finflow.py for tasks to queue
[2025-01-17T14:56:50.566+0000] {logging_mixin.py:154} INFO - [2025-01-17T14:56:50.566+0000] {dagbag.py:536} INFO - Filling up the DagBag from /opt/airflow/dags/finflow.py
[2025-01-17T14:56:50.668+0000] {logging_mixin.py:154} INFO - [2025-01-17T14:56:50.668+0000] {finflow.py:126} WARNING - Failed to get max keys, starting from 1: name 'dag' is not defined
[2025-01-17T14:56:50.716+0000] {processor.py:839} INFO - DAG(s) dict_keys(['finflow_source_data_pipeline']) retrieved from /opt/airflow/dags/finflow.py
[2025-01-17T14:56:50.801+0000] {logging_mixin.py:154} INFO - [2025-01-17T14:56:50.800+0000] {dag.py:2941} INFO - Sync 1 DAGs
[2025-01-17T14:56:50.845+0000] {logging_mixin.py:154} INFO - [2025-01-17T14:56:50.844+0000] {dag.py:3722} INFO - Setting next_dagrun for finflow_source_data_pipeline to 2025-01-17T14:35:47.572669+00:00, run_after=2025-01-18T14:35:47.572669+00:00
[2025-01-17T14:56:50.878+0000] {processor.py:179} INFO - Processing /opt/airflow/dags/finflow.py took 0.325 seconds
[2025-01-17T14:57:21.059+0000] {processor.py:157} INFO - Started process (PID=731) to work on /opt/airflow/dags/finflow.py
[2025-01-17T14:57:21.061+0000] {processor.py:829} INFO - Processing file /opt/airflow/dags/finflow.py for tasks to queue
[2025-01-17T14:57:21.065+0000] {logging_mixin.py:154} INFO - [2025-01-17T14:57:21.065+0000] {dagbag.py:536} INFO - Filling up the DagBag from /opt/airflow/dags/finflow.py
[2025-01-17T14:57:21.146+0000] {logging_mixin.py:154} INFO - [2025-01-17T14:57:21.145+0000] {finflow.py:126} WARNING - Failed to get max keys, starting from 1: name 'dag' is not defined
[2025-01-17T14:57:21.174+0000] {processor.py:839} INFO - DAG(s) dict_keys(['finflow_source_data_pipeline']) retrieved from /opt/airflow/dags/finflow.py
[2025-01-17T14:57:21.229+0000] {logging_mixin.py:154} INFO - [2025-01-17T14:57:21.228+0000] {dag.py:2941} INFO - Sync 1 DAGs
[2025-01-17T14:57:21.261+0000] {logging_mixin.py:154} INFO - [2025-01-17T14:57:21.261+0000] {dag.py:3722} INFO - Setting next_dagrun for finflow_source_data_pipeline to 2025-01-17T14:35:47.572669+00:00, run_after=2025-01-18T14:35:47.572669+00:00
[2025-01-17T14:57:21.286+0000] {processor.py:179} INFO - Processing /opt/airflow/dags/finflow.py took 0.233 seconds
[2025-01-17T14:57:51.537+0000] {processor.py:157} INFO - Started process (PID=749) to work on /opt/airflow/dags/finflow.py
[2025-01-17T14:57:51.545+0000] {processor.py:829} INFO - Processing file /opt/airflow/dags/finflow.py for tasks to queue
[2025-01-17T14:57:51.550+0000] {logging_mixin.py:154} INFO - [2025-01-17T14:57:51.549+0000] {dagbag.py:536} INFO - Filling up the DagBag from /opt/airflow/dags/finflow.py
[2025-01-17T14:57:51.718+0000] {logging_mixin.py:154} INFO - [2025-01-17T14:57:51.718+0000] {finflow.py:126} WARNING - Failed to get max keys, starting from 1: name 'dag' is not defined
[2025-01-17T14:57:51.779+0000] {processor.py:839} INFO - DAG(s) dict_keys(['finflow_source_data_pipeline']) retrieved from /opt/airflow/dags/finflow.py
[2025-01-17T14:57:51.873+0000] {logging_mixin.py:154} INFO - [2025-01-17T14:57:51.872+0000] {dag.py:2941} INFO - Sync 1 DAGs
[2025-01-17T14:57:51.914+0000] {logging_mixin.py:154} INFO - [2025-01-17T14:57:51.914+0000] {dag.py:3722} INFO - Setting next_dagrun for finflow_source_data_pipeline to 2025-01-17T14:35:47.572669+00:00, run_after=2025-01-18T14:35:47.572669+00:00
[2025-01-17T14:57:51.960+0000] {processor.py:179} INFO - Processing /opt/airflow/dags/finflow.py took 0.439 seconds
[2025-01-17T14:58:22.413+0000] {processor.py:157} INFO - Started process (PID=766) to work on /opt/airflow/dags/finflow.py
[2025-01-17T14:58:22.425+0000] {processor.py:829} INFO - Processing file /opt/airflow/dags/finflow.py for tasks to queue
[2025-01-17T14:58:22.433+0000] {logging_mixin.py:154} INFO - [2025-01-17T14:58:22.433+0000] {dagbag.py:536} INFO - Filling up the DagBag from /opt/airflow/dags/finflow.py
[2025-01-17T14:58:23.041+0000] {logging_mixin.py:154} INFO - [2025-01-17T14:58:23.040+0000] {finflow.py:126} WARNING - Failed to get max keys, starting from 1: name 'dag' is not defined
[2025-01-17T14:58:23.231+0000] {processor.py:839} INFO - DAG(s) dict_keys(['finflow_source_data_pipeline']) retrieved from /opt/airflow/dags/finflow.py
[2025-01-17T14:58:23.567+0000] {logging_mixin.py:154} INFO - [2025-01-17T14:58:23.566+0000] {dag.py:2941} INFO - Sync 1 DAGs
[2025-01-17T14:58:23.824+0000] {logging_mixin.py:154} INFO - [2025-01-17T14:58:23.823+0000] {dag.py:3722} INFO - Setting next_dagrun for finflow_source_data_pipeline to 2025-01-17T14:35:47.572669+00:00, run_after=2025-01-18T14:35:47.572669+00:00
[2025-01-17T14:58:23.977+0000] {processor.py:179} INFO - Processing /opt/airflow/dags/finflow.py took 1.599 seconds
[2025-01-17T14:58:54.351+0000] {processor.py:157} INFO - Started process (PID=784) to work on /opt/airflow/dags/finflow.py
[2025-01-17T14:58:54.368+0000] {processor.py:829} INFO - Processing file /opt/airflow/dags/finflow.py for tasks to queue
[2025-01-17T14:58:54.389+0000] {logging_mixin.py:154} INFO - [2025-01-17T14:58:54.389+0000] {dagbag.py:536} INFO - Filling up the DagBag from /opt/airflow/dags/finflow.py
[2025-01-17T14:58:54.829+0000] {logging_mixin.py:154} INFO - [2025-01-17T14:58:54.829+0000] {finflow.py:126} WARNING - Failed to get max keys, starting from 1: name 'dag' is not defined
[2025-01-17T14:58:54.979+0000] {processor.py:839} INFO - DAG(s) dict_keys(['finflow_source_data_pipeline']) retrieved from /opt/airflow/dags/finflow.py
[2025-01-17T14:58:55.246+0000] {logging_mixin.py:154} INFO - [2025-01-17T14:58:55.245+0000] {dag.py:2941} INFO - Sync 1 DAGs
[2025-01-17T14:58:55.376+0000] {logging_mixin.py:154} INFO - [2025-01-17T14:58:55.375+0000] {dag.py:3722} INFO - Setting next_dagrun for finflow_source_data_pipeline to 2025-01-17T14:35:47.572669+00:00, run_after=2025-01-18T14:35:47.572669+00:00
[2025-01-17T14:58:55.476+0000] {processor.py:179} INFO - Processing /opt/airflow/dags/finflow.py took 1.132 seconds
[2025-01-17T14:59:25.701+0000] {processor.py:157} INFO - Started process (PID=793) to work on /opt/airflow/dags/finflow.py
[2025-01-17T14:59:25.703+0000] {processor.py:829} INFO - Processing file /opt/airflow/dags/finflow.py for tasks to queue
[2025-01-17T14:59:25.708+0000] {logging_mixin.py:154} INFO - [2025-01-17T14:59:25.708+0000] {dagbag.py:536} INFO - Filling up the DagBag from /opt/airflow/dags/finflow.py
[2025-01-17T14:59:25.823+0000] {logging_mixin.py:154} INFO - [2025-01-17T14:59:25.822+0000] {finflow.py:126} WARNING - Failed to get max keys, starting from 1: name 'dag' is not defined
[2025-01-17T14:59:25.866+0000] {processor.py:839} INFO - DAG(s) dict_keys(['finflow_source_data_pipeline']) retrieved from /opt/airflow/dags/finflow.py
[2025-01-17T14:59:25.952+0000] {logging_mixin.py:154} INFO - [2025-01-17T14:59:25.951+0000] {dag.py:2941} INFO - Sync 1 DAGs
[2025-01-17T14:59:25.997+0000] {logging_mixin.py:154} INFO - [2025-01-17T14:59:25.996+0000] {dag.py:3722} INFO - Setting next_dagrun for finflow_source_data_pipeline to 2025-01-17T14:35:47.572669+00:00, run_after=2025-01-18T14:35:47.572669+00:00
[2025-01-17T14:59:26.030+0000] {processor.py:179} INFO - Processing /opt/airflow/dags/finflow.py took 0.337 seconds
[2025-01-17T14:59:45.912+0000] {processor.py:157} INFO - Started process (PID=810) to work on /opt/airflow/dags/finflow.py
[2025-01-17T14:59:45.923+0000] {processor.py:829} INFO - Processing file /opt/airflow/dags/finflow.py for tasks to queue
[2025-01-17T14:59:45.928+0000] {logging_mixin.py:154} INFO - [2025-01-17T14:59:45.927+0000] {dagbag.py:536} INFO - Filling up the DagBag from /opt/airflow/dags/finflow.py
[2025-01-17T14:59:46.243+0000] {logging_mixin.py:154} INFO - [2025-01-17T14:59:46.243+0000] {finflow.py:126} WARNING - Failed to get max keys, starting from 1: name 'dag' is not defined
[2025-01-17T14:59:46.337+0000] {processor.py:839} INFO - DAG(s) dict_keys(['finflow_source_data_pipeline']) retrieved from /opt/airflow/dags/finflow.py
[2025-01-17T14:59:47.520+0000] {logging_mixin.py:154} INFO - [2025-01-17T14:59:47.519+0000] {dag.py:2941} INFO - Sync 1 DAGs
[2025-01-17T14:59:47.559+0000] {logging_mixin.py:154} INFO - [2025-01-17T14:59:47.559+0000] {dag.py:3722} INFO - Setting next_dagrun for finflow_source_data_pipeline to 2025-01-17T14:35:47.572669+00:00, run_after=2025-01-18T14:35:47.572669+00:00
[2025-01-17T14:59:47.621+0000] {processor.py:179} INFO - Processing /opt/airflow/dags/finflow.py took 1.731 seconds
[2025-01-17T14:59:48.682+0000] {processor.py:157} INFO - Started process (PID=811) to work on /opt/airflow/dags/finflow.py
[2025-01-17T14:59:48.684+0000] {processor.py:829} INFO - Processing file /opt/airflow/dags/finflow.py for tasks to queue
[2025-01-17T14:59:48.687+0000] {logging_mixin.py:154} INFO - [2025-01-17T14:59:48.687+0000] {dagbag.py:536} INFO - Filling up the DagBag from /opt/airflow/dags/finflow.py
[2025-01-17T14:59:48.779+0000] {logging_mixin.py:154} INFO - [2025-01-17T14:59:48.779+0000] {finflow.py:126} WARNING - Failed to get max keys, starting from 1: name 'dag' is not defined
[2025-01-17T14:59:48.806+0000] {processor.py:839} INFO - DAG(s) dict_keys(['finflow_source_data_pipeline']) retrieved from /opt/airflow/dags/finflow.py
[2025-01-17T14:59:48.824+0000] {logging_mixin.py:154} INFO - [2025-01-17T14:59:48.823+0000] {dag.py:2941} INFO - Sync 1 DAGs
[2025-01-17T14:59:49.124+0000] {logging_mixin.py:154} INFO - [2025-01-17T14:59:49.124+0000] {dag.py:3722} INFO - Setting next_dagrun for finflow_source_data_pipeline to 2025-01-17T14:35:47.572669+00:00, run_after=2025-01-18T14:35:47.572669+00:00
[2025-01-17T14:59:49.162+0000] {processor.py:179} INFO - Processing /opt/airflow/dags/finflow.py took 0.485 seconds
[2025-01-17T14:59:54.244+0000] {processor.py:157} INFO - Started process (PID=812) to work on /opt/airflow/dags/finflow.py
[2025-01-17T14:59:54.245+0000] {processor.py:829} INFO - Processing file /opt/airflow/dags/finflow.py for tasks to queue
[2025-01-17T14:59:54.249+0000] {logging_mixin.py:154} INFO - [2025-01-17T14:59:54.248+0000] {dagbag.py:536} INFO - Filling up the DagBag from /opt/airflow/dags/finflow.py
[2025-01-17T14:59:54.338+0000] {logging_mixin.py:154} INFO - [2025-01-17T14:59:54.338+0000] {finflow.py:126} WARNING - Failed to get max keys, starting from 1: name 'dag' is not defined
[2025-01-17T14:59:54.365+0000] {processor.py:839} INFO - DAG(s) dict_keys(['finflow_source_data_pipeline']) retrieved from /opt/airflow/dags/finflow.py
[2025-01-17T14:59:54.381+0000] {logging_mixin.py:154} INFO - [2025-01-17T14:59:54.380+0000] {dag.py:2941} INFO - Sync 1 DAGs
[2025-01-17T14:59:54.692+0000] {logging_mixin.py:154} INFO - [2025-01-17T14:59:54.692+0000] {dag.py:3722} INFO - Setting next_dagrun for finflow_source_data_pipeline to 2025-01-17T14:35:47.572669+00:00, run_after=2025-01-18T14:35:47.572669+00:00
[2025-01-17T14:59:54.719+0000] {processor.py:179} INFO - Processing /opt/airflow/dags/finflow.py took 0.482 seconds
[2025-01-17T15:00:24.968+0000] {processor.py:157} INFO - Started process (PID=828) to work on /opt/airflow/dags/finflow.py
[2025-01-17T15:00:24.977+0000] {processor.py:829} INFO - Processing file /opt/airflow/dags/finflow.py for tasks to queue
[2025-01-17T15:00:24.982+0000] {logging_mixin.py:154} INFO - [2025-01-17T15:00:24.982+0000] {dagbag.py:536} INFO - Filling up the DagBag from /opt/airflow/dags/finflow.py
[2025-01-17T15:00:25.572+0000] {logging_mixin.py:154} INFO - [2025-01-17T15:00:25.571+0000] {finflow.py:126} WARNING - Failed to get max keys, starting from 1: name 'dag' is not defined
[2025-01-17T15:00:25.636+0000] {processor.py:839} INFO - DAG(s) dict_keys(['finflow_source_data_pipeline']) retrieved from /opt/airflow/dags/finflow.py
[2025-01-17T15:00:25.786+0000] {logging_mixin.py:154} INFO - [2025-01-17T15:00:25.785+0000] {dag.py:2941} INFO - Sync 1 DAGs
[2025-01-17T15:00:25.834+0000] {logging_mixin.py:154} INFO - [2025-01-17T15:00:25.833+0000] {dag.py:3722} INFO - Setting next_dagrun for finflow_source_data_pipeline to 2025-01-17T14:35:47.572669+00:00, run_after=2025-01-18T14:35:47.572669+00:00
[2025-01-17T15:00:25.865+0000] {processor.py:179} INFO - Processing /opt/airflow/dags/finflow.py took 0.924 seconds
[2025-01-17T15:00:56.059+0000] {processor.py:157} INFO - Started process (PID=844) to work on /opt/airflow/dags/finflow.py
[2025-01-17T15:00:56.073+0000] {processor.py:829} INFO - Processing file /opt/airflow/dags/finflow.py for tasks to queue
[2025-01-17T15:00:56.078+0000] {logging_mixin.py:154} INFO - [2025-01-17T15:00:56.078+0000] {dagbag.py:536} INFO - Filling up the DagBag from /opt/airflow/dags/finflow.py
[2025-01-17T15:00:56.453+0000] {logging_mixin.py:154} INFO - [2025-01-17T15:00:56.452+0000] {finflow.py:126} WARNING - Failed to get max keys, starting from 1: name 'dag' is not defined
[2025-01-17T15:00:56.791+0000] {processor.py:839} INFO - DAG(s) dict_keys(['finflow_source_data_pipeline']) retrieved from /opt/airflow/dags/finflow.py
[2025-01-17T15:00:57.123+0000] {logging_mixin.py:154} INFO - [2025-01-17T15:00:57.121+0000] {dag.py:2941} INFO - Sync 1 DAGs
[2025-01-17T15:00:57.260+0000] {logging_mixin.py:154} INFO - [2025-01-17T15:00:57.259+0000] {dag.py:3722} INFO - Setting next_dagrun for finflow_source_data_pipeline to 2025-01-17T14:35:47.572669+00:00, run_after=2025-01-18T14:35:47.572669+00:00
[2025-01-17T15:00:57.350+0000] {processor.py:179} INFO - Processing /opt/airflow/dags/finflow.py took 1.303 seconds
[2025-01-17T15:01:28.118+0000] {processor.py:157} INFO - Started process (PID=853) to work on /opt/airflow/dags/finflow.py
[2025-01-17T15:01:28.122+0000] {processor.py:829} INFO - Processing file /opt/airflow/dags/finflow.py for tasks to queue
[2025-01-17T15:01:28.134+0000] {logging_mixin.py:154} INFO - [2025-01-17T15:01:28.134+0000] {dagbag.py:536} INFO - Filling up the DagBag from /opt/airflow/dags/finflow.py
[2025-01-17T15:01:28.529+0000] {logging_mixin.py:154} INFO - [2025-01-17T15:01:28.529+0000] {finflow.py:126} WARNING - Failed to get max keys, starting from 1: name 'dag' is not defined
[2025-01-17T15:01:28.687+0000] {processor.py:839} INFO - DAG(s) dict_keys(['finflow_source_data_pipeline']) retrieved from /opt/airflow/dags/finflow.py
[2025-01-17T15:01:28.938+0000] {logging_mixin.py:154} INFO - [2025-01-17T15:01:28.937+0000] {dag.py:2941} INFO - Sync 1 DAGs
[2025-01-17T15:01:29.038+0000] {logging_mixin.py:154} INFO - [2025-01-17T15:01:29.038+0000] {dag.py:3722} INFO - Setting next_dagrun for finflow_source_data_pipeline to 2025-01-17T14:35:47.572669+00:00, run_after=2025-01-18T14:35:47.572669+00:00
[2025-01-17T15:01:29.099+0000] {processor.py:179} INFO - Processing /opt/airflow/dags/finflow.py took 1.008 seconds
[2025-01-17T15:01:59.361+0000] {processor.py:157} INFO - Started process (PID=869) to work on /opt/airflow/dags/finflow.py
[2025-01-17T15:01:59.369+0000] {processor.py:829} INFO - Processing file /opt/airflow/dags/finflow.py for tasks to queue
[2025-01-17T15:01:59.374+0000] {logging_mixin.py:154} INFO - [2025-01-17T15:01:59.373+0000] {dagbag.py:536} INFO - Filling up the DagBag from /opt/airflow/dags/finflow.py
[2025-01-17T15:01:59.550+0000] {logging_mixin.py:154} INFO - [2025-01-17T15:01:59.549+0000] {finflow.py:126} WARNING - Failed to get max keys, starting from 1: name 'dag' is not defined
[2025-01-17T15:01:59.637+0000] {processor.py:839} INFO - DAG(s) dict_keys(['finflow_source_data_pipeline']) retrieved from /opt/airflow/dags/finflow.py
[2025-01-17T15:01:59.822+0000] {logging_mixin.py:154} INFO - [2025-01-17T15:01:59.821+0000] {dag.py:2941} INFO - Sync 1 DAGs
[2025-01-17T15:01:59.867+0000] {logging_mixin.py:154} INFO - [2025-01-17T15:01:59.867+0000] {dag.py:3722} INFO - Setting next_dagrun for finflow_source_data_pipeline to 2025-01-17T14:35:47.572669+00:00, run_after=2025-01-18T14:35:47.572669+00:00
[2025-01-17T15:01:59.900+0000] {processor.py:179} INFO - Processing /opt/airflow/dags/finflow.py took 0.554 seconds
[2025-01-17T15:02:30.303+0000] {processor.py:157} INFO - Started process (PID=885) to work on /opt/airflow/dags/finflow.py
[2025-01-17T15:02:30.317+0000] {processor.py:829} INFO - Processing file /opt/airflow/dags/finflow.py for tasks to queue
[2025-01-17T15:02:30.333+0000] {logging_mixin.py:154} INFO - [2025-01-17T15:02:30.332+0000] {dagbag.py:536} INFO - Filling up the DagBag from /opt/airflow/dags/finflow.py
[2025-01-17T15:02:30.634+0000] {logging_mixin.py:154} INFO - [2025-01-17T15:02:30.634+0000] {finflow.py:126} WARNING - Failed to get max keys, starting from 1: name 'dag' is not defined
[2025-01-17T15:02:30.719+0000] {processor.py:839} INFO - DAG(s) dict_keys(['finflow_source_data_pipeline']) retrieved from /opt/airflow/dags/finflow.py
[2025-01-17T15:02:30.995+0000] {logging_mixin.py:154} INFO - [2025-01-17T15:02:30.994+0000] {dag.py:2941} INFO - Sync 1 DAGs
[2025-01-17T15:02:31.104+0000] {logging_mixin.py:154} INFO - [2025-01-17T15:02:31.104+0000] {dag.py:3722} INFO - Setting next_dagrun for finflow_source_data_pipeline to 2025-01-17T14:35:47.572669+00:00, run_after=2025-01-18T14:35:47.572669+00:00
[2025-01-17T15:02:31.173+0000] {processor.py:179} INFO - Processing /opt/airflow/dags/finflow.py took 0.901 seconds
[2025-01-17T15:03:01.523+0000] {processor.py:157} INFO - Started process (PID=901) to work on /opt/airflow/dags/finflow.py
[2025-01-17T15:03:01.529+0000] {processor.py:829} INFO - Processing file /opt/airflow/dags/finflow.py for tasks to queue
[2025-01-17T15:03:01.551+0000] {logging_mixin.py:154} INFO - [2025-01-17T15:03:01.550+0000] {dagbag.py:536} INFO - Filling up the DagBag from /opt/airflow/dags/finflow.py
[2025-01-17T15:03:01.866+0000] {logging_mixin.py:154} INFO - [2025-01-17T15:03:01.866+0000] {finflow.py:126} WARNING - Failed to get max keys, starting from 1: name 'dag' is not defined
[2025-01-17T15:03:01.962+0000] {processor.py:839} INFO - DAG(s) dict_keys(['finflow_source_data_pipeline']) retrieved from /opt/airflow/dags/finflow.py
[2025-01-17T15:03:02.142+0000] {logging_mixin.py:154} INFO - [2025-01-17T15:03:02.141+0000] {dag.py:2941} INFO - Sync 1 DAGs
[2025-01-17T15:03:02.266+0000] {logging_mixin.py:154} INFO - [2025-01-17T15:03:02.265+0000] {dag.py:3722} INFO - Setting next_dagrun for finflow_source_data_pipeline to 2025-01-17T14:35:47.572669+00:00, run_after=2025-01-18T14:35:47.572669+00:00
[2025-01-17T15:03:02.357+0000] {processor.py:179} INFO - Processing /opt/airflow/dags/finflow.py took 0.851 seconds
[2025-01-17T15:03:32.671+0000] {processor.py:157} INFO - Started process (PID=918) to work on /opt/airflow/dags/finflow.py
[2025-01-17T15:03:32.689+0000] {processor.py:829} INFO - Processing file /opt/airflow/dags/finflow.py for tasks to queue
[2025-01-17T15:03:32.695+0000] {logging_mixin.py:154} INFO - [2025-01-17T15:03:32.694+0000] {dagbag.py:536} INFO - Filling up the DagBag from /opt/airflow/dags/finflow.py
[2025-01-17T15:03:33.112+0000] {logging_mixin.py:154} INFO - [2025-01-17T15:03:33.111+0000] {finflow.py:126} WARNING - Failed to get max keys, starting from 1: name 'dag' is not defined
[2025-01-17T15:03:33.249+0000] {processor.py:839} INFO - DAG(s) dict_keys(['finflow_source_data_pipeline']) retrieved from /opt/airflow/dags/finflow.py
[2025-01-17T15:03:33.434+0000] {logging_mixin.py:154} INFO - [2025-01-17T15:03:33.433+0000] {dag.py:2941} INFO - Sync 1 DAGs
[2025-01-17T15:03:33.552+0000] {logging_mixin.py:154} INFO - [2025-01-17T15:03:33.551+0000] {dag.py:3722} INFO - Setting next_dagrun for finflow_source_data_pipeline to 2025-01-17T14:35:47.572669+00:00, run_after=2025-01-18T14:35:47.572669+00:00
[2025-01-17T15:03:33.654+0000] {processor.py:179} INFO - Processing /opt/airflow/dags/finflow.py took 0.995 seconds
[2025-01-17T15:04:03.891+0000] {processor.py:157} INFO - Started process (PID=927) to work on /opt/airflow/dags/finflow.py
[2025-01-17T15:04:03.909+0000] {processor.py:829} INFO - Processing file /opt/airflow/dags/finflow.py for tasks to queue
[2025-01-17T15:04:03.922+0000] {logging_mixin.py:154} INFO - [2025-01-17T15:04:03.921+0000] {dagbag.py:536} INFO - Filling up the DagBag from /opt/airflow/dags/finflow.py
[2025-01-17T15:04:04.134+0000] {logging_mixin.py:154} INFO - [2025-01-17T15:04:04.134+0000] {finflow.py:126} WARNING - Failed to get max keys, starting from 1: name 'dag' is not defined
[2025-01-17T15:04:04.209+0000] {processor.py:839} INFO - DAG(s) dict_keys(['finflow_source_data_pipeline']) retrieved from /opt/airflow/dags/finflow.py
[2025-01-17T15:04:04.341+0000] {logging_mixin.py:154} INFO - [2025-01-17T15:04:04.340+0000] {dag.py:2941} INFO - Sync 1 DAGs
[2025-01-17T15:04:04.403+0000] {logging_mixin.py:154} INFO - [2025-01-17T15:04:04.403+0000] {dag.py:3722} INFO - Setting next_dagrun for finflow_source_data_pipeline to 2025-01-17T14:35:47.572669+00:00, run_after=2025-01-18T14:35:47.572669+00:00
[2025-01-17T15:04:04.444+0000] {processor.py:179} INFO - Processing /opt/airflow/dags/finflow.py took 0.560 seconds
[2025-01-17T15:04:34.764+0000] {processor.py:157} INFO - Started process (PID=944) to work on /opt/airflow/dags/finflow.py
[2025-01-17T15:04:34.774+0000] {processor.py:829} INFO - Processing file /opt/airflow/dags/finflow.py for tasks to queue
[2025-01-17T15:04:34.781+0000] {logging_mixin.py:154} INFO - [2025-01-17T15:04:34.781+0000] {dagbag.py:536} INFO - Filling up the DagBag from /opt/airflow/dags/finflow.py
[2025-01-17T15:04:35.213+0000] {logging_mixin.py:154} INFO - [2025-01-17T15:04:35.212+0000] {finflow.py:126} WARNING - Failed to get max keys, starting from 1: name 'dag' is not defined
[2025-01-17T15:04:35.333+0000] {processor.py:839} INFO - DAG(s) dict_keys(['finflow_source_data_pipeline']) retrieved from /opt/airflow/dags/finflow.py
[2025-01-17T15:04:35.540+0000] {logging_mixin.py:154} INFO - [2025-01-17T15:04:35.539+0000] {dag.py:2941} INFO - Sync 1 DAGs
[2025-01-17T15:04:35.710+0000] {logging_mixin.py:154} INFO - [2025-01-17T15:04:35.708+0000] {dag.py:3722} INFO - Setting next_dagrun for finflow_source_data_pipeline to 2025-01-17T14:35:47.572669+00:00, run_after=2025-01-18T14:35:47.572669+00:00
[2025-01-17T15:04:35.790+0000] {processor.py:179} INFO - Processing /opt/airflow/dags/finflow.py took 1.044 seconds
[2025-01-17T15:05:05.963+0000] {processor.py:157} INFO - Started process (PID=960) to work on /opt/airflow/dags/finflow.py
[2025-01-17T15:05:05.967+0000] {processor.py:829} INFO - Processing file /opt/airflow/dags/finflow.py for tasks to queue
[2025-01-17T15:05:05.972+0000] {logging_mixin.py:154} INFO - [2025-01-17T15:05:05.971+0000] {dagbag.py:536} INFO - Filling up the DagBag from /opt/airflow/dags/finflow.py
[2025-01-17T15:05:06.150+0000] {logging_mixin.py:154} INFO - [2025-01-17T15:05:06.150+0000] {finflow.py:126} WARNING - Failed to get max keys, starting from 1: name 'dag' is not defined
[2025-01-17T15:05:06.217+0000] {processor.py:839} INFO - DAG(s) dict_keys(['finflow_source_data_pipeline']) retrieved from /opt/airflow/dags/finflow.py
[2025-01-17T15:05:06.386+0000] {logging_mixin.py:154} INFO - [2025-01-17T15:05:06.384+0000] {dag.py:2941} INFO - Sync 1 DAGs
[2025-01-17T15:05:06.475+0000] {logging_mixin.py:154} INFO - [2025-01-17T15:05:06.474+0000] {dag.py:3722} INFO - Setting next_dagrun for finflow_source_data_pipeline to 2025-01-17T14:35:47.572669+00:00, run_after=2025-01-18T14:35:47.572669+00:00
[2025-01-17T15:05:06.575+0000] {processor.py:179} INFO - Processing /opt/airflow/dags/finflow.py took 0.620 seconds
[2025-01-17T15:05:36.795+0000] {processor.py:157} INFO - Started process (PID=978) to work on /opt/airflow/dags/finflow.py
[2025-01-17T15:05:36.797+0000] {processor.py:829} INFO - Processing file /opt/airflow/dags/finflow.py for tasks to queue
[2025-01-17T15:05:36.801+0000] {logging_mixin.py:154} INFO - [2025-01-17T15:05:36.800+0000] {dagbag.py:536} INFO - Filling up the DagBag from /opt/airflow/dags/finflow.py
[2025-01-17T15:05:36.882+0000] {logging_mixin.py:154} INFO - [2025-01-17T15:05:36.882+0000] {finflow.py:126} WARNING - Failed to get max keys, starting from 1: name 'dag' is not defined
[2025-01-17T15:05:36.909+0000] {processor.py:839} INFO - DAG(s) dict_keys(['finflow_source_data_pipeline']) retrieved from /opt/airflow/dags/finflow.py
[2025-01-17T15:05:36.963+0000] {logging_mixin.py:154} INFO - [2025-01-17T15:05:36.962+0000] {dag.py:2941} INFO - Sync 1 DAGs
[2025-01-17T15:05:36.993+0000] {logging_mixin.py:154} INFO - [2025-01-17T15:05:36.993+0000] {dag.py:3722} INFO - Setting next_dagrun for finflow_source_data_pipeline to 2025-01-17T14:35:47.572669+00:00, run_after=2025-01-18T14:35:47.572669+00:00
[2025-01-17T15:05:37.016+0000] {processor.py:179} INFO - Processing /opt/airflow/dags/finflow.py took 0.227 seconds
[2025-01-17T15:06:07.200+0000] {processor.py:157} INFO - Started process (PID=995) to work on /opt/airflow/dags/finflow.py
[2025-01-17T15:06:07.201+0000] {processor.py:829} INFO - Processing file /opt/airflow/dags/finflow.py for tasks to queue
[2025-01-17T15:06:07.205+0000] {logging_mixin.py:154} INFO - [2025-01-17T15:06:07.204+0000] {dagbag.py:536} INFO - Filling up the DagBag from /opt/airflow/dags/finflow.py
[2025-01-17T15:06:07.291+0000] {logging_mixin.py:154} INFO - [2025-01-17T15:06:07.291+0000] {finflow.py:126} WARNING - Failed to get max keys, starting from 1: name 'dag' is not defined
[2025-01-17T15:06:07.318+0000] {processor.py:839} INFO - DAG(s) dict_keys(['finflow_source_data_pipeline']) retrieved from /opt/airflow/dags/finflow.py
[2025-01-17T15:06:07.373+0000] {logging_mixin.py:154} INFO - [2025-01-17T15:06:07.373+0000] {dag.py:2941} INFO - Sync 1 DAGs
[2025-01-17T15:06:07.402+0000] {logging_mixin.py:154} INFO - [2025-01-17T15:06:07.402+0000] {dag.py:3722} INFO - Setting next_dagrun for finflow_source_data_pipeline to 2025-01-17T14:35:47.572669+00:00, run_after=2025-01-18T14:35:47.572669+00:00
[2025-01-17T15:06:07.427+0000] {processor.py:179} INFO - Processing /opt/airflow/dags/finflow.py took 0.232 seconds
[2025-01-17T15:06:37.606+0000] {processor.py:157} INFO - Started process (PID=1012) to work on /opt/airflow/dags/finflow.py
[2025-01-17T15:06:37.620+0000] {processor.py:829} INFO - Processing file /opt/airflow/dags/finflow.py for tasks to queue
[2025-01-17T15:06:37.625+0000] {logging_mixin.py:154} INFO - [2025-01-17T15:06:37.624+0000] {dagbag.py:536} INFO - Filling up the DagBag from /opt/airflow/dags/finflow.py
[2025-01-17T15:06:37.743+0000] {logging_mixin.py:154} INFO - [2025-01-17T15:06:37.742+0000] {finflow.py:126} WARNING - Failed to get max keys, starting from 1: name 'dag' is not defined
[2025-01-17T15:06:37.798+0000] {processor.py:839} INFO - DAG(s) dict_keys(['finflow_source_data_pipeline']) retrieved from /opt/airflow/dags/finflow.py
[2025-01-17T15:06:37.877+0000] {logging_mixin.py:154} INFO - [2025-01-17T15:06:37.876+0000] {dag.py:2941} INFO - Sync 1 DAGs
[2025-01-17T15:06:37.905+0000] {logging_mixin.py:154} INFO - [2025-01-17T15:06:37.905+0000] {dag.py:3722} INFO - Setting next_dagrun for finflow_source_data_pipeline to 2025-01-17T14:35:47.572669+00:00, run_after=2025-01-18T14:35:47.572669+00:00
[2025-01-17T15:06:37.933+0000] {processor.py:179} INFO - Processing /opt/airflow/dags/finflow.py took 0.334 seconds
[2025-01-17T15:07:08.117+0000] {processor.py:157} INFO - Started process (PID=1030) to work on /opt/airflow/dags/finflow.py
[2025-01-17T15:07:08.119+0000] {processor.py:829} INFO - Processing file /opt/airflow/dags/finflow.py for tasks to queue
[2025-01-17T15:07:08.122+0000] {logging_mixin.py:154} INFO - [2025-01-17T15:07:08.122+0000] {dagbag.py:536} INFO - Filling up the DagBag from /opt/airflow/dags/finflow.py
[2025-01-17T15:07:08.202+0000] {logging_mixin.py:154} INFO - [2025-01-17T15:07:08.202+0000] {finflow.py:126} WARNING - Failed to get max keys, starting from 1: name 'dag' is not defined
[2025-01-17T15:07:08.231+0000] {processor.py:839} INFO - DAG(s) dict_keys(['finflow_source_data_pipeline']) retrieved from /opt/airflow/dags/finflow.py
[2025-01-17T15:07:08.286+0000] {logging_mixin.py:154} INFO - [2025-01-17T15:07:08.285+0000] {dag.py:2941} INFO - Sync 1 DAGs
[2025-01-17T15:07:08.313+0000] {logging_mixin.py:154} INFO - [2025-01-17T15:07:08.313+0000] {dag.py:3722} INFO - Setting next_dagrun for finflow_source_data_pipeline to 2025-01-17T14:35:47.572669+00:00, run_after=2025-01-18T14:35:47.572669+00:00
[2025-01-17T15:07:08.336+0000] {processor.py:179} INFO - Processing /opt/airflow/dags/finflow.py took 0.224 seconds
[2025-01-17T15:07:38.525+0000] {processor.py:157} INFO - Started process (PID=1058) to work on /opt/airflow/dags/finflow.py
[2025-01-17T15:07:38.527+0000] {processor.py:829} INFO - Processing file /opt/airflow/dags/finflow.py for tasks to queue
[2025-01-17T15:07:38.533+0000] {logging_mixin.py:154} INFO - [2025-01-17T15:07:38.532+0000] {dagbag.py:536} INFO - Filling up the DagBag from /opt/airflow/dags/finflow.py
[2025-01-17T15:07:38.671+0000] {logging_mixin.py:154} INFO - [2025-01-17T15:07:38.671+0000] {finflow.py:126} WARNING - Failed to get max keys, starting from 1: name 'dag' is not defined
[2025-01-17T15:07:38.719+0000] {processor.py:839} INFO - DAG(s) dict_keys(['finflow_source_data_pipeline']) retrieved from /opt/airflow/dags/finflow.py
[2025-01-17T15:07:38.810+0000] {logging_mixin.py:154} INFO - [2025-01-17T15:07:38.809+0000] {dag.py:2941} INFO - Sync 1 DAGs
[2025-01-17T15:07:38.854+0000] {logging_mixin.py:154} INFO - [2025-01-17T15:07:38.853+0000] {dag.py:3722} INFO - Setting next_dagrun for finflow_source_data_pipeline to 2025-01-17T14:35:47.572669+00:00, run_after=2025-01-18T14:35:47.572669+00:00
[2025-01-17T15:07:38.902+0000] {processor.py:179} INFO - Processing /opt/airflow/dags/finflow.py took 0.386 seconds
[2025-01-17T15:08:09.090+0000] {processor.py:157} INFO - Started process (PID=1076) to work on /opt/airflow/dags/finflow.py
[2025-01-17T15:08:09.092+0000] {processor.py:829} INFO - Processing file /opt/airflow/dags/finflow.py for tasks to queue
[2025-01-17T15:08:09.097+0000] {logging_mixin.py:154} INFO - [2025-01-17T15:08:09.096+0000] {dagbag.py:536} INFO - Filling up the DagBag from /opt/airflow/dags/finflow.py
[2025-01-17T15:08:09.224+0000] {logging_mixin.py:154} INFO - [2025-01-17T15:08:09.223+0000] {finflow.py:126} WARNING - Failed to get max keys, starting from 1: name 'dag' is not defined
[2025-01-17T15:08:09.268+0000] {processor.py:839} INFO - DAG(s) dict_keys(['finflow_source_data_pipeline']) retrieved from /opt/airflow/dags/finflow.py
[2025-01-17T15:08:09.351+0000] {logging_mixin.py:154} INFO - [2025-01-17T15:08:09.350+0000] {dag.py:2941} INFO - Sync 1 DAGs
[2025-01-17T15:08:09.397+0000] {logging_mixin.py:154} INFO - [2025-01-17T15:08:09.397+0000] {dag.py:3722} INFO - Setting next_dagrun for finflow_source_data_pipeline to 2025-01-17T14:35:47.572669+00:00, run_after=2025-01-18T14:35:47.572669+00:00
[2025-01-17T15:08:09.439+0000] {processor.py:179} INFO - Processing /opt/airflow/dags/finflow.py took 0.354 seconds
[2025-01-17T15:08:39.673+0000] {processor.py:157} INFO - Started process (PID=1095) to work on /opt/airflow/dags/finflow.py
[2025-01-17T15:08:39.676+0000] {processor.py:829} INFO - Processing file /opt/airflow/dags/finflow.py for tasks to queue
[2025-01-17T15:08:39.685+0000] {logging_mixin.py:154} INFO - [2025-01-17T15:08:39.685+0000] {dagbag.py:536} INFO - Filling up the DagBag from /opt/airflow/dags/finflow.py
[2025-01-17T15:08:39.940+0000] {logging_mixin.py:154} INFO - [2025-01-17T15:08:39.940+0000] {finflow.py:126} WARNING - Failed to get max keys, starting from 1: name 'dag' is not defined
[2025-01-17T15:08:39.984+0000] {processor.py:839} INFO - DAG(s) dict_keys(['finflow_source_data_pipeline']) retrieved from /opt/airflow/dags/finflow.py
[2025-01-17T15:08:40.068+0000] {logging_mixin.py:154} INFO - [2025-01-17T15:08:40.067+0000] {dag.py:2941} INFO - Sync 1 DAGs
[2025-01-17T15:08:40.112+0000] {logging_mixin.py:154} INFO - [2025-01-17T15:08:40.111+0000] {dag.py:3722} INFO - Setting next_dagrun for finflow_source_data_pipeline to 2025-01-17T14:35:47.572669+00:00, run_after=2025-01-18T14:35:47.572669+00:00
[2025-01-17T15:08:40.165+0000] {processor.py:179} INFO - Processing /opt/airflow/dags/finflow.py took 0.520 seconds
[2025-01-17T15:09:10.431+0000] {processor.py:157} INFO - Started process (PID=1111) to work on /opt/airflow/dags/finflow.py
[2025-01-17T15:09:10.436+0000] {processor.py:829} INFO - Processing file /opt/airflow/dags/finflow.py for tasks to queue
[2025-01-17T15:09:10.441+0000] {logging_mixin.py:154} INFO - [2025-01-17T15:09:10.441+0000] {dagbag.py:536} INFO - Filling up the DagBag from /opt/airflow/dags/finflow.py
[2025-01-17T15:09:10.603+0000] {logging_mixin.py:154} INFO - [2025-01-17T15:09:10.603+0000] {finflow.py:126} WARNING - Failed to get max keys, starting from 1: name 'dag' is not defined
[2025-01-17T15:09:10.671+0000] {processor.py:839} INFO - DAG(s) dict_keys(['finflow_source_data_pipeline']) retrieved from /opt/airflow/dags/finflow.py
[2025-01-17T15:09:10.802+0000] {logging_mixin.py:154} INFO - [2025-01-17T15:09:10.801+0000] {dag.py:2941} INFO - Sync 1 DAGs
[2025-01-17T15:09:10.874+0000] {logging_mixin.py:154} INFO - [2025-01-17T15:09:10.874+0000] {dag.py:3722} INFO - Setting next_dagrun for finflow_source_data_pipeline to 2025-01-17T14:35:47.572669+00:00, run_after=2025-01-18T14:35:47.572669+00:00
[2025-01-17T15:09:10.928+0000] {processor.py:179} INFO - Processing /opt/airflow/dags/finflow.py took 0.511 seconds
[2025-01-17T15:09:31.005+0000] {processor.py:157} INFO - Started process (PID=1120) to work on /opt/airflow/dags/finflow.py
[2025-01-17T15:09:31.014+0000] {processor.py:829} INFO - Processing file /opt/airflow/dags/finflow.py for tasks to queue
[2025-01-17T15:09:31.027+0000] {logging_mixin.py:154} INFO - [2025-01-17T15:09:31.026+0000] {dagbag.py:536} INFO - Filling up the DagBag from /opt/airflow/dags/finflow.py
[2025-01-17T15:09:31.531+0000] {logging_mixin.py:154} INFO - [2025-01-17T15:09:31.531+0000] {finflow.py:126} WARNING - Failed to get max keys, starting from 1: name 'dag' is not defined
[2025-01-17T15:09:31.802+0000] {processor.py:839} INFO - DAG(s) dict_keys(['finflow_source_data_pipeline']) retrieved from /opt/airflow/dags/finflow.py
[2025-01-17T15:09:32.130+0000] {logging_mixin.py:154} INFO - [2025-01-17T15:09:32.129+0000] {dag.py:2941} INFO - Sync 1 DAGs
[2025-01-17T15:09:32.304+0000] {logging_mixin.py:154} INFO - [2025-01-17T15:09:32.304+0000] {dag.py:3722} INFO - Setting next_dagrun for finflow_source_data_pipeline to 2025-01-17T14:35:47.572669+00:00, run_after=2025-01-18T14:35:47.572669+00:00
[2025-01-17T15:09:32.434+0000] {processor.py:179} INFO - Processing /opt/airflow/dags/finflow.py took 1.442 seconds
[2025-01-17T15:10:02.785+0000] {processor.py:157} INFO - Started process (PID=1135) to work on /opt/airflow/dags/finflow.py
[2025-01-17T15:10:02.820+0000] {processor.py:829} INFO - Processing file /opt/airflow/dags/finflow.py for tasks to queue
[2025-01-17T15:10:02.825+0000] {logging_mixin.py:154} INFO - [2025-01-17T15:10:02.824+0000] {dagbag.py:536} INFO - Filling up the DagBag from /opt/airflow/dags/finflow.py
[2025-01-17T15:10:03.045+0000] {logging_mixin.py:154} INFO - [2025-01-17T15:10:03.044+0000] {finflow.py:126} WARNING - Failed to get max keys, starting from 1: name 'dag' is not defined
[2025-01-17T15:10:03.104+0000] {processor.py:839} INFO - DAG(s) dict_keys(['finflow_source_data_pipeline']) retrieved from /opt/airflow/dags/finflow.py
[2025-01-17T15:10:03.194+0000] {logging_mixin.py:154} INFO - [2025-01-17T15:10:03.193+0000] {dag.py:2941} INFO - Sync 1 DAGs
[2025-01-17T15:10:03.234+0000] {logging_mixin.py:154} INFO - [2025-01-17T15:10:03.234+0000] {dag.py:3722} INFO - Setting next_dagrun for finflow_source_data_pipeline to 2025-01-17T14:35:47.572669+00:00, run_after=2025-01-18T14:35:47.572669+00:00
[2025-01-17T15:10:03.265+0000] {processor.py:179} INFO - Processing /opt/airflow/dags/finflow.py took 0.487 seconds
[2025-01-17T15:10:33.618+0000] {processor.py:157} INFO - Started process (PID=1151) to work on /opt/airflow/dags/finflow.py
[2025-01-17T15:10:33.626+0000] {processor.py:829} INFO - Processing file /opt/airflow/dags/finflow.py for tasks to queue
[2025-01-17T15:10:33.641+0000] {logging_mixin.py:154} INFO - [2025-01-17T15:10:33.641+0000] {dagbag.py:536} INFO - Filling up the DagBag from /opt/airflow/dags/finflow.py
[2025-01-17T15:10:33.960+0000] {logging_mixin.py:154} INFO - [2025-01-17T15:10:33.960+0000] {finflow.py:126} WARNING - Failed to get max keys, starting from 1: name 'dag' is not defined
[2025-01-17T15:10:35.098+0000] {processor.py:839} INFO - DAG(s) dict_keys(['finflow_source_data_pipeline']) retrieved from /opt/airflow/dags/finflow.py
[2025-01-17T15:10:35.290+0000] {logging_mixin.py:154} INFO - [2025-01-17T15:10:35.289+0000] {dag.py:2941} INFO - Sync 1 DAGs
[2025-01-17T15:10:35.348+0000] {logging_mixin.py:154} INFO - [2025-01-17T15:10:35.348+0000] {dag.py:3722} INFO - Setting next_dagrun for finflow_source_data_pipeline to 2025-01-17T14:35:47.572669+00:00, run_after=2025-01-18T14:35:47.572669+00:00
[2025-01-17T15:10:35.405+0000] {processor.py:179} INFO - Processing /opt/airflow/dags/finflow.py took 1.814 seconds
[2025-01-17T15:11:06.492+0000] {processor.py:157} INFO - Started process (PID=1166) to work on /opt/airflow/dags/finflow.py
[2025-01-17T15:11:06.502+0000] {processor.py:829} INFO - Processing file /opt/airflow/dags/finflow.py for tasks to queue
[2025-01-17T15:11:06.514+0000] {logging_mixin.py:154} INFO - [2025-01-17T15:11:06.514+0000] {dagbag.py:536} INFO - Filling up the DagBag from /opt/airflow/dags/finflow.py
[2025-01-17T15:11:06.919+0000] {logging_mixin.py:154} INFO - [2025-01-17T15:11:06.919+0000] {finflow.py:126} WARNING - Failed to get max keys, starting from 1: name 'dag' is not defined
[2025-01-17T15:11:06.969+0000] {processor.py:839} INFO - DAG(s) dict_keys(['finflow_source_data_pipeline']) retrieved from /opt/airflow/dags/finflow.py
[2025-01-17T15:11:07.127+0000] {logging_mixin.py:154} INFO - [2025-01-17T15:11:07.126+0000] {dag.py:2941} INFO - Sync 1 DAGs
[2025-01-17T15:11:07.224+0000] {logging_mixin.py:154} INFO - [2025-01-17T15:11:07.223+0000] {dag.py:3722} INFO - Setting next_dagrun for finflow_source_data_pipeline to 2025-01-17T14:35:47.572669+00:00, run_after=2025-01-18T14:35:47.572669+00:00
[2025-01-17T15:11:07.274+0000] {processor.py:179} INFO - Processing /opt/airflow/dags/finflow.py took 0.819 seconds
[2025-01-17T15:11:37.972+0000] {processor.py:157} INFO - Started process (PID=1175) to work on /opt/airflow/dags/finflow.py
[2025-01-17T15:11:37.989+0000] {processor.py:829} INFO - Processing file /opt/airflow/dags/finflow.py for tasks to queue
[2025-01-17T15:11:38.002+0000] {logging_mixin.py:154} INFO - [2025-01-17T15:11:38.001+0000] {dagbag.py:536} INFO - Filling up the DagBag from /opt/airflow/dags/finflow.py
[2025-01-17T15:11:38.334+0000] {logging_mixin.py:154} INFO - [2025-01-17T15:11:38.334+0000] {finflow.py:126} WARNING - Failed to get max keys, starting from 1: name 'dag' is not defined
[2025-01-17T15:11:38.437+0000] {processor.py:839} INFO - DAG(s) dict_keys(['finflow_source_data_pipeline']) retrieved from /opt/airflow/dags/finflow.py
[2025-01-17T15:11:38.610+0000] {logging_mixin.py:154} INFO - [2025-01-17T15:11:38.608+0000] {dag.py:2941} INFO - Sync 1 DAGs
[2025-01-17T15:11:38.695+0000] {logging_mixin.py:154} INFO - [2025-01-17T15:11:38.695+0000] {dag.py:3722} INFO - Setting next_dagrun for finflow_source_data_pipeline to 2025-01-17T14:35:47.572669+00:00, run_after=2025-01-18T14:35:47.572669+00:00
[2025-01-17T15:11:38.766+0000] {processor.py:179} INFO - Processing /opt/airflow/dags/finflow.py took 0.818 seconds
[2025-01-17T15:12:09.049+0000] {processor.py:157} INFO - Started process (PID=1192) to work on /opt/airflow/dags/finflow.py
[2025-01-17T15:12:09.056+0000] {processor.py:829} INFO - Processing file /opt/airflow/dags/finflow.py for tasks to queue
[2025-01-17T15:12:09.061+0000] {logging_mixin.py:154} INFO - [2025-01-17T15:12:09.061+0000] {dagbag.py:536} INFO - Filling up the DagBag from /opt/airflow/dags/finflow.py
[2025-01-17T15:12:09.331+0000] {logging_mixin.py:154} INFO - [2025-01-17T15:12:09.330+0000] {finflow.py:126} WARNING - Failed to get max keys, starting from 1: name 'dag' is not defined
[2025-01-17T15:12:09.419+0000] {processor.py:839} INFO - DAG(s) dict_keys(['finflow_source_data_pipeline']) retrieved from /opt/airflow/dags/finflow.py
[2025-01-17T15:12:09.522+0000] {logging_mixin.py:154} INFO - [2025-01-17T15:12:09.521+0000] {dag.py:2941} INFO - Sync 1 DAGs
[2025-01-17T15:12:09.635+0000] {logging_mixin.py:154} INFO - [2025-01-17T15:12:09.635+0000] {dag.py:3722} INFO - Setting next_dagrun for finflow_source_data_pipeline to 2025-01-17T14:35:47.572669+00:00, run_after=2025-01-18T14:35:47.572669+00:00
[2025-01-17T15:12:09.770+0000] {processor.py:179} INFO - Processing /opt/airflow/dags/finflow.py took 0.742 seconds
[2025-01-17T15:12:40.098+0000] {processor.py:157} INFO - Started process (PID=1209) to work on /opt/airflow/dags/finflow.py
[2025-01-17T15:12:40.109+0000] {processor.py:829} INFO - Processing file /opt/airflow/dags/finflow.py for tasks to queue
[2025-01-17T15:12:40.127+0000] {logging_mixin.py:154} INFO - [2025-01-17T15:12:40.127+0000] {dagbag.py:536} INFO - Filling up the DagBag from /opt/airflow/dags/finflow.py
[2025-01-17T15:12:40.345+0000] {logging_mixin.py:154} INFO - [2025-01-17T15:12:40.345+0000] {finflow.py:126} WARNING - Failed to get max keys, starting from 1: name 'dag' is not defined
[2025-01-17T15:12:40.392+0000] {processor.py:839} INFO - DAG(s) dict_keys(['finflow_source_data_pipeline']) retrieved from /opt/airflow/dags/finflow.py
[2025-01-17T15:12:40.499+0000] {logging_mixin.py:154} INFO - [2025-01-17T15:12:40.498+0000] {dag.py:2941} INFO - Sync 1 DAGs
[2025-01-17T15:12:40.568+0000] {logging_mixin.py:154} INFO - [2025-01-17T15:12:40.568+0000] {dag.py:3722} INFO - Setting next_dagrun for finflow_source_data_pipeline to 2025-01-17T14:35:47.572669+00:00, run_after=2025-01-18T14:35:47.572669+00:00
[2025-01-17T15:12:40.630+0000] {processor.py:179} INFO - Processing /opt/airflow/dags/finflow.py took 0.550 seconds
[2025-01-17T15:13:10.777+0000] {processor.py:157} INFO - Started process (PID=1226) to work on /opt/airflow/dags/finflow.py
[2025-01-17T15:13:10.785+0000] {processor.py:829} INFO - Processing file /opt/airflow/dags/finflow.py for tasks to queue
[2025-01-17T15:13:10.793+0000] {logging_mixin.py:154} INFO - [2025-01-17T15:13:10.793+0000] {dagbag.py:536} INFO - Filling up the DagBag from /opt/airflow/dags/finflow.py
[2025-01-17T15:13:11.026+0000] {logging_mixin.py:154} INFO - [2025-01-17T15:13:11.025+0000] {finflow.py:126} WARNING - Failed to get max keys, starting from 1: name 'dag' is not defined
[2025-01-17T15:13:11.106+0000] {processor.py:839} INFO - DAG(s) dict_keys(['finflow_source_data_pipeline']) retrieved from /opt/airflow/dags/finflow.py
[2025-01-17T15:13:11.262+0000] {logging_mixin.py:154} INFO - [2025-01-17T15:13:11.261+0000] {dag.py:2941} INFO - Sync 1 DAGs
[2025-01-17T15:13:11.338+0000] {logging_mixin.py:154} INFO - [2025-01-17T15:13:11.338+0000] {dag.py:3722} INFO - Setting next_dagrun for finflow_source_data_pipeline to 2025-01-17T14:35:47.572669+00:00, run_after=2025-01-18T14:35:47.572669+00:00
[2025-01-17T15:13:11.436+0000] {processor.py:179} INFO - Processing /opt/airflow/dags/finflow.py took 0.673 seconds
[2025-01-17T15:13:41.787+0000] {processor.py:157} INFO - Started process (PID=1242) to work on /opt/airflow/dags/finflow.py
[2025-01-17T15:13:41.800+0000] {processor.py:829} INFO - Processing file /opt/airflow/dags/finflow.py for tasks to queue
[2025-01-17T15:13:41.816+0000] {logging_mixin.py:154} INFO - [2025-01-17T15:13:41.815+0000] {dagbag.py:536} INFO - Filling up the DagBag from /opt/airflow/dags/finflow.py
[2025-01-17T15:13:42.060+0000] {logging_mixin.py:154} INFO - [2025-01-17T15:13:42.060+0000] {finflow.py:126} WARNING - Failed to get max keys, starting from 1: name 'dag' is not defined
[2025-01-17T15:13:42.135+0000] {processor.py:839} INFO - DAG(s) dict_keys(['finflow_source_data_pipeline']) retrieved from /opt/airflow/dags/finflow.py
[2025-01-17T15:13:42.219+0000] {logging_mixin.py:154} INFO - [2025-01-17T15:13:42.218+0000] {dag.py:2941} INFO - Sync 1 DAGs
[2025-01-17T15:13:42.282+0000] {logging_mixin.py:154} INFO - [2025-01-17T15:13:42.281+0000] {dag.py:3722} INFO - Setting next_dagrun for finflow_source_data_pipeline to 2025-01-17T14:35:47.572669+00:00, run_after=2025-01-18T14:35:47.572669+00:00
[2025-01-17T15:13:42.326+0000] {processor.py:179} INFO - Processing /opt/airflow/dags/finflow.py took 0.576 seconds
[2025-01-17T15:14:12.574+0000] {processor.py:157} INFO - Started process (PID=1260) to work on /opt/airflow/dags/finflow.py
[2025-01-17T15:14:12.581+0000] {processor.py:829} INFO - Processing file /opt/airflow/dags/finflow.py for tasks to queue
[2025-01-17T15:14:12.592+0000] {logging_mixin.py:154} INFO - [2025-01-17T15:14:12.590+0000] {dagbag.py:536} INFO - Filling up the DagBag from /opt/airflow/dags/finflow.py
[2025-01-17T15:14:12.800+0000] {logging_mixin.py:154} INFO - [2025-01-17T15:14:12.799+0000] {finflow.py:126} WARNING - Failed to get max keys, starting from 1: name 'dag' is not defined
[2025-01-17T15:14:12.877+0000] {processor.py:839} INFO - DAG(s) dict_keys(['finflow_source_data_pipeline']) retrieved from /opt/airflow/dags/finflow.py
[2025-01-17T15:14:13.042+0000] {logging_mixin.py:154} INFO - [2025-01-17T15:14:13.041+0000] {dag.py:2941} INFO - Sync 1 DAGs
[2025-01-17T15:14:13.120+0000] {logging_mixin.py:154} INFO - [2025-01-17T15:14:13.119+0000] {dag.py:3722} INFO - Setting next_dagrun for finflow_source_data_pipeline to 2025-01-17T14:35:47.572669+00:00, run_after=2025-01-18T14:35:47.572669+00:00
[2025-01-17T15:14:13.155+0000] {processor.py:179} INFO - Processing /opt/airflow/dags/finflow.py took 0.602 seconds
[2025-01-17T15:14:43.483+0000] {processor.py:157} INFO - Started process (PID=1277) to work on /opt/airflow/dags/finflow.py
[2025-01-17T15:14:43.505+0000] {processor.py:829} INFO - Processing file /opt/airflow/dags/finflow.py for tasks to queue
[2025-01-17T15:14:43.511+0000] {logging_mixin.py:154} INFO - [2025-01-17T15:14:43.510+0000] {dagbag.py:536} INFO - Filling up the DagBag from /opt/airflow/dags/finflow.py
[2025-01-17T15:14:43.795+0000] {logging_mixin.py:154} INFO - [2025-01-17T15:14:43.795+0000] {finflow.py:126} WARNING - Failed to get max keys, starting from 1: name 'dag' is not defined
[2025-01-17T15:14:43.874+0000] {processor.py:839} INFO - DAG(s) dict_keys(['finflow_source_data_pipeline']) retrieved from /opt/airflow/dags/finflow.py
[2025-01-17T15:14:43.958+0000] {logging_mixin.py:154} INFO - [2025-01-17T15:14:43.957+0000] {dag.py:2941} INFO - Sync 1 DAGs
[2025-01-17T15:14:44.038+0000] {logging_mixin.py:154} INFO - [2025-01-17T15:14:44.038+0000] {dag.py:3722} INFO - Setting next_dagrun for finflow_source_data_pipeline to 2025-01-17T14:35:47.572669+00:00, run_after=2025-01-18T14:35:47.572669+00:00
[2025-01-17T15:14:44.105+0000] {processor.py:179} INFO - Processing /opt/airflow/dags/finflow.py took 0.634 seconds
[2025-01-17T15:15:14.337+0000] {processor.py:157} INFO - Started process (PID=1294) to work on /opt/airflow/dags/finflow.py
[2025-01-17T15:15:14.340+0000] {processor.py:829} INFO - Processing file /opt/airflow/dags/finflow.py for tasks to queue
[2025-01-17T15:15:14.345+0000] {logging_mixin.py:154} INFO - [2025-01-17T15:15:14.344+0000] {dagbag.py:536} INFO - Filling up the DagBag from /opt/airflow/dags/finflow.py
[2025-01-17T15:15:14.465+0000] {logging_mixin.py:154} INFO - [2025-01-17T15:15:14.465+0000] {finflow.py:126} WARNING - Failed to get max keys, starting from 1: name 'dag' is not defined
[2025-01-17T15:15:14.511+0000] {processor.py:839} INFO - DAG(s) dict_keys(['finflow_source_data_pipeline']) retrieved from /opt/airflow/dags/finflow.py
[2025-01-17T15:15:14.592+0000] {logging_mixin.py:154} INFO - [2025-01-17T15:15:14.591+0000] {dag.py:2941} INFO - Sync 1 DAGs
[2025-01-17T15:15:14.636+0000] {logging_mixin.py:154} INFO - [2025-01-17T15:15:14.636+0000] {dag.py:3722} INFO - Setting next_dagrun for finflow_source_data_pipeline to 2025-01-17T14:35:47.572669+00:00, run_after=2025-01-18T14:35:47.572669+00:00
[2025-01-17T15:15:14.667+0000] {processor.py:179} INFO - Processing /opt/airflow/dags/finflow.py took 0.337 seconds
