[2025-01-16T18:10:05.840+0000] {taskinstance.py:1159} INFO - Dependencies all met for dep_context=non-requeueable deps ti=<TaskInstance: finflow_source_data_pipeline.data_quality_checks.verify_merge_results_transaction manual__2025-01-16T18:07:01.952921+00:00 [queued]>
[2025-01-16T18:10:06.215+0000] {taskinstance.py:1159} INFO - Dependencies all met for dep_context=requeueable deps ti=<TaskInstance: finflow_source_data_pipeline.data_quality_checks.verify_merge_results_transaction manual__2025-01-16T18:07:01.952921+00:00 [queued]>
[2025-01-16T18:10:06.227+0000] {taskinstance.py:1361} INFO - Starting attempt 1 of 1
[2025-01-16T18:10:06.514+0000] {taskinstance.py:1382} INFO - Executing <Task(BigQueryExecuteQueryOperator): data_quality_checks.verify_merge_results_transaction> on 2025-01-16 18:07:01.952921+00:00
[2025-01-16T18:10:06.640+0000] {standard_task_runner.py:57} INFO - Started process 5490 to run task
[2025-01-16T18:10:06.724+0000] {standard_task_runner.py:84} INFO - Running: ['***', 'tasks', 'run', 'finflow_source_data_pipeline', 'data_quality_checks.verify_merge_results_transaction', 'manual__2025-01-16T18:07:01.952921+00:00', '--job-id', '2517', '--raw', '--subdir', 'DAGS_FOLDER/finflow.py', '--cfg-path', '/tmp/tmp9kjm20fn']
[2025-01-16T18:10:06.806+0000] {standard_task_runner.py:85} INFO - Job 2517: Subtask data_quality_checks.verify_merge_results_transaction
[2025-01-16T18:10:07.770+0000] {task_command.py:416} INFO - Running <TaskInstance: finflow_source_data_pipeline.data_quality_checks.verify_merge_results_transaction manual__2025-01-16T18:07:01.952921+00:00 [running]> on host e65a9a79c958
[2025-01-16T18:10:09.377+0000] {taskinstance.py:1662} INFO - Exporting env vars: AIRFLOW_CTX_DAG_OWNER='***' AIRFLOW_CTX_DAG_ID='finflow_source_data_pipeline' AIRFLOW_CTX_TASK_ID='data_quality_checks.verify_merge_results_transaction' AIRFLOW_CTX_EXECUTION_DATE='2025-01-16T18:07:01.952921+00:00' AIRFLOW_CTX_TRY_NUMBER='1' AIRFLOW_CTX_DAG_RUN_ID='manual__2025-01-16T18:07:01.952921+00:00'
[2025-01-16T18:10:09.393+0000] {bigquery.py:1241} INFO - Executing: 
WITH pre_counts AS (
    SELECT 
        'transactions' as table_name,
        COUNT(*) as pre_merge_count
    FROM `finflow-analytics-production.finflow_data.src_transactions`
    WHERE DATE(ingestion_timestamp) < DATE('2025-01-16')
),
post_counts AS (
    SELECT 
        'transactions' as table_name,
        COUNT(*) as post_merge_count
    FROM `finflow-analytics-production.finflow_data.src_transactions`
    WHERE DATE(ingestion_timestamp) <= DATE('2025-01-16')
),
new_records AS (
    SELECT 
        'transactions' as table_name,
        COUNT(*) as new_record_count
    FROM `finflow-analytics-production.finflow_data.src_transactions`
    WHERE DATE(ingestion_timestamp) = DATE('2025-01-16')
)
SELECT
    CASE 
        WHEN post_counts.post_merge_count < pre_counts.pre_merge_count 
        THEN ERROR('Data loss detected in transactions table')
        WHEN post_counts.post_merge_count - pre_counts.pre_merge_count != new_records.new_record_count
        THEN ERROR('Unexpected record count after merge in transactions table')
        ELSE 'Merge validation successful for transactions table'
    END as validation_result
FROM pre_counts
JOIN post_counts ON pre_counts.table_name = post_counts.table_name
JOIN new_records ON pre_counts.table_name = new_records.table_name
[2025-01-16T18:10:09.436+0000] {crypto.py:82} WARNING - empty cryptography key - values will not be stored encrypted.
[2025-01-16T18:10:09.466+0000] {connection.py:232} WARNING - Connection schemes (type: google_cloud_platform) shall not contain '_' according to RFC3986.
[2025-01-16T18:10:09.501+0000] {base.py:73} INFO - Using connection ID 'google_cloud_default' for task execution.
[2025-01-16T18:10:09.513+0000] {warnings.py:109} WARNING - /home/***/.local/lib/python3.8/site-packages/***/providers/google/cloud/hooks/bigquery.py:2108: AirflowProviderDeprecationWarning: This method is deprecated. Please use `BigQueryHook.insert_job` method.
  warnings.warn(

[2025-01-16T18:10:11.263+0000] {bigquery.py:1595} INFO - Inserting job ***_1737051011262029_70da16ed807e6df0b6b252cbb151e494
[2025-01-16T18:10:13.764+0000] {taskinstance.py:1400} INFO - Marking task as SUCCESS. dag_id=finflow_source_data_pipeline, task_id=data_quality_checks.verify_merge_results_transaction, execution_date=20250116T180701, start_date=20250116T181005, end_date=20250116T181013
[2025-01-16T18:10:13.916+0000] {local_task_job_runner.py:228} INFO - Task exited with return code 0
[2025-01-16T18:10:14.353+0000] {taskinstance.py:2778} INFO - 0 downstream tasks scheduled from follow-on schedule check
