[2025-01-16T20:35:13.292+0000] {taskinstance.py:1159} INFO - Dependencies all met for dep_context=non-requeueable deps ti=<TaskInstance: finflow_source_data_pipeline.load_to_gcs_bq.load_customer_to_temp manual__2025-01-16T20:34:11.951415+00:00 [queued]>
[2025-01-16T20:35:13.439+0000] {taskinstance.py:1159} INFO - Dependencies all met for dep_context=requeueable deps ti=<TaskInstance: finflow_source_data_pipeline.load_to_gcs_bq.load_customer_to_temp manual__2025-01-16T20:34:11.951415+00:00 [queued]>
[2025-01-16T20:35:13.441+0000] {taskinstance.py:1361} INFO - Starting attempt 1 of 1
[2025-01-16T20:35:13.550+0000] {taskinstance.py:1382} INFO - Executing <Task(GCSToBigQueryOperator): load_to_gcs_bq.load_customer_to_temp> on 2025-01-16 20:34:11.951415+00:00
[2025-01-16T20:35:13.639+0000] {standard_task_runner.py:57} INFO - Started process 4035 to run task
[2025-01-16T20:35:13.720+0000] {standard_task_runner.py:84} INFO - Running: ['***', 'tasks', 'run', 'finflow_source_data_pipeline', 'load_to_gcs_bq.load_customer_to_temp', 'manual__2025-01-16T20:34:11.951415+00:00', '--job-id', '3016', '--raw', '--subdir', 'DAGS_FOLDER/finflow.py', '--cfg-path', '/tmp/tmp1yrtwjpi']
[2025-01-16T20:35:13.746+0000] {standard_task_runner.py:85} INFO - Job 3016: Subtask load_to_gcs_bq.load_customer_to_temp
[2025-01-16T20:35:14.243+0000] {task_command.py:416} INFO - Running <TaskInstance: finflow_source_data_pipeline.load_to_gcs_bq.load_customer_to_temp manual__2025-01-16T20:34:11.951415+00:00 [running]> on host c35fc3f5a87d
[2025-01-16T20:35:15.335+0000] {taskinstance.py:1662} INFO - Exporting env vars: AIRFLOW_CTX_DAG_OWNER='***' AIRFLOW_CTX_DAG_ID='finflow_source_data_pipeline' AIRFLOW_CTX_TASK_ID='load_to_gcs_bq.load_customer_to_temp' AIRFLOW_CTX_EXECUTION_DATE='2025-01-16T20:34:11.951415+00:00' AIRFLOW_CTX_TRY_NUMBER='1' AIRFLOW_CTX_DAG_RUN_ID='manual__2025-01-16T20:34:11.951415+00:00'
[2025-01-16T20:35:15.350+0000] {crypto.py:82} WARNING - empty cryptography key - values will not be stored encrypted.
[2025-01-16T20:35:15.378+0000] {connection.py:232} WARNING - Connection schemes (type: google_cloud_platform) shall not contain '_' according to RFC3986.
[2025-01-16T20:35:15.397+0000] {base.py:73} INFO - Using connection ID 'google_cloud_default' for task execution.
[2025-01-16T20:35:15.405+0000] {gcs_to_bigquery.py:376} INFO - Using existing BigQuery table for storing data...
[2025-01-16T20:35:16.610+0000] {gcs_to_bigquery.py:380} INFO - Executing: {'load': {'autodetect': False, 'createDisposition': 'CREATE_IF_NEEDED', 'destinationTable': {'projectId': 'finflow-analytics-production', 'datasetId': 'finflow_data', 'tableId': 'src_customers_temp'}, 'sourceFormat': 'PARQUET', 'sourceUris': ['gs://finflow-analytics-data/raw/customers/2025-01-16/customers.parquet'], 'writeDisposition': 'WRITE_TRUNCATE', 'ignoreUnknownValues': True, 'schema': {'fields': [{'name': 'customer_key', 'type': 'INTEGER', 'mode': 'REQUIRED'}, {'name': 'customer_id', 'type': 'INTEGER', 'mode': 'REQUIRED'}, {'name': 'first_name', 'type': 'STRING', 'mode': 'REQUIRED'}, {'name': 'last_name', 'type': 'STRING', 'mode': 'REQUIRED'}, {'name': 'email', 'type': 'STRING', 'mode': 'REQUIRED'}, {'name': 'phone_number', 'type': 'STRING', 'mode': 'REQUIRED'}, {'name': 'address', 'type': 'STRING', 'mode': 'REQUIRED'}, {'name': 'city', 'type': 'STRING', 'mode': 'REQUIRED'}, {'name': 'state', 'type': 'STRING', 'mode': 'REQUIRED'}, {'name': 'country_name', 'type': 'STRING', 'mode': 'REQUIRED'}, {'name': 'postal_code', 'type': 'STRING', 'mode': 'REQUIRED'}, {'name': 'customer_segment', 'type': 'STRING', 'mode': 'REQUIRED'}, {'name': 'customer_since_date', 'type': 'DATE', 'mode': 'REQUIRED'}, {'name': 'total_accounts', 'type': 'INTEGER', 'mode': 'REQUIRED'}, {'name': 'active_accounts', 'type': 'INTEGER', 'mode': 'REQUIRED'}, {'name': 'total_transaction_volume', 'type': 'FLOAT64', 'mode': 'REQUIRED'}, {'name': 'last_transaction_date', 'type': 'TIMESTAMP', 'mode': 'REQUIRED'}, {'name': 'is_active', 'type': 'BOOLEAN', 'mode': 'REQUIRED'}, {'name': 'created_at', 'type': 'TIMESTAMP', 'mode': 'REQUIRED'}, {'name': 'updated_at', 'type': 'TIMESTAMP', 'mode': 'REQUIRED'}, {'name': 'ingestion_timestamp', 'type': 'TIMESTAMP', 'mode': 'REQUIRED'}]}}}
[2025-01-16T20:35:16.633+0000] {bigquery.py:1595} INFO - Inserting job ***_finflow_source_data_pipeline_load_to_gcs_bq_load_customer_to_temp_2025_01_16T20_34_11_951415_00_00_d47f6bec201760ba5369e8bce9a858ae
[2025-01-16T20:35:18.717+0000] {taskinstance.py:1937} ERROR - Task failed with exception
Traceback (most recent call last):
  File "/home/airflow/.local/lib/python3.8/site-packages/airflow/providers/google/cloud/transfers/gcs_to_bigquery.py", line 439, in execute
    job.result(timeout=self.result_timeout, retry=self.result_retry)
  File "/home/airflow/.local/lib/python3.8/site-packages/google/cloud/bigquery/job/base.py", line 922, in result
    return super(_AsyncJob, self).result(timeout=timeout, **kwargs)
  File "/home/airflow/.local/lib/python3.8/site-packages/google/api_core/future/polling.py", line 261, in result
    raise self._exception
google.api_core.exceptions.BadRequest: 400 Required field country_name cannot be null
[2025-01-16T20:35:18.808+0000] {taskinstance.py:1400} INFO - Marking task as FAILED. dag_id=finflow_source_data_pipeline, task_id=load_to_gcs_bq.load_customer_to_temp, execution_date=20250116T203411, start_date=20250116T203513, end_date=20250116T203518
[2025-01-16T20:35:18.956+0000] {standard_task_runner.py:104} ERROR - Failed to execute job 3016 for task load_to_gcs_bq.load_customer_to_temp (400 Required field country_name cannot be null; 4035)
[2025-01-16T20:35:19.196+0000] {local_task_job_runner.py:228} INFO - Task exited with return code 1
[2025-01-16T20:35:19.782+0000] {taskinstance.py:2778} INFO - 0 downstream tasks scheduled from follow-on schedule check
